=~=~=~=~=~=~=~=~=~=~=~= PuTTY log 2025.04.29 20:07:26 =~=~=~=~=~=~=~=~=~=~=~=
sInitial silence level: 512.00 (2.50 V)
>a0:727,silence:512.00,signal:215.00,signalAbs:215.00,signalCumSum:21.50
>a0:11,silence:512.00,signal:-501.00,signalAbs:501.00,signalCumSum:69.45
>a0:11,silence:512.00,signal:-501.00,signalAbs:501.00,signalCumSum:112.61
>a0:12,silence:512.00,signal:-500.00,signalAbs:500.00,signalCumSum:151.34
>a0:720,silence:512.00,signal:208.00,signalAbs:208.00,signalCumSum:157.01
>a0:530,silence:512.00,signal:18.00,signalAbs:18.00,signalCumSum:143.11
>a0:199,silence:512.00,signal:-313.00,signalAbs:313.00,signalCumSum:160.10
>a0:654,silence:512.00,signal:142.00,signalAbs:142.00,signalCumSum:158.29
>a0:339,silence:512.00,signal:-173.00,signalAbs:173.00,signalCumSum:159.76
>a0:570,silence:512.00,signal:58.00,signalAbs:58.00,signalCumSum:149.58
>a0:11,silence:512.00,signal:-501.00,signalAbs:501.00,signalCumSum:184.73
>a0:726,silence:512.00,signal:214.00,signalAbs:214.00,signalCumSum:187.65
>a0:149,silence:512.00,signal:-363.00,signalAbs:363.00,signalCumSum:205.19
>a0:11,silence:512.00,signal:-501.00,signalAbs:501.00,signalCumSum:234.77
>a0:121,silence:512.00,signal:-391.00,signalAbs:391.00,signalCumSum:250.39
>a0:685,silence:512.00,signal:173.00,signalAbs:173.00,signalCumSum:242.65
>a0:12,silence:512.00,signal:-500.00,signalAbs:500.00,signalCumSum:268.39
>a0:726,silence:512.00,signal:214.00,signalAbs:214.00,signalCumSum:262.95
>a0:13,silence:512.00,signal:-499.00,signalAbs:499.00,signalCumSum:286.55
>a0:726,silence:512.00,signal:214.00,signalAbs:214.00,signalCumSum:279.30
>a0:179,silence:512.00,signal:-333.00,signalAbs:333.00,signalCumSum:284.67
>a0:726,silence:512.00,signal:214.00,signalAbs:214.00,signalCumSum:277.60
>a0:12,silence:512.00,signal:-500.00,signalAbs:500.00,signalCumSum:299.84
>a0:602,silence:512.00,signal:90.00,signalAbs:90.00,signalCumSum:278.86
>a0:726,silence:512.00,signal:214.00,signalAbs:214.00,signalCumSum:272.37
>a0:513,silence:512.00,signal:1.00,signalAbs:1.00,signalCumSum:245.23
>a0:11,silence:512.00,signal:-501.00,signalAbs:501.00,signalCumSum:270.81
>a0:726,silence:512.00,signal:214.00,signalAbs:214.00,signalCumSum:265.13
>a0:485,silence:512.00,signal:-27.00,signalAbs:27.00,signalCumSum:241.32
>a0:726,silence:512.00,signal:214.00,signalAbs:214.00,signalCumSum:238.59
>a0:501,silence:512.00,signal:-11.00,signalAbs:11.00,signalCumSum:215.83
>a0:725,silence:512.00,signal:213.00,signalAbs:213.00,signalCumSum:215.54
>a0:726,silence:512.00,signal:214.00,signalAbs:214.00,signalCumSum:215.39
>a0:247,silence:512.00,signal:-265.00,signalAbs:265.00,signalCumSum:220.35
>a0:391,silence:512.00,signal:-121.00,signalAbs:121.00,signalCumSum:210.42
>a0:487,silence:512.00,signal:-25.00,signalAbs:25.00,signalCumSum:191.87
>a0:561,silence:512.00,signal:49.00,signalAbs:49.00,signalCumSum:177.59
>a0:493,silence:512.00,signal:-19.00,signalAbs:19.00,signalCumSum:161.73
>a0:455,silence:512.00,signal:-57.00,signalAbs:57.00,signalCumSum:151.26
>a0:12,silence:512.00,signal:-500.00,signalAbs:500.00,signalCumSum:186.13
>a0:726,silence:512.00,signal:214.00,signalAbs:214.00,signalCumSum:188.92
>a0:11,silence:512.00,signal:-501.00,signalAbs:501.00,signalCumSum:220.12
>a0:726,silence:512.00,signal:214.00,signalAbs:214.00,signalCumSum:219.51
>a0:268,silence:512.00,signal:-244.00,signalAbs:244.00,signalCumSum:221.96
>a0:725,silence:512.00,signal:213.00,signalAbs:213.00,signalCumSum:221.07
>a0:726,silence:512.00,signal:214.00,signalAbs:214.00,signalCumSum:220.36
>a0:11,silence:512.00,signal:-501.00,signalAbs:501.00,signalCumSum:248.42
>a0:725,silence:512.00,signal:213.00,signalAbs:213.00,signalCumSum:244.88
>a0:63,silence:512.00,signal:-449.00,signalAbs:449.00,signalCumSum:265.29
>a0:725,silence:512.00,signal:213.00,signalAbs:213.00,signalCumSum:260.06
>a0:726,silence:512.00,signal:214.00,signalAbs:214.00,signalCumSum:255.46
>a0:335,silence:512.00,signal:-177.00,signalAbs:177.00,signalCumSum:247.61
>a0:11,silence:512.00,signal:-501.00,signalAbs:501.00,signalCumSum:272.95
>a0:16,silence:512.00,signal:-496.00,signalAbs:496.00,signalCumSum:295.26
>a0:10,silence:512.00,signal:-502.00,signalAbs:502.00,signalCumSum:315.93
>a0:725,silence:512.00,signal:213.00,signalAbs:213.00,signalCumSum:305.64
>a0:571,silence:512.00,signal:59.00,signalAbs:59.00,signalCumSum:280.97
>a0:726,silence:512.00,signal:214.00,signalAbs:214.00,signalCumSum:274.28
>a0:726,silence:512.00,signal:214.00,signalAbs:214.00,signalCumSum:268.25
>a0:94,silence:512.00,signal:-418.00,signalAbs:418.00,signalCumSum:283.22
>a0:726,silence:512.00,signal:214.00,signalAbs:214.00,signalCumSum:276.30
>a0:11,silence:512.00,signal:-501.00,signalAbs:501.00,signalCumSum:298.77
>a0:725,silence:512.00,signal:213.00,signalAbs:213.00,signalCumSum:290.19
>a0:726,silence:512.00,signal:214.00,signalAbs:214.00,signalCumSum:282.57
>a0:632,silence:512.00,signal:120.00,signalAbs:120.00,signalCumSum:266.32
>a0:726,silence:512.00,signal:214.00,signalAbs:214.00,signalCumSum:261.09
>a0:11,silence:512.00,signal:-501.00,signalAbs:501.00,signalCumSum:285.08
>a0:726,silence:512.00,signal:214.00,signalAbs:214.00,signalCumSum:277.97
>a0:726,silence:512.00,signal:214.00,signalAbs:214.00,signalCumSum:271.57
>a0:11,silence:512.00,signal:-501.00,signalAbs:501.00,signalCumSum:294.51
>a0:11,silence:512.00,signal:-501.00,signalAbs:501.00,signalCumSum:315.16
>a0:726,silence:512.00,signal:214.00,signalAbs:214.00,signalCumSum:305.05
>a0:332,silence:512.00,signal:-180.00,signalAbs:180.00,signalCumSum:292.54
>a0:10,silence:512.00,signal:-502.00,signalAbs:502.00,signalCumSum:313.49
>a0:363,silence:512.00,signal:-149.00,signalAbs:149.00,signalCumSum:297.04
>a0:726,silence:512.00,signal:214.00,signalAbs:214.00,signalCumSum:288.74
>a0:18,silence:512.00,signal:-494.00,signalAbs:494.00,signalCumSum:309.26
>a0:726,silence:512.00,signal:214.00,signalAbs:214.00,signalCumSum:299.74
>a0:726,silence:512.00,signal:214.00,signalAbs:214.00,signalCumSum:291.16
>a0:723,silence:512.00,signal:211.00,signalAbs:211.00,signalCumSum:283.15
>a0:11,silence:512.00,signal:-501.00,signalAbs:501.00,signalCumSum:304.93
>a0:725,silence:512.00,signal:213.00,signalAbs:213.00,signalCumSum:295.74
>a0:11,silence:512.00,signal:-501.00,signalAbs:501.00,signalCumSum:316.26
>a0:191,silence:512.00,signal:-321.00,signalAbs:321.00,signalCumSum:316.74
>a0:11,silence:512.00,signal:-501.00,signalAbs:501.00,signalCumSum:335.16
>a0:726,silence:512.00,signal:214.00,signalAbs:214.00,signalCumSum:323.05
>a0:726,silence:512.00,signal:214.00,signalAbs:214.00,signalCumSum:312.14
>a0:11,silence:512.00,signal:-501.00,signalAbs:501.00,signalCumSum:331.03
>a0:490,silence:512.00,signal:-22.00,signalAbs:22.00,signalCumSum:300.13
>a0:725,silence:512.00,signal:213.00,signalAbs:213.00,signalCumSum:291.41
>a0:337,silence:512.00,signal:-175.00,signalAbs:175.00,signalCumSum:279.77
>a0:11,silence:512.00,signal:-501.00,signalAbs:501.00,signalCumSum:301.89
>a0:723,silence:512.00,signal:211.00,signalAbs:211.00,signalCumSum:292.81
>a0:726,silence:512.00,signal:214.00,signalAbs:214.00,signalCumSum:284.92
>a0:12,silence:512.00,signal:-500.00,signalAbs:500.00,signalCumSum:306.43
>a0:726,silence:512.00,signal:214.00,signalAbs:214.00,signalCumSum:297.19
>a0:539,silence:512.00,signal:27.00,signalAbs:27.00,signalCumSum:270.17
>a0:504,silence:512.00,signal:-8.00,signalAbs:8.00,signalCumSum:243.95
>a0:725,silence:512.00,signal:213.00,signalAbs:213.00,signalCumSum:240.86
>a0:726,silence:512.00,signal:214.00,signalAbs:214.00,signalCumSum:238.17
>a0:725,silence:512.00,signal:213.00,signalAbs:213.00,signalCumSum:235.65
>a0:726,silence:512.00,signal:214.00,signalAbs:214.00,signalCumSum:233.49
>a0:726,silence:512.00,signal:214.00,signalAbs:214.00,signalCumSum:231.54
>a0:332,silence:512.00,signal:-180.00,signalAbs:180.00,signalCumSum:226.39
>a0:352,silence:512.00,signal:-160.00,signalAbs:160.00,signalCumSum:219.75
>a0:11,silence:512.00,signal:-501.00,signalAbs:501.00,signalCumSum:247.87
>a0:11,silence:512.00,signal:-501.00,signalAbs:501.00,signalCumSum:273.19
>a0:725,silence:512.00,signal:213.00,signalAbs:213.00,signalCumSum:267.17
>a0:710,silence:512.00,signal:198.00,signalAbs:198.00,signalCumSum:260.25
>a0:395,silence:512.00,signal:-117.00,signalAbs:117.00,signalCumSum:245.93
>a0:567,silence:512.00,signal:55.00,signalAbs:55.00,signalCumSum:226.83
>a0:726,silence:512.00,signal:214.00,signalAbs:214.00,signalCumSum:225.55
>a0:17,silence:512.00,signal:-495.00,signalAbs:495.00,signalCumSum:252.49
>a0:726,silence:512.00,signal:214.00,signalAbs:214.00,signalCumSum:248.65
>a0:726,silence:512.00,signal:214.00,signalAbs:214.00,signalCumSum:245.18
>a0:726,silence:512.00,signal:214.00,signalAbs:214.00,signalCumSum:242.06
>a0:404,silence:512.00,signal:-108.00,signalAbs:108.00,signalCumSum:228.66
>a0:267,silence:512.00,signal:-245.00,signalAbs:245.00,signalCumSum:230.29
>a0:575,silence:512.00,signal:63.00,signalAbs:63.00,signalCumSum:213.56
>a0:11,silence:512.00,signal:-501.00,signalAbs:501.00,signalCumSum:242.31
>a0:11,silence:512.00,signal:-501.00,signalAbs:501.00,signalCumSum:268.17
>a0:726,silence:512.00,signal:214.00,signalAbs:214.00,signalCumSum:262.76
>a0:721,silence:512.00,signal:209.00,signalAbs:209.00,signalCumSum:257.38
>a0:726,silence:512.00,signal:214.00,signalAbs:214.00,signalCumSum:253.04
>a0:11,silence:512.00,signal:-501.00,signalAbs:501.00,signalCumSum:277.84
>a0:11,silence:512.00,signal:-501.00,signalAbs:501.00,signalCumSum:300.16
>a0:726,silence:512.00,signal:214.00,signalAbs:214.00,signalCumSum:291.54
>a0:725,silence:512.00,signal:213.00,signalAbs:213.00,signalCumSum:283.69
>a0:624,silence:512.00,signal:112.00,signalAbs:112.00,signalCumSum:266.52
>a0:726,silence:512.00,signal:214.00,signalAbs:214.00,signalCumSum:261.27
>a0:330,silence:512.00,signal:-182.00,signalAbs:182.00,signalCumSum:253.34
>a0:726,silence:512.00,signal:214.00,signalAbs:214.00,signalCumSum:249.40
>a0:672,silence:512.00,signal:160.00,signalAbs:160.00,signalCumSum:240.46
>a0:726,silence:512.00,signal:214.00,signalAbs:214.00,signalCumSum:237.82
>a0:518,silence:512.00,signal:6.00,signalAbs:6.00,signalCumSum:214.64
>a0:12,silence:512.00,signal:-500.00,signalAbs:500.00,signalCumSum:243.17
>a0:12,silence:512.00,signal:-500.00,signalAbs:500.00,signalCumSum:268.86
>a0:725,silence:512.00,signal:213.00,signalAbs:213.00,signalCumSum:263.27
>a0:398,silence:512.00,signal:-114.00,signalAbs:114.00,signalCumSum:248.34
>a0:726,silence:512.00,signal:214.00,signalAbs:214.00,signalCumSum:244.91
>a0:714,silence:512.00,signal:202.00,signalAbs:202.00,signalCumSum:240.62
>a0:725,silence:512.00,signal:213.00,signalAbs:213.00,signalCumSum:237.86
>a0:726,silence:512.00,signal:214.00,signalAbs:214.00,signalCumSum:235.47
>a0:726,silence:512.00,signal:214.00,signalAbs:214.00,signalCumSum:233.32
>a0:683,silence:512.00,signal:171.00,signalAbs:171.00,signalCumSum:227.09
>a0:726,silence:512.00,signal:214.00,signalAbs:214.00,signalCumSum:225.78
>a0:318,silence:512.00,signal:-194.00,signalAbs:194.00,signalCumSum:222.60
>a0:726,silence:512.00,signal:214.00,signalAbs:214.00,signalCumSum:221.74
>a0:12,silence:512.00,signal:-500.00,signalAbs:500.00,signalCumSum:249.57
>a0:15,silence:512.00,signal:-497.00,signalAbs:497.00,signalCumSum:274.31
>a0:525,silence:512.00,signal:13.00,signalAbs:13.00,signalCumSum:248.18
>a0:370,silence:512.00,signal:-142.00,signalAbs:142.00,signalCumSum:237.56
>a0:13,silence:512.00,signal:-499.00,signalAbs:499.00,signalCumSum:263.71
>a0:371,silence:512.00,signal:-141.00,signalAbs:141.00,signalCumSum:251.44
>a0:384,silence:512.00,signal:-128.00,signalAbs:128.00,signalCumSum:239.09
>a0:726,silence:512.00,signal:214.00,signalAbs:214.00,signalCumSum:236.58
>a0:16,silence:512.00,signal:-496.00,signalAbs:496.00,signalCumSum:262.52
>a0:726,silence:512.00,signal:214.00,signalAbs:214.00,signalCumSum:257.67
>a0:725,silence:512.00,signal:213.00,signalAbs:213.00,signalCumSum:253.20
>a0:11,silence:512.00,signal:-501.00,signalAbs:501.00,signalCumSum:277.98
>a0:726,silence:512.00,signal:214.00,signalAbs:214.00,signalCumSum:271.59
>a0:726,silence:512.00,signal:214.00,signalAbs:214.00,signalCumSum:265.83
>a0:97,silence:512.00,signal:-415.00,signalAbs:415.00,signalCumSum:280.74
>a0:609,silence:512.00,signal:97.00,signalAbs:97.00,signalCumSum:262.37
>a0:607,silence:512.00,signal:95.00,signalAbs:95.00,signalCumSum:245.63
>a0:12,silence:512.00,signal:-500.00,signalAbs:500.00,signalCumSum:271.07
>a0:726,silence:512.00,signal:214.00,signalAbs:214.00,signalCumSum:265.36
>a0:615,silence:512.00,signal:103.00,signalAbs:103.00,signalCumSum:249.13
>a0:11,silence:512.00,signal:-501.00,signalAbs:501.00,signalCumSum:274.31
>a0:316,silence:512.00,signal:-196.00,signalAbs:196.00,signalCumSum:266.48
>a0:89,silence:512.00,signal:-423.00,signalAbs:423.00,signalCumSum:282.13
>a0:658,silence:512.00,signal:146.00,signalAbs:146.00,signalCumSum:268.52
>a0:248,silence:512.00,signal:-264.00,signalAbs:264.00,signalCumSum:268.07
>a0:612,silence:512.00,signal:100.00,signalAbs:100.00,signalCumSum:251.26
>a0:431,silence:512.00,signal:-81.00,signalAbs:81.00,signalCumSum:234.24
>a0:726,silence:512.00,signal:214.00,signalAbs:214.00,signalCumSum:232.21
>a0:725,silence:512.00,signal:213.00,signalAbs:213.00,signalCumSum:230.29
>a0:471,silence:512.00,signal:-41.00,signalAbs:41.00,signalCumSum:211.36
>a0:11,silence:512.00,signal:-501.00,signalAbs:501.00,signalCumSum:240.33
>a0:725,silence:512.00,signal:213.00,signalAbs:213.00,signalCumSum:237.59
>a0:233,silence:512.00,signal:-279.00,signalAbs:279.00,signalCumSum:241.73
>a0:11,silence:512.00,signal:-501.00,signalAbs:501.00,signalCumSum:267.66
>a0:11,silence:512.00,signal:-501.00,signalAbs:501.00,signalCumSum:290.99
>a0:686,silence:512.00,signal:174.00,signalAbs:174.00,signalCumSum:279.29
>a0:723,silence:512.00,signal:211.00,signalAbs:211.00,signalCumSum:272.47
>a0:725,silence:512.00,signal:213.00,signalAbs:213.00,signalCumSum:266.52
>a0:11,silence:512.00,signal:-501.00,signalAbs:501.00,signalCumSum:289.97
>a0:503,silence:512.00,signal:-9.00,signalAbs:9.00,signalCumSum:261.87
>a0:11,silence:512.00,signal:-501.00,signalAbs:501.00,signalCumSum:285.78
>a0:565,silence:512.00,signal:53.00,signalAbs:53.00,signalCumSum:262.50
>a0:726,silence:512.00,signal:214.00,signalAbs:214.00,signalCumSum:257.65
>a0:356,silence:512.00,signal:-156.00,signalAbs:156.00,signalCumSum:247.49
>a0:725,silence:512.00,signal:213.00,signalAbs:213.00,signalCumSum:244.04
>a0:282,silence:512.00,signal:-230.00,signalAbs:230.00,signalCumSum:242.64
>a0:726,silence:512.00,signal:214.00,signalAbs:214.00,signalCumSum:239.77
>a0:52,silence:512.00,signal:-460.00,signalAbs:460.00,signalCumSum:261.80
>a0:12,silence:512.00,signal:-500.00,signalAbs:500.00,signalCumSum:285.62
>a0:726,silence:512.00,signal:214.00,signalAbs:214.00,signalCumSum:278.45
>a0:726,silence:512.00,signal:214.00,signalAbs:214.00,signalCumSum:272.01
>a0:11,silence:512.00,signal:-501.00,signalAbs:501.00,signalCumSum:294.91
>a0:348,silence:512.00,signal:-164.00,signalAbs:164.00,signalCumSum:281.82
>a0:726,silence:512.00,signal:214.00,signalAbs:214.00,signalCumSum:275.04
>a0:33,silence:512.00,signal:-479.00,signalAbs:479.00,signalCumSum:295.43
>a0:726,silence:512.00,signal:214.00,signalAbs:214.00,signalCumSum:287.29
>a0:135,silence:512.00,signal:-377.00,signalAbs:377.00,signalCumSum:296.26
>a0:12,silence:512.00,signal:-500.00,signalAbs:500.00,signalCumSum:316.63
>a0:405,silence:512.00,signal:-107.00,signalAbs:107.00,signalCumSum:295.67
>a0:726,silence:512.00,signal:214.00,signalAbs:214.00,signalCumSum:287.50
>a0:447,silence:512.00,signal:-65.00,signalAbs:65.00,signalCumSum:265.25
>a0:717,silence:512.00,signal:205.00,signalAbs:205.00,signalCumSum:259.23
>a0:726,silence:512.00,signal:214.00,signalAbs:214.00,signalCumSum:254.70
>a0:421,silence:512.00,signal:-91.00,signalAbs:91.00,signalCumSum:238.33
>a0:522,silence:512.00,signal:10.00,signalAbs:10.00,signalCumSum:215.50
>a0:264,silence:512.00,signal:-248.00,signalAbs:248.00,signalCumSum:218.75
>a0:12,silence:512.00,signal:-500.00,signalAbs:500.00,signalCumSum:246.88
>a0:725,silence:512.00,signal:213.00,signalAbs:213.00,signalCumSum:243.49
>a0:258,silence:512.00,signal:-254.00,signalAbs:254.00,signalCumSum:244.54
>a0:12,silence:512.00,signal:-500.00,signalAbs:500.00,signalCumSum:270.09
>a0:573,silence:512.00,signal:61.00,signalAbs:61.00,signalCumSum:249.18
>a0:268,silence:512.00,signal:-244.00,signalAbs:244.00,signalCumSum:248.66
>a0:521,silence:512.00,signal:9.00,signalAbs:9.00,signalCumSum:224.69
>a0:90,silence:512.00,signal:-422.00,signalAbs:422.00,signalCumSum:244.42
>a0:601,silence:512.00,signal:89.00,signalAbs:89.00,signalCumSum:228.88
>a0:290,silence:512.00,signal:-222.00,signalAbs:222.00,signalCumSum:228.19
>a0:556,silence:512.00,signal:44.00,signalAbs:44.00,signalCumSum:209.77
>a0:12,silence:512.00,signal:-500.00,signalAbs:500.00,signalCumSum:238.80
>a0:249,silence:512.00,signal:-263.00,signalAbs:263.00,signalCumSum:241.22
>a0:503,silence:512.00,signal:-9.00,signalAbs:9.00,signalCumSum:218.00
>a0:373,silence:512.00,signal:-139.00,signalAbs:139.00,signalCumSum:210.10
>a0:373,silence:512.00,signal:-139.00,signalAbs:139.00,signalCumSum:202.99
>a0:537,silence:512.00,signal:25.00,signalAbs:25.00,signalCumSum:185.19
>a0:10,silence:512.00,signal:-502.00,signalAbs:502.00,signalCumSum:216.87
>a0:434,silence:512.00,signal:-78.00,signalAbs:78.00,signalCumSum:202.98
>a0:649,silence:512.00,signal:137.00,signalAbs:137.00,signalCumSum:196.38
>a0:398,silence:512.00,signal:-114.00,signalAbs:114.00,signalCumSum:188.15
>a0:492,silence:512.00,signal:-20.00,signalAbs:20.00,signalCumSum:171.33
>a0:436,silence:512.00,signal:-76.00,signalAbs:76.00,signalCumSum:161.80
>a0:166,silence:512.00,signal:-346.00,signalAbs:346.00,signalCumSum:180.22
>a0:603,silence:512.00,signal:91.00,signalAbs:91.00,signalCumSum:171.30
>a0:585,silence:512.00,signal:73.00,signalAbs:73.00,signalCumSum:161.47
>a0:458,silence:512.00,signal:-54.00,signalAbs:54.00,signalCumSum:150.72
>a0:317,silence:512.00,signal:-195.00,signalAbs:195.00,signalCumSum:155.15
>a0:327,silence:512.00,signal:-185.00,signalAbs:185.00,signalCumSum:158.13
>a0:485,silence:512.00,signal:-27.00,signalAbs:27.00,signalCumSum:145.02
>a0:627,silence:512.00,signal:115.00,signalAbs:115.00,signalCumSum:142.02
>a0:594,silence:512.00,signal:82.00,signalAbs:82.00,signalCumSum:136.02
>a0:282,silence:512.00,signal:-230.00,signalAbs:230.00,signalCumSum:145.41
>a0:366,silence:512.00,signal:-146.00,signalAbs:146.00,signalCumSum:145.47
>a0:396,silence:512.00,signal:-116.00,signalAbs:116.00,signalCumSum:142.53
>a0:468,silence:512.00,signal:-44.00,signalAbs:44.00,signalCumSum:132.67
>a0:628,silence:512.00,signal:116.00,signalAbs:116.00,signalCumSum:131.01
>a0:456,silence:512.00,signal:-56.00,signalAbs:56.00,signalCumSum:123.51
>a0:330,silence:512.00,signal:-182.00,signalAbs:182.00,signalCumSum:129.35
>a0:429,silence:512.00,signal:-83.00,signalAbs:83.00,signalCumSum:124.72
>a0:359,silence:512.00,signal:-153.00,signalAbs:153.00,signalCumSum:127.55
>a0:725,silence:512.00,signal:213.00,signalAbs:213.00,signalCumSum:136.09
>a0:669,silence:512.00,signal:157.00,signalAbs:157.00,signalCumSum:138.18
>a0:549,silence:512.00,signal:37.00,signalAbs:37.00,signalCumSum:128.06
>a0:401,silence:512.00,signal:-111.00,signalAbs:111.00,signalCumSum:126.36
>a0:506,silence:512.00,signal:-6.00,signalAbs:6.00,signalCumSum:114.32
>a0:569,silence:512.00,signal:57.00,signalAbs:57.00,signalCumSum:108.59
>a0:444,silence:512.00,signal:-68.00,signalAbs:68.00,signalCumSum:104.53
>a0:329,silence:512.00,signal:-183.00,signalAbs:183.00,signalCumSum:112.38
>a0:404,silence:512.00,signal:-108.00,signalAbs:108.00,signalCumSum:111.94
>a0:409,silence:512.00,signal:-103.00,signalAbs:103.00,signalCumSum:111.05
>a0:573,silence:512.00,signal:61.00,signalAbs:61.00,signalCumSum:106.04
>a0:355,silence:512.00,signal:-157.00,signalAbs:157.00,signalCumSum:111.14
>a0:388,silence:512.00,signal:-124.00,signalAbs:124.00,signalCumSum:112.42
>a0:458,silence:512.00,signal:-54.00,signalAbs:54.00,signalCumSum:106.58
>a0:489,silence:512.00,signal:-23.00,signalAbs:23.00,signalCumSum:98.22
>a0:418,silence:512.00,signal:-94.00,signalAbs:94.00,signalCumSum:97.80
>a0:478,silence:512.00,signal:-34.00,signalAbs:34.00,signalCumSum:91.42
>a0:333,silence:512.00,signal:-179.00,signalAbs:179.00,signalCumSum:100.18
>a0:398,silence:512.00,signal:-114.00,signalAbs:114.00,signalCumSum:101.56
>a0:351,silence:512.00,signal:-161.00,signalAbs:161.00,signalCumSum:107.50
>a0:391,silence:512.00,signal:-121.00,signalAbs:121.00,signalCumSum:108.85
>a0:565,silence:512.00,signal:53.00,signalAbs:53.00,signalCumSum:103.27
>a0:472,silence:512.00,signal:-40.00,signalAbs:40.00,signalCumSum:96.94
>a0:504,silence:512.00,signal:-8.00,signalAbs:8.00,signalCumSum:88.05
>a0:527,silence:512.00,signal:15.00,signalAbs:15.00,signalCumSum:80.74
>a0:425,silence:512.00,signal:-87.00,signalAbs:87.00,signalCumSum:81.37
>a0:463,silence:512.00,signal:-49.00,signalAbs:49.00,signalCumSum:78.13
>a0:494,silence:512.00,signal:-18.00,signalAbs:18.00,signalCumSum:72.12
>a0:518,silence:512.00,signal:6.00,signalAbs:6.00,signalCumSum:65.51
>a0:502,silence:512.00,signal:-10.00,signalAbs:10.00,signalCumSum:59.96
>a0:430,silence:512.00,signal:-82.00,signalAbs:82.00,signalCumSum:62.16
>a0:588,silence:512.00,signal:76.00,signalAbs:76.00,signalCumSum:63.54
>a0:454,silence:512.00,signal:-58.00,signalAbs:58.00,signalCumSum:62.99
>a0:470,silence:512.00,signal:-42.00,signalAbs:42.00,signalCumSum:60.89
>a0:351,silence:512.00,signal:-161.00,signalAbs:161.00,signalCumSum:70.90
>a0:338,silence:512.00,signal:-174.00,signalAbs:174.00,signalCumSum:81.21
>a0:444,silence:512.00,signal:-68.00,signalAbs:68.00,signalCumSum:79.89
>a0:454,silence:512.00,signal:-58.00,signalAbs:58.00,signalCumSum:77.70
>a0:357,silence:512.00,signal:-155.00,signalAbs:155.00,signalCumSum:85.43
>a0:426,silence:512.00,signal:-86.00,signalAbs:86.00,signalCumSum:85.49
>a0:334,silence:512.00,signal:-178.00,signalAbs:178.00,signalCumSum:94.74
>a0:433,silence:512.00,signal:-79.00,signalAbs:79.00,signalCumSum:93.17
>a0:282,silence:512.00,signal:-230.00,signalAbs:230.00,signalCumSum:106.85
>a0:380,silence:512.00,signal:-132.00,signalAbs:132.00,signalCumSum:109.36
>a0:337,silence:512.00,signal:-175.00,signalAbs:175.00,signalCumSum:115.93
>a0:426,silence:512.00,signal:-86.00,signalAbs:86.00,signalCumSum:112.93
>a0:417,silence:512.00,signal:-95.00,signalAbs:95.00,signalCumSum:111.14
>a0:517,silence:512.00,signal:5.00,signalAbs:5.00,signalCumSum:100.53
>a0:413,silence:512.00,signal:-99.00,signalAbs:99.00,signalCumSum:100.37
>a0:521,silence:512.00,signal:9.00,signalAbs:9.00,signalCumSum:91.24
>a0:308,silence:512.00,signal:-204.00,signalAbs:204.00,signalCumSum:102.51
>a0:585,silence:512.00,signal:73.00,signalAbs:73.00,signalCumSum:99.56
>a0:415,silence:512.00,signal:-97.00,signalAbs:97.00,signalCumSum:99.31
>a0:437,silence:512.00,signal:-75.00,signalAbs:75.00,signalCumSum:96.88
>a0:374,silence:512.00,signal:-138.00,signalAbs:138.00,signalCumSum:100.99
>a0:435,silence:512.00,signal:-77.00,signalAbs:77.00,signalCumSum:98.59
>a0:464,silence:512.00,signal:-48.00,signalAbs:48.00,signalCumSum:93.53
>a0:428,silence:512.00,signal:-84.00,signalAbs:84.00,signalCumSum:92.58
>a0:430,silence:512.00,signal:-82.00,signalAbs:82.00,signalCumSum:91.52
>a0:451,silence:512.00,signal:-61.00,signalAbs:61.00,signalCumSum:88.47
>a0:521,silence:512.00,signal:9.00,signalAbs:9.00,signalCumSum:80.52
>a0:353,silence:512.00,signal:-159.00,signalAbs:159.00,signalCumSum:88.37
>a0:413,silence:512.00,signal:-99.00,signalAbs:99.00,signalCumSum:89.43
>a0:433,silence:512.00,signal:-79.00,signalAbs:79.00,signalCumSum:88.39
>a0:487,silence:512.00,signal:-25.00,signalAbs:25.00,signalCumSum:82.05
>a0:553,silence:512.00,signal:41.00,signalAbs:41.00,signalCumSum:77.94
>a0:341,silence:512.00,signal:-171.00,signalAbs:171.00,signalCumSum:87.25
>a0:417,silence:512.00,signal:-95.00,signalAbs:95.00,signalCumSum:88.03
>a0:338,silence:512.00,signal:-174.00,signalAbs:174.00,signalCumSum:96.62
>a0:418,silence:512.00,signal:-94.00,signalAbs:94.00,signalCumSum:96.36
>a0:400,silence:512.00,signal:-112.00,signalAbs:112.00,signalCumSum:97.92
>a0:377,silence:512.00,signal:-135.00,signalAbs:135.00,signalCumSum:101.63
>a0:378,silence:512.00,signal:-134.00,signalAbs:134.00,signalCumSum:104.87
>a0:465,silence:512.00,signal:-47.00,signalAbs:47.00,signalCumSum:99.08
>a0:425,silence:512.00,signal:-87.00,signalAbs:87.00,signalCumSum:97.87
>a0:422,silence:512.00,signal:-90.00,signalAbs:90.00,signalCumSum:97.09
>a0:536,silence:512.00,signal:24.00,signalAbs:24.00,signalCumSum:89.78
>a0:513,silence:512.00,signal:1.00,signalAbs:1.00,signalCumSum:80.90
>a0:347,silence:512.00,signal:-165.00,signalAbs:165.00,signalCumSum:89.31
>a0:581,silence:512.00,signal:69.00,signalAbs:69.00,signalCumSum:87.28
>a0:552,silence:512.00,signal:40.00,signalAbs:40.00,signalCumSum:82.55
>a0:469,silence:512.00,signal:-43.00,signalAbs:43.00,signalCumSum:78.60
>a0:415,silence:512.00,signal:-97.00,signalAbs:97.00,signalCumSum:80.44
>a0:570,silence:512.00,signal:58.00,signalAbs:58.00,signalCumSum:78.19
>a0:472,silence:512.00,signal:-40.00,signalAbs:40.00,signalCumSum:74.37
>a0:619,silence:512.00,signal:107.00,signalAbs:107.00,signalCumSum:77.64
>a0:443,silence:512.00,signal:-69.00,signalAbs:69.00,signalCumSum:76.77
>a0:526,silence:512.00,signal:14.00,signalAbs:14.00,signalCumSum:70.50
>a0:395,silence:512.00,signal:-117.00,signalAbs:117.00,signalCumSum:75.15
>a0:387,silence:512.00,signal:-125.00,signalAbs:125.00,signalCumSum:80.13
>a0:465,silence:512.00,signal:-47.00,signalAbs:47.00,signalCumSum:76.82
>a0:499,silence:512.00,signal:-13.00,signalAbs:13.00,signalCumSum:70.44
>a0:332,silence:512.00,signal:-180.00,signalAbs:180.00,signalCumSum:81.39
>a0:369,silence:512.00,signal:-143.00,signalAbs:143.00,signalCumSum:87.55
>a0:383,silence:512.00,signal:-129.00,signalAbs:129.00,signalCumSum:91.70
>a0:460,silence:512.00,signal:-52.00,signalAbs:52.00,signalCumSum:87.73
>a0:454,silence:512.00,signal:-58.00,signalAbs:58.00,signalCumSum:84.76
>a0:445,silence:512.00,signal:-67.00,signalAbs:67.00,signalCumSum:82.98
>a0:323,silence:512.00,signal:-189.00,signalAbs:189.00,signalCumSum:93.58
>a0:384,silence:512.00,signal:-128.00,signalAbs:128.00,signalCumSum:97.02
>a0:397,silence:512.00,signal:-115.00,signalAbs:115.00,signalCumSum:98.82
>a0:471,silence:512.00,signal:-41.00,signalAbs:41.00,signalCumSum:93.04
>a0:401,silence:512.00,signal:-111.00,signalAbs:111.00,signalCumSum:94.84
>a0:448,silence:512.00,signal:-64.00,signalAbs:64.00,signalCumSum:91.75
>a0:468,silence:512.00,signal:-44.00,signalAbs:44.00,signalCumSum:86.98
>a0:357,silence:512.00,signal:-155.00,signalAbs:155.00,signalCumSum:93.78
>a0:281,silence:512.00,signal:-231.00,signalAbs:231.00,signalCumSum:107.50
>a0:362,silence:512.00,signal:-150.00,signalAbs:150.00,signalCumSum:111.75
>a0:502,silence:512.00,signal:-10.00,signalAbs:10.00,signalCumSum:101.58
>a0:438,silence:512.00,signal:-74.00,signalAbs:74.00,signalCumSum:98.82
>a0:490,silence:512.00,signal:-22.00,signalAbs:22.00,signalCumSum:91.14
>a0:503,silence:512.00,signal:-9.00,signalAbs:9.00,signalCumSum:82.92
>a0:491,silence:512.00,signal:-21.00,signalAbs:21.00,signalCumSum:76.73
>a0:461,silence:512.00,signal:-51.00,signalAbs:51.00,signalCumSum:74.16
>a0:371,silence:512.00,signal:-141.00,signalAbs:141.00,signalCumSum:80.84
>a0:470,silence:512.00,signal:-42.00,signalAbs:42.00,signalCumSum:76.96
>a0:481,silence:512.00,signal:-31.00,signalAbs:31.00,signalCumSum:72.36
>a0:312,silence:512.00,signal:-200.00,signalAbs:200.00,signalCumSum:85.13
>a0:593,silence:512.00,signal:81.00,signalAbs:81.00,signalCumSum:84.71
>a0:448,silence:512.00,signal:-64.00,signalAbs:64.00,signalCumSum:82.64
>a0:331,silence:512.00,signal:-181.00,signalAbs:181.00,signalCumSum:92.48
>a0:499,silence:512.00,signal:-13.00,signalAbs:13.00,signalCumSum:84.53
>a0:461,silence:512.00,signal:-51.00,signalAbs:51.00,signalCumSum:81.18
>a0:487,silence:512.00,signal:-25.00,signalAbs:25.00,signalCumSum:75.56
>a0:195,silence:512.00,signal:-317.00,signalAbs:317.00,signalCumSum:99.70
>a0:726,silence:512.00,signal:214.00,signalAbs:214.00,signalCumSum:111.13
>a0:339,silence:512.00,signal:-173.00,signalAbs:173.00,signalCumSum:117.32
>a0:361,silence:512.00,signal:-151.00,signalAbs:151.00,signalCumSum:120.69
>a0:726,silence:512.00,signal:214.00,signalAbs:214.00,signalCumSum:130.02
>a0:577,silence:512.00,signal:65.00,signalAbs:65.00,signalCumSum:123.52
>a0:334,silence:512.00,signal:-178.00,signalAbs:178.00,signalCumSum:128.97
>a0:357,silence:512.00,signal:-155.00,signalAbs:155.00,signalCumSum:131.57
>a0:359,silence:512.00,signal:-153.00,signalAbs:153.00,signalCumSum:133.71
>a0:725,silence:512.00,signal:213.00,signalAbs:213.00,signalCumSum:141.64
>a0:86,silence:512.00,signal:-426.00,signalAbs:426.00,signalCumSum:170.08
>a0:456,silence:512.00,signal:-56.00,signalAbs:56.00,signalCumSum:158.67
>a0:426,silence:512.00,signal:-86.00,signalAbs:86.00,signalCumSum:151.40
>a0:646,silence:512.00,signal:134.00,signalAbs:134.00,signalCumSum:149.66
>a0:712,silence:512.00,signal:200.00,signalAbs:200.00,signalCumSum:154.70
>a0:11,silence:512.00,signal:-501.00,signalAbs:501.00,signalCumSum:189.33
>a0:529,silence:512.00,signal:17.00,signalAbs:17.00,signalCumSum:172.09
>a0:322,silence:512.00,signal:-190.00,signalAbs:190.00,signalCumSum:173.88
>a0:455,silence:512.00,signal:-57.00,signalAbs:57.00,signalCumSum:162.20
>a0:486,silence:512.00,signal:-26.00,signalAbs:26.00,signalCumSum:148.58
>a0:385,silence:512.00,signal:-127.00,signalAbs:127.00,signalCumSum:146.42
>a0:97,silence:512.00,signal:-415.00,signalAbs:415.00,signalCumSum:173.28
>a0:527,silence:512.00,signal:15.00,signalAbs:15.00,signalCumSum:157.45
>a0:319,silence:512.00,signal:-193.00,signalAbs:193.00,signalCumSum:161.00
>a0:161,silence:512.00,signal:-351.00,signalAbs:351.00,signalCumSum:180.00
>a0:408,silence:512.00,signal:-104.00,signalAbs:104.00,signalCumSum:172.40
>a0:726,silence:512.00,signal:214.00,signalAbs:214.00,signalCumSum:176.56
>a0:238,silence:512.00,signal:-274.00,signalAbs:274.00,signalCumSum:186.31
>a0:478,silence:512.00,signal:-34.00,signalAbs:34.00,signalCumSum:171.08
>a0:120,silence:512.00,signal:-392.00,signalAbs:392.00,signalCumSum:193.17
>a0:468,silence:512.00,signal:-44.00,signalAbs:44.00,signalCumSum:178.25
>a0:435,silence:512.00,signal:-77.00,signalAbs:77.00,signalCumSum:168.13
>a0:616,silence:512.00,signal:104.00,signalAbs:104.00,signalCumSum:161.71
>a0:725,silence:512.00,signal:213.00,signalAbs:213.00,signalCumSum:166.84
>a0:536,silence:512.00,signal:24.00,signalAbs:24.00,signalCumSum:152.56
>a0:631,silence:512.00,signal:119.00,signalAbs:119.00,signalCumSum:149.20
>a0:365,silence:512.00,signal:-147.00,signalAbs:147.00,signalCumSum:148.98
>a0:394,silence:512.00,signal:-118.00,signalAbs:118.00,signalCumSum:145.88
>a0:510,silence:512.00,signal:-2.00,signalAbs:2.00,signalCumSum:131.50
>a0:493,silence:512.00,signal:-19.00,signalAbs:19.00,signalCumSum:120.25
>a0:501,silence:512.00,signal:-11.00,signalAbs:11.00,signalCumSum:109.32
>a0:229,silence:512.00,signal:-283.00,signalAbs:283.00,signalCumSum:126.69
>a0:571,silence:512.00,signal:59.00,signalAbs:59.00,signalCumSum:119.92
>a0:220,silence:512.00,signal:-292.00,signalAbs:292.00,signalCumSum:137.13
>a0:726,silence:512.00,signal:214.00,signalAbs:214.00,signalCumSum:144.82
>a0:649,silence:512.00,signal:137.00,signalAbs:137.00,signalCumSum:144.03
>a0:571,silence:512.00,signal:59.00,signalAbs:59.00,signalCumSum:135.53
>a0:486,silence:512.00,signal:-26.00,signalAbs:26.00,signalCumSum:124.58
>a0:443,silence:512.00,signal:-69.00,signalAbs:69.00,signalCumSum:119.02
>a0:488,silence:512.00,signal:-24.00,signalAbs:24.00,signalCumSum:109.52
>a0:213,silence:512.00,signal:-299.00,signalAbs:299.00,signalCumSum:128.47
>a0:205,silence:512.00,signal:-307.00,signalAbs:307.00,signalCumSum:146.32
>a0:187,silence:512.00,signal:-325.00,signalAbs:325.00,signalCumSum:164.19
>a0:103,silence:512.00,signal:-409.00,signalAbs:409.00,signalCumSum:188.67
>a0:14,silence:512.00,signal:-498.00,signalAbs:498.00,signalCumSum:219.60
>a0:219,silence:512.00,signal:-293.00,signalAbs:293.00,signalCumSum:226.94
>a0:249,silence:512.00,signal:-263.00,signalAbs:263.00,signalCumSum:230.55
>a0:251,silence:512.00,signal:-261.00,signalAbs:261.00,signalCumSum:233.59
>a0:683,silence:512.00,signal:171.00,signalAbs:171.00,signalCumSum:227.33
>a0:511,silence:512.00,signal:-1.00,signalAbs:1.00,signalCumSum:204.70
>a0:726,silence:512.00,signal:214.00,signalAbs:214.00,signalCumSum:205.63
>a0:562,silence:512.00,signal:50.00,signalAbs:50.00,signalCumSum:190.07
>a0:412,silence:512.00,signal:-100.00,signalAbs:100.00,signalCumSum:181.06
>a0:204,silence:512.00,signal:-308.00,signalAbs:308.00,signalCumSum:193.75
>a0:348,silence:512.00,signal:-164.00,signalAbs:164.00,signalCumSum:190.78
>a0:281,silence:512.00,signal:-231.00,signalAbs:231.00,signalCumSum:194.80
>a0:504,silence:512.00,signal:-8.00,signalAbs:8.00,signalCumSum:176.12
>a0:468,silence:512.00,signal:-44.00,signalAbs:44.00,signalCumSum:162.91
>a0:311,silence:512.00,signal:-201.00,signalAbs:201.00,signalCumSum:166.72
>a0:470,silence:512.00,signal:-42.00,signalAbs:42.00,signalCumSum:154.25
>a0:474,silence:512.00,signal:-38.00,signalAbs:38.00,signalCumSum:142.62
>a0:453,silence:512.00,signal:-59.00,signalAbs:59.00,signalCumSum:134.26
>a0:723,silence:512.00,signal:211.00,signalAbs:211.00,signalCumSum:141.93
>a0:579,silence:512.00,signal:67.00,signalAbs:67.00,signalCumSum:134.44
>a0:494,silence:512.00,signal:-18.00,signalAbs:18.00,signalCumSum:122.80
>a0:330,silence:512.00,signal:-182.00,signalAbs:182.00,signalCumSum:128.72
>a0:382,silence:512.00,signal:-130.00,signalAbs:130.00,signalCumSum:128.84
>a0:493,silence:512.00,signal:-19.00,signalAbs:19.00,signalCumSum:117.86
>a0:297,silence:512.00,signal:-215.00,signalAbs:215.00,signalCumSum:127.57
>a0:435,silence:512.00,signal:-77.00,signalAbs:77.00,signalCumSum:122.52
>a0:370,silence:512.00,signal:-142.00,signalAbs:142.00,signalCumSum:124.47
>a0:446,silence:512.00,signal:-66.00,signalAbs:66.00,signalCumSum:118.62
>a0:515,silence:512.00,signal:3.00,signalAbs:3.00,signalCumSum:107.06
>a0:131,silence:512.00,signal:-381.00,signalAbs:381.00,signalCumSum:134.45
>a0:389,silence:512.00,signal:-123.00,signalAbs:123.00,signalCumSum:133.31
>a0:495,silence:512.00,signal:-17.00,signalAbs:17.00,signalCumSum:121.68
>a0:726,silence:512.00,signal:214.00,signalAbs:214.00,signalCumSum:130.91
>a0:177,silence:512.00,signal:-335.00,signalAbs:335.00,signalCumSum:151.32
>a0:562,silence:512.00,signal:50.00,signalAbs:50.00,signalCumSum:141.19
>a0:465,silence:512.00,signal:-47.00,signalAbs:47.00,signalCumSum:131.77
>a0:336,silence:512.00,signal:-176.00,signalAbs:176.00,signalCumSum:136.19
>a0:482,silence:512.00,signal:-30.00,signalAbs:30.00,signalCumSum:125.57
>a0:231,silence:512.00,signal:-281.00,signalAbs:281.00,signalCumSum:141.11
>a0:553,silence:512.00,signal:41.00,signalAbs:41.00,signalCumSum:131.10
>a0:510,silence:512.00,signal:-2.00,signalAbs:2.00,signalCumSum:118.19
>a0:690,silence:512.00,signal:178.00,signalAbs:178.00,signalCumSum:124.17
>a0:342,silence:512.00,signal:-170.00,signalAbs:170.00,signalCumSum:128.76
>a0:725,silence:512.00,signal:213.00,signalAbs:213.00,signalCumSum:137.18
>a0:445,silence:512.00,signal:-67.00,signalAbs:67.00,signalCumSum:130.16
>a0:606,silence:512.00,signal:94.00,signalAbs:94.00,signalCumSum:126.55
>a0:444,silence:512.00,signal:-68.00,signalAbs:68.00,signalCumSum:120.69
>a0:726,silence:512.00,signal:214.00,signalAbs:214.00,signalCumSum:130.02
>a0:432,silence:512.00,signal:-80.00,signalAbs:80.00,signalCumSum:125.02
>a0:326,silence:512.00,signal:-186.00,signalAbs:186.00,signalCumSum:131.12
>a0:475,silence:512.00,signal:-37.00,signalAbs:37.00,signalCumSum:121.71
>a0:556,silence:512.00,signal:44.00,signalAbs:44.00,signalCumSum:113.94
>a0:566,silence:512.00,signal:54.00,signalAbs:54.00,signalCumSum:107.94
>a0:545,silence:512.00,signal:33.00,signalAbs:33.00,signalCumSum:100.45
>a0:543,silence:512.00,signal:31.00,signalAbs:31.00,signalCumSum:93.50
>a0:369,silence:512.00,signal:-143.00,signalAbs:143.00,signalCumSum:98.45
>a0:377,silence:512.00,signal:-135.00,signalAbs:135.00,signalCumSum:102.11
>a0:103,silence:512.00,signal:-409.00,signalAbs:409.00,signalCumSum:132.80
>a0:385,silence:512.00,signal:-127.00,signalAbs:127.00,signalCumSum:132.22
>a0:517,silence:512.00,signal:5.00,signalAbs:5.00,signalCumSum:119.50
>a0:726,silence:512.00,signal:214.00,signalAbs:214.00,signalCumSum:128.95
>a0:356,silence:512.00,signal:-156.00,signalAbs:156.00,signalCumSum:131.65
>a0:140,silence:512.00,signal:-372.00,signalAbs:372.00,signalCumSum:155.69
>a0:41,silence:512.00,signal:-471.00,signalAbs:471.00,signalCumSum:187.22
>a0:398,silence:512.00,signal:-114.00,signalAbs:114.00,signalCumSum:179.90
>a0:388,silence:512.00,signal:-124.00,signalAbs:124.00,signalCumSum:174.31
>a0:546,silence:512.00,signal:34.00,signalAbs:34.00,signalCumSum:160.28
>a0:407,silence:512.00,signal:-105.00,signalAbs:105.00,signalCumSum:154.75
>a0:191,silence:512.00,signal:-321.00,signalAbs:321.00,signalCumSum:171.37
>a0:419,silence:512.00,signal:-93.00,signalAbs:93.00,signalCumSum:163.54
>a0:260,silence:512.00,signal:-252.00,signalAbs:252.00,signalCumSum:172.38
>a0:501,silence:512.00,signal:-11.00,signalAbs:11.00,signalCumSum:156.24
>a0:363,silence:512.00,signal:-149.00,signalAbs:149.00,signalCumSum:155.52
>a0:472,silence:512.00,signal:-40.00,signalAbs:40.00,signalCumSum:143.97
>a0:564,silence:512.00,signal:52.00,signalAbs:52.00,signalCumSum:134.77
>a0:345,silence:512.00,signal:-167.00,signalAbs:167.00,signalCumSum:137.99
>a0:211,silence:512.00,signal:-301.00,signalAbs:301.00,signalCumSum:154.29
>a0:504,silence:512.00,signal:-8.00,signalAbs:8.00,signalCumSum:139.66
>a0:648,silence:512.00,signal:136.00,signalAbs:136.00,signalCumSum:139.30
>a0:576,silence:512.00,signal:64.00,signalAbs:64.00,signalCumSum:131.77
>a0:332,silence:512.00,signal:-180.00,signalAbs:180.00,signalCumSum:136.59
>a0:399,silence:512.00,signal:-113.00,signalAbs:113.00,signalCumSum:134.23
>a0:465,silence:512.00,signal:-47.00,signalAbs:47.00,signalCumSum:125.51
>a0:663,silence:512.00,signal:151.00,signalAbs:151.00,signalCumSum:128.06
>a0:541,silence:512.00,signal:29.00,signalAbs:29.00,signalCumSum:118.15
>a0:481,silence:512.00,signal:-31.00,signalAbs:31.00,signalCumSum:109.44
>a0:502,silence:512.00,signal:-10.00,signalAbs:10.00,signalCumSum:99.49
>a0:444,silence:512.00,signal:-68.00,signalAbs:68.00,signalCumSum:96.34
>a0:532,silence:512.00,signal:20.00,signalAbs:20.00,signalCumSum:88.71
>a0:726,silence:512.00,signal:214.00,signalAbs:214.00,signalCumSum:101.24
>a0:588,silence:512.00,signal:76.00,signalAbs:76.00,signalCumSum:98.71
>a0:726,silence:512.00,signal:214.00,signalAbs:214.00,signalCumSum:110.24
>a0:593,silence:512.00,signal:81.00,signalAbs:81.00,signalCumSum:107.32
>a0:645,silence:512.00,signal:133.00,signalAbs:133.00,signalCumSum:109.89
>a0:466,silence:512.00,signal:-46.00,signalAbs:46.00,signalCumSum:103.50
>a0:392,silence:512.00,signal:-120.00,signalAbs:120.00,signalCumSum:105.15
>a0:640,silence:512.00,signal:128.00,signalAbs:128.00,signalCumSum:107.43
>a0:314,silence:512.00,signal:-198.00,signalAbs:198.00,signalCumSum:116.49
>a0:295,silence:512.00,signal:-217.00,signalAbs:217.00,signalCumSum:126.54
>a0:471,silence:512.00,signal:-41.00,signalAbs:41.00,signalCumSum:117.99
>a0:370,silence:512.00,signal:-142.00,signalAbs:142.00,signalCumSum:120.39
>a0:409,silence:512.00,signal:-103.00,signalAbs:103.00,signalCumSum:118.65
>a0:553,silence:512.00,signal:41.00,signalAbs:41.00,signalCumSum:110.88
>a0:503,silence:512.00,signal:-9.00,signalAbs:9.00,signalCumSum:100.70
>a0:98,silence:512.00,signal:-414.00,signalAbs:414.00,signalCumSum:132.03
>a0:726,silence:512.00,signal:214.00,signalAbs:214.00,signalCumSum:140.22
>a0:24,silence:512.00,signal:-488.00,signalAbs:488.00,signalCumSum:175.00
>a0:295,silence:512.00,signal:-217.00,signalAbs:217.00,signalCumSum:179.20
>a0:508,silence:512.00,signal:-4.00,signalAbs:4.00,signalCumSum:161.68
>a0:585,silence:512.00,signal:73.00,signalAbs:73.00,signalCumSum:152.81
>a0:362,silence:512.00,signal:-150.00,signalAbs:150.00,signalCumSum:152.53
>a0:35,silence:512.00,signal:-477.00,signalAbs:477.00,signalCumSum:184.98
>a0:315,silence:512.00,signal:-197.00,signalAbs:197.00,signalCumSum:186.18
>a0:301,silence:512.00,signal:-211.00,signalAbs:211.00,signalCumSum:188.66
>a0:435,silence:512.00,signal:-77.00,signalAbs:77.00,signalCumSum:177.50
>a0:398,silence:512.00,signal:-114.00,signalAbs:114.00,signalCumSum:171.15
>a0:148,silence:512.00,signal:-364.00,signalAbs:364.00,signalCumSum:190.43
>a0:726,silence:512.00,signal:214.00,signalAbs:214.00,signalCumSum:192.79
>a0:662,silence:512.00,signal:150.00,signalAbs:150.00,signalCumSum:188.51
>a0:726,silence:512.00,signal:214.00,signalAbs:214.00,signalCumSum:191.06
>a0:12,silence:512.00,signal:-500.00,signalAbs:500.00,signalCumSum:221.95
>a0:214,silence:512.00,signal:-298.00,signalAbs:298.00,signalCumSum:229.56
>a0:726,silence:512.00,signal:214.00,signalAbs:214.00,signalCumSum:228.00
>a0:656,silence:512.00,signal:144.00,signalAbs:144.00,signalCumSum:219.60
>a0:391,silence:512.00,signal:-121.00,signalAbs:121.00,signalCumSum:209.74
>a0:169,silence:512.00,signal:-343.00,signalAbs:343.00,signalCumSum:223.07
>a0:480,silence:512.00,signal:-32.00,signalAbs:32.00,signalCumSum:203.96
>a0:524,silence:512.00,signal:12.00,signalAbs:12.00,signalCumSum:184.76
>a0:726,silence:512.00,signal:214.00,signalAbs:214.00,signalCumSum:187.69
>a0:679,silence:512.00,signal:167.00,signalAbs:167.00,signalCumSum:185.62
>a0:194,silence:512.00,signal:-318.00,signalAbs:318.00,signalCumSum:198.86
>a0:707,silence:512.00,signal:195.00,signalAbs:195.00,signalCumSum:198.47
>a0:330,silence:512.00,signal:-182.00,signalAbs:182.00,signalCumSum:196.82
>a0:203,silence:512.00,signal:-309.00,signalAbs:309.00,signalCumSum:208.04
>a0:725,silence:512.00,signal:213.00,signalAbs:213.00,signalCumSum:208.54
>a0:363,silence:512.00,signal:-149.00,signalAbs:149.00,signalCumSum:202.58
>a0:219,silence:512.00,signal:-293.00,signalAbs:293.00,signalCumSum:211.63
>a0:379,silence:512.00,signal:-133.00,signalAbs:133.00,signalCumSum:203.76
>a0:442,silence:512.00,signal:-70.00,signalAbs:70.00,signalCumSum:190.39
>a0:14,silence:512.00,signal:-498.00,signalAbs:498.00,signalCumSum:221.15
>a0:504,silence:512.00,signal:-8.00,signalAbs:8.00,signalCumSum:199.83
>a0:378,silence:512.00,signal:-134.00,signalAbs:134.00,signalCumSum:193.25
>a0:466,silence:512.00,signal:-46.00,signalAbs:46.00,signalCumSum:178.52
>a0:688,silence:512.00,signal:176.00,signalAbs:176.00,signalCumSum:178.27
>a0:639,silence:512.00,signal:127.00,signalAbs:127.00,signalCumSum:173.15
>a0:632,silence:512.00,signal:120.00,signalAbs:120.00,signalCumSum:167.83
>a0:324,silence:512.00,signal:-188.00,signalAbs:188.00,signalCumSum:169.85
>a0:296,silence:512.00,signal:-216.00,signalAbs:216.00,signalCumSum:174.46
>a0:644,silence:512.00,signal:132.00,signalAbs:132.00,signalCumSum:170.22
>a0:524,silence:512.00,signal:12.00,signalAbs:12.00,signalCumSum:154.39
>a0:372,silence:512.00,signal:-140.00,signalAbs:140.00,signalCumSum:152.96
>a0:575,silence:512.00,signal:63.00,signalAbs:63.00,signalCumSum:143.96
>a0:726,silence:512.00,signal:214.00,signalAbs:214.00,signalCumSum:150.96
>a0:456,silence:512.00,signal:-56.00,signalAbs:56.00,signalCumSum:141.47
>a0:694,silence:512.00,signal:182.00,signalAbs:182.00,signalCumSum:145.52
>a0:11,silence:512.00,signal:-501.00,signalAbs:501.00,signalCumSum:181.07
>a0:384,silence:512.00,signal:-128.00,signalAbs:128.00,signalCumSum:175.76
>a0:658,silence:512.00,signal:146.00,signalAbs:146.00,signalCumSum:172.79
>a0:270,silence:512.00,signal:-242.00,signalAbs:242.00,signalCumSum:179.71
>a0:400,silence:512.00,signal:-112.00,signalAbs:112.00,signalCumSum:172.94
>a0:726,silence:512.00,signal:214.00,signalAbs:214.00,signalCumSum:177.04
>a0:384,silence:512.00,signal:-128.00,signalAbs:128.00,signalCumSum:172.14
>a0:295,silence:512.00,signal:-217.00,signalAbs:217.00,signalCumSum:176.62
>a0:726,silence:512.00,signal:214.00,signalAbs:214.00,signalCumSum:180.36
>a0:363,silence:512.00,signal:-149.00,signalAbs:149.00,signalCumSum:177.23
>a0:572,silence:512.00,signal:60.00,signalAbs:60.00,signalCumSum:165.50
>a0:128,silence:512.00,signal:-384.00,signalAbs:384.00,signalCumSum:187.35
>a0:363,silence:512.00,signal:-149.00,signalAbs:149.00,signalCumSum:183.52
>a0:725,silence:512.00,signal:213.00,signalAbs:213.00,signalCumSum:186.47
>a0:726,silence:512.00,signal:214.00,signalAbs:214.00,signalCumSum:189.22
>a0:707,silence:512.00,signal:195.00,signalAbs:195.00,signalCumSum:189.80
>a0:185,silence:512.00,signal:-327.00,signalAbs:327.00,signalCumSum:203.52
>a0:585,silence:512.00,signal:73.00,signalAbs:73.00,signalCumSum:190.47
>a0:262,silence:512.00,signal:-250.00,signalAbs:250.00,signalCumSum:196.42
>a0:726,silence:512.00,signal:214.00,signalAbs:214.00,signalCumSum:198.18
>a0:580,silence:512.00,signal:68.00,signalAbs:68.00,signalCumSum:185.16
>a0:725,silence:512.00,signal:213.00,signalAbs:213.00,signalCumSum:187.94
>a0:11,silence:512.00,signal:-501.00,signalAbs:501.00,signalCumSum:219.25
>a0:726,silence:512.00,signal:214.00,signalAbs:214.00,signalCumSum:218.72
>a0:488,silence:512.00,signal:-24.00,signalAbs:24.00,signalCumSum:199.25
>a0:726,silence:512.00,signal:214.00,signalAbs:214.00,signalCumSum:200.73
>a0:726,silence:512.00,signal:214.00,signalAbs:214.00,signalCumSum:202.05
>a0:486,silence:512.00,signal:-26.00,signalAbs:26.00,signalCumSum:184.45
>a0:397,silence:512.00,signal:-115.00,signalAbs:115.00,signalCumSum:177.50
>a0:534,silence:512.00,signal:22.00,signalAbs:22.00,signalCumSum:161.95
>a0:398,silence:512.00,signal:-114.00,signalAbs:114.00,signalCumSum:157.16
>a0:546,silence:512.00,signal:34.00,signalAbs:34.00,signalCumSum:144.84
>a0:173,silence:512.00,signal:-339.00,signalAbs:339.00,signalCumSum:164.26
>a0:726,silence:512.00,signal:214.00,signalAbs:214.00,signalCumSum:169.23
>a0:436,silence:512.00,signal:-76.00,signalAbs:76.00,signalCumSum:159.91
>a0:462,silence:512.00,signal:-50.00,signalAbs:50.00,signalCumSum:148.92
>a0:726,silence:512.00,signal:214.00,signalAbs:214.00,signalCumSum:155.43
>a0:625,silence:512.00,signal:113.00,signalAbs:113.00,signalCumSum:151.18
>a0:257,silence:512.00,signal:-255.00,signalAbs:255.00,signalCumSum:161.57
>a0:464,silence:512.00,signal:-48.00,signalAbs:48.00,signalCumSum:150.21
>a0:277,silence:512.00,signal:-235.00,signalAbs:235.00,signalCumSum:158.69
>a0:726,silence:512.00,signal:214.00,signalAbs:214.00,signalCumSum:164.22
>a0:16,silence:512.00,signal:-496.00,signalAbs:496.00,signalCumSum:197.40
>a0:113,silence:512.00,signal:-399.00,signalAbs:399.00,signalCumSum:217.56
>a0:362,silence:512.00,signal:-150.00,signalAbs:150.00,signalCumSum:210.80
>a0:726,silence:512.00,signal:214.00,signalAbs:214.00,signalCumSum:211.12
>a0:12,silence:512.00,signal:-500.00,signalAbs:500.00,signalCumSum:240.01
>a0:534,silence:512.00,signal:22.00,signalAbs:22.00,signalCumSum:218.21
>a0:407,silence:512.00,signal:-105.00,signalAbs:105.00,signalCumSum:206.89
>a0:201,silence:512.00,signal:-311.00,signalAbs:311.00,signalCumSum:217.30
>a0:703,silence:512.00,signal:191.00,signalAbs:191.00,signalCumSum:214.67
>a0:460,silence:512.00,signal:-52.00,signalAbs:52.00,signalCumSum:198.40
>a0:390,silence:512.00,signal:-122.00,signalAbs:122.00,signalCumSum:190.76
>a0:420,silence:512.00,signal:-92.00,signalAbs:92.00,signalCumSum:180.89
>a0:664,silence:512.00,signal:152.00,signalAbs:152.00,signalCumSum:178.00
>a0:286,silence:512.00,signal:-226.00,signalAbs:226.00,signalCumSum:182.80
>a0:602,silence:512.00,signal:90.00,signalAbs:90.00,signalCumSum:173.52
>a0:417,silence:512.00,signal:-95.00,signalAbs:95.00,signalCumSum:165.67
>a0:451,silence:512.00,signal:-61.00,signalAbs:61.00,signalCumSum:155.20
>a0:11,silence:512.00,signal:-501.00,signalAbs:501.00,signalCumSum:189.78
>a0:267,silence:512.00,signal:-245.00,signalAbs:245.00,signalCumSum:195.30
>a0:726,silence:512.00,signal:214.00,signalAbs:214.00,signalCumSum:197.17
>a0:609,silence:512.00,signal:97.00,signalAbs:97.00,signalCumSum:187.15
>a0:714,silence:512.00,signal:202.00,signalAbs:202.00,signalCumSum:188.64
>a0:441,silence:512.00,signal:-71.00,signalAbs:71.00,signalCumSum:176.87
>a0:441,silence:512.00,signal:-71.00,signalAbs:71.00,signalCumSum:166.29
>a0:12,silence:512.00,signal:-500.00,signalAbs:500.00,signalCumSum:199.66
>a0:659,silence:512.00,signal:147.00,signalAbs:147.00,signalCumSum:194.39
>a0:495,silence:512.00,signal:-17.00,signalAbs:17.00,signalCumSum:176.65
>a0:240,silence:512.00,signal:-272.00,signalAbs:272.00,signalCumSum:186.19
>a0:420,silence:512.00,signal:-92.00,signalAbs:92.00,signalCumSum:176.77
>a0:553,silence:512.00,signal:41.00,signalAbs:41.00,signalCumSum:163.19
>a0:280,silence:512.00,signal:-232.00,signalAbs:232.00,signalCumSum:170.07
>a0:381,silence:512.00,signal:-131.00,signalAbs:131.00,signalCumSum:166.17
>a0:294,silence:512.00,signal:-218.00,signalAbs:218.00,signalCumSum:171.35
>a0:557,silence:512.00,signal:45.00,signalAbs:45.00,signalCumSum:158.71
>a0:486,silence:512.00,signal:-26.00,signalAbs:26.00,signalCumSum:145.44
>a0:636,silence:512.00,signal:124.00,signalAbs:124.00,signalCumSum:143.30
>a0:144,silence:512.00,signal:-368.00,signalAbs:368.00,signalCumSum:165.77
>a0:284,silence:512.00,signal:-228.00,signalAbs:228.00,signalCumSum:171.99
>a0:374,silence:512.00,signal:-138.00,signalAbs:138.00,signalCumSum:168.59
>a0:612,silence:512.00,signal:100.00,signalAbs:100.00,signalCumSum:161.73
>a0:725,silence:512.00,signal:213.00,signalAbs:213.00,signalCumSum:166.86
>a0:246,silence:512.00,signal:-266.00,signalAbs:266.00,signalCumSum:176.77
>a0:522,silence:512.00,signal:10.00,signalAbs:10.00,signalCumSum:160.10
>a0:707,silence:512.00,signal:195.00,signalAbs:195.00,signalCumSum:163.59
>a0:726,silence:512.00,signal:214.00,signalAbs:214.00,signalCumSum:168.63
>a0:338,silence:512.00,signal:-174.00,signalAbs:174.00,signalCumSum:169.17
>a0:726,silence:512.00,signal:214.00,signalAbs:214.00,signalCumSum:173.65
>a0:256,silence:512.00,signal:-256.00,signalAbs:256.00,signalCumSum:181.88
>a0:11,silence:512.00,signal:-501.00,signalAbs:501.00,signalCumSum:213.80
>a0:726,silence:512.00,signal:214.00,signalAbs:214.00,signalCumSum:213.82
>a0:96,silence:512.00,signal:-416.00,signalAbs:416.00,signalCumSum:234.03
>a0:636,silence:512.00,signal:124.00,signalAbs:124.00,signalCumSum:223.03
>a0:12,silence:512.00,signal:-500.00,signalAbs:500.00,signalCumSum:250.73
>a0:466,silence:512.00,signal:-46.00,signalAbs:46.00,signalCumSum:230.26
>a0:625,silence:512.00,signal:113.00,signalAbs:113.00,signalCumSum:218.53
>a0:726,silence:512.00,signal:214.00,signalAbs:214.00,signalCumSum:218.08
>a0:468,silence:512.00,signal:-44.00,signalAbs:44.00,signalCumSum:200.67
>a0:312,silence:512.00,signal:-200.00,signalAbs:200.00,signalCumSum:200.60
>a0:726,silence:512.00,signal:214.00,signalAbs:214.00,signalCumSum:201.94
>a0:11,silence:512.00,signal:-501.00,signalAbs:501.00,signalCumSum:231.85
>a0:520,silence:512.00,signal:8.00,signalAbs:8.00,signalCumSum:209.46
>a0:726,silence:512.00,signal:214.00,signalAbs:214.00,signalCumSum:209.92
>a0:725,silence:512.00,signal:213.00,signalAbs:213.00,signalCumSum:210.22
>a0:239,silence:512.00,signal:-273.00,signalAbs:273.00,signalCumSum:216.50
>a0:633,silence:512.00,signal:121.00,signalAbs:121.00,signalCumSum:206.95
>a0:726,silence:512.00,signal:214.00,signalAbs:214.00,signalCumSum:207.66
>a0:570,silence:512.00,signal:58.00,signalAbs:58.00,signalCumSum:192.69
>a0:332,silence:512.00,signal:-180.00,signalAbs:180.00,signalCumSum:191.42
>a0:535,silence:512.00,signal:23.00,signalAbs:23.00,signalCumSum:174.58
>a0:702,silence:512.00,signal:190.00,signalAbs:190.00,signalCumSum:176.12
>a0:726,silence:512.00,signal:214.00,signalAbs:214.00,signalCumSum:179.91
>a0:316,silence:512.00,signal:-196.00,signalAbs:196.00,signalCumSum:181.52
>a0:726,silence:512.00,signal:214.00,signalAbs:214.00,signalCumSum:184.77
>a0:183,silence:512.00,signal:-329.00,signalAbs:329.00,signalCumSum:199.19
>a0:726,silence:512.00,signal:214.00,signalAbs:214.00,signalCumSum:200.67
>a0:12,silence:512.00,signal:-500.00,signalAbs:500.00,signalCumSum:230.60
>a0:726,silence:512.00,signal:214.00,signalAbs:214.00,signalCumSum:228.94
>a0:197,silence:512.00,signal:-315.00,signalAbs:315.00,signalCumSum:237.55
>a0:726,silence:512.00,signal:214.00,signalAbs:214.00,signalCumSum:235.19
>a0:181,silence:512.00,signal:-331.00,signalAbs:331.00,signalCumSum:244.77
>a0:556,silence:512.00,signal:44.00,signalAbs:44.00,signalCumSum:224.70
>a0:177,silence:512.00,signal:-335.00,signalAbs:335.00,signalCumSum:235.73
>a0:468,silence:512.00,signal:-44.00,signalAbs:44.00,signalCumSum:216.55
>a0:574,silence:512.00,signal:62.00,signalAbs:62.00,signalCumSum:201.10
>a0:151,silence:512.00,signal:-361.00,signalAbs:361.00,signalCumSum:217.09
>a0:726,silence:512.00,signal:214.00,signalAbs:214.00,signalCumSum:216.78
>a0:11,silence:512.00,signal:-501.00,signalAbs:501.00,signalCumSum:245.20
>a0:726,silence:512.00,signal:214.00,signalAbs:214.00,signalCumSum:242.08
>a0:292,silence:512.00,signal:-220.00,signalAbs:220.00,signalCumSum:239.87
>a0:660,silence:512.00,signal:148.00,signalAbs:148.00,signalCumSum:230.69
>a0:644,silence:512.00,signal:132.00,signalAbs:132.00,signalCumSum:220.82
>a0:16,silence:512.00,signal:-496.00,signalAbs:496.00,signalCumSum:248.34
>a0:724,silence:512.00,signal:212.00,signalAbs:212.00,signalCumSum:244.70
>a0:10,silence:512.00,signal:-502.00,signalAbs:502.00,signalCumSum:270.43
>a0:725,silence:512.00,signal:213.00,signalAbs:213.00,signalCumSum:264.69
>a0:11,silence:512.00,signal:-501.00,signalAbs:501.00,signalCumSum:288.32
>a0:726,silence:512.00,signal:214.00,signalAbs:214.00,signalCumSum:280.89
>a0:215,silence:512.00,signal:-297.00,signalAbs:297.00,signalCumSum:282.50
>a0:18,silence:512.00,signal:-494.00,signalAbs:494.00,signalCumSum:303.65
>a0:471,silence:512.00,signal:-41.00,signalAbs:41.00,signalCumSum:277.38
>a0:484,silence:512.00,signal:-28.00,signalAbs:28.00,signalCumSum:252.45
>a0:724,silence:512.00,signal:212.00,signalAbs:212.00,signalCumSum:248.40
>a0:366,silence:512.00,signal:-146.00,signalAbs:146.00,signalCumSum:238.16
>a0:726,silence:512.00,signal:214.00,signalAbs:214.00,signalCumSum:235.75
>a0:725,silence:512.00,signal:213.00,signalAbs:213.00,signalCumSum:233.47
>a0:626,silence:512.00,signal:114.00,signalAbs:114.00,signalCumSum:221.52
>a0:11,silence:512.00,signal:-501.00,signalAbs:501.00,signalCumSum:249.47
>a0:237,silence:512.00,signal:-275.00,signalAbs:275.00,signalCumSum:252.02
>a0:11,silence:512.00,signal:-501.00,signalAbs:501.00,signalCumSum:276.92
>a0:11,silence:512.00,signal:-501.00,signalAbs:501.00,signalCumSum:299.33
>a0:726,silence:512.00,signal:214.00,signalAbs:214.00,signalCumSum:290.80
>a0:191,silence:512.00,signal:-321.00,signalAbs:321.00,signalCumSum:293.82
>a0:725,silence:512.00,signal:213.00,signalAbs:213.00,signalCumSum:285.74
>a0:316,silence:512.00,signal:-196.00,signalAbs:196.00,signalCumSum:276.76
>a0:726,silence:512.00,signal:214.00,signalAbs:214.00,signalCumSum:270.49
>a0:725,silence:512.00,signal:213.00,signalAbs:213.00,signalCumSum:264.74
>a0:202,silence:512.00,signal:-310.00,signalAbs:310.00,signalCumSum:269.26
>a0:238,silence:512.00,signal:-274.00,signalAbs:274.00,signalCumSum:269.74
>a0:726,silence:512.00,signal:214.00,signalAbs:214.00,signalCumSum:264.16
>a0:432,silence:512.00,signal:-80.00,signalAbs:80.00,signalCumSum:245.75
>a0:420,silence:512.00,signal:-92.00,signalAbs:92.00,signalCumSum:230.37
>a0:725,silence:512.00,signal:213.00,signalAbs:213.00,signalCumSum:228.63
>a0:11,silence:512.00,signal:-501.00,signalAbs:501.00,signalCumSum:255.87
>a0:725,silence:512.00,signal:213.00,signalAbs:213.00,signalCumSum:251.58
>a0:12,silence:512.00,signal:-500.00,signalAbs:500.00,signalCumSum:276.43
>a0:297,silence:512.00,signal:-215.00,signalAbs:215.00,signalCumSum:270.28
>a0:639,silence:512.00,signal:127.00,signalAbs:127.00,signalCumSum:255.95
>a0:726,silence:512.00,signal:214.00,signalAbs:214.00,signalCumSum:251.76
>a0:518,silence:512.00,signal:6.00,signalAbs:6.00,signalCumSum:227.18
>a0:11,silence:512.00,signal:-501.00,signalAbs:501.00,signalCumSum:254.57
>a0:12,silence:512.00,signal:-500.00,signalAbs:500.00,signalCumSum:279.11
>a0:726,silence:512.00,signal:214.00,signalAbs:214.00,signalCumSum:272.60
>a0:11,silence:512.00,signal:-501.00,signalAbs:501.00,signalCumSum:295.44
>a0:176,silence:512.00,signal:-336.00,signalAbs:336.00,signalCumSum:299.49
>a0:12,silence:512.00,signal:-500.00,signalAbs:500.00,signalCumSum:319.54
>a0:726,silence:512.00,signal:214.00,signalAbs:214.00,signalCumSum:308.99
>a0:181,silence:512.00,signal:-331.00,signalAbs:331.00,signalCumSum:311.19
>a0:490,silence:512.00,signal:-22.00,signalAbs:22.00,signalCumSum:282.27
>a0:12,silence:512.00,signal:-500.00,signalAbs:500.00,signalCumSum:304.04
>a0:725,silence:512.00,signal:213.00,signalAbs:213.00,signalCumSum:294.94
>a0:726,silence:512.00,signal:214.00,signalAbs:214.00,signalCumSum:286.85
>a0:23,silence:512.00,signal:-489.00,signalAbs:489.00,signalCumSum:307.06
>a0:726,silence:512.00,signal:214.00,signalAbs:214.00,signalCumSum:297.76
>a0:726,silence:512.00,signal:214.00,signalAbs:214.00,signalCumSum:289.38
>a0:726,silence:512.00,signal:214.00,signalAbs:214.00,signalCumSum:281.84
>a0:12,silence:512.00,signal:-500.00,signalAbs:500.00,signalCumSum:303.66
>a0:157,silence:512.00,signal:-355.00,signalAbs:355.00,signalCumSum:308.79
>a0:12,silence:512.00,signal:-500.00,signalAbs:500.00,signalCumSum:327.91
>a0:725,silence:512.00,signal:213.00,signalAbs:213.00,signalCumSum:316.42
>a0:11,silence:512.00,signal:-501.00,signalAbs:501.00,signalCumSum:334.88
>a0:493,silence:512.00,signal:-19.00,signalAbs:19.00,signalCumSum:303.29
>a0:726,silence:512.00,signal:214.00,signalAbs:214.00,signalCumSum:294.36
>a0:11,silence:512.00,signal:-501.00,signalAbs:501.00,signalCumSum:315.03
>a0:189,silence:512.00,signal:-323.00,signalAbs:323.00,signalCumSum:315.82
>a0:595,silence:512.00,signal:83.00,signalAbs:83.00,signalCumSum:292.54
>a0:726,silence:512.00,signal:214.00,signalAbs:214.00,signalCumSum:284.69
>a0:11,silence:512.00,signal:-501.00,signalAbs:501.00,signalCumSum:306.32
>a0:236,silence:512.00,signal:-276.00,signalAbs:276.00,signalCumSum:303.29
>a0:562,silence:512.00,signal:50.00,signalAbs:50.00,signalCumSum:277.96
>a0:447,silence:512.00,signal:-65.00,signalAbs:65.00,signalCumSum:256.66
>a0:726,silence:512.00,signal:214.00,signalAbs:214.00,signalCumSum:252.40
>a0:334,silence:512.00,signal:-178.00,signalAbs:178.00,signalCumSum:244.96
>a0:726,silence:512.00,signal:214.00,signalAbs:214.00,signalCumSum:241.86
>a0:164,silence:512.00,signal:-348.00,signalAbs:348.00,signalCumSum:252.47
>a0:12,silence:512.00,signal:-500.00,signalAbs:500.00,signalCumSum:277.23
>a0:726,silence:512.00,signal:214.00,signalAbs:214.00,signalCumSum:270.90
>a0:10,silence:512.00,signal:-502.00,signalAbs:502.00,signalCumSum:294.01
>a0:329,silence:512.00,signal:-183.00,signalAbs:183.00,signalCumSum:282.91
>a0:726,silence:512.00,signal:214.00,signalAbs:214.00,signalCumSum:276.02
>a0:11,silence:512.00,signal:-501.00,signalAbs:501.00,signalCumSum:298.52
>a0:550,silence:512.00,signal:38.00,signalAbs:38.00,signalCumSum:272.47
>a0:726,silence:512.00,signal:214.00,signalAbs:214.00,signalCumSum:266.62
>a0:33,silence:512.00,signal:-479.00,signalAbs:479.00,signalCumSum:287.86
>a0:726,silence:512.00,signal:214.00,signalAbs:214.00,signalCumSum:280.47
>a0:11,silence:512.00,signal:-501.00,signalAbs:501.00,signalCumSum:302.53
>a0:293,silence:512.00,signal:-219.00,signalAbs:219.00,signalCumSum:294.17
>a0:11,silence:512.00,signal:-501.00,signalAbs:501.00,signalCumSum:314.86
>a0:726,silence:512.00,signal:214.00,signalAbs:214.00,signalCumSum:304.77
>a0:12,silence:512.00,signal:-500.00,signalAbs:500.00,signalCumSum:324.29
>a0:726,silence:512.00,signal:214.00,signalAbs:214.00,signalCumSum:313.26
>a0:726,silence:512.00,signal:214.00,signalAbs:214.00,signalCumSum:303.34
>a0:35,silence:512.00,signal:-477.00,signalAbs:477.00,signalCumSum:320.70
>a0:332,silence:512.00,signal:-180.00,signalAbs:180.00,signalCumSum:306.63
>a0:11,silence:512.00,signal:-501.00,signalAbs:501.00,signalCumSum:326.07
>a0:726,silence:512.00,signal:214.00,signalAbs:214.00,signalCumSum:314.86
>a0:11,silence:512.00,signal:-501.00,signalAbs:501.00,signalCumSum:333.48
>a0:607,silence:512.00,signal:95.00,signalAbs:95.00,signalCumSum:309.63
>a0:448,silence:512.00,signal:-64.00,signalAbs:64.00,signalCumSum:285.07
>a0:40,silence:512.00,signal:-472.00,signalAbs:472.00,signalCumSum:303.76
>a0:12,silence:512.00,signal:-500.00,signalAbs:500.00,signalCumSum:323.38
>a0:726,silence:512.00,signal:214.00,signalAbs:214.00,signalCumSum:312.45
>a0:151,silence:512.00,signal:-361.00,signalAbs:361.00,signalCumSum:317.30
>a0:11,silence:512.00,signal:-501.00,signalAbs:501.00,signalCumSum:335.67
>a0:726,silence:512.00,signal:214.00,signalAbs:214.00,signalCumSum:323.50
>a0:11,silence:512.00,signal:-501.00,signalAbs:501.00,signalCumSum:341.25
>a0:726,silence:512.00,signal:214.00,signalAbs:214.00,signalCumSum:328.53
>a0:12,silence:512.00,signal:-500.00,signalAbs:500.00,signalCumSum:345.68
>a0:12,silence:512.00,signal:-500.00,signalAbs:500.00,signalCumSum:361.11
>a0:726,silence:512.00,signal:214.00,signalAbs:214.00,signalCumSum:346.40
>a0:136,silence:512.00,signal:-376.00,signalAbs:376.00,signalCumSum:349.36
>a0:411,silence:512.00,signal:-101.00,signalAbs:101.00,signalCumSum:324.52
>a0:361,silence:512.00,signal:-151.00,signalAbs:151.00,signalCumSum:307.17
>a0:416,silence:512.00,signal:-96.00,signalAbs:96.00,signalCumSum:286.05
>a0:474,silence:512.00,signal:-38.00,signalAbs:38.00,signalCumSum:261.25
>a0:725,silence:512.00,signal:213.00,signalAbs:213.00,signalCumSum:256.42
>a0:726,silence:512.00,signal:214.00,signalAbs:214.00,signalCumSum:252.18
>a0:725,silence:512.00,signal:213.00,signalAbs:213.00,signalCumSum:248.26
>a0:726,silence:512.00,signal:214.00,signalAbs:214.00,signalCumSum:244.84
>a0:10,silence:512.00,signal:-502.00,signalAbs:502.00,signalCumSum:270.55
>a0:725,silence:512.00,signal:213.00,signalAbs:213.00,signalCumSum:264.80
>a0:13,silence:512.00,signal:-499.00,signalAbs:499.00,signalCumSum:288.22
>a0:35,silence:512.00,signal:-477.00,signalAbs:477.00,signalCumSum:307.10
>a0:70,silence:512.00,signal:-442.00,signalAbs:442.00,signalCumSum:320.59
>a0:726,silence:512.00,signal:214.00,signalAbs:214.00,signalCumSum:309.93
>a0:725,silence:512.00,signal:213.00,signalAbs:213.00,signalCumSum:300.23
>a0:726,silence:512.00,signal:214.00,signalAbs:214.00,signalCumSum:291.61
>a0:413,silence:512.00,signal:-99.00,signalAbs:99.00,signalCumSum:272.35
>a0:11,silence:512.00,signal:-501.00,signalAbs:501.00,signalCumSum:295.22
>a0:725,silence:512.00,signal:213.00,signalAbs:213.00,signalCumSum:286.99
>a0:721,silence:512.00,signal:209.00,signalAbs:209.00,signalCumSum:279.19
>a0:11,silence:512.00,signal:-501.00,signalAbs:501.00,signalCumSum:301.37
>a0:462,silence:512.00,signal:-50.00,signalAbs:50.00,signalCumSum:276.24
>a0:726,silence:512.00,signal:214.00,signalAbs:214.00,signalCumSum:270.01
>a0:309,silence:512.00,signal:-203.00,signalAbs:203.00,signalCumSum:263.31
>a0:269,silence:512.00,signal:-243.00,signalAbs:243.00,signalCumSum:261.28
>a0:473,silence:512.00,signal:-39.00,signalAbs:39.00,signalCumSum:239.05
>a0:725,silence:512.00,signal:213.00,signalAbs:213.00,signalCumSum:236.45
>a0:60,silence:512.00,signal:-452.00,signalAbs:452.00,signalCumSum:258.00
>a0:726,silence:512.00,signal:214.00,signalAbs:214.00,signalCumSum:253.60
>a0:535,silence:512.00,signal:23.00,signalAbs:23.00,signalCumSum:230.54
>a0:726,silence:512.00,signal:214.00,signalAbs:214.00,signalCumSum:228.89
>a0:11,silence:512.00,signal:-501.00,signalAbs:501.00,signalCumSum:256.10
>a0:705,silence:512.00,signal:193.00,signalAbs:193.00,signalCumSum:249.79
>a0:11,silence:512.00,signal:-501.00,signalAbs:501.00,signalCumSum:274.91
>a0:608,silence:512.00,signal:96.00,signalAbs:96.00,signalCumSum:257.02
>a0:726,silence:512.00,signal:214.00,signalAbs:214.00,signalCumSum:252.72
>a0:726,silence:512.00,signal:214.00,signalAbs:214.00,signalCumSum:248.85
>a0:206,silence:512.00,signal:-306.00,signalAbs:306.00,signalCumSum:254.56
>a0:12,silence:512.00,signal:-500.00,signalAbs:500.00,signalCumSum:279.10
>a0:726,silence:512.00,signal:214.00,signalAbs:214.00,signalCumSum:272.59
>a0:595,silence:512.00,signal:83.00,signalAbs:83.00,signalCumSum:253.63
>a0:368,silence:512.00,signal:-144.00,signalAbs:144.00,signalCumSum:242.67
>a0:516,silence:512.00,signal:4.00,signalAbs:4.00,signalCumSum:218.80
>a0:509,silence:512.00,signal:-3.00,signalAbs:3.00,signalCumSum:197.22
>a0:725,silence:512.00,signal:213.00,signalAbs:213.00,signalCumSum:198.80
>a0:724,silence:512.00,signal:212.00,signalAbs:212.00,signalCumSum:200.12
>a0:344,silence:512.00,signal:-168.00,signalAbs:168.00,signalCumSum:196.91
>a0:726,silence:512.00,signal:214.00,signalAbs:214.00,signalCumSum:198.62
>a0:726,silence:512.00,signal:214.00,signalAbs:214.00,signalCumSum:200.16
>a0:277,silence:512.00,signal:-235.00,signalAbs:235.00,signalCumSum:203.64
>a0:12,silence:512.00,signal:-500.00,signalAbs:500.00,signalCumSum:233.28
>a0:725,silence:512.00,signal:213.00,signalAbs:213.00,signalCumSum:231.25
>a0:11,silence:512.00,signal:-501.00,signalAbs:501.00,signalCumSum:258.22
>a0:725,silence:512.00,signal:213.00,signalAbs:213.00,signalCumSum:253.70
>a0:726,silence:512.00,signal:214.00,signalAbs:214.00,signalCumSum:249.73
>a0:726,silence:512.00,signal:214.00,signalAbs:214.00,signalCumSum:246.16
>a0:189,silence:512.00,signal:-323.00,signalAbs:323.00,signalCumSum:253.84
>a0:11,silence:512.00,signal:-501.00,signalAbs:501.00,signalCumSum:278.56
>a0:11,silence:512.00,signal:-501.00,signalAbs:501.00,signalCumSum:300.80
>a0:726,silence:512.0