=~=~=~=~=~=~=~=~=~=~=~= PuTTY log 2025.04.29 20:12:22 =~=~=~=~=~=~=~=~=~=~=~=
nInitial silence level: 512.00 (2.50 V)
>a0:416,silence:512.00,signal:-96.00,signalAbs:96.00,signalCumSum:9.60
>a0:492,silence:512.00,signal:-20.00,signalAbs:20.00,signalCumSum:10.64
>a0:431,silence:512.00,signal:-81.00,signalAbs:81.00,signalCumSum:17.68
>a0:330,silence:512.00,signal:-182.00,signalAbs:182.00,signalCumSum:34.11
>a0:302,silence:512.00,signal:-210.00,signalAbs:210.00,signalCumSum:51.70
>a0:507,silence:512.00,signal:-5.00,signalAbs:5.00,signalCumSum:47.03
>a0:493,silence:512.00,signal:-19.00,signalAbs:19.00,signalCumSum:44.23
>a0:461,silence:512.00,signal:-51.00,signalAbs:51.00,signalCumSum:44.90
>a0:493,silence:512.00,signal:-19.00,signalAbs:19.00,signalCumSum:42.31
>a0:480,silence:512.00,signal:-32.00,signalAbs:32.00,signalCumSum:41.28
>a0:343,silence:512.00,signal:-169.00,signalAbs:169.00,signalCumSum:54.05
>a0:473,silence:512.00,signal:-39.00,signalAbs:39.00,signalCumSum:52.55
>a0:496,silence:512.00,signal:-16.00,signalAbs:16.00,signalCumSum:48.89
>a0:418,silence:512.00,signal:-94.00,signalAbs:94.00,signalCumSum:53.40
>a0:394,silence:512.00,signal:-118.00,signalAbs:118.00,signalCumSum:59.86
>a0:281,silence:512.00,signal:-231.00,signalAbs:231.00,signalCumSum:76.98
>a0:406,silence:512.00,signal:-106.00,signalAbs:106.00,signalCumSum:79.88
>a0:365,silence:512.00,signal:-147.00,signalAbs:147.00,signalCumSum:86.59
>a0:670,silence:512.00,signal:158.00,signalAbs:158.00,signalCumSum:93.73
>a0:298,silence:512.00,signal:-214.00,signalAbs:214.00,signalCumSum:105.76
>a0:590,silence:512.00,signal:78.00,signalAbs:78.00,signalCumSum:102.98
>a0:456,silence:512.00,signal:-56.00,signalAbs:56.00,signalCumSum:98.28
>a0:236,silence:512.00,signal:-276.00,signalAbs:276.00,signalCumSum:116.06
>a0:437,silence:512.00,signal:-75.00,signalAbs:75.00,signalCumSum:111.95
>a0:309,silence:512.00,signal:-203.00,signalAbs:203.00,signalCumSum:121.06
>a0:449,silence:512.00,signal:-63.00,signalAbs:63.00,signalCumSum:115.25
>a0:546,silence:512.00,signal:34.00,signalAbs:34.00,signalCumSum:107.13
>a0:322,silence:512.00,signal:-190.00,signalAbs:190.00,signalCumSum:115.41
>a0:463,silence:512.00,signal:-49.00,signalAbs:49.00,signalCumSum:108.77
>a0:538,silence:512.00,signal:26.00,signalAbs:26.00,signalCumSum:100.49
>a0:375,silence:512.00,signal:-137.00,signalAbs:137.00,signalCumSum:104.14
>a0:432,silence:512.00,signal:-80.00,signalAbs:80.00,signalCumSum:101.73
>a0:338,silence:512.00,signal:-174.00,signalAbs:174.00,signalCumSum:108.96
>a0:339,silence:512.00,signal:-173.00,signalAbs:173.00,signalCumSum:115.36
>a0:447,silence:512.00,signal:-65.00,signalAbs:65.00,signalCumSum:110.33
>a0:617,silence:512.00,signal:105.00,signalAbs:105.00,signalCumSum:109.79
>a0:437,silence:512.00,signal:-75.00,signalAbs:75.00,signalCumSum:106.31
>a0:568,silence:512.00,signal:56.00,signalAbs:56.00,signalCumSum:101.28
>a0:230,silence:512.00,signal:-282.00,signalAbs:282.00,signalCumSum:119.35
>a0:532,silence:512.00,signal:20.00,signalAbs:20.00,signalCumSum:109.42
>a0:376,silence:512.00,signal:-136.00,signalAbs:136.00,signalCumSum:112.08
>a0:543,silence:512.00,signal:31.00,signalAbs:31.00,signalCumSum:103.97
>a0:568,silence:512.00,signal:56.00,signalAbs:56.00,signalCumSum:99.17
>a0:388,silence:512.00,signal:-124.00,signalAbs:124.00,signalCumSum:101.65
>a0:358,silence:512.00,signal:-154.00,signalAbs:154.00,signalCumSum:106.89
>a0:545,silence:512.00,signal:33.00,signalAbs:33.00,signalCumSum:99.50
>a0:538,silence:512.00,signal:26.00,signalAbs:26.00,signalCumSum:92.15
>a0:586,silence:512.00,signal:74.00,signalAbs:74.00,signalCumSum:90.34
>a0:403,silence:512.00,signal:-109.00,signalAbs:109.00,signalCumSum:92.20
>a0:411,silence:512.00,signal:-101.00,signalAbs:101.00,signalCumSum:93.08
>a0:718,silence:512.00,signal:206.00,signalAbs:206.00,signalCumSum:104.37
>a0:488,silence:512.00,signal:-24.00,signalAbs:24.00,signalCumSum:96.34
>a0:379,silence:512.00,signal:-133.00,signalAbs:133.00,signalCumSum:100.00
>a0:682,silence:512.00,signal:170.00,signalAbs:170.00,signalCumSum:107.00
>a0:609,silence:512.00,signal:97.00,signalAbs:97.00,signalCumSum:106.00
>a0:356,silence:512.00,signal:-156.00,signalAbs:156.00,signalCumSum:111.00
>a0:21,silence:512.00,signal:-491.00,signalAbs:491.00,signalCumSum:149.00
>a0:495,silence:512.00,signal:-17.00,signalAbs:17.00,signalCumSum:135.80
>a0:420,silence:512.00,signal:-92.00,signalAbs:92.00,signalCumSum:131.42
>a0:226,silence:512.00,signal:-286.00,signalAbs:286.00,signalCumSum:146.88
>a0:432,silence:512.00,signal:-80.00,signalAbs:80.00,signalCumSum:140.19
>a0:278,silence:512.00,signal:-234.00,signalAbs:234.00,signalCumSum:149.57
>a0:582,silence:512.00,signal:70.00,signalAbs:70.00,signalCumSum:141.61
>a0:377,silence:512.00,signal:-135.00,signalAbs:135.00,signalCumSum:140.95
>a0:479,silence:512.00,signal:-33.00,signalAbs:33.00,signalCumSum:130.16
>a0:504,silence:512.00,signal:-8.00,signalAbs:8.00,signalCumSum:117.94
>a0:451,silence:512.00,signal:-61.00,signalAbs:61.00,signalCumSum:112.25
>a0:351,silence:512.00,signal:-161.00,signalAbs:161.00,signalCumSum:117.12
>a0:451,silence:512.00,signal:-61.00,signalAbs:61.00,signalCumSum:111.51
>a0:643,silence:512.00,signal:131.00,signalAbs:131.00,signalCumSum:113.46
>a0:280,silence:512.00,signal:-232.00,signalAbs:232.00,signalCumSum:125.31
>a0:238,silence:512.00,signal:-274.00,signalAbs:274.00,signalCumSum:140.18
>a0:499,silence:512.00,signal:-13.00,signalAbs:13.00,signalCumSum:127.46
>a0:542,silence:512.00,signal:30.00,signalAbs:30.00,signalCumSum:117.72
>a0:217,silence:512.00,signal:-295.00,signalAbs:295.00,signalCumSum:135.45
>a0:346,silence:512.00,signal:-166.00,signalAbs:166.00,signalCumSum:138.50
>a0:648,silence:512.00,signal:136.00,signalAbs:136.00,signalCumSum:138.25
>a0:346,silence:512.00,signal:-166.00,signalAbs:166.00,signalCumSum:141.03
>a0:569,silence:512.00,signal:57.00,signalAbs:57.00,signalCumSum:132.62
>a0:430,silence:512.00,signal:-82.00,signalAbs:82.00,signalCumSum:127.56
>a0:588,silence:512.00,signal:76.00,signalAbs:76.00,signalCumSum:122.41
>a0:266,silence:512.00,signal:-246.00,signalAbs:246.00,signalCumSum:134.76
>a0:658,silence:512.00,signal:146.00,signalAbs:146.00,signalCumSum:135.89
>a0:628,silence:512.00,signal:116.00,signalAbs:116.00,signalCumSum:133.90
>a0:239,silence:512.00,signal:-273.00,signalAbs:273.00,signalCumSum:147.81
>a0:336,silence:512.00,signal:-176.00,signalAbs:176.00,signalCumSum:150.63
>a0:703,silence:512.00,signal:191.00,signalAbs:191.00,signalCumSum:154.67
>a0:655,silence:512.00,signal:143.00,signalAbs:143.00,signalCumSum:153.50
>a0:276,silence:512.00,signal:-236.00,signalAbs:236.00,signalCumSum:161.75
>a0:300,silence:512.00,signal:-212.00,signalAbs:212.00,signalCumSum:166.77
>a0:412,silence:512.00,signal:-100.00,signalAbs:100.00,signalCumSum:160.10
>a0:392,silence:512.00,signal:-120.00,signalAbs:120.00,signalCumSum:156.09
>a0:382,silence:512.00,signal:-130.00,signalAbs:130.00,signalCumSum:153.48
>a0:641,silence:512.00,signal:129.00,signalAbs:129.00,signalCumSum:151.03
>a0:616,silence:512.00,signal:104.00,signalAbs:104.00,signalCumSum:146.33
>a0:484,silence:512.00,signal:-28.00,signalAbs:28.00,signalCumSum:134.49
>a0:356,silence:512.00,signal:-156.00,signalAbs:156.00,signalCumSum:136.65
>a0:430,silence:512.00,signal:-82.00,signalAbs:82.00,signalCumSum:131.18
>a0:226,silence:512.00,signal:-286.00,signalAbs:286.00,signalCumSum:146.66
>a0:258,silence:512.00,signal:-254.00,signalAbs:254.00,signalCumSum:157.40
>a0:314,silence:512.00,signal:-198.00,signalAbs:198.00,signalCumSum:161.46
>a0:635,silence:512.00,signal:123.00,signalAbs:123.00,signalCumSum:157.61
>a0:271,silence:512.00,signal:-241.00,signalAbs:241.00,signalCumSum:165.95
>a0:421,silence:512.00,signal:-91.00,signalAbs:91.00,signalCumSum:158.45
>a0:329,silence:512.00,signal:-183.00,signalAbs:183.00,signalCumSum:160.91
>a0:497,silence:512.00,signal:-15.00,signalAbs:15.00,signalCumSum:146.32
>a0:602,silence:512.00,signal:90.00,signalAbs:90.00,signalCumSum:140.69
>a0:322,silence:512.00,signal:-190.00,signalAbs:190.00,signalCumSum:145.62
>a0:457,silence:512.00,signal:-55.00,signalAbs:55.00,signalCumSum:136.56
>a0:491,silence:512.00,signal:-21.00,signalAbs:21.00,signalCumSum:125.00
>a0:473,silence:512.00,signal:-39.00,signalAbs:39.00,signalCumSum:116.40
>a0:582,silence:512.00,signal:70.00,signalAbs:70.00,signalCumSum:111.76
>a0:542,silence:512.00,signal:30.00,signalAbs:30.00,signalCumSum:103.58
>a0:357,silence:512.00,signal:-155.00,signalAbs:155.00,signalCumSum:108.73
>a0:391,silence:512.00,signal:-121.00,signalAbs:121.00,signalCumSum:109.95
>a0:633,silence:512.00,signal:121.00,signalAbs:121.00,signalCumSum:111.06
>a0:381,silence:512.00,signal:-131.00,signalAbs:131.00,signalCumSum:113.05
>a0:549,silence:512.00,signal:37.00,signalAbs:37.00,signalCumSum:105.45
>a0:313,silence:512.00,signal:-199.00,signalAbs:199.00,signalCumSum:114.80
>a0:726,silence:512.00,signal:214.00,signalAbs:214.00,signalCumSum:124.72
>a0:87,silence:512.00,signal:-425.00,signalAbs:425.00,signalCumSum:154.75
>a0:726,silence:512.00,signal:214.00,signalAbs:214.00,signalCumSum:160.67
>a0:183,silence:512.00,signal:-329.00,signalAbs:329.00,signalCumSum:177.51
>a0:662,silence:512.00,signal:150.00,signalAbs:150.00,signalCumSum:174.76
>a0:343,silence:512.00,signal:-169.00,signalAbs:169.00,signalCumSum:174.18
>a0:598,silence:512.00,signal:86.00,signalAbs:86.00,signalCumSum:165.36
>a0:726,silence:512.00,signal:214.00,signalAbs:214.00,signalCumSum:170.23
>a0:164,silence:512.00,signal:-348.00,signalAbs:348.00,signalCumSum:188.00
>a0:634,silence:512.00,signal:122.00,signalAbs:122.00,signalCumSum:181.40
>a0:268,silence:512.00,signal:-244.00,signalAbs:244.00,signalCumSum:187.66
>a0:682,silence:512.00,signal:170.00,signalAbs:170.00,signalCumSum:185.90
>a0:237,silence:512.00,signal:-275.00,signalAbs:275.00,signalCumSum:194.81
>a0:491,silence:512.00,signal:-21.00,signalAbs:21.00,signalCumSum:177.43
>a0:379,silence:512.00,signal:-133.00,signalAbs:133.00,signalCumSum:172.98
>a0:118,silence:512.00,signal:-394.00,signalAbs:394.00,signalCumSum:195.09
>a0:629,silence:512.00,signal:117.00,signalAbs:117.00,signalCumSum:187.28
>a0:474,silence:512.00,signal:-38.00,signalAbs:38.00,signalCumSum:172.35
>a0:417,silence:512.00,signal:-95.00,signalAbs:95.00,signalCumSum:164.61
>a0:593,silence:512.00,signal:81.00,signalAbs:81.00,signalCumSum:156.25
>a0:358,silence:512.00,signal:-154.00,signalAbs:154.00,signalCumSum:156.03
>a0:11,silence:512.00,signal:-501.00,signalAbs:501.00,signalCumSum:190.52
>a0:489,silence:512.00,signal:-23.00,signalAbs:23.00,signalCumSum:173.77
>a0:259,silence:512.00,signal:-253.00,signalAbs:253.00,signalCumSum:181.70
>a0:347,silence:512.00,signal:-165.00,signalAbs:165.00,signalCumSum:180.03
>a0:499,silence:512.00,signal:-13.00,signalAbs:13.00,signalCumSum:163.32
>a0:502,silence:512.00,signal:-10.00,signalAbs:10.00,signalCumSum:147.99
>a0:268,silence:512.00,signal:-244.00,signalAbs:244.00,signalCumSum:157.59
>a0:357,silence:512.00,signal:-155.00,signalAbs:155.00,signalCumSum:157.33
>a0:690,silence:512.00,signal:178.00,signalAbs:178.00,signalCumSum:159.40
>a0:416,silence:512.00,signal:-96.00,signalAbs:96.00,signalCumSum:153.06
>a0:497,silence:512.00,signal:-15.00,signalAbs:15.00,signalCumSum:139.25
>a0:390,silence:512.00,signal:-122.00,signalAbs:122.00,signalCumSum:137.53
>a0:439,silence:512.00,signal:-73.00,signalAbs:73.00,signalCumSum:131.08
>a0:505,silence:512.00,signal:-7.00,signalAbs:7.00,signalCumSum:118.67
>a0:381,silence:512.00,signal:-131.00,signalAbs:131.00,signalCumSum:119.90
>a0:403,silence:512.00,signal:-109.00,signalAbs:109.00,signalCumSum:118.81
>a0:336,silence:512.00,signal:-176.00,signalAbs:176.00,signalCumSum:124.53
>a0:591,silence:512.00,signal:79.00,signalAbs:79.00,signalCumSum:119.98
>a0:717,silence:512.00,signal:205.00,signalAbs:205.00,signalCumSum:128.48
>a0:377,silence:512.00,signal:-135.00,signalAbs:135.00,signalCumSum:129.13
>a0:379,silence:512.00,signal:-133.00,signalAbs:133.00,signalCumSum:129.52
>a0:498,silence:512.00,signal:-14.00,signalAbs:14.00,signalCumSum:117.97
>a0:467,silence:512.00,signal:-45.00,signalAbs:45.00,signalCumSum:110.67
>a0:727,silence:512.00,signal:215.00,signalAbs:215.00,signalCumSum:121.10
>a0:433,silence:512.00,signal:-79.00,signalAbs:79.00,signalCumSum:116.89
>a0:588,silence:512.00,signal:76.00,signalAbs:76.00,signalCumSum:112.80
>a0:253,silence:512.00,signal:-259.00,signalAbs:259.00,signalCumSum:127.42
>a0:618,silence:512.00,signal:106.00,signalAbs:106.00,signalCumSum:125.28
>a0:598,silence:512.00,signal:86.00,signalAbs:86.00,signalCumSum:121.35
>a0:459,silence:512.00,signal:-53.00,signalAbs:53.00,signalCumSum:114.52
>a0:434,silence:512.00,signal:-78.00,signalAbs:78.00,signalCumSum:110.87
>a0:449,silence:512.00,signal:-63.00,signalAbs:63.00,signalCumSum:106.08
>a0:352,silence:512.00,signal:-160.00,signalAbs:160.00,signalCumSum:111.47
>a0:634,silence:512.00,signal:122.00,signalAbs:122.00,signalCumSum:112.52
>a0:290,silence:512.00,signal:-222.00,signalAbs:222.00,signalCumSum:123.47
>a0:464,silence:512.00,signal:-48.00,signalAbs:48.00,signalCumSum:115.92
>a0:192,silence:512.00,signal:-320.00,signalAbs:320.00,signalCumSum:136.33
>a0:443,silence:512.00,signal:-69.00,signalAbs:69.00,signalCumSum:129.60
>a0:442,silence:512.00,signal:-70.00,signalAbs:70.00,signalCumSum:123.64
>a0:552,silence:512.00,signal:40.00,signalAbs:40.00,signalCumSum:115.27
>a0:535,silence:512.00,signal:23.00,signalAbs:23.00,signalCumSum:106.05
>a0:192,silence:512.00,signal:-320.00,signalAbs:320.00,signalCumSum:127.44
>a0:552,silence:512.00,signal:40.00,signalAbs:40.00,signalCumSum:118.70
>a0:479,silence:512.00,signal:-33.00,signalAbs:33.00,signalCumSum:110.13
>a0:188,silence:512.00,signal:-324.00,signalAbs:324.00,signalCumSum:131.52
>a0:531,silence:512.00,signal:19.00,signalAbs:19.00,signalCumSum:120.26
>a0:525,silence:512.00,signal:13.00,signalAbs:13.00,signalCumSum:109.54
>a0:550,silence:512.00,signal:38.00,signalAbs:38.00,signalCumSum:102.38
>a0:314,silence:512.00,signal:-198.00,signalAbs:198.00,signalCumSum:111.95
>a0:337,silence:512.00,signal:-175.00,signalAbs:175.00,signalCumSum:118.25
>a0:482,silence:512.00,signal:-30.00,signalAbs:30.00,signalCumSum:109.43
>a0:497,silence:512.00,signal:-15.00,signalAbs:15.00,signalCumSum:99.98
>a0:573,silence:512.00,signal:61.00,signalAbs:61.00,signalCumSum:96.08
>a0:441,silence:512.00,signal:-71.00,signalAbs:71.00,signalCumSum:93.58
>a0:342,silence:512.00,signal:-170.00,signalAbs:170.00,signalCumSum:101.22
>a0:315,silence:512.00,signal:-197.00,signalAbs:197.00,signalCumSum:110.80
>a0:436,silence:512.00,signal:-76.00,signalAbs:76.00,signalCumSum:107.32
>a0:726,silence:512.00,signal:214.00,signalAbs:214.00,signalCumSum:117.99
>a0:229,silence:512.00,signal:-283.00,signalAbs:283.00,signalCumSum:134.49
>a0:406,silence:512.00,signal:-106.00,signalAbs:106.00,signalCumSum:131.64
>a0:466,silence:512.00,signal:-46.00,signalAbs:46.00,signalCumSum:123.07
>a0:198,silence:512.00,signal:-314.00,signalAbs:314.00,signalCumSum:142.17
>a0:58,silence:512.00,signal:-454.00,signalAbs:454.00,signalCumSum:173.35
>a0:578,silence:512.00,signal:66.00,signalAbs:66.00,signalCumSum:162.62
>a0:378,silence:512.00,signal:-134.00,signalAbs:134.00,signalCumSum:159.75
>a0:546,silence:512.00,signal:34.00,signalAbs:34.00,signalCumSum:147.18
>a0:387,silence:512.00,signal:-125.00,signalAbs:125.00,signalCumSum:144.96
>a0:377,silence:512.00,signal:-135.00,signalAbs:135.00,signalCumSum:143.96
>a0:166,silence:512.00,signal:-346.00,signalAbs:346.00,signalCumSum:164.17
>a0:364,silence:512.00,signal:-148.00,signalAbs:148.00,signalCumSum:162.55
>a0:600,silence:512.00,signal:88.00,signalAbs:88.00,signalCumSum:155.10
>a0:320,silence:512.00,signal:-192.00,signalAbs:192.00,signalCumSum:158.79
>a0:527,silence:512.00,signal:15.00,signalAbs:15.00,signalCumSum:144.41
>a0:442,silence:512.00,signal:-70.00,signalAbs:70.00,signalCumSum:136.97
>a0:300,silence:512.00,signal:-212.00,signalAbs:212.00,signalCumSum:144.47
>a0:104,silence:512.00,signal:-408.00,signalAbs:408.00,signalCumSum:170.82
>a0:301,silence:512.00,signal:-211.00,signalAbs:211.00,signalCumSum:174.84
>a0:313,silence:512.00,signal:-199.00,signalAbs:199.00,signalCumSum:177.26
>a0:445,silence:512.00,signal:-67.00,signalAbs:67.00,signalCumSum:166.23
>a0:149,silence:512.00,signal:-363.00,signalAbs:363.00,signalCumSum:185.91
>a0:485,silence:512.00,signal:-27.00,signalAbs:27.00,signalCumSum:170.02
>a0:489,silence:512.00,signal:-23.00,signalAbs:23.00,signalCumSum:155.32
>a0:288,silence:512.00,signal:-224.00,signalAbs:224.00,signalCumSum:162.18
>a0:368,silence:512.00,signal:-144.00,signalAbs:144.00,signalCumSum:160.37
>a0:333,silence:512.00,signal:-179.00,signalAbs:179.00,signalCumSum:162.23
>a0:314,silence:512.00,signal:-198.00,signalAbs:198.00,signalCumSum:165.81
>a0:672,silence:512.00,signal:160.00,signalAbs:160.00,signalCumSum:165.23
>a0:282,silence:512.00,signal:-230.00,signalAbs:230.00,signalCumSum:171.70
>a0:549,silence:512.00,signal:37.00,signalAbs:37.00,signalCumSum:158.23
>a0:191,silence:512.00,signal:-321.00,signalAbs:321.00,signalCumSum:174.51
>a0:498,silence:512.00,signal:-14.00,signalAbs:14.00,signalCumSum:158.46
>a0:400,silence:512.00,signal:-112.00,signalAbs:112.00,signalCumSum:153.81
>a0:395,silence:512.00,signal:-117.00,signalAbs:117.00,signalCumSum:150.13
>a0:599,silence:512.00,signal:87.00,signalAbs:87.00,signalCumSum:143.82
>a0:283,silence:512.00,signal:-229.00,signalAbs:229.00,signalCumSum:152.34
>a0:510,silence:512.00,signal:-2.00,signalAbs:2.00,signalCumSum:137.30
>a0:460,silence:512.00,signal:-52.00,signalAbs:52.00,signalCumSum:128.77
>a0:642,silence:512.00,signal:130.00,signalAbs:130.00,signalCumSum:128.90
>a0:536,silence:512.00,signal:24.00,signalAbs:24.00,signalCumSum:118.41
>a0:487,silence:512.00,signal:-25.00,signalAbs:25.00,signalCumSum:109.07
>a0:173,silence:512.00,signal:-339.00,signalAbs:339.00,signalCumSum:132.06
>a0:597,silence:512.00,signal:85.00,signalAbs:85.00,signalCumSum:127.35
>a0:243,silence:512.00,signal:-269.00,signalAbs:269.00,signalCumSum:141.52
>a0:490,silence:512.00,signal:-22.00,signalAbs:22.00,signalCumSum:129.57
>a0:726,silence:512.00,signal:214.00,signalAbs:214.00,signalCumSum:138.01
>a0:444,silence:512.00,signal:-68.00,signalAbs:68.00,signalCumSum:131.01
>a0:229,silence:512.00,signal:-283.00,signalAbs:283.00,signalCumSum:146.21
>a0:326,silence:512.00,signal:-186.00,signalAbs:186.00,signalCumSum:150.19
>a0:503,silence:512.00,signal:-9.00,signalAbs:9.00,signalCumSum:136.07
>a0:518,silence:512.00,signal:6.00,signalAbs:6.00,signalCumSum:123.06
>a0:478,silence:512.00,signal:-34.00,signalAbs:34.00,signalCumSum:114.16
>a0:448,silence:512.00,signal:-64.00,signalAbs:64.00,signalCumSum:109.14
>a0:490,silence:512.00,signal:-22.00,signalAbs:22.00,signalCumSum:100.43
>a0:711,silence:512.00,signal:199.00,signalAbs:199.00,signalCumSum:110.28
>a0:273,silence:512.00,signal:-239.00,signalAbs:239.00,signalCumSum:123.15
>a0:469,silence:512.00,signal:-43.00,signalAbs:43.00,signalCumSum:115.14
>a0:498,silence:512.00,signal:-14.00,signalAbs:14.00,signalCumSum:105.03
>a0:394,silence:512.00,signal:-118.00,signalAbs:118.00,signalCumSum:106.32
>a0:447,silence:512.00,signal:-65.00,signalAbs:65.00,signalCumSum:102.19
>a0:617,silence:512.00,signal:105.00,signalAbs:105.00,signalCumSum:102.47
>a0:399,silence:512.00,signal:-113.00,signalAbs:113.00,signalCumSum:103.52
>a0:398,silence:512.00,signal:-114.00,signalAbs:114.00,signalCumSum:104.57
>a0:357,silence:512.00,signal:-155.00,signalAbs:155.00,signalCumSum:109.61
>a0:562,silence:512.00,signal:50.00,signalAbs:50.00,signalCumSum:103.65
>a0:295,silence:512.00,signal:-217.00,signalAbs:217.00,signalCumSum:114.99
>a0:526,silence:512.00,signal:14.00,signalAbs:14.00,signalCumSum:104.89
>a0:410,silence:512.00,signal:-102.00,signalAbs:102.00,signalCumSum:104.60
>a0:380,silence:512.00,signal:-132.00,signalAbs:132.00,signalCumSum:107.34
>a0:399,silence:512.00,signal:-113.00,signalAbs:113.00,signalCumSum:107.91
>a0:336,silence:512.00,signal:-176.00,signalAbs:176.00,signalCumSum:114.72
>a0:482,silence:512.00,signal:-30.00,signalAbs:30.00,signalCumSum:106.24
>a0:381,silence:512.00,signal:-131.00,signalAbs:131.00,signalCumSum:108.72
>a0:330,silence:512.00,signal:-182.00,signalAbs:182.00,signalCumSum:116.05
>a0:388,silence:512.00,signal:-124.00,signalAbs:124.00,signalCumSum:116.84
>a0:314,silence:512.00,signal:-198.00,signalAbs:198.00,signalCumSum:124.96
>a0:457,silence:512.00,signal:-55.00,signalAbs:55.00,signalCumSum:117.96
>a0:427,silence:512.00,signal:-85.00,signalAbs:85.00,signalCumSum:114.67
>a0:328,silence:512.00,signal:-184.00,signalAbs:184.00,signalCumSum:121.60
>a0:562,silence:512.00,signal:50.00,signalAbs:50.00,signalCumSum:114.44
>a0:136,silence:512.00,signal:-376.00,signalAbs:376.00,signalCumSum:140.60
>a0:515,silence:512.00,signal:3.00,signalAbs:3.00,signalCumSum:126.84
>a0:682,silence:512.00,signal:170.00,signalAbs:170.00,signalCumSum:131.15
>a0:619,silence:512.00,signal:107.00,signalAbs:107.00,signalCumSum:128.74
>a0:369,silence:512.00,signal:-143.00,signalAbs:143.00,signalCumSum:130.16
>a0:262,silence:512.00,signal:-250.00,signalAbs:250.00,signalCumSum:142.15
>a0:691,silence:512.00,signal:179.00,signalAbs:179.00,signalCumSum:145.83
>a0:319,silence:512.00,signal:-193.00,signalAbs:193.00,signalCumSum:150.55
>a0:321,silence:512.00,signal:-191.00,signalAbs:191.00,signalCumSum:154.59
>a0:101,silence:512.00,signal:-411.00,signalAbs:411.00,signalCumSum:180.23
>a0:582,silence:512.00,signal:70.00,signalAbs:70.00,signalCumSum:169.21
>a0:459,silence:512.00,signal:-53.00,signalAbs:53.00,signalCumSum:157.59
>a0:254,silence:512.00,signal:-258.00,signalAbs:258.00,signalCumSum:167.63
>a0:261,silence:512.00,signal:-251.00,signalAbs:251.00,signalCumSum:175.97
>a0:567,silence:512.00,signal:55.00,signalAbs:55.00,signalCumSum:163.87
>a0:178,silence:512.00,signal:-334.00,signalAbs:334.00,signalCumSum:180.88
>a0:336,silence:512.00,signal:-176.00,signalAbs:176.00,signalCumSum:180.40
>a0:550,silence:512.00,signal:38.00,signalAbs:38.00,signalCumSum:166.16
>a0:199,silence:512.00,signal:-313.00,signalAbs:313.00,signalCumSum:180.84
>a0:656,silence:512.00,signal:144.00,signalAbs:144.00,signalCumSum:177.16
>a0:186,silence:512.00,signal:-326.00,signalAbs:326.00,signalCumSum:192.04
>a0:282,silence:512.00,signal:-230.00,signalAbs:230.00,signalCumSum:195.84
>a0:186,silence:512.00,signal:-326.00,signalAbs:326.00,signalCumSum:208.85
>a0:272,silence:512.00,signal:-240.00,signalAbs:240.00,signalCumSum:211.97
>a0:394,silence:512.00,signal:-118.00,signalAbs:118.00,signalCumSum:202.57
>a0:491,silence:512.00,signal:-21.00,signalAbs:21.00,signalCumSum:184.41
>a0:459,silence:512.00,signal:-53.00,signalAbs:53.00,signalCumSum:171.27
>a0:200,silence:512.00,signal:-312.00,signalAbs:312.00,signalCumSum:185.35
>a0:624,silence:512.00,signal:112.00,signalAbs:112.00,signalCumSum:178.01
>a0:725,silence:512.00,signal:213.00,signalAbs:213.00,signalCumSum:181.51
>a0:87,silence:512.00,signal:-425.00,signalAbs:425.00,signalCumSum:205.86
>a0:431,silence:512.00,signal:-81.00,signalAbs:81.00,signalCumSum:193.37
>a0:675,silence:512.00,signal:163.00,signalAbs:163.00,signalCumSum:190.34
>a0:244,silence:512.00,signal:-268.00,signalAbs:268.00,signalCumSum:198.10
>a0:328,silence:512.00,signal:-184.00,signalAbs:184.00,signalCumSum:196.69
>a0:335,silence:512.00,signal:-177.00,signalAbs:177.00,signalCumSum:194.72
>a0:524,silence:512.00,signal:12.00,signalAbs:12.00,signalCumSum:176.45
>a0:469,silence:512.00,signal:-43.00,signalAbs:43.00,signalCumSum:163.11
>a0:327,silence:512.00,signal:-185.00,signalAbs:185.00,signalCumSum:165.29
>a0:470,silence:512.00,signal:-42.00,signalAbs:42.00,signalCumSum:152.97
>a0:337,silence:512.00,signal:-175.00,signalAbs:175.00,signalCumSum:155.17
>a0:454,silence:512.00,signal:-58.00,signalAbs:58.00,signalCumSum:145.45
>a0:514,silence:512.00,signal:2.00,signalAbs:2.00,signalCumSum:131.11
>a0:724,silence:512.00,signal:212.00,signalAbs:212.00,signalCumSum:139.20
>a0:234,silence:512.00,signal:-278.00,signalAbs:278.00,signalCumSum:153.08
>a0:421,silence:512.00,signal:-91.00,signalAbs:91.00,signalCumSum:146.87
>a0:548,silence:512.00,signal:36.00,signalAbs:36.00,signalCumSum:135.78
>a0:468,silence:512.00,signal:-44.00,signalAbs:44.00,signalCumSum:126.60
>a0:513,silence:512.00,signal:1.00,signalAbs:1.00,signalCumSum:114.04
>a0:337,silence:512.00,signal:-175.00,signalAbs:175.00,signalCumSum:120.14
>a0:495,silence:512.00,signal:-17.00,signalAbs:17.00,signalCumSum:109.83
>a0:430,silence:512.00,signal:-82.00,signalAbs:82.00,signalCumSum:107.04
>a0:591,silence:512.00,signal:79.00,signalAbs:79.00,signalCumSum:104.24
>a0:290,silence:512.00,signal:-222.00,signalAbs:222.00,signalCumSum:116.01
>a0:420,silence:512.00,signal:-92.00,signalAbs:92.00,signalCumSum:113.61
>a0:661,silence:512.00,signal:149.00,signalAbs:149.00,signalCumSum:117.15
>a0:623,silence:512.00,signal:111.00,signalAbs:111.00,signalCumSum:116.54
>a0:520,silence:512.00,signal:8.00,signalAbs:8.00,signalCumSum:105.68
>a0:367,silence:512.00,signal:-145.00,signalAbs:145.00,signalCumSum:109.61
>a0:558,silence:512.00,signal:46.00,signalAbs:46.00,signalCumSum:103.25
>a0:589,silence:512.00,signal:77.00,signalAbs:77.00,signalCumSum:100.63
>a0:721,silence:512.00,signal:209.00,signalAbs:209.00,signalCumSum:111.47
>a0:419,silence:512.00,signal:-93.00,signalAbs:93.00,signalCumSum:109.62
>a0:278,silence:512.00,signal:-234.00,signalAbs:234.00,signalCumSum:122.06
>a0:696,silence:512.00,signal:184.00,signalAbs:184.00,signalCumSum:128.25
>a0:575,silence:512.00,signal:63.00,signalAbs:63.00,signalCumSum:121.73
>a0:355,silence:512.00,signal:-157.00,signalAbs:157.00,signalCumSum:125.25
>a0:523,silence:512.00,signal:11.00,signalAbs:11.00,signalCumSum:113.83
>a0:455,silence:512.00,signal:-57.00,signalAbs:57.00,signalCumSum:108.15
>a0:581,silence:512.00,signal:69.00,signalAbs:69.00,signalCumSum:104.23
>a0:562,silence:512.00,signal:50.00,signalAbs:50.00,signalCumSum:98.81
>a0:452,silence:512.00,signal:-60.00,signalAbs:60.00,signalCumSum:94.93
>a0:454,silence:512.00,signal:-58.00,signalAbs:58.00,signalCumSum:91.23
>a0:325,silence:512.00,signal:-187.00,signalAbs:187.00,signalCumSum:100.81
>a0:244,silence:512.00,signal:-268.00,signalAbs:268.00,signalCumSum:117.53
>a0:514,silence:512.00,signal:2.00,signalAbs:2.00,signalCumSum:105.98
>a0:647,silence:512.00,signal:135.00,signalAbs:135.00,signalCumSum:108.88
>a0:469,silence:512.00,signal:-43.00,signalAbs:43.00,signalCumSum:102.29
>a0:576,silence:512.00,signal:64.00,signalAbs:64.00,signalCumSum:98.46
>a0:399,silence:512.00,signal:-113.00,signalAbs:113.00,signalCumSum:99.92
>a0:585,silence:512.00,signal:73.00,signalAbs:73.00,signalCumSum:97.22
>a0:637,silence:512.00,signal:125.00,signalAbs:125.00,signalCumSum:100.00
>a0:303,silence:512.00,signal:-209.00,signalAbs:209.00,signalCumSum:110.90
>a0:338,silence:512.00,signal:-174.00,signalAbs:174.00,signalCumSum:117.21
>a0:171,silence:512.00,signal:-341.00,signalAbs:341.00,signalCumSum:139.59
>a0:475,silence:512.00,signal:-37.00,signalAbs:37.00,signalCumSum:129.33
>a0:545,silence:512.00,signal:33.00,signalAbs:33.00,signalCumSum:119.70
>a0:608,silence:512.00,signal:96.00,signalAbs:96.00,signalCumSum:117.33
>a0:194,silence:512.00,signal:-318.00,signalAbs:318.00,signalCumSum:137.40
>a0:265,silence:512.00,signal:-247.00,signalAbs:247.00,signalCumSum:148.36
>a0:726,silence:512.00,signal:214.00,signalAbs:214.00,signalCumSum:154.92
>a0:330,silence:512.00,signal:-182.00,signalAbs:182.00,signalCumSum:157.63
>a0:241,silence:512.00,signal:-271.00,signalAbs:271.00,signalCumSum:168.97
>a0:460,silence:512.00,signal:-52.00,signalAbs:52.00,signalCumSum:157.27
>a0:309,silence:512.00,signal:-203.00,signalAbs:203.00,signalCumSum:161.84
>a0:429,silence:512.00,signal:-83.00,signalAbs:83.00,signalCumSum:153.96
>a0:281,silence:512.00,signal:-231.00,signalAbs:231.00,signalCumSum:161.66
>a0:434,silence:512.00,signal:-78.00,signalAbs:78.00,signalCumSum:153.30
>a0:625,silence:512.00,signal:113.00,signalAbs:113.00,signalCumSum:149.27
>a0:306,silence:512.00,signal:-206.00,signalAbs:206.00,signalCumSum:154.94
>a0:417,silence:512.00,signal:-95.00,signalAbs:95.00,signalCumSum:148.95
>a0:488,silence:512.00,signal:-24.00,signalAbs:24.00,signalCumSum:136.45
>a0:334,silence:512.00,signal:-178.00,signalAbs:178.00,signalCumSum:140.61
>a0:356,silence:512.00,signal:-156.00,signalAbs:156.00,signalCumSum:142.15
>a0:391,silence:512.00,signal:-121.00,signalAbs:121.00,signalCumSum:140.03
>a0:497,silence:512.00,signal:-15.00,signalAbs:15.00,signalCumSum:127.53
>a0:580,silence:512.00,signal:68.00,signalAbs:68.00,signalCumSum:121.57
>a0:362,silence:512.00,signal:-150.00,signalAbs:150.00,signalCumSum:124.42
>a0:400,silence:512.00,signal:-112.00,signalAbs:112.00,signalCumSum:123.18
>a0:503,silence:512.00,signal:-9.00,signalAbs:9.00,signalCumSum:111.76
>a0:292,silence:512.00,signal:-220.00,signalAbs:220.00,signalCumSum:122.58
>a0:426,silence:512.00,signal:-86.00,signalAbs:86.00,signalCumSum:118.92
>a0:503,silence:512.00,signal:-9.00,signalAbs:9.00,signalCumSum:107.93
>a0:463,silence:512.00,signal:-49.00,signalAbs:49.00,signalCumSum:102.04
>a0:424,silence:512.00,signal:-88.00,signalAbs:88.00,signalCumSum:100.63
>a0:393,silence:512.00,signal:-119.00,signalAbs:119.00,signalCumSum:102.47
>a0:451,silence:512.00,signal:-61.00,signalAbs:61.00,signalCumSum:98.32
>a0:418,silence:512.00,signal:-94.00,signalAbs:94.00,signalCumSum:97.89
>a0:445,silence:512.00,signal:-67.00,signalAbs:67.00,signalCumSum:94.80
>a0:400,silence:512.00,signal:-112.00,signalAbs:112.00,signalCumSum:96.52
>a0:498,silence:512.00,signal:-14.00,signalAbs:14.00,signalCumSum:88.27
>a0:431,silence:512.00,signal:-81.00,signalAbs:81.00,signalCumSum:87.54
>a0:386,silence:512.00,signal:-126.00,signalAbs:126.00,signalCumSum:91.39
>a0:402,silence:512.00,signal:-110.00,signalAbs:110.00,signalCumSum:93.25
>a0:431,silence:512.00,signal:-81.00,signalAbs:81.00,signalCumSum:92.02
>a0:466,silence:512.00,signal:-46.00,signalAbs:46.00,signalCumSum:87.42
>a0:365,silence:512.00,signal:-147.00,signalAbs:147.00,signalCumSum:93.38
>a0:412,silence:512.00,signal:-100.00,signalAbs:100.00,signalCumSum:94.04
>a0:386,silence:512.00,signal:-126.00,signalAbs:126.00,signalCumSum:97.24
>a0:448,silence:512.00,signal:-64.00,signalAbs:64.00,signalCumSum:93.91
>a0:454,silence:512.00,signal:-58.00,signalAbs:58.00,signalCumSum:90.32
>a0:446,silence:512.00,signal:-66.00,signalAbs:66.00,signalCumSum:87.89
>a0:406,silence:512.00,signal:-106.00,signalAbs:106.00,signalCumSum:89.70
>a0:435,silence:512.00,signal:-77.00,signalAbs:77.00,signalCumSum:88.43
>a0:446,silence:512.00,signal:-66.00,signalAbs:66.00,signalCumSum:86.19
>a0:426,silence:512.00,signal:-86.00,signalAbs:86.00,signalCumSum:86.17
>a0:438,silence:512.00,signal:-74.00,signalAbs:74.00,signalCumSum:84.95
>a0:451,silence:512.00,signal:-61.00,signalAbs:61.00,signalCumSum:82.56
>a0:452,silence:512.00,signal:-60.00,signalAbs:60.00,signalCumSum:80.30
>a0:450,silence:512.00,signal:-62.00,signalAbs:62.00,signalCumSum:78.47
>a0:495,silence:512.00,signal:-17.00,signalAbs:17.00,signalCumSum:72.32
>a0:444,silence:512.00,signal:-68.00,signalAbs:68.00,signalCumSum:71.89
>a0:437,silence:512.00,signal:-75.00,signalAbs:75.00,signalCumSum:72.20
>a0:421,silence:512.00,signal:-91.00,signalAbs:91.00,signalCumSum:74.08
>a0:420,silence:512.00,signal:-92.00,signalAbs:92.00,signalCumSum:75.87
>a0:447,silence:512.00,signal:-65.00,signalAbs:65.00,signalCumSum:74.79
>a0:457,silence:512.00,signal:-55.00,signalAbs:55.00,signalCumSum:72.81
>a0:469,silence:512.00,signal:-43.00,signalAbs:43.00,signalCumSum:69.83
>a0:443,silence:512.00,signal:-69.00,signalAbs:69.00,signalCumSum:69.74
>a0:444,silence:512.00,signal:-68.00,signalAbs:68.00,signalCumSum:69.57
>a0:435,silence:512.00,signal:-77.00,signalAbs:77.00,signalCumSum:70.31
>a0:430,silence:512.00,signal:-82.00,signalAbs:82.00,signalCumSum:71.48
>a0:387,silence:512.00,signal:-125.00,signalAbs:125.00,signalCumSum:76.83
>a0:436,silence:512.00,signal:-76.00,signalAbs:76.00,signalCumSum:76.75
>a0:477,silence:512.00,signal:-35.00,signalAbs:35.00,signalCumSum:72.58
>a0:415,silence:512.00,signal:-97.00,signalAbs:97.00,signalCumSum:75.02
>a0:458,silence:512.00,signal:-54.00,signalAbs:54.00,signalCumSum:72.92
>a0:430,silence:512.00,signal:-82.00,signalAbs:82.00,signalCumSum:73.82
>a0:434,silence:512.00,signal:-78.00,signalAbs:78.00,signalCumSum:74.24
>a0:399,silence:512.00,signal:-113.00,signalAbs:113.00,signalCumSum:78.12
>a0:447,silence:512.00,signal:-65.00,signalAbs:65.00,signalCumSum:76.81
>a0:456,silence:512.00,signal:-56.00,signalAbs:56.00,signalCumSum:74.73
>a0:403,silence:512.00,signal:-109.00,signalAbs:109.00,signalCumSum:78.15
>a0:398,silence:512.00,signal:-114.00,signalAbs:114.00,signalCumSum:81.74
>a0:445,silence:512.00,signal:-67.00,signalAbs:67.00,signalCumSum:80.26
>a0:436,silence:512.00,signal:-76.00,signalAbs:76.00,signalCumSum:79.84
>a0:465,silence:512.00,signal:-47.00,signalAbs:47.00,signalCumSum:76.55
>a0:403,silence:512.00,signal:-109.00,signalAbs:109.00,signalCumSum:79.80
>a0:408,silence:512.00,signal:-104.00,signalAbs:104.00,signalCumSum:82.22
>a0:447,silence:512.00,signal:-65.00,signalAbs:65.00,signalCumSum:80.50
>a0:404,silence:512.00,signal:-108.00,signalAbs:108.00,signalCumSum:83.25
>a0:419,silence:512.00,signal:-93.00,signalAbs:93.00,signalCumSum:84.22
>a0:450,silence:512.00,signal:-62.00,signalAbs:62.00,signalCumSum:82.00
>a0:431,silence:512.00,signal:-81.00,signalAbs:81.00,signalCumSum:81.90
>a0:422,silence:512.00,signal:-90.00,signalAbs:90.00,signalCumSum:82.71
>a0:483,silence:512.00,signal:-29.00,signalAbs:29.00,signalCumSum:77.34
>a0:465,silence:512.00,signal:-47.00,signalAbs:47.00,signalCumSum:74.31
>a0:449,silence:512.00,signal:-63.00,signalAbs:63.00,signalCumSum:73.17
>a0:415,silence:512.00,signal:-97.00,signalAbs:97.00,signalCumSum:75.56
>a0:445,silence:512.00,signal:-67.00,signalAbs:67.00,signalCumSum:74.70
>a0:449,silence:512.00,signal:-63.00,signalAbs:63.00,signalCumSum:73.53
>a0:421,silence:512.00,signal:-91.00,signalAbs:91.00,signalCumSum:75.28
>a0:429,silence:512.00,signal:-83.00,signalAbs:83.00,signalCumSum:76.05
>a0:503,silence:512.00,signal:-9.00,signalAbs:9.00,signalCumSum:69.35
>a0:408,silence:512.00,signal:-104.00,signalAbs:104.00,signalCumSum:72.81
>a0:454,silence:512.00,signal:-58.00,signalAbs:58.00,signalCumSum:71.33
>a0:453,silence:512.00,signal:-59.00,signalAbs:59.00,signalCumSum:70.10
>a0:461,silence:512.00,signal:-51.00,signalAbs:51.00,signalCumSum:68.19
>a0:468,silence:512.00,signal:-44.00,signalAbs:44.00,signalCumSum:65.77
>a0:440,silence:512.00,signal:-72.00,signalAbs:72.00,signalCumSum:66.39
>a0:462,silence:512.00,signal:-50.00,signalAbs:50.00,signalCumSum:64.75
>a0:452,silence:512.00,signal:-60.00,signalAbs:60.00,signalCumSum:64.28
>a0:434,silence:512.00,signal:-78.00,signalAbs:78.00,signalCumSum:65.65
>a0:443,silence:512.00,signal:-69.00,signalAbs:69.00,signalCumSum:65.98
>a0:458,silence:512.00,signal:-54.00,signalAbs:54.00,signalCumSum:64.79
>a0:438,silence:512.00,signal:-74.00,signalAbs:74.00,signalCumSum:65.71
>a0:408,silence:512.00,signal:-104.00,signalAbs:104.00,signalCumSum:69.54
>a0:434,silence:512.00,signal:-78.00,signalAbs:78.00,signalCumSum:70.38
>a0:436,silence:512.00,signal:-76.00,signalAbs:76.00,signalCumSum:70.94
>a0:453,silence:512.00,signal:-59.00,signalAbs:59.00,signalCumSum:69.75
>a0:466,silence:512.00,signal:-46.00,signalAbs:46.00,signalCumSum:67.38
>a0:427,silence:512.00,signal:-85.00,signalAbs:85.00,signalCumSum:69.14
>a0:419,silence:512.00,signal:-93.00,signalAbs:93.00,signalCumSum:71.52
>a0:449,silence:512.00,signal:-63.00,signalAbs:63.00,signalCumSum:70.67
>a0:428,silence:512.00,signal:-84.00,signalAbs:84.00,signalCumSum:72.00
>a0:463,silence:512.00,signal:-49.00,signalAbs:49.00,signalCumSum:69.70
>a0:456,silence:512.00,signal:-56.00,signalAbs:56.00,signalCumSum:68.33
>a0:455,silence:512.00,signal:-57.00,signalAbs:57.00,signalCumSum:67.20
>a0:416,silence:512.00,signal:-96.00,signalAbs:96.00,signalCumSum:70.08
>a0:438,silence:512.00,signal:-74.00,signalAbs:74.00,signalCumSum:70.47
>a0:483,silence:512.00,signal:-29.00,signalAbs:29.00,signalCumSum:66.32
>a0:448,silence:512.00,signal:-64.00,signalAbs:64.00,signalCumSum:66.09
>a0:406,silence:512.00,signal:-106.00,signalAbs:106.00,signalCumSum:70.08
>a0:449,silence:512.00,signal:-63.00,signalAbs:63.00,signalCumSum:69.37
>a0:453,silence:512.00,signal:-59.00,signalAbs:59.00,signalCumSum:68.34
>a0:450,silence:512.00,signal:-62.00,signalAbs:62.00,signalCumSum:67.70
>a0:433,silence:512.00,signal:-79.00,signalAbs:79.00,signalCumSum:68.83
>a0:454,silence:512.00,signal:-58.00,signalAbs:58.00,signalCumSum:67.75
>a0:475,silence:512.00,signal:-37.00,signalAbs:37.00,signalCumSum:64.67
>a0:437,silence:512.00,signal:-75.00,signalAbs:75.00,signalCumSum:65.71
>a0:428,silence:512.00,signal:-84.00,signalAbs:84.00,signalCumSum:67.54
>a0:421,silence:512.00,signal:-91.00,signalAbs:91.00,signalCumSum:69.88
>a0:432,silence:512.00,signal:-80.00,signalAbs:80.00,signalCumSum:70.89
>a0:447,silence:512.00,signal:-65.00,signalAbs:65.00,signalCumSum:70.31
>a0:473,silence:512.00,signal:-39.00,signalAbs:39.00,signalCumSum:67.17
>a0:406,silence:512.00,signal:-106.00,signalAbs:106.00,signalCumSum:71.06
>a0:418,silence:512.00,signal:-94.00,signalAbs:94.00,signalCumSum:73.35
>a0:404,silence:512.00,signal:-108.00,signalAbs:108.00,signalCumSum:76.82
>a0:437,silence:512.00,signal:-75.00,signalAbs:75.00,signalCumSum:76.63
>a0:420,silence:512.00,signal:-92.00,signalAbs:92.00,signalCumSum:78.17
>a0:429,silence:512.00,signal:-83.00,signalAbs:83.00,signalCumSum:78.65
>a0:489,silence:512.00,signal:-23.00,signalAbs:23.00,signalCumSum:73.09
>a0:426,silence:512.00,signal:-86.00,signalAbs:86.00,signalCumSum:74.38
>a0:474,silence:512.00,signal:-38.00,signalAbs:38.00,signalCumSum:70.74
>a0:441,silence:512.00,signal:-71.00,signalAbs:71.00,signalCumSum:70.77
>a0:458,silence:512.00,signal:-54.00,signalAbs:54.00,signalCumSum:69.09
>a0:447,silence:512.00,signal:-65.00,signalAbs:65.00,signalCumSum:68.68
>a0:446,silence:512.00,signal:-66.00,signalAbs:66.00,signalCumSum:68.41
>a0:422,silence:512.00,signal:-90.00,signalAbs:90.00,signalCumSum:70.57
>a0:452,silence:512.00,signal:-60.00,signalAbs:60.00,signalCumSum:69.52
>a0:449,silence:512.00,signal:-63.00,signalAbs:63.00,signalCumSum:68.86
>a0:467,silence:512.00,signal:-45.00,signalAbs:45.00,signalCumSum:66.48
>a0:441,silence:512.00,signal:-71.00,signalAbs:71.00,signalCumSum:66.93
>a0:407,silence:512.00,signal:-105.00,signalAbs:105.00,signalCumSum:70.74
>a0:420,silence:512.00,signal:-92.00,signalAbs:92.00,signalCumSum:72.86
>a0:389,silence:512.00,signal:-123.00,signalAbs:123.00,signalCumSum:77.88
>a0:403,silence:512.00,signal:-109.00,signalAbs:109.00,signalCumSum:80.99
>a0:438,silence:512.00,signal:-74.00,signalAbs:74.00,signalCumSum:80.29
>a0:458,silence:512.00,signal:-54.00,signalAbs:54.00,signalCumSum:77.66
>a0:434,silence:512.00,signal:-78.00,signalAbs:78.00,signalCumSum:77.69
>a0:438,silence:512.00,signal:-74.00,signalAbs:74.00,signalCumSum:77.33
>a0:446,silence:512.00,signal:-66.00,signalAbs:66.00,signalCumSum:76.19
>a0:422,silence:512.00,signal:-90.00,signalAbs:90.00,signalCumSum:77.57
>a0:407,silence:512.00,signal:-105.00,signalAbs:105.00,signalCumSum:80.32
>a0:436,silence:512.00,signal:-76.00,signalAbs:76.00,signalCumSum:79.88
>a0:424,silence:512.00,signal:-88.00,signalAbs:88.00,signalCumSum:80.70
>a0:413,silence:512.00,signal:-99.00,signalAbs:99.00,signalCumSum:82.53
>a0:429,silence:512.00,signal:-83.00,signalAbs:83.00,signalCumSum:82.57
>a0:424,silence:512.00,signal:-88.00,signalAbs:88.00,signalCumSum:83.12
>a0:432,silence:512.00,signal:-80.00,signalAbs:80.00,signalCumSum:82.80
>a0:442,silence:512.00,signal:-70.00,signalAbs:70.00,signalCumSum:81.52
>a0:460,silence:512.00,signal:-52.00,signalAbs:52.00,signalCumSum:78.57
>a0:441,silence:512.00,signal:-71.00,signalAbs:71.00,signalCumSum:77.81
>a0:444,silence:512.00,signal:-68.00,signalAbs:68.00,signalCumSum:76.83
>a0:432,silence:512.00,signal:-80.00,signalAbs:80.00,signalCumSum:77.15
>a0:465,silence:512.00,signal:-47.00,signalAbs:47.00,signalCumSum:74.13
>a0:443,silence:512.00,signal:-69.00,signalAbs:69.00,signalCumSum:73.62
>a0:283,silence:512.00,signal:-229.00,signalAbs:229.00,signalCumSum:89.16
>a0:443,silence:512.00,signal:-69.00,signalAbs:69.00,signalCumSum:87.14
>a0:401,silence:512.00,signal:-111.00,signalAbs:111.00,signalCumSum:89.53
>a0:426,silence:512.00,signal:-86.00,signalAbs:86.00,signalCumSum:89.18
>a0:455,silence:512.00,signal:-57.00,signalAbs:57.00,signalCumSum:85.96
>a0:331,silence:512.00,signal:-181.00,signalAbs:181.00,signalCumSum:95.46
>a0:477,silence:512.00,signal:-35.00,signalAbs:35.00,signalCumSum:89.42
>a0:399,silence:512.00,signal:-113.00,signalAbs:113.00,signalCumSum:91.77
>a0:442,silence:512.00,signal:-70.00,signalAbs:70.00,signalCumSum:89.60
>a0:296,silence:512.00,signal:-216.00,signalAbs:216.00,signalCumSum:102.24
>a0:362,silence:512.00,signal:-150.00,signalAbs:150.00,signalCumSum:107.01
>a0:320,silence:512.00,signal:-192.00,signalAbs:192.00,signalCumSum:115.51
>a0:485,silence:512.00,signal:-27.00,signalAbs:27.00,signalCumSum:106.66
>a0:431,silence:512.00,signal:-81.00,signalAbs:81.00,signalCumSum:104.10
>a0:433,silence:512.00,signal:-79.00,signalAbs:79.00,signalCumSum:101.59
>a0:447,silence:512.00,signal:-65.00,signalAbs:65.00,signalCumSum:97.93
>a0:417,silence:512.00,signal:-95.00,signalAbs:95.00,signalCumSum:97.63
>a0:415,silence:512.00,signal:-97.00,signalAbs:97.00,signalCumSum:97.57
>a0:417,silence:512.00,signal:-95.00,signalAbs:95.00,signalCumSum:97.31
>a0:428,silence:512.00,signal:-84.00,signalAbs:84.00,signalCumSum:95.98
>a0:390,silence:512.00,signal:-122.00,signalAbs:122.00,signalCumSum:98.58
>a0:441,silence:512.00,signal:-71.00,signalAbs:71.00,signalCumSum:95.83
>a0:384,silence:512.00,signal:-128.00,signalAbs:128.00,signalCumSum:99.04
>a0:396,silence:512.00,signal:-116.00,signalAbs:116.00,signalCumSum:100.74
>a0:395,silence:512.00,signal:-117.00,signalAbs:117.00,signalCumSum:102.36
>a0:396,silence:512.00,signal:-116.00,signalAbs:116.00,signalCumSum:103.73
>a0:325,silence:512.00,signal:-187.00,signalAbs:187.00,signalCumSum:112.06
>a0:379,silence:512.00,signal:-133.00,signalAbs:133.00,signalCumSum:114.15
>a0:437,silence:512.00,signal:-75.00,signalAbs:75.00,signalCumSum:110.24
>a0:495,silence:512.00,signal:-17.00,signalAbs:17.00,signalCumSum:100.91
>a0:590,silence:512.00,signal:78.00,signalAbs:78.00,signalCumSum:98.62
>a0:483,silence:512.00,signal:-29.00,signalAbs:29.00,signalCumSum:91.66
>a0:506,silence:512.00,signal:-6.00,signalAbs:6.00,signalCumSum:83.09
>a0:446,silence:512.00,signal:-66.00,signalAbs:66.00,signalCumSum:81.38
>a0:474,silence:512.00,signal:-38.00,signalAbs:38.00,signalCumSum:77.04
>a0:451,silence:512.00,signal:-61.00,signalAbs:61.00,signalCumSum:75.44
>a0:482,silence:512.00,signal:-30.00,signalAbs:30.00,signalCumSum:70.90
>a0:443,silence:512.00,signal:-69.00,signalAbs:69.00,signalCumSum:70.71
>a0:540,silence:512.00,signal:28.00,signalAbs:28.00,signalCumSum:66.44
>a0:452,silence:512.00,signal:-60.00,signalAbs:60.00,signalCumSum:65.79
>a0:477,silence:512.00,signal:-35.00,signalAbs:35.00,signalCumSum:62.71
>a0:407,silence:512.00,signal:-105.00,signalAbs:105.00,signalCumSum:66.94
>a0:606,silence:512.00,signal:94.00,signalAbs:94.00,signalCumSum:69.65
>a0:523,silence:512.00,signal:11.00,signalAbs:11.00,signalCumSum:63.78
>a0:388,silence:512.00,signal:-124.00,signalAbs:124.00,signalCumSum:69.80
>a0:439,silence:512.00,signal:-73.00,signalAbs:73.00,signalCumSum:70.12
>a0:433,silence:512.00,signal:-79.00,signalAbs:79.00,signalCumSum:71.01
>a0:385,silence:512.00,signal:-127.00,signalAbs:127.00,signalCumSum:76.61
>a0:346,silence:512.00,signal:-166.00,signalAbs:166.00,signalCumSum:85.55
>a0:445,silence:512.00,signal:-67.00,signalAbs:67.00,signalCumSum:83.69
>a0:545,silence:512.00,signal:33.00,signalAbs:33.00,signalCumSum:78.63
>a0:453,silence:512.00,signal:-59.00,signalAbs:59.00,signalCumSum:76.66
>a0:532,silence:512.00,signal:20.00,signalAbs:20.00,signalCumSum:71.00
>a0:332,silence:512.00,signal:-180.00,signalAbs:180.00,signalCumSum:81.90
>a0:458,silence:512.00,signal:-54.00,signalAbs:54.00,signalCumSum:79.11
>a0:364,silence:512.00,signal:-148.00,signalAbs:148.00,signalCumSum:86.00
>a0:444,silence:512.00,signal:-68.00,signalAbs:68.00,signalCumSum:84.20
>a0:503,silence:512.00,signal:-9.00,signalAbs:9.00,signalCumSum:76.68
>a0:442,silence:512.00,signal:-70.00,signalAbs:70.00,signalCumSum:76.01
>a0:419,silence:512.00,signal:-93.00,signalAbs:93.00,signalCumSum:77.71
>a0:398,silence:512.00,signal:-114.00,signalAbs:114.00,signalCumSum:81.34
>a0:477,silence:512.00,signal:-35.00,signalAbs:35.00,signalCumSum:76.70
>a0:425,silence:512.00,signal:-87.00,signalAbs:87.00,signalCumSum:77.73
>a0:434,silence:512.00,signal:-78.00,signalAbs:78.00,signalCumSum:77.76
>a0:437,silence:512.00,signal:-75.00,signalAbs:75.00,signalCumSum:77.48
>a0:477,silence:512.00,signal:-35.00,signalAbs:35.00,signalCumSum:73.24
>a0:508,silence:512.00,signal:-4.00,signalAbs:4.00,signalCumSum:66.31
>a0:414,silence:512.00,signal:-98.00,signalAbs:98.00,signalCumSum:69.48
>a0:527,silence:512.00,signal:15.00,signalAbs:15.00,signalCumSum:64.03
>a0:409,silence:512.00,signal:-103.00,signalAbs:103.00,signalCumSum:67.93
>a0:499,silence:512.00,signal:-13.00,signalAbs:13.00,signalCumSum:62.44
>a0:431,silence:512.00,signal:-81.00,signalAbs:81.00,signalCumSum:64.29
>a0:474,silence:512.00,signal:-38.00,signalAbs:38.00,signalCumSum:61.66
>a0:418,silence:512.00,signal:-94.00,signalAbs:94.00,signalCumSum:64.90
>a0:443,silence:512.00,signal:-69.00,signalAbs:69.00,signalCumSum:65.31
>a0:427,silence:512.00,signal:-85.00,signalAbs:85.00,signalCumSum:67.28
>a0:468,silence:512.00,signal:-44.00,signalAbs:44.00,signalCumSum:64.95
>a0:445,silence:512.00,signal:-67.00,signalAbs:67.00,signalCumSum:65.15
>a0:465,silence:512.00,signal:-47.00,signalAbs:47.00,signalCumSum:63.34
>a0:454,silence:512.00,signal:-58.00,signalAbs:58.00,signalCumSum:62.80
>a0:463,silence:512.00,signal:-49.00,signalAbs:49.00,signalCumSum:61.42
>a0:436,silence:512.00,signal:-76.00,signalAbs:76.00,signalCumSum:62.88
>a0:436,silence:512.00,signal:-76.00,signalAbs:76.00,signalCumSum:64.19
>a0:424,silence:512.00,signal:-88.00,signalAbs:88.00,signalCumSum:66.57
>a0:497,silence:512.00,signal:-15.00,signalAbs:15.00,signalCumSum:61.42
>a0:401,silence:512.00,signal:-111.00,signalAbs:111.00,signalCumSum:66.38
>a0:417,silence:512.00,signal:-95.00,signalAbs:95.00,signalCumSum:69.24
>a0:434,silence:512.00,signal:-78.00,signalAbs:78.00,signalCumSum:70.11
>a0:449,silence:512.00,signal:-63.00,signalAbs:63.00,signalCumSum:69.40
>a0:471,silence:512.00,signal:-41.00,signalAbs:41.00,signalCumSum:66.56
>a0:363,silence:512.00,signal:-149.00,signalAbs:149.00,signalCumSum:74.81
>a0:459,silence:512.00,signal:-53.00,signalAbs:53.00,signalCumSum:72.63
>a0:455,silence:512.00,signal:-57.00,signalAbs:57.00,signalCumSum:71.06
>a0:397,silence:512.00,signal:-115.00,signalAbs:115.00,signalCumSum:75.46
>a0:421,silence:512.00,signal:-91.00,signalAbs:91.00,signalCumSum:77.01
>a0:506,silence:512.00,signal:-6.00,signalAbs:6.00,signalCumSum:69.91
>a0:433,silence:512.00,signal:-79.00,signalAbs:79.00,signalCumSum:70.82
>a0:487,silence:512.00,signal:-25.00,signalAbs:25.00,signalCumSum:66.24
>a0:435,silence:512.00,signal:-77.00,signalAbs:77.00,signalCumSum:67.31
>a0:430,silence:512.00,signal:-82.00,signalAbs:82.00,signalCumSum:68.78
>a0:464,silence:512.00,signal:-48.00,signalAbs:48.00,signalCumSum:66.70
>a0:457,silence:512.00,signal:-55.00,signalAbs:55.00,signalCumSum:65.53
>a0:364,silence:512.00,signal:-148.00,signalAbs:148.00,signalCumSum:73.78
>a0:421,silence:512.00,signal:-91.00,signalAbs:91.00,signalCumSum:75.50
>a0:356,silence:512.00,signal:-156.00,signalAbs:156.00,signalCumSum:83.55
>a0:534,silence:512.00,signal:22.00,signalAbs:22.00,signalCumSum:77.40
>a0:443,silence:512.00,signal:-69.00,signalAbs:69.00,signalCumSum:76.56
>a0:459,silence:512.00,signal:-53.00,signalAbs:53.00,signalCumSum:74.20
>a0:454,silence:512.00,signal:-58.00,signalAbs:58.00,signalCumSum:72.58
>a0:385,silence:512.00,signal:-127.00,signalAbs:127.00,signalCumSum:78.02
>a0:367,silence:512.00,signal:-145.00,signalAbs:145.00,signalCumSum:84.72
>a0:418,silence:512.00,signal:-94.00,signalAbs:94.00,signalCumSum:85.65
>a0:529,silence:512.00,signal:17.00,signalAbs:17.00,signalCumSum:78.78
>a0:410,silence:512.00,signal:-102.00,signalAbs:102.00,signalCumSum:81.11
>a0:362,silence:512.00,signal:-150.00,signalAbs:150.00,signalCumSum:87.99
>a0:533,silence:512.00,signal:21.00,signalAbs:21.00,signalCumSum:81.30
>a0:416,silence:512.00,signal:-96.00,signalAbs:96.00,signalCumSum:82.77
>a0:454,silence:512.00,signal:-58.00,signalAbs:58.00,signalCumSum:80.29
>a0:413,silence:512.00,signal:-99.00,signalAbs:99.00,signalCumSum:82.16
>a0:458,silence:512.00,signal:-54.00,signalAbs:54.00,signalCumSum:79.34
>a0:444,silence:512.00,signal:-68.00,signalAbs:68.00,signalCumSum:78.21
>a0:453,silence:512.00,signal:-59.00,signalAbs:59.00,signalCumSum:76.29
>a0:435,silence:512.00,signal:-77.00,signalAbs:77.00,signalCumSum:76.36
>a0:452,silence:512.00,signal:-60.00,signalAbs:60.00,signalCumSum:74.72
>a0:436,silence:512.00,signal:-76.00,signalAbs:76.00,signalCumSum:74.85
>a0:385,silence:512.00,signal:-127.00,signalAbs:127.00,signalCumSum:80.07
>a0:375,silence:512.00,signal:-137.00,signalAbs:137.00,signalCumSum:85.76
>a0:527,silence:512.00,signal:15.00,signalAbs:15.00,signalCumSum:78.68
>a0:542,silence:512.00,signal:30.00,signalAbs:30.00,signalCumSum:73.82
>a0:393,silence:512.00,signal:-119.00,signalAbs:119.00,signalCumSum:78.33
>a0:450,silence:512.00,signal:-62.00,signalAbs:62.00,signalCumSum:76.70
>a0:421,silence:512.00,signal:-91.00,signalAbs:91.00,signalCumSum:78.13
>a0:437,silence:512.00,signal:-75.00,signalAbs:75.00,signalCumSum:77.82
>a0:472,silence:512.00,signal:-40.00,signalAbs:40.00,signalCumSum:74.04
>a0:471,silence:512.00,signal:-41.00,signalAbs:41.00,signalCumSum:70.73
>a0:405,silence:512.00,signal:-107.00,signalAbs:107.00,signalCumSum:74.36
>a0:519,silence:512.00,signal:7.00,signalAbs:7.00,signalCumSum:67.62
>a0:430,silence:512.00,signal:-82.00,signalAbs:82.00,signalCumSum:69.06
>a0:421,silence:512.00,signal:-91.00,signalAbs:91.00,signalCumSum:71.25
>a0:453,silence:512.00,signal:-59.00,signalAbs:59.00,signalCumSum:70.03
>a0:459,silence:512.00,signal:-53.00,signalAbs:53.00,signalCumSum:68.33
>a0:506,silence:512.00,signal:-6.00,signalAbs:6.00,signalCumSum:62.09
>a0:422,silence:512.00,signal:-90.00,signalAbs:90.00,signalCumSum:64.88
>a0:463,silence:512.00,signal:-49.00,signalAbs:49.00,signalCumSum:63.30
>a0:554,silence:512.00,signal:42.00,signalAbs:42.00,signalCumSum:61.17
>a0:442,silence:512.00,signal:-70.00,signalAbs:70.00,signalCumSum:62.05
>a0:367,silence:512.00,signal:-145.00,signalAbs:145.00,signalCumSum:70.34
>a0:369,silence:512.00,signal:-143.00,signalAbs:143.00,signalCumSum:77.61
>a0:407,silence:512.00,signal:-105.00,signalAbs:105.00,signalCumSum:80.35
>a0:444,silence:512.00,signal:-68.00,signalAbs:68.00,signalCumSum:79.11
>a0:405,silence:512.00,signal:-107.00,signalAbs:107.00,signalCumSum:81.90
>a0:483,silence:512.00,signal:-29.00,signalAbs:29.00,signalCumSum:76.61
>a0:451,silence:512.00,signal:-61.00,signalAbs:61.00,signalCumSum:75.05
>a0:446,silence:512.00,signal:-66.00,signalAbs:66.00,signalCumSum:74.15
>a0:388,silence:512.00,signal:-124.00,signalAbs:124.00,signalCumSum:79.13
>a0:489,silence:512.00,signal:-23.00,signalAbs:23.00,signalCumSum:73.52
>a0:424,silence:512.00,signal:-88.00,signalAbs:88.00,signalCumSum:74.97
>a0:444,silence:512.00,signal:-68.00,signalAbs:68.00,signalCumSum:74.27
>a0:356,silence:512.00,signal:-156.00,signalAbs:156.00,signalCumSum:82.44
>a0:360,silence:512.00,signal:-152.00,signalAbs:152.00,signalCumSum:89.40
>a0:420,silence:512.00,signal:-92.00,signalAbs:92.00,signalCumSum:89.66
>a0:415,silence:512.00,signal:-97.00,signalAbs:97.00,signalCumSum:90.39
>a0:485,silence:512.00,signal:-27.00,signalAbs:27.00,signalCumSum:84.05
>a0:385,silence:512.00,signal:-127.00,signalAbs:127.00,signalCumSum:88.35
>a0:305,silence:512.00,signal:-207.00,signalAbs:207.00,signalCumSum:100.21
>a0:445,silence:512.00,signal:-67.00,signalAbs:67.00,signalCumSum:96.89
>a0:453,silence:512.00,signal:-59.00,signalAbs:59.00,signalCumSum:93.10
>a0:195,silence:512.00,signal:-317.00,signalAbs:317.00,signalCumSum:115.49
>a0:343,silence:512.00,signal:-169.00,signalAbs:169.00,signalCumSum:120.84
>a0:271,silence:512.00,signal:-241.00,signalAbs:241.00,signalCumSum:132.86
>a0:440,silence:512.00,signal:-72.00,signalAbs:72.00,signalCumSum:126.77
>a0:304,silence:512.00,signal:-208.00,signalAbs:208.00,signalCumSum:134.90
>a0:386,silence:512.00,signal:-126.00,signalAbs:126.00,signalCumSum:134.01
>a0:431,silence:512.00,signal:-81.00,signalAbs:81.00,signalCumSum:128.71
>a0:446,silence:512.00,signal:-66.00,signalAbs:66.00,signalCumSum:122.44
>a0:346,silence:512.00,signal:-166.00,signalAbs:166.00,signalCumSum:126.79
>a0:312,silence:512.00,signal:-200.00,signalAbs:200.00,signalCumSum:134.11
>a0:418,silence:512.00,signal:-94.00,signalAbs:94.00,signalCumSum:130.10
>a0:461,silence:512.00,signal:-51.00,signalAbs:51.00,signalCumSum:122.19
>a0:581,silence:512.00,signal:69.00,signalAbs:69.00,signalCumSum:116.87
>a0:429,silence:512.00,signal:-83.00,signalAbs:83.00,signalCumSum:113.48
>a0:595,silence:512.00,signal:83.00,signalAbs:83.00,signalCumSum:110.44
>a0:488,silence:512.00,signal:-24.00,signalAbs:24.00,signalCumSum:101.79
>a0:590,silence:512.00,signal:78.00,signalAbs:78.00,signalCumSum:99.41
>a0:415,silence:512.00,signal:-97.00,signalAbs:97.00,signalCumSum:99.17
>a0:531,silence:512.00,signal:19.00,signalAbs:19.00,signalCumSum:91.15
>a0:504,silence:512.00,signal:-8.00,signalAbs:8.00,signalCumSum:82.84
>a0:469,silence:512.00,signal:-43.00,signalAbs:43.00,signalCumSum:78.86
>a0:600,silence:512.00,signal:88.00,signalAbs:88.00,signalCumSum:79.77
>a0:550,silence:512.00,signal:38.00,signalAbs:38.00,signalCumSum:75.59
>a0:634,silence:512.00,signal:122.00,signalAbs:122.00,signalCumSum:80.23
>a0:441,silence:512.00,signal:-71.00,signalAbs:71.00,signalCumSum:79.31
>a0:502,silence:512.00,signal:-10.00,signalAbs:10.00,signalCumSum:72.38
>a0:559,silence:512.00,signal:47.00,signalAbs:47.00,signalCumSum:69.84
>a0:435,silence:512.00,signal:-77.00,signalAbs:77.00,signalCumSum:70.56
>a0:441,silence:512.00,signal:-71.00,signalAbs:71.00,signalCumSum:70.60
>a0:414,silence:512.00,signal:-98.00,signalAbs:98.00,signalCumSum:73.34
>a0:470,silence:512.00,signal:-42.00,signalAbs:42.00,signalCumSum:70.21
>a0:380,silence:512.00,signal:-132.00,signalAbs:132.00,signalCumSum:76.39
>a0:387,silence:512.00,signal:-125.00,signalAbs:125.00,signalCumSum:81.25
>a0:567,silence:512.00,signal:55.00,signalAbs:55.00,signalCumSum:78.62
>a0:373,silence:512.00,signal:-139.00,signalAbs:139.00,signalCumSum:84.66
>a0:376,silence:512.00,signal:-136.00,signalAbs:136.00,signalCumSum:89.79
>a0:499,silence:512.00,signal:-13.00,signalAbs:13.00,signalCumSum:82.12
>a0:412,silence:512.00,signal:-100.00,signalAbs:100.00,signalCumSum:83.90
>a0:505,silence:512.00,signal:-7.00,signalAbs:7.00,signalCumSum:76.21
>a0:577,silence:512.00,signal:65.00,signalAbs:65.00,signalCumSum:75.09
>a0:482,silence:512.00,signal:-30.00,signalAbs:30.00,signalCumSum:70.58
>a0:546,silence:512.00,signal:34.00,signalAbs:34.00,signalCumSum:66.92
>a0:469,silence:512.00,signal:-43.00,signalAbs:43.00,signalCumSum:64.53
>a0:457,silence:512.00,signal:-55.00,signalAbs:55.00,signalCumSum:63.58
>a0:359,silence:512.00,signal:-153.00,signalAbs:153.00,signalCumSum:72.52
>a0:423,silence:512.00,signal:-89.00,signalAbs:89.00,signalCumSum:74.17
>a0:542,silence:512.00,signal:30.00,signalAbs:30.00,signalCumSum:69.75
>a0:169,silence:512.00,signal:-343.00,signalAbs:343.00,signalCumSum:97.08
>a0:432,silence:512.00,signal:-80.00,signalAbs:80.00,signalCumSum:95.37
>a0:366,silence:512.00,signal:-146.00,signalAbs:146.00,signalCumSum:100.43
>a0:550,silence:512.00,signal:38.00,signalAbs:38.00,signalCumSum:94.19
>a0:372,silence:512.00,signal:-140.00,signalAbs:140.00,signalCumSum:98.77
>a0:386,silence:512.00,signal:-126.00,signalAbs:126.00,signalCumSum:101.49
>a0:344,silence:512.00,signal:-168.00,signalAbs:168.00,signalCumSum:108.14
>a0:416,silence:512.00,signal:-96.00,signalAbs:96.00,signalCumSum:106.93
>a0:507,silence:512.00,signal:-5.00,signalAbs:5.00,signalCumSum:96.74
>a0:591,silence:512.00,signal:79.00,signalAbs:79.00,signalCumSum:94.96
>a0:514,silence:512.00,signal:2.00,signalAbs:2.00,signalCumSum:85.67
>a0:423,silence:512.00,signal:-89.00,signalAbs:89.00,signalCumSum:86.00
>a0:433,silence:512.00,signal:-79.00,signalAbs:79.00,signalCumSum:85.30
>a0:514,silence:512.00,signal:2.00,signalAbs:2.00,signalCumSum:76.97
>a0:476,silence:512.00,signal:-36.00,signalAbs:36.00,signalCumSum:72.87
>a0:508,silence:512.00,signal:-4.00,signalAbs:4.00,signalCumSum:65.99
>a0:437,silence:512.00,signal:-75.00,signalAbs:75.00,signalCumSum:66.89
>a0:490,silence:512.00,signal:-22.00,signalAbs:22.00,signalCumSum:62.40
>a0:332,silence:512.00,signal:-180.00,signalAbs:180.00,signalCumSum:74.16
>a0:481,silence:512.00,signal:-31.00,signalAbs:31.00,signalCumSum:69.84
>a0:438,silence:512.00,signal:-74.00,signalAbs:74.00,signalCumSum:70.26
>a0:350,silence:512.00,signal:-162.00,signalAbs:162.00,signalCumSum:79.43
>a0:242,silence:512.00,signal:-270.00,signalAbs:270.00,signalCumSum:98.49
>a0:515,silence:512.00,signal:3.00,signalAbs:3.00,signalCumSum:88.94
>a0:552,silence:512.00,signal:40.00,signalAbs:40.00,signalCumSum:84.05
>a0:190,silence:512.00,signal:-322.00,signalAbs:322.00,signalCumSum:107.84
>a0:417,silence:512.00,signal:-95.00,signalAbs:95.00,signalCumSum:106.56
>a0:484,silence:512.00,signal:-28.00,signalAbs:28.00,signalCumSum:98.70
>a0:358,silence:512.00,signal:-154.00,signalAbs:154.00,signalCumSum:104.23
>a0:480,silence:512.00,signal:-32.00,signalAbs:32.00,signalCumSum:97.01
>a0:417,silence:512.00,signal:-95.00,signalAbs:95.00,signalCumSum:96.81
>a0:402,silence:512.00,signal:-110.00,signalAbs:110.00,signalCumSum:98.13
>a0:350,silence:512.00,signal:-162.00,signalAbs:162.00,signalCumSum:104.51
>a0:497,silence:512.00,signal:-15.00,signalAbs:15.00,signalCumSum:95.56
>a0:394,silence:512.00,signal:-118.00,signalAbs:118.00,signalCumSum:97.81
>a0:452,silence:512.00,signal:-60.00,signalAbs:60.00,signalCumSum:94.03
>a0:497,silence:512.00,signal:-15.00,signalAbs:15.00,signalCumSum:86.12
>a0:505,silence:512.00,signal:-7.00,signalAbs:7.00,signalCumSum:78.21
>a0:420,silence:512.00,signal:-92.00,signalAbs:92.00,signalCumSum:79.59
>a0:604,silence:512.00,signal:92.00,signalAbs:92.00,signalCumSum:80.83
>a0:430,silence:512.00,signal:-82.00,signalAbs:82.00,signalCumSum:80.95
>a0:437,silence:512.00,signal:-75.00,signalAbs:75.00,signalCumSum:80.35
>a0:103,silence:512.00,signal:-409.00,signalAbs:409.00,signalCumSum:113.22
>a0:310,silence:512.00,signal:-202.00,signalAbs:202.00,signalCumSum:122.10
>a0:486,silence:512.00,signal:-26.00,signalAbs:26.00,signalCumSum:112.49
>a0:427,silence:512.00,signal:-85.00,signalAbs:85.00,signalCumSum:109.74
>a0:408,silence:512.00,signal:-104.00,signalAbs:104.00,signalCumSum:109.16
>a0:439,silence:512.00,signal:-73.00,signalAbs:73.00,signalCumSum:105.55
>a0:413,silence:512.00,signal:-99.00,signalAbs:99.00,signalCumSum:104.89
>a0:492,silence:512.00,signal:-20.00,signalAbs:20.00,signalCumSum:96.40
>a0:457,silence:512.00,signal:-55.00,signalAbs:55.00,signalCumSum:92.26
>a0:575,silence:512.00,signal:63.00,signalAbs:63.00,signalCumSum:89.34
>a0:416,silence:512.00,signal:-96.00,signalAbs:96.00,signalCumSum:90.00
>a0:389,silence:512.00,signal:-123.00,signalAbs:123.00,signalCumSum:93.30
>a0:467,silence:512.00,signal:-45.00,signalAbs:45.00,signalCumSum:88.47
>a0:416,silence:512.00,signal:-96.00,signalAbs:96.00,signalCumSum:89.23
>a0:535,silence:512.00,signal:23.00,signalAbs:23.00,signalCumSum:82.60
>a0:434,silence:512.00,signal:-78.00,signalAbs:78.00,signalCumSum:82.14
>a0:613,silence:512.00,signal:101.00,signalAbs:101.00,signalCumSum:84.03
>a0:418,silence:512.00,signal:-94.00,signalAbs:94.00,signalCumSum:85.03
>a0:529,silence:512.00,signal:17.00,signalAbs:17.00,signalCumSum:78.22
>a0:506,silence:512.00,signal:-6.00,signalAbs:6.00,signalCumSum:71.00
>a0:496,silence:512.00,signal:-16.00,signalAbs:16.00,signalCumSum:65.50
>a0:645,silence:512.00,signal:133.00,signalAbs:133.00,signalCumSum:72.25
>a0:513,silence:512.00,signal:1.00,signalAbs:1.00,signalCumSum:65.13
>a0:410,silence:512.00,signal:-102.00,signalAbs:102.00,signalCumSum:68.81
>a0:467,silence:512.00,signal:-45.00,signalAbs:45.00,signalCumSum:66.43
>a0:383,silence:512.00,signal:-129.00,signalAbs:129.00,signalCumSum:72.69
>a0:373,silence:512.00,signal:-139.00,signalAbs:139.00,signalCumSum:79.32
>a0:454,silence:512.00,signal:-58.00,signalAbs:58.00,signalCumSum:77.19
>a0:556,silence:512.00,signal:44.00,signalAbs:44.00,signalCumSum:73.87
>a0:482,silence:512.00,signal:-30.00,signalAbs:30.00,signalCumSum:69.48
>a0:486,silence:512.00,signal:-26.00,signalAbs:26.00,signalCumSum:65.13
>a0:461,silence:512.00,signal:-51.00,signalAbs:51.00,signalCumSum:63.72
>a0:443,silence:512.00,signal:-69.00,signalAbs:69.00,signalCumSum:64.25
>a0:537,silence:512.00,signal:25.00,signalAbs:25.00,signalCumSum:60.32
>a0:456,silence:512.00,signal:-56.00,signalAbs:56.00,signalCumSum:59.89
>a0:492,silence:512.00,signal:-20.00,signalAbs:20.00,signalCumSum:55.90
>a0: