=~=~=~=~=~=~=~=~=~=~=~= PuTTY log 2025.04.29 20:17:19 =~=~=~=~=~=~=~=~=~=~=~=
Initial silence level: 512.00 (2.50 V)
>a0:437,silence:512.00,signal:-75.00,signalAbs:75.00,signalCumSum:7.50
>a0:426,silence:512.00,signal:-86.00,signalAbs:86.00,signalCumSum:15.35
>a0:433,silence:512.00,signal:-79.00,signalAbs:79.00,signalCumSum:21.71
>a0:436,silence:512.00,signal:-76.00,signalAbs:76.00,signalCumSum:27.14
>a0:438,silence:512.00,signal:-74.00,signalAbs:74.00,signalCumSum:31.83
>a0:440,silence:512.00,signal:-72.00,signalAbs:72.00,signalCumSum:35.85
>a0:438,silence:512.00,signal:-74.00,signalAbs:74.00,signalCumSum:39.66
>a0:436,silence:512.00,signal:-76.00,signalAbs:76.00,signalCumSum:43.30
>a0:437,silence:512.00,signal:-75.00,signalAbs:75.00,signalCumSum:46.47
>a0:438,silence:512.00,signal:-74.00,signalAbs:74.00,signalCumSum:49.22
>a0:440,silence:512.00,signal:-72.00,signalAbs:72.00,signalCumSum:51.50
>a0:438,silence:512.00,signal:-74.00,signalAbs:74.00,signalCumSum:53.75
>a0:436,silence:512.00,signal:-76.00,signalAbs:76.00,signalCumSum:55.97
>a0:438,silence:512.00,signal:-74.00,signalAbs:74.00,signalCumSum:57.78
>a0:438,silence:512.00,signal:-74.00,signalAbs:74.00,signalCumSum:59.40
>a0:439,silence:512.00,signal:-73.00,signalAbs:73.00,signalCumSum:60.76
>a0:437,silence:512.00,signal:-75.00,signalAbs:75.00,signalCumSum:62.18
>a0:436,silence:512.00,signal:-76.00,signalAbs:76.00,signalCumSum:63.56
>a0:437,silence:512.00,signal:-75.00,signalAbs:75.00,signalCumSum:64.71
>a0:439,silence:512.00,signal:-73.00,signalAbs:73.00,signalCumSum:65.54
>a0:439,silence:512.00,signal:-73.00,signalAbs:73.00,signalCumSum:66.28
>a0:438,silence:512.00,signal:-74.00,signalAbs:74.00,signalCumSum:67.05
>a0:436,silence:512.00,signal:-76.00,signalAbs:76.00,signalCumSum:67.95
>a0:437,silence:512.00,signal:-75.00,signalAbs:75.00,signalCumSum:68.65
>a0:437,silence:512.00,signal:-75.00,signalAbs:75.00,signalCumSum:69.29
>a0:439,silence:512.00,signal:-73.00,signalAbs:73.00,signalCumSum:69.66
>a0:438,silence:512.00,signal:-74.00,signalAbs:74.00,signalCumSum:70.09
>a0:436,silence:512.00,signal:-76.00,signalAbs:76.00,signalCumSum:70.68
>a0:437,silence:512.00,signal:-75.00,signalAbs:75.00,signalCumSum:71.12
>a0:439,silence:512.00,signal:-73.00,signalAbs:73.00,signalCumSum:71.30
>a0:439,silence:512.00,signal:-73.00,signalAbs:73.00,signalCumSum:71.47
>a0:438,silence:512.00,signal:-74.00,signalAbs:74.00,signalCumSum:71.73
>a0:436,silence:512.00,signal:-76.00,signalAbs:76.00,signalCumSum:72.15
>a0:437,silence:512.00,signal:-75.00,signalAbs:75.00,signalCumSum:72.44
>a0:437,silence:512.00,signal:-75.00,signalAbs:75.00,signalCumSum:72.69
>a0:439,silence:512.00,signal:-73.00,signalAbs:73.00,signalCumSum:72.73
>a0:439,silence:512.00,signal:-73.00,signalAbs:73.00,signalCumSum:72.75
>a0:437,silence:512.00,signal:-75.00,signalAbs:75.00,signalCumSum:72.98
>a0:437,silence:512.00,signal:-75.00,signalAbs:75.00,signalCumSum:73.18
>a0:437,silence:512.00,signal:-75.00,signalAbs:75.00,signalCumSum:73.36
>a0:438,silence:512.00,signal:-74.00,signalAbs:74.00,signalCumSum:73.43
>a0:439,silence:512.00,signal:-73.00,signalAbs:73.00,signalCumSum:73.38
>a0:438,silence:512.00,signal:-74.00,signalAbs:74.00,signalCumSum:73.44
>a0:437,silence:512.00,signal:-75.00,signalAbs:75.00,signalCumSum:73.60
>a0:437,silence:512.00,signal:-75.00,signalAbs:75.00,signalCumSum:73.74
>a0:438,silence:512.00,signal:-74.00,signalAbs:74.00,signalCumSum:73.77
>a0:439,silence:512.00,signal:-73.00,signalAbs:73.00,signalCumSum:73.69
>a0:437,silence:512.00,signal:-75.00,signalAbs:75.00,signalCumSum:73.82
>a0:436,silence:512.00,signal:-76.00,signalAbs:76.00,signalCumSum:74.04
>a0:438,silence:512.00,signal:-74.00,signalAbs:74.00,signalCumSum:74.03
>a0:439,silence:512.00,signal:-73.00,signalAbs:73.00,signalCumSum:73.93
>a0:439,silence:512.00,signal:-73.00,signalAbs:73.00,signalCumSum:73.84
>a0:437,silence:512.00,signal:-75.00,signalAbs:75.00,signalCumSum:73.95
>a0:436,silence:512.00,signal:-76.00,signalAbs:76.00,signalCumSum:74.16
>a0:438,silence:512.00,signal:-74.00,signalAbs:74.00,signalCumSum:74.14
>a0:438,silence:512.00,signal:-74.00,signalAbs:74.00,signalCumSum:74.13
>a0:440,silence:512.00,signal:-72.00,signalAbs:72.00,signalCumSum:73.92
>a0:439,silence:512.00,signal:-73.00,signalAbs:73.00,signalCumSum:73.82
>a0:436,silence:512.00,signal:-76.00,signalAbs:76.00,signalCumSum:74.04
>a0:437,silence:512.00,signal:-75.00,signalAbs:75.00,signalCumSum:74.14
>a0:438,silence:512.00,signal:-74.00,signalAbs:74.00,signalCumSum:74.12
>a0:438,silence:512.00,signal:-74.00,signalAbs:74.00,signalCumSum:74.11
>a0:437,silence:512.00,signal:-75.00,signalAbs:75.00,signalCumSum:74.20
>a0:437,silence:512.00,signal:-75.00,signalAbs:75.00,signalCumSum:74.28
>a0:437,silence:512.00,signal:-75.00,signalAbs:75.00,signalCumSum:74.35
>a0:438,silence:512.00,signal:-74.00,signalAbs:74.00,signalCumSum:74.32
>a0:439,silence:512.00,signal:-73.00,signalAbs:73.00,signalCumSum:74.19
>a0:437,silence:512.00,signal:-75.00,signalAbs:75.00,signalCumSum:74.27
>a0:436,silence:512.00,signal:-76.00,signalAbs:76.00,signalCumSum:74.44
>a0:437,silence:512.00,signal:-75.00,signalAbs:75.00,signalCumSum:74.50
>a0:439,silence:512.00,signal:-73.00,signalAbs:73.00,signalCumSum:74.35
>a0:438,silence:512.00,signal:-74.00,signalAbs:74.00,signalCumSum:74.31
>a0:438,silence:512.00,signal:-74.00,signalAbs:74.00,signalCumSum:74.28
>a0:436,silence:512.00,signal:-76.00,signalAbs:76.00,signalCumSum:74.45
>a0:438,silence:512.00,signal:-74.00,signalAbs:74.00,signalCumSum:74.41
>a0:438,silence:512.00,signal:-74.00,signalAbs:74.00,signalCumSum:74.37
>a0:439,silence:512.00,signal:-73.00,signalAbs:73.00,signalCumSum:74.23
>a0:439,silence:512.00,signal:-73.00,signalAbs:73.00,signalCumSum:74.11
>a0:436,silence:512.00,signal:-76.00,signalAbs:76.00,signalCumSum:74.30
>a0:437,silence:512.00,signal:-75.00,signalAbs:75.00,signalCumSum:74.37
>a0:437,silence:512.00,signal:-75.00,signalAbs:75.00,signalCumSum:74.43
>a0:439,silence:512.00,signal:-73.00,signalAbs:73.00,signalCumSum:74.29
>a0:439,silence:512.00,signal:-73.00,signalAbs:73.00,signalCumSum:74.16
>a0:437,silence:512.00,signal:-75.00,signalAbs:75.00,signalCumSum:74.24
>a0:437,silence:512.00,signal:-75.00,signalAbs:75.00,signalCumSum:74.32
>a0:437,silence:512.00,signal:-75.00,signalAbs:75.00,signalCumSum:74.39
>a0:440,silence:512.00,signal:-72.00,signalAbs:72.00,signalCumSum:74.15
>a0:439,silence:512.00,signal:-73.00,signalAbs:73.00,signalCumSum:74.03
>a0:437,silence:512.00,signal:-75.00,signalAbs:75.00,signalCumSum:74.13
>a0:437,silence:512.00,signal:-75.00,signalAbs:75.00,signalCumSum:74.22
>a0:437,silence:512.00,signal:-75.00,signalAbs:75.00,signalCumSum:74.30
>a0:438,silence:512.00,signal:-74.00,signalAbs:74.00,signalCumSum:74.27
>a0:439,silence:512.00,signal:-73.00,signalAbs:73.00,signalCumSum:74.14
>a0:437,silence:512.00,signal:-75.00,signalAbs:75.00,signalCumSum:74.23
>a0:437,silence:512.00,signal:-75.00,signalAbs:75.00,signalCumSum:74.30
>a0:437,silence:512.00,signal:-75.00,signalAbs:75.00,signalCumSum:74.37
>a0:439,silence:512.00,signal:-73.00,signalAbs:73.00,signalCumSum:74.24
>a0:440,silence:512.00,signal:-72.00,signalAbs:72.00,signalCumSum:74.01
>a0:437,silence:512.00,signal:-75.00,signalAbs:75.00,signalCumSum:74.11
>a0:436,silence:512.00,signal:-76.00,signalAbs:76.00,signalCumSum:74.30
>a0:438,silence:512.00,signal:-74.00,signalAbs:74.00,signalCumSum:74.27
>a0:438,silence:512.00,signal:-74.00,signalAbs:74.00,signalCumSum:74.24
>a0:438,silence:508.25,signal:-70.25,signalAbs:70.25,signalCumSum:73.84
>a0:438,silence:504.69,signal:-66.69,signalAbs:66.69,signalCumSum:73.13
>a0:436,silence:501.30,signal:-65.30,signalAbs:65.30,signalCumSum:72.35
>a0:437,silence:498.09,signal:-61.09,signalAbs:61.09,signalCumSum:71.22
>a0:439,silence:495.03,signal:-56.03,signalAbs:56.03,signalCumSum:69.70
>a0:439,silence:492.13,signal:-53.13,signalAbs:53.13,signalCumSum:68.04
>a0:438,silence:489.38,signal:-51.38,signalAbs:51.38,signalCumSum:66.38
>a0:436,silence:486.76,signal:-50.76,signalAbs:50.76,signalCumSum:64.82
>a0:437,silence:484.27,signal:-47.27,signalAbs:47.27,signalCumSum:63.06
>a0:437,silence:481.91,signal:-44.91,signalAbs:44.91,signalCumSum:61.24
>a0:438,silence:479.66,signal:-41.66,signalAbs:41.66,signalCumSum:59.29
>a0:439,silence:477.53,signal:-38.53,signalAbs:38.53,signalCumSum:57.21
>a0:436,silence:475.50,signal:-39.50,signalAbs:39.50,signalCumSum:55.44
>a0:436,silence:473.58,signal:-37.58,signalAbs:37.58,signalCumSum:53.65
>a0:437,silence:471.75,signal:-34.75,signalAbs:34.75,signalCumSum:51.76
>a0:438,silence:470.01,signal:-32.01,signalAbs:32.01,signalCumSum:49.79
>a0:438,silence:468.36,signal:-30.36,signalAbs:30.36,signalCumSum:47.84
>a0:436,silence:466.79,signal:-30.79,signalAbs:30.79,signalCumSum:46.14
>a0:437,silence:465.30,signal:-28.30,signalAbs:28.30,signalCumSum:44.36
>a0:437,silence:463.89,signal:-26.89,signalAbs:26.89,signalCumSum:42.61
>a0:438,silence:462.54,signal:-24.54,signalAbs:24.54,signalCumSum:40.80
>a0:439,silence:461.27,signal:-22.27,signalAbs:22.27,signalCumSum:38.95
>a0:438,silence:460.05,signal:-22.05,signalAbs:22.05,signalCumSum:37.26
>a0:437,silence:458.90,signal:-21.90,signalAbs:21.90,signalCumSum:35.72
>a0:438,silence:457.80,signal:-19.80,signalAbs:19.80,signalCumSum:34.13
>a0:439,silence:456.76,signal:-17.76,signalAbs:17.76,signalCumSum:32.49
>a0:440,silence:455.78,signal:-15.78,signalAbs:15.78,signalCumSum:30.82
>a0:438,silence:454.84,signal:-16.84,signalAbs:16.84,signalCumSum:29.42
>a0:435,silence:454.84,signal:-19.84,signalAbs:19.84,signalCumSum:28.47
>a0:437,silence:454.84,signal:-17.84,signalAbs:17.84,signalCumSum:27.40
>a0:439,silence:454.84,signal:-15.84,signalAbs:15.84,signalCumSum:26.25
>a0:439,silence:454.84,signal:-15.84,signalAbs:15.84,signalCumSum:25.20
>a0:438,silence:454.84,signal:-16.84,signalAbs:16.84,signalCumSum:24.37
>a0:436,silence:454.84,signal:-18.84,signalAbs:18.84,signalCumSum:23.81
>a0:437,silence:454.84,signal:-17.84,signalAbs:17.84,signalCumSum:23.22
>a0:439,silence:454.84,signal:-15.84,signalAbs:15.84,signalCumSum:22.48
>a0:440,silence:454.84,signal:-14.84,signalAbs:14.84,signalCumSum:21.71
>a0:438,silence:454.84,signal:-16.84,signalAbs:16.84,signalCumSum:21.23
>a0:436,silence:454.84,signal:-18.84,signalAbs:18.84,signalCumSum:20.99
>a0:437,silence:454.84,signal:-17.84,signalAbs:17.84,signalCumSum:20.67
>a0:438,silence:454.84,signal:-16.84,signalAbs:16.84,signalCumSum:20.29
>a0:440,silence:454.84,signal:-14.84,signalAbs:14.84,signalCumSum:19.74
>a0:438,silence:454.84,signal:-16.84,signalAbs:16.84,signalCumSum:19.45
>a0:435,silence:454.84,signal:-19.84,signalAbs:19.84,signalCumSum:19.49
>a0:437,silence:454.84,signal:-17.84,signalAbs:17.84,signalCumSum:19.33
>a0:438,silence:454.84,signal:-16.84,signalAbs:16.84,signalCumSum:19.08
>a0:439,silence:454.84,signal:-15.84,signalAbs:15.84,signalCumSum:18.75
>a0:438,silence:454.84,signal:-16.84,signalAbs:16.84,signalCumSum:18.56
>a0:436,silence:454.84,signal:-18.84,signalAbs:18.84,signalCumSum:18.59
>a0:438,silence:454.84,signal:-16.84,signalAbs:16.84,signalCumSum:18.41
>a0:437,silence:454.84,signal:-17.84,signalAbs:17.84,signalCumSum:18.36
>a0:438,silence:454.84,signal:-16.84,signalAbs:16.84,signalCumSum:18.20
>a0:439,silence:454.84,signal:-15.84,signalAbs:15.84,signalCumSum:17.97
>a0:436,silence:454.84,signal:-18.84,signalAbs:18.84,signalCumSum:18.05
>a0:437,silence:454.84,signal:-17.84,signalAbs:17.84,signalCumSum:18.03
>a0:438,silence:454.84,signal:-16.84,signalAbs:16.84,signalCumSum:17.91
>a0:439,silence:454.84,signal:-15.84,signalAbs:15.84,signalCumSum:17.71
>a0:439,silence:454.84,signal:-15.84,signalAbs:15.84,signalCumSum:17.52
>a0:437,silence:454.84,signal:-17.84,signalAbs:17.84,signalCumSum:17.55
>a0:437,silence:454.84,signal:-17.84,signalAbs:17.84,signalCumSum:17.58
>a0:437,silence:454.84,signal:-17.84,signalAbs:17.84,signalCumSum:17.61
>a0:438,silence:454.84,signal:-16.84,signalAbs:16.84,signalCumSum:17.53
>a0:439,silence:454.84,signal:-15.84,signalAbs:15.84,signalCumSum:17.36
>a0:437,silence:454.84,signal:-17.84,signalAbs:17.84,signalCumSum:17.41
>a0:436,silence:454.84,signal:-18.84,signalAbs:18.84,signalCumSum:17.55
>a0:437,silence:454.84,signal:-17.84,signalAbs:17.84,signalCumSum:17.58
>a0:439,silence:454.84,signal:-15.84,signalAbs:15.84,signalCumSum:17.40
>a0:439,silence:454.84,signal:-15.84,signalAbs:15.84,signalCumSum:17.25
>a0:437,silence:454.84,signal:-17.84,signalAbs:17.84,signalCumSum:17.31
>a0:436,silence:454.84,signal:-18.84,signalAbs:18.84,signalCumSum:17.46
>a0:436,silence:454.84,signal:-18.84,signalAbs:18.84,signalCumSum:17.60
>a0:438,silence:454.84,signal:-16.84,signalAbs:16.84,signalCumSum:17.52
>a0:439,silence:454.84,signal:-15.84,signalAbs:15.84,signalCumSum:17.35
>a0:439,silence:454.84,signal:-15.84,signalAbs:15.84,signalCumSum:17.20
>a0:435,silence:454.84,signal:-19.84,signalAbs:19.84,signalCumSum:17.46
>a0:437,silence:454.84,signal:-17.84,signalAbs:17.84,signalCumSum:17.50
>a0:438,silence:454.84,signal:-16.84,signalAbs:16.84,signalCumSum:17.44
>a0:439,silence:454.84,signal:-15.84,signalAbs:15.84,signalCumSum:17.28
>a0:438,silence:454.84,signal:-16.84,signalAbs:16.84,signalCumSum:17.23
>a0:436,silence:454.84,signal:-18.84,signalAbs:18.84,signalCumSum:17.39
>a0:437,silence:454.84,signal:-17.84,signalAbs:17.84,signalCumSum:17.44
>a0:438,silence:454.84,signal:-16.84,signalAbs:16.84,signalCumSum:17.38
>a0:439,silence:454.84,signal:-15.84,signalAbs:15.84,signalCumSum:17.22
>a0:438,silence:454.84,signal:-16.84,signalAbs:16.84,signalCumSum:17.18
>a0:437,silence:454.84,signal:-17.84,signalAbs:17.84,signalCumSum:17.25
>a0:437,silence:454.84,signal:-17.84,signalAbs:17.84,signalCumSum:17.31
>a0:438,silence:454.84,signal:-16.84,signalAbs:16.84,signalCumSum:17.26
>a0:439,silence:454.84,signal:-15.84,signalAbs:15.84,signalCumSum:17.12
>a0:438,silence:454.84,signal:-16.84,signalAbs:16.84,signalCumSum:17.09
>a0:436,silence:454.84,signal:-18.84,signalAbs:18.84,signalCumSum:17.27
>a0:437,silence:454.84,signal:-17.84,signalAbs:17.84,signalCumSum:17.32
>a0:438,silence:454.84,signal:-16.84,signalAbs:16.84,signalCumSum:17.27
>a0:439,silence:454.84,signal:-15.84,signalAbs:15.84,signalCumSum:17.13
>a0:438,silence:454.84,signal:-16.84,signalAbs:16.84,signalCumSum:17.10
>a0:436,silence:454.84,signal:-18.84,signalAbs:18.84,signalCumSum:17.27
>a0:437,silence:454.84,signal:-17.84,signalAbs:17.84,signalCumSum:17.33
>a0:438,silence:454.84,signal:-16.84,signalAbs:16.84,signalCumSum:17.28
>a0:439,silence:454.84,signal:-15.84,signalAbs:15.84,signalCumSum:17.14
>a0:439,silence:454.84,signal:-15.84,signalAbs:15.84,signalCumSum:17.01
>a0:437,silence:454.84,signal:-17.84,signalAbs:17.84,signalCumSum:17.09
>a0:437,silence:454.84,signal:-17.84,signalAbs:17.84,signalCumSum:17.16
>a0:437,silence:454.84,signal:-17.84,signalAbs:17.84,signalCumSum:17.23
>a0:438,silence:454.84,signal:-16.84,signalAbs:16.84,signalCumSum:17.19
>a0:439,silence:454.84,signal:-15.84,signalAbs:15.84,signalCumSum:17.06
>a0:437,silence:454.84,signal:-17.84,signalAbs:17.84,signalCumSum:17.13
>a0:436,silence:454.84,signal:-18.84,signalAbs:18.84,signalCumSum:17.31
>a0:438,silence:454.84,signal:-16.84,signalAbs:16.84,signalCumSum:17.26
>a0:438,silence:454.84,signal:-16.84,signalAbs:16.84,signalCumSum:17.22
>a0:441,silence:454.84,signal:-13.84,signalAbs:13.84,signalCumSum:16.88
>a0:438,silence:454.84,signal:-16.84,signalAbs:16.84,signalCumSum:16.87
>a0:436,silence:454.84,signal:-18.84,signalAbs:18.84,signalCumSum:17.07
>a0:437,silence:454.84,signal:-17.84,signalAbs:17.84,signalCumSum:17.15
>a0:438,silence:454.84,signal:-16.84,signalAbs:16.84,signalCumSum:17.12
>a0:439,silence:454.84,signal:-15.84,signalAbs:15.84,signalCumSum:16.99
>a0:438,silence:454.84,signal:-16.84,signalAbs:16.84,signalCumSum:16.97
>a0:436,silence:454.84,signal:-18.84,signalAbs:18.84,signalCumSum:17.16
>a0:438,silence:454.84,signal:-16.84,signalAbs:16.84,signalCumSum:17.13
>a0:437,silence:454.84,signal:-17.84,signalAbs:17.84,signalCumSum:17.20
>a0:439,silence:454.84,signal:-15.84,signalAbs:15.84,signalCumSum:17.06
>a0:438,silence:454.84,signal:-16.84,signalAbs:16.84,signalCumSum:17.04
>a0:436,silence:454.84,signal:-18.84,signalAbs:18.84,signalCumSum:17.22
>a0:437,silence:454.84,signal:-17.84,signalAbs:17.84,signalCumSum:17.28
>a0:437,silence:454.84,signal:-17.84,signalAbs:17.84,signalCumSum:17.34
>a0:439,silence:454.84,signal:-15.84,signalAbs:15.84,signalCumSum:17.19
>a0:438,silence:454.84,signal:-16.84,signalAbs:16.84,signalCumSum:17.15
>a0:437,silence:454.84,signal:-17.84,signalAbs:17.84,signalCumSum:17.22
>a0:437,silence:454.84,signal:-17.84,signalAbs:17.84,signalCumSum:17.28
>a0:438,silence:454.84,signal:-16.84,signalAbs:16.84,signalCumSum:17.24
>a0:438,silence:454.84,signal:-16.84,signalAbs:16.84,signalCumSum:17.20
>a0:439,silence:454.84,signal:-15.84,signalAbs:15.84,signalCumSum:17.06
>a0:437,silence:454.84,signal:-17.84,signalAbs:17.84,signalCumSum:17.14
>a0:437,silence:454.84,signal:-17.84,signalAbs:17.84,signalCumSum:17.21
>a0:437,silence:454.84,signal:-17.84,signalAbs:17.84,signalCumSum:17.27
>a0:438,silence:454.84,signal:-16.84,signalAbs:16.84,signalCumSum:17.23
>a0:439,silence:454.84,signal:-15.84,signalAbs:15.84,signalCumSum:17.09
>a0:437,silence:454.84,signal:-17.84,signalAbs:17.84,signalCumSum:17.16
>a0:436,silence:454.84,signal:-18.84,signalAbs:18.84,signalCumSum:17.33
>a0:437,silence:454.84,signal:-17.84,signalAbs:17.84,signalCumSum:17.38
>a0:438,silence:454.84,signal:-16.84,signalAbs:16.84,signalCumSum:17.33
>a0:439,silence:454.84,signal:-15.84,signalAbs:15.84,signalCumSum:17.18
>a0:438,silence:454.84,signal:-16.84,signalAbs:16.84,signalCumSum:17.14
>a0:435,silence:454.84,signal:-19.84,signalAbs:19.84,signalCumSum:17.41
>a0:437,silence:454.84,signal:-17.84,signalAbs:17.84,signalCumSum:17.46
>a0:439,silence:454.84,signal:-15.84,signalAbs:15.84,signalCumSum:17.29
>a0:439,silence:454.84,signal:-15.84,signalAbs:15.84,signalCumSum:17.15
>a0:438,silence:454.84,signal:-16.84,signalAbs:16.84,signalCumSum:17.12
>a0:436,silence:454.84,signal:-18.84,signalAbs:18.84,signalCumSum:17.29
>a0:437,silence:454.84,signal:-17.84,signalAbs:17.84,signalCumSum:17.34
>a0:438,silence:454.84,signal:-16.84,signalAbs:16.84,signalCumSum:17.29
>a0:439,silence:454.84,signal:-15.84,signalAbs:15.84,signalCumSum:17.15
>a0:437,silence:454.84,signal:-17.84,signalAbs:17.84,signalCumSum:17.22
>a0:435,silence:454.84,signal:-19.84,signalAbs:19.84,signalCumSum:17.48
>a0:437,silence:454.84,signal:-17.84,signalAbs:17.84,signalCumSum:17.51
>a0:438,silence:454.84,signal:-16.84,signalAbs:16.84,signalCumSum:17.45
>a0:439,silence:454.84,signal:-15.84,signalAbs:15.84,signalCumSum:17.29
>a0:438,silence:454.84,signal:-16.84,signalAbs:16.84,signalCumSum:17.24
>a0:436,silence:454.84,signal:-18.84,signalAbs:18.84,signalCumSum:17.40
>a0:437,silence:454.84,signal:-17.84,signalAbs:17.84,signalCumSum:17.44
>a0:437,silence:454.84,signal:-17.84,signalAbs:17.84,signalCumSum:17.48
>a0:439,silence:454.84,signal:-15.84,signalAbs:15.84,signalCumSum:17.32
>a0:439,silence:454.84,signal:-15.84,signalAbs:15.84,signalCumSum:17.17
>a0:436,silence:454.84,signal:-18.84,signalAbs:18.84,signalCumSum:17.34
>a0:437,silence:454.84,signal:-17.84,signalAbs:17.84,signalCumSum:17.39
>a0:438,silence:454.84,signal:-16.84,signalAbs:16.84,signalCumSum:17.33
>a0:438,silence:454.84,signal:-16.84,signalAbs:16.84,signalCumSum:17.28
>a0:439,silence:454.84,signal:-15.84,signalAbs:15.84,signalCumSum:17.14
>a0:436,silence:454.84,signal:-18.84,signalAbs:18.84,signalCumSum:17.31
>a0:437,silence:454.84,signal:-17.84,signalAbs:17.84,signalCumSum:17.36
>a0:437,silence:454.84,signal:-17.84,signalAbs:17.84,signalCumSum:17.41
>a0:438,silence:454.84,signal:-16.84,signalAbs:16.84,signalCumSum:17.35
>a0:439,silence:454.84,signal:-15.84,signalAbs:15.84,signalCumSum:17.20
>a0:437,silence:454.84,signal:-17.84,signalAbs:17.84,signalCumSum:17.26
>a0:436,silence:454.84,signal:-18.84,signalAbs:18.84,signalCumSum:17.42
>a0:438,silence:454.84,signal:-16.84,signalAbs:16.84,signalCumSum:17.36
>a0:438,silence:454.84,signal:-16.84,signalAbs:16.84,signalCumSum:17.31
>a0:439,silence:454.84,signal:-15.84,signalAbs:15.84,signalCumSum:17.16
>a0:437,silence:454.84,signal:-17.84,signalAbs:17.84,signalCumSum:17.23
>a0:436,silence:454.84,signal:-18.84,signalAbs:18.84,signalCumSum:17.39
>a0:438,silence:454.84,signal:-16.84,signalAbs:16.84,signalCumSum:17.34
>a0:439,silence:454.84,signal:-15.84,signalAbs:15.84,signalCumSum:17.19
>a0:439,silence:454.84,signal:-15.84,signalAbs:15.84,signalCumSum:17.05
>a0:438,silence:454.84,signal:-16.84,signalAbs:16.84,signalCumSum:17.03
>a0:437,silence:454.84,signal:-17.84,signalAbs:17.84,signalCumSum:17.11
>a0:437,silence:454.84,signal:-17.84,signalAbs:17.84,signalCumSum:17.18
>a0:438,silence:454.84,signal:-16.84,signalAbs:16.84,signalCumSum:17.15
>a0:439,silence:454.84,signal:-15.84,signalAbs:15.84,signalCumSum:17.02
>a0:438,silence:454.84,signal:-16.84,signalAbs:16.84,signalCumSum:17.00
>a0:436,silence:454.84,signal:-18.84,signalAbs:18.84,signalCumSum:17.18
>a0:437,silence:454.84,signal:-17.84,signalAbs:17.84,signalCumSum:17.25
>a0:438,silence:454.84,signal:-16.84,signalAbs:16.84,signalCumSum:17.21
>a0:439,silence:454.84,signal:-15.84,signalAbs:15.84,signalCumSum:17.07
>a0:439,silence:454.84,signal:-15.84,signalAbs:15.84,signalCumSum:16.95
>a0:436,silence:454.84,signal:-18.84,signalAbs:18.84,signalCumSum:17.14
>a0:437,silence:454.84,signal:-17.84,signalAbs:17.84,signalCumSum:17.21
>a0:438,silence:454.84,signal:-16.84,signalAbs:16.84,signalCumSum:17.17
>a0:439,silence:454.84,signal:-15.84,signalAbs:15.84,signalCumSum:17.04
>a0:440,silence:454.84,signal:-14.84,signalAbs:14.84,signalCumSum:16.82
>a0:436,silence:454.84,signal:-18.84,signalAbs:18.84,signalCumSum:17.02
>a0:438,silence:454.84,signal:-16.84,signalAbs:16.84,signalCumSum:17.00
>a0:439,silence:454.84,signal:-15.84,signalAbs:15.84,signalCumSum:16.88
>a0:438,silence:454.84,signal:-16.84,signalAbs:16.84,signalCumSum:16.88
>a0:439,silence:454.84,signal:-15.84,signalAbs:15.84,signalCumSum:16.77
>a0:437,silence:454.84,signal:-17.84,signalAbs:17.84,signalCumSum:16.88
>a0:436,silence:454.84,signal:-18.84,signalAbs:18.84,signalCumSum:17.08
>a0:437,silence:454.84,signal:-17.84,signalAbs:17.84,signalCumSum:17.15
>a0:438,silence:454.84,signal:-16.84,signalAbs:16.84,signalCumSum:17.12
>a0:439,silence:454.84,signal:-15.84,signalAbs:15.84,signalCumSum:16.99
>a0:438,silence:454.84,signal:-16.84,signalAbs:16.84,signalCumSum:16.98
>a0:436,silence:454.84,signal:-18.84,signalAbs:18.84,signalCumSum:17.16
>a0:437,silence:454.84,signal:-17.84,signalAbs:17.84,signalCumSum:17.23
>a0:438,silence:454.84,signal:-16.84,signalAbs:16.84,signalCumSum:17.19
>a0:440,silence:454.84,signal:-14.84,signalAbs:14.84,signalCumSum:16.96
>a0:438,silence:454.84,signal:-16.84,signalAbs:16.84,signalCumSum:16.94
>a0:436,silence:454.84,signal:-18.84,signalAbs:18.84,signalCumSum:17.13
>a0:437,silence:454.84,signal:-17.84,signalAbs:17.84,signalCumSum:17.20
>a0:438,silence:454.84,signal:-16.84,signalAbs:16.84,signalCumSum:17.17
>a0:439,silence:454.84,signal:-15.84,signalAbs:15.84,signalCumSum:17.03
>a0:438,silence:454.84,signal:-16.84,signalAbs:16.84,signalCumSum:17.01
>a0:437,silence:454.84,signal:-17.84,signalAbs:17.84,signalCumSum:17.10
>a0:437,silence:454.84,signal:-17.84,signalAbs:17.84,signalCumSum:17.17
>a0:438,silence:454.84,signal:-16.84,signalAbs:16.84,signalCumSum:17.14
>a0:439,silence:454.84,signal:-15.84,signalAbs:15.84,signalCumSum:17.01
>a0:437,silence:454.84,signal:-17.84,signalAbs:17.84,signalCumSum:17.09
>a0:437,silence:454.84,signal:-17.84,signalAbs:17.84,signalCumSum:17.16
>a0:437,silence:454.84,signal:-17.84,signalAbs:17.84,signalCumSum:17.23
>a0:438,silence:454.84,signal:-16.84,signalAbs:16.84,signalCumSum:17.19
>a0:439,silence:454.84,signal:-15.84,signalAbs:15.84,signalCumSum:17.06
>a0:439,silence:454.84,signal:-15.84,signalAbs:15.84,signalCumSum:16.93
>a0:437,silence:454.84,signal:-17.84,signalAbs:17.84,signalCumSum:17.03
>a0:437,silence:454.84,signal:-17.84,signalAbs:17.84,signalCumSum:17.11
>a0:438,silence:454.84,signal:-16.84,signalAbs:16.84,signalCumSum:17.08
>a0:440,silence:454.84,signal:-14.84,signalAbs:14.84,signalCumSum:16.86
>a0:439,silence:454.84,signal:-15.84,signalAbs:15.84,signalCumSum:16.75
>a0:436,silence:454.84,signal:-18.84,signalAbs:18.84,signalCumSum:16.96
>a0:437,silence:454.84,signal:-17.84,signalAbs:17.84,signalCumSum:17.05
>a0:437,silence:454.84,signal:-17.84,signalAbs:17.84,signalCumSum:17.13
>a0:439,silence:454.84,signal:-15.84,signalAbs:15.84,signalCumSum:17.00
>a0:439,silence:454.84,signal:-15.84,signalAbs:15.84,signalCumSum:16.88
>a0:437,silence:454.84,signal:-17.84,signalAbs:17.84,signalCumSum:16.98
>a0:437,silence:454.84,signal:-17.84,signalAbs:17.84,signalCumSum:17.06
>a0:438,silence:454.84,signal:-16.84,signalAbs:16.84,signalCumSum:17.04
>a0:439,silence:454.84,signal:-15.84,signalAbs:15.84,signalCumSum:16.92
>a0:438,silence:454.84,signal:-16.84,signalAbs:16.84,signalCumSum:16.91
>a0:437,silence:454.84,signal:-17.84,signalAbs:17.84,signalCumSum:17.00
>a0:436,silence:454.84,signal:-18.84,signalAbs:18.84,signalCumSum:17.19
>a0:437,silence:454.84,signal:-17.84,signalAbs:17.84,signalCumSum:17.25
>a0:439,silence:454.84,signal:-15.84,signalAbs:15.84,signalCumSum:17.11
>a0:439,silence:454.84,signal:-15.84,signalAbs:15.84,signalCumSum:16.98
>a0:437,silence:454.84,signal:-17.84,signalAbs:17.84,signalCumSum:17.07
>a0:436,silence:454.84,signal:-18.84,signalAbs:18.84,signalCumSum:17.25
>a0:438,silence:454.84,signal:-16.84,signalAbs:16.84,signalCumSum:17.21
>a0:438,silence:453.95,signal:-15.95,signalAbs:15.95,signalCumSum:17.08
>a0:439,silence:453.10,signal:-14.10,signalAbs:14.10,signalCumSum:16.78
>a0:438,silence:452.29,signal:-14.29,signalAbs:14.29,signalCumSum:16.53
>a0:436,silence:451.53,signal:-15.53,signalAbs:15.53,signalCumSum:16.43
>a0:438,silence:450.80,signal:-12.80,signalAbs:12.80,signalCumSum:16.07
>a0:437,silence:450.11,signal:-13.11,signalAbs:13.11,signalCumSum:15.77
>a0:439,silence:449.46,signal:-10.46,signalAbs:10.46,signalCumSum:15.24
>a0:438,silence:448.83,signal:-10.83,signalAbs:10.83,signalCumSum:14.80
>a0:436,silence:448.24,signal:-12.24,signalAbs:12.24,signalCumSum:14.54
>a0:437,silence:447.68,signal:-10.68,signalAbs:10.68,signalCumSum:14.16
>a0:437,silence:447.15,signal:-10.15,signalAbs:10.15,signalCumSum:13.76
>a0:439,silence:446.64,signal:-7.64,signalAbs:7.64,signalCumSum:13.15
>a0:437,silence:446.16,signal:-9.16,signalAbs:9.16,signalCumSum:12.75
>a0:438,silence:445.70,signal:-7.70,signalAbs:7.70,signalCumSum:12.24
>a0:438,silence:445.26,signal:-7.26,signalAbs:7.26,signalCumSum:11.74
>a0:439,silence:444.85,signal:-5.85,signalAbs:5.85,signalCumSum:11.15
>a0:436,silence:444.46,signal:-8.46,signalAbs:8.46,signalCumSum:10.88
>a0:438,silence:444.09,signal:-6.09,signalAbs:6.09,signalCumSum:10.40
>a0:440,silence:443.73,signal:-3.73,signalAbs:3.73,signalCumSum:9.74
>a0:435,silence:443.73,signal:-8.73,signalAbs:8.73,signalCumSum:9.64
>a0:437,silence:443.73,signal:-6.73,signalAbs:6.73,signalCumSum:9.35
>a0:439,silence:443.73,signal:-4.73,signalAbs:4.73,signalCumSum:8.88
>a0:435,silence:443.73,signal:-8.73,signalAbs:8.73,signalCumSum:8.87
>a0:438,silence:443.73,signal:-5.73,signalAbs:5.73,signalCumSum:8.56
>a0:439,silence:443.73,signal:-4.73,signalAbs:4.73,signalCumSum:8.17
>a0:436,silence:443.73,signal:-7.73,signalAbs:7.73,signalCumSum:8.13
>a0:439,silence:443.73,signal:-4.73,signalAbs:4.73,signalCumSum:7.79
>a0:438,silence:443.73,signal:-5.73,signalAbs:5.73,signalCumSum:7.58
>a0:437,silence:443.73,signal:-6.73,signalAbs:6.73,signalCumSum:7.50
>a0:439,silence:443.73,signal:-4.73,signalAbs:4.73,signalCumSum:7.22
>a0:437,silence:443.73,signal:-6.73,signalAbs:6.73,signalCumSum:7.17
>a0:438,silence:443.73,signal:-5.73,signalAbs:5.73,signalCumSum:7.03
>a0:439,silence:443.73,signal:-4.73,signalAbs:4.73,signalCumSum:6.80
>a0:436,silence:443.73,signal:-7.73,signalAbs:7.73,signalCumSum:6.89
>a0:437,silence:443.73,signal:-6.73,signalAbs:6.73,signalCumSum:6.88
>a0:439,silence:443.73,signal:-4.73,signalAbs:4.73,signalCumSum:6.66
>a0:436,silence:443.73,signal:-7.73,signalAbs:7.73,signalCumSum:6.77
>a0:438,silence:443.73,signal:-5.73,signalAbs:5.73,signalCumSum:6.66
>a0:439,silence:443.73,signal:-4.73,signalAbs:4.73,signalCumSum:6.47
>a0:437,silence:443.73,signal:-6.73,signalAbs:6.73,signalCumSum:6.50
>a0:437,silence:443.73,signal:-6.73,signalAbs:6.73,signalCumSum:6.52
>a0:438,silence:443.73,signal:-5.73,signalAbs:5.73,signalCumSum:6.44
>a0:437,silence:443.73,signal:-6.73,signalAbs:6.73,signalCumSum:6.47
>a0:438,silence:443.73,signal:-5.73,signalAbs:5.73,signalCumSum:6.40
>a0:438,silence:443.73,signal:-5.73,signalAbs:5.73,signalCumSum:6.33
>a0:437,silence:443.73,signal:-6.73,signalAbs:6.73,signalCumSum:6.37
>a0:438,silence:443.73,signal:-5.73,signalAbs:5.73,signalCumSum:6.31
>a0:437,silence:443.73,signal:-6.73,signalAbs:6.73,signalCumSum:6.35
>a0:437,silence:443.73,signal:-6.73,signalAbs:6.73,signalCumSum:6.39
>a0:440,silence:443.73,signal:-3.73,signalAbs:3.73,signalCumSum:6.12
>a0:437,silence:443.73,signal:-6.73,signalAbs:6.73,signalCumSum:6.18
>a0:438,silence:443.73,signal:-5.73,signalAbs:5.73,signalCumSum:6.14
>a0:439,silence:443.73,signal:-4.73,signalAbs:4.73,signalCumSum:6.00
>a0:436,silence:443.73,signal:-7.73,signalAbs:7.73,signalCumSum:6.17
>a0:437,silence:443.73,signal:-6.73,signalAbs:6.73,signalCumSum:6.23
>a0:439,silence:443.73,signal:-4.73,signalAbs:4.73,signalCumSum:6.08
>a0:436,silence:443.73,signal:-7.73,signalAbs:7.73,signalCumSum:6.24
>a0:437,silence:443.73,signal:-6.73,signalAbs:6.73,signalCumSum:6.29
>a0:439,silence:443.73,signal:-4.73,signalAbs:4.73,signalCumSum:6.13
>a0:436,silence:443.73,signal:-7.73,signalAbs:7.73,signalCumSum:6.29
>a0:438,silence:443.73,signal:-5.73,signalAbs:5.73,signalCumSum:6.24
>a0:437,silence:443.73,signal:-6.73,signalAbs:6.73,signalCumSum:6.29
>a0:436,silence:443.73,signal:-7.73,signalAbs:7.73,signalCumSum:6.43
>a0:438,silence:443.73,signal:-5.73,signalAbs:5.73,signalCumSum:6.36
>a0:438,silence:443.73,signal:-5.73,signalAbs:5.73,signalCumSum:6.30
>a0:437,silence:443.73,signal:-6.73,signalAbs:6.73,signalCumSum:6.34
>a0:438,silence:443.73,signal:-5.73,signalAbs:5.73,signalCumSum:6.28
>a0:437,silence:443.73,signal:-6.73,signalAbs:6.73,signalCumSum:6.33
>a0:437,silence:443.73,signal:-6.73,signalAbs:6.73,signalCumSum:6.37
>a0:440,silence:443.73,signal:-3.73,signalAbs:3.73,signalCumSum:6.10
>a0:436,silence:443.73,signal:-7.73,signalAbs:7.73,signalCumSum:6.27
>a0:437,silence:443.73,signal:-6.73,signalAbs:6.73,signalCumSum:6.31
>a0:439,silence:443.73,signal:-4.73,signalAbs:4.73,signalCumSum:6.15
>a0:436,silence:443.73,signal:-7.73,signalAbs:7.73,signalCumSum:6.31
>a0:438,silence:443.73,signal:-5.73,signalAbs:5.73,signalCumSum:6.25
>a0:439,silence:443.73,signal:-4.73,signalAbs:4.73,signalCumSum:6.10
>a0:436,silence:443.73,signal:-7.73,signalAbs:7.73,signalCumSum:6.26
>a0:438,silence:443.73,signal:-5.73,signalAbs:5.73,signalCumSum:6.21
>a0:438,silence:443.73,signal:-5.73,signalAbs:5.73,signalCumSum:6.16
>a0:436,silence:443.73,signal:-7.73,signalAbs:7.73,signalCumSum:6.32
>a0:439,silence:443.73,signal:-4.73,signalAbs:4.73,signalCumSum:6.16
>a0:437,silence:443.73,signal:-6.73,signalAbs:6.73,signalCumSum:6.22
>a0:437,silence:443.73,signal:-6.73,signalAbs:6.73,signalCumSum:6.27
>a0:438,silence:443.73,signal:-5.73,signalAbs:5.73,signalCumSum:6.22
>a0:438,silence:443.73,signal:-5.73,signalAbs:5.73,signalCumSum:6.17
>a0:437,silence:443.73,signal:-6.73,signalAbs:6.73,signalCumSum:6.22
>a0:438,silence:443.73,signal:-5.73,signalAbs:5.73,signalCumSum:6.17
>a0:436,silence:443.73,signal:-7.73,signalAbs:7.73,signalCumSum:6.33
>a0:437,silence:443.73,signal:-6.73,signalAbs:6.73,signalCumSum:6.37
>a0:440,silence:443.73,signal:-3.73,signalAbs:3.73,signalCumSum:6.11
>a0:436,silence:443.73,signal:-7.73,signalAbs:7.73,signalCumSum:6.27
>a0:438,silence:443.73,signal:-5.73,signalAbs:5.73,signalCumSum:6.21
>a0:439,silence:443.73,signal:-4.73,signalAbs:4.73,signalCumSum:6.07
>a0:437,silence:443.73,signal:-6.73,signalAbs:6.73,signalCumSum:6.13
>a0:438,silence:443.73,signal:-5.73,signalAbs:5.73,signalCumSum:6.09
>a0:439,silence:443.73,signal:-4.73,signalAbs:4.73,signalCumSum:5.96
>a0:437,silence:443.73,signal:-6.73,signalAbs:6.73,signalCumSum:6.03
>a0:438,silence:443.73,signal:-5.73,signalAbs:5.73,signalCumSum:6.00
>a0:437,silence:443.73,signal:-6.73,signalAbs:6.73,signalCumSum:6.08
>a0:436,silence:443.73,signal:-7.73,signalAbs:7.73,signalCumSum:6.24
>a0:438,silence:443.73,signal:-5.73,signalAbs:5.73,signalCumSum:6.19
>a0:438,silence:443.73,signal:-5.73,signalAbs:5.73,signalCumSum:6.14
>a0:437,silence:443.73,signal:-6.73,signalAbs:6.73,signalCumSum:6.20
>a0:439,silence:443.73,signal:-4.73,signalAbs:4.73,signalCumSum:6.06
>a0:437,silence:443.73,signal:-6.73,signalAbs:6.73,signalCumSum:6.12
>a0:437,silence:443.73,signal:-6.73,signalAbs:6.73,signalCumSum:6.18
>a0:439,silence:443.73,signal:-4.73,signalAbs:4.73,signalCumSum:6.04
>a0:436,silence:443.73,signal:-7.73,signalAbs:7.73,signalCumSum:6.21
>a0:437,silence:443.73,signal:-6.73,signalAbs:6.73,signalCumSum:6.26
>a0:439,silence:443.73,signal:-4.73,signalAbs:4.73,signalCumSum:6.11
>a0:436,silence:443.73,signal:-7.73,signalAbs:7.73,signalCumSum:6.27
>a0:438,silence:443.73,signal:-5.73,signalAbs:5.73,signalCumSum:6.22
>a0:439,silence:443.73,signal:-4.73,signalAbs:4.73,signalCumSum:6.07
>a0:436,silence:443.73,signal:-7.73,signalAbs:7.73,signalCumSum:6.23
>a0:438,silence:443.73,signal:-5.73,signalAbs:5.73,signalCumSum:6.18
>a0:438,silence:443.73,signal:-5.73,signalAbs:5.73,signalCumSum:6.14
>a0:437,silence:443.73,signal:-6.73,signalAbs:6.73,signalCumSum:6.20
>a0:438,silence:443.73,signal:-5.73,signalAbs:5.73,signalCumSum:6.15
>a0:437,silence:443.73,signal:-6.73,signalAbs:6.73,signalCumSum:6.21
>a0:437,silence:443.73,signal:-6.73,signalAbs:6.73,signalCumSum:6.26
>a0:438,silence:443.73,signal:-5.73,signalAbs:5.73,signalCumSum:6.21
>a0:437,silence:443.73,signal:-6.73,signalAbs:6.73,signalCumSum:6.26
>a0:438,silence:443.39,signal:-5.39,signalAbs:5.39,signalCumSum:6.17
>a0:439,silence:443.07,signal:-4.07,signalAbs:4.07,signalCumSum:5.96
>a0:436,silence:442.77,signal:-6.77,signalAbs:6.77,signalCumSum:6.04
>a0:438,silence:442.48,signal:-4.48,signalAbs:4.48,signalCumSum:5.89
>a0:439,silence:442.21,signal:-3.21,signalAbs:3.21,signalCumSum:5.62
>a0:436,silence:441.95,signal:-5.95,signalAbs:5.95,signalCumSum:5.65
>a0:437,silence:441.70,signal:-4.70,signalAbs:4.70,signalCumSum:5.56
>a0:439,silence:441.47,signal:-2.47,signalAbs:2.47,signalCumSum:5.25
>a0:436,silence:441.24,signal:-5.24,signalAbs:5.24,signalCumSum:5.25
>a0:439,silence:441.03,signal:-2.03,signalAbs:2.03,signalCumSum:4.93
>a0:439,silence:440.83,signal:-1.83,signalAbs:1.83,signalCumSum:4.62
>a0:437,silence:440.64,signal:-3.64,signalAbs:3.64,signalCumSum:4.52
>a0:439,silence:440.46,signal:-1.46,signalAbs:1.46,signalCumSum:4.21
>a0:438,silence:440.28,signal:-2.28,signalAbs:2.28,signalCumSum:4.02
>a0:436,silence:440.12,signal:-4.12,signalAbs:4.12,signalCumSum:4.03
>a0:439,silence:439.96,signal:-0.96,signalAbs:0.96,signalCumSum:3.72
>a0:438,silence:439.81,signal:-1.81,signalAbs:1.81,signalCumSum:3.53
>a0:437,silence:439.67,signal:-2.67,signalAbs:2.67,signalCumSum:3.45
>a0:439,silence:439.54,signal:-0.54,signalAbs:0.54,signalCumSum:3.16
>a0:436,silence:439.41,signal:-3.41,signalAbs:3.41,signalCumSum:3.18
>a0:437,silence:439.29,signal:-2.29,signalAbs:2.29,signalCumSum:3.09
>a0:440,silence:439.18,signal:0.82,signalAbs:0.82,signalCumSum:2.87
>a0:436,silence:439.07,signal:-3.07,signalAbs:3.07,signalCumSum:2.89
>a0:438,silence:438.97,signal:-0.97,signalAbs:0.97,signalCumSum:2.69
>a0:439,silence:438.87,signal:0.13,signalAbs:0.13,signalCumSum:2.44
>a0:437,silence:438.77,signal:-1.77,signalAbs:1.77,signalCumSum:2.37
>a0:438,silence:438.69,signal:-0.69,signalAbs:0.69,signalCumSum:2.20
>a0:437,silence:438.60,signal:-1.60,signalAbs:1.60,signalCumSum:2.14
>a0:437,silence:438.52,signal:-1.52,signalAbs:1.52,signalCumSum:2.08
>a0:438,silence:438.44,signal:-0.44,signalAbs:0.44,signalCumSum:1.92
>a0:437,silence:438.37,signal:-1.37,signalAbs:1.37,signalCumSum:1.86
>a0:437,silence:438.30,signal:-1.30,signalAbs:1.30,signalCumSum:1.81
>a0:439,silence:438.24,signal:0.76,signalAbs:0.76,signalCumSum:1.70
>a0:436,silence:438.18,signal:-2.18,signalAbs:2.18,signalCumSum:1.75
>a0:438,silence:438.12,signal:-0.12,signalAbs:0.12,signalCumSum:1.59
>a0:439,silence:438.06,signal:0.94,signalAbs:0.94,signalCumSum:1.52
>a0:437,silence:438.01,signal:-1.01,signalAbs:1.01,signalCumSum:1.47
>a0:440,silence:437.96,signal:2.04,signalAbs:2.04,signalCumSum:1.53
>a0:438,silence:437.91,signal:0.09,signalAbs:0.09,signalCumSum:1.38
>a0:436,silence:437.86,signal:-1.86,signalAbs:1.86,signalCumSum:1.43
>a0:439,silence:437.82,signal:1.18,signalAbs:1.18,signalCumSum:1.41
>a0:436,silence:437.78,signal:-1.78,signalAbs:1.78,signalCumSum:1.44
>a0:438,silence:437.74,signal:0.26,signalAbs:0.26,signalCumSum:1.33
>a0:439,silence:437.70,signal:1.30,signalAbs:1.30,signalCumSum:1.32
>a0:437,silence:437.67,signal:-0.67,signalAbs:0.67,signalCumSum:1.26
>a0:438,silence:437.64,signal:0.36,signalAbs:0.36,signalCumSum:1.17
>a0:436,silence:437.60,signal:-1.60,signalAbs:1.60,signalCumSum:1.21
>a0:438,silence:437.57,signal:0.43,signalAbs:0.43,signalCumSum:1.13
>a0:440,silence:437.55,signal:2.45,signalAbs:2.45,signalCumSum:1.26
>a0:437,silence:437.52,signal:-0.52,signalAbs:0.52,signalCumSum:1.19
>a0:438,silence:437.49,signal:0.51,signalAbs:0.51,signalCumSum:1.12
>a0:437,silence:437.47,signal:-0.47,signalAbs:0.47,signalCumSum:1.06
>a0:436,silence:437.44,signal:-1.44,signalAbs:1.44,signalCumSum:1.10
>a0:438,silence:437.42,signal:0.58,signalAbs:0.58,signalCumSum:1.04
>a0:436,silence:437.40,signal:-1.40,signalAbs:1.40,signalCumSum:1.08
>a0:437,silence:437.38,signal:-0.38,signalAbs:0.38,signalCumSum:1.01
>a0:439,silence:437.36,signal:1.64,signalAbs:1.64,signalCumSum:1.07
>a0:436,silence:437.34,signal:-1.34,signalAbs:1.34,signalCumSum:1.10
>a0:437,silence:437.33,signal:-0.33,signalAbs:0.33,signalCumSum:1.02
>a0:438,silence:437.31,signal:0.69,signalAbs:0.69,signalCumSum:0.99
>a0:437,silence:437.29,signal:-0.29,signalAbs:0.29,signalCumSum:0.92
>a0:439,silence:437.28,signal:1.72,signalAbs:1.72,signalCumSum:1.00
>a0:437,silence:437.27,signal:-0.27,signalAbs:0.27,signalCumSum:0.93
>a0:436,silence:437.25,signal:-1.25,signalAbs:1.25,signalCumSum:0.96
>a0:439,silence:437.24,signal:1.76,signalAbs:1.76,signalCumSum:1.04
>a0:436,silence:437.23,signal:-1.23,signalAbs:1.23,signalCumSum:1.06
>a0:438,silence:437.22,signal:0.78,signalAbs:0.78,signalCumSum:1.03
>a0:438,silence:437.21,signal:0.79,signalAbs:0.79,signalCumSum:1.01
>a0:437,silence:437.20,signal:-0.20,signalAbs:0.20,signalCumSum:0.93
>a0:439,silence:437.19,signal:1.81,signalAbs:1.81,signalCumSum:1.01
>a0:436,silence:437.18,signal:-1.18,signalAbs:1.18,signalCumSum:1.03
>a0:437,silence:437.17,signal:-0.17,signalAbs:0.17,signalCumSum:0.94
>a0:439,silence:437.16,signal:1.84,signalAbs:1.84,signalCumSum:1.03
>a0:437,silence:437.15,signal:-0.15,signalAbs:0.15,signalCumSum:0.95
>a0:437,silence:437.14,signal:-0.14,signalAbs:0.14,signalCumSum:0.87
>a0:438,silence:437.14,signal:0.86,signalAbs:0.86,signalCumSum:0.87
>a0:438,silence:437.13,signal:0.87,signalAbs:0.87,signalCumSum:0.87
>a0:439,silence:437.12,signal:1.88,signalAbs:1.88,signalCumSum:0.97
>a0:436,silence:437.12,signal:-1.12,signalAbs:1.12,signalCumSum:0.98
>a0:437,silence:437.11,signal:-0.11,signalAbs:0.11,signalCumSum:0.89
>a0:439,silence:437.11,signal:1.89,signalAbs:1.89,signalCumSum:0.99
>a0:436,silence:437.10,signal:-1.10,signalAbs:1.10,signalCumSum:1.01
>a0:438,silence:437.10,signal:0.90,signalAbs:0.90,signalCumSum:1.00
>a0:437,silence:437.09,signal:-0.09,signalAbs:0.09,signalCumSum:0.90
>a0:437,silence:437.09,signal:-0.09,signalAbs:0.09,signalCumSum:0.82
>a0:439,silence:437.08,signal:1.92,signalAbs:1.92,signalCumSum:0.93
>a0:436,silence:437.08,signal:-1.08,signalAbs:1.08,signalCumSum:0.95
>a0:437,silence:437.07,signal:-0.07,signalAbs:0.07,signalCumSum:0.86
>a0:440,silence:437.07,signal:2.93,signalAbs:2.93,signalCumSum:1.07
>a0:435,silence:437.07,signal:-2.07,signalAbs:2.07,signalCumSum:1.17
>a0:438,silence:437.07,signal:0.93,signalAbs:0.93,signalCumSum:1.14
>a0:438,silence:437.07,signal:0.93,signalAbs:0.93,signalCumSum:1.12
>a0:437,silence:437.07,signal:-0.07,signalAbs:0.07,signalCumSum:1.02
>a0:439,silence:437.07,signal:1.93,signalAbs:1.93,signalCumSum:1.11
>a0:436,silence:437.07,signal:-1.07,signalAbs:1.07,signalCumSum:1.10
>a0:437,silence:437.07,signal:-0.07,signalAbs:0.07,signalCumSum:1.00
>a0:439,silence:437.07,signal:1.93,signalAbs:1.93,signalCumSum:1.09
>a0:436,silence:437.07,signal:-1.07,signalAbs:1.07,signalCumSum:1.09
>a0:437,silence:437.07,signal:-0.07,signalAbs:0.07,signalCumSum:0.99
>a0:438,silence:437.07,signal:0.93,signalAbs:0.93,signalCumSum:0.98
>a0:436,silence:437.07,signal:-1.07,signalAbs:1.07,signalCumSum:0.99
>a0:438,silence:437.07,signal:0.93,signalAbs:0.93,signalCumSum:0.99
>a0:437,silence:437.07,signal:-0.07,signalAbs:0.07,signalCumSum:0.89
>a0:437,silence:437.07,signal:-0.07,signalAbs:0.07,signalCumSum:0.81
>a0:439,silence:437.07,signal:1.93,signalAbs:1.93,signalCumSum:0.92
>a0:436,silence:437.07,signal:-1.07,signalAbs:1.07,signalCumSum:0.94
>a0:439,silence:437.07,signal:1.93,signalAbs:1.93,signalCumSum:1.04
>a0:438,silence:437.07,signal:0.93,signalAbs:0.93,signalCumSum:1.03
>a0:437,silence:437.07,signal:-0.07,signalAbs:0.07,signalCumSum:0.93
>a0:439,silence:437.07,signal:1.93,signalAbs:1.93,signalCumSum:1.03
>a0:436,silence:437.07,signal:-1.07,signalAbs:1.07,signalCumSum:1.03
>a0:436,silence:437.07,signal:-1.07,signalAbs:1.07,signalCumSum:1.04
>a0:438,silence:437.07,signal:0.93,signalAbs:0.93,signalCumSum:1.03
>a0:436,silence:437.07,signal:-1.07,signalAbs:1.07,signalCumSum:1.03
>a0:438,silence:437.07,signal:0.93,signalAbs:0.93,signalCumSum:1.02
>a0:439,silence:437.07,signal:1.93,signalAbs:1.93,signalCumSum:1.11
>a0:437,silence:437.07,signal:-0.07,signalAbs:0.07,signalCumSum:1.01
>a0:439,silence:437.07,signal:1.93,signalAbs:1.93,signalCumSum:1.10
>a0:436,silence:437.07,signal:-1.07,signalAbs:1.07,signalCumSum:1.10
>a0:437,silence:437.07,signal:-0.07,signalAbs:0.07,signalCumSum:0.99
>a0:440,silence:437.07,signal:2.93,signalAbs:2.93,signalCumSum:1.19
>a0:435,silence:437.07,signal:-2.07,signalAbs:2.07,signalCumSum:1.28
>a0:438,silence:437.07,signal:0.93,signalAbs:0.93,signalCumSum:1.24
>a0:438,silence:437.07,signal:0.93,signalAbs:0.93,signalCumSum:1.21
>a0:437,silence:437.07,signal:-0.07,signalAbs:0.07,signalCumSum:1.10
>a0:439,silence:437.07,signal:1.93,signalAbs:1.93,signalCumSum:1.18
>a0:436,silence:437.07,signal:-1.07,signalAbs:1.07,signalCumSum:1.17
>a0:438,silence:437.07,signal:0.93,signalAbs:0.93,signalCumSum:1.14
>a0:438,silence:437.07,signal:0.93,signalAbs:0.93,signalCumSum:1.12
>a0:438,silence:437.07,signal:0.93,signalAbs:0.93,signalCumSum:1.10
>a0:438,silence:437.07,signal:0.93,signalAbs:0.93,signalCumSum:1.09
>a0:436,silence:437.07,signal:-1.07,signalAbs:1.07,signalCumSum:1.09
>a0:437,silence:437.07,signal:-0.07,signalAbs:0.07,signalCumSum:0.98
>a0:439,silence:437.07,signal:1.93,signalAbs:1.93,signalCumSum:1.08
>a0:436,silence:437.07,signal:-1.07,signalAbs:1.07,signalCumSum:1.08
>a0:438,silence:437.07,signal:0.93,signalAbs:0.93,signalCumSum:1.06
>a0:438,silence:437.07,signal:0.93,signalAbs:0.93,signalCumSum:1.05
>a0:436,silence:437.07,signal:-1.07,signalAbs:1.07,signalCumSum:1.05
>a0:439,silence:437.07,signal:1.93,signalAbs:1.93,signalCumSum:1.14
>a0:436,silence:437.07,signal:-1.07,signalAbs:1.07,signalCumSum:1.13
>a0:438,silence:437.07,signal:0.93,signalAbs:0.93,signalCumSum:1.11
>a0:440,silence:437.07,signal:2.93,signalAbs:2.93,signalCumSum:1.29
>a0:436,silence:437.07,signal:-1.07,signalAbs:1.07,signalCumSum:1.27
>a0:438,silence:437.07,signal:0.93,signalAbs:0.93,signalCumSum:1.24
>a0:437,silence:437.07,signal:-0.07,signalAbs:0.07,signalCumSum:1.12
>a0:437,silence:437.07,signal:-0.07,signalAbs:0.07,signalCumSum:1.02
>a0:438,silence:437.07,signal:0.93,signalAbs:0.93,signalCumSum:1.01
>a0:436,silence:437.07,signal:-1.07,signalAbs:1.07,signalCumSum:1.01
>a0:437,silence:437.07,signal:-0.07,signalAbs:0.07,signalCumSum:0.92
>a0:439,silence:437.07,signal:1.93,signalAbs:1.93,signalCumSum:1.02
>a0:437,silence:437.07,signal:-0.07,signalAbs:0.07,signalCumSum:0.93
>a0:438,silence:437.07,signal:0.93,signalAbs:0.93,signalCumSum:0.93
>a0:437,silence:437.07,signal:-0.07,signalAbs:0.07,signalCumSum:0.84
>a0:436,silence:437.07,signal:-1.07,signalAbs:1.07,signalCumSum:0.86
>a0:439,silence:437.07,signal:1.93,signalAbs:1.93,signalCumSum:0.97
>a0:436,silence:437.07,signal:-1.07,signalAbs:1.07,signalCumSum:0.98
>a0:437,silence:437.07,signal:-0.07,signalAbs:0.07,signalCumSum:0.89
>a0:439,silence:437.07,signal:1.93,signalAbs:1.93,signalCumSum:0.99
>a0:437,silence:437.07,signal:-0.07,signalAbs:0.07,signalCumSum:0.90
>a0:438,silence:437.07,signal:0.93,signalAbs:0.93,signalCumSum:0.90
>a0:437,silence:437.07,signal:-0.07,signalAbs:0.07,signalCumSum:0.82
>a0:436,silence:437.07,signal:-1.07,signalAbs:1.07,signalCumSum:0.85
>a0:439,silence:437.07,signal:1.93,signalAbs:1.93,signalCumSum:0.95
>a0:437,silence:437.07,signal:-0.07,signalAbs:0.07,signalCumSum:0.87
>a0:438,silence:437.07,signal:0.93,signalAbs:0.93,signalCumSum:0.87
>a0:439,silence:437.07,signal:1.93,signalAbs:1.93,signalCumSum:0.98
>a0:436,silence:437.07,signal:-1.07,signalAbs:1.07,signalCumSum:0.99
>a0:438,silence:437.07,signal:0.93,signalAbs:0.93,signalCumSum:0.98
>a0:438,silence:437.07,signal:0.93,signalAbs:0.93,signalCumSum:0.98
>a0:437,silence:437.07,signal:-0.07,signalAbs:0.07,signalCumSum:0.89
>a0:439,silence:437.07,signal:1.93,signalAbs:1.93,signalCumSum:0.99
>a0:435,silence:437.07,signal:-2.07,signalAbs:2.07,signalCumSum:1.10
>a0:437,silence:437.07,signal:-0.07,signalAbs:0.07,signalCumSum:1.00
>a0:440,silence:437.07,signal:2.93,signalAbs:2.93,signalCumSum:1.19
>a0:437,silence:437.07,signal:-0.07,signalAbs:0.07,signalCumSum:1.08
>a0:438,silence:437.07,signal:0.93,signalAbs:0.93,signalCumSum:1.06
>a0:437,silence:437.07,signal:-0.07,signalAbs:0.07,signalCumSum:0.96
>a0:436,silence:437.07,signal:-1.07,signalAbs:1.07,signalCumSum:0.97
>a0:438,silence:437.07,signal:0.93,signalAbs:0.93,signalCumSum:0.97
>a0:436,silence:437.07,signal:-1.07,signalAbs:1.07,signalCumSum:0.98
>a0:437,silence:437.07,signal:-0.07,signalAbs:0.07,signalCumSum:0.89
>a0:439,silence:437.07,signal:1.93,signalAbs:1.93,signalCumSum:0.99
>a0:436,silence:437.07,signal:-1.07,signalAbs:1.07,signalCumSum:1.00
>a0:437,silence:437.07,signal:-0.07,signalAbs:0.07,signalCumSum:0.91
>a0:439,silence:437.07,signal:1.93,signalAbs:1.93,signalCumSum:1.01
>a0:436,silence:437.07,signal:-1.07,signalAbs:1.07,signalCumSum:1.02
>a0:438,silence:437.07,signal:0.93,signalAbs:0.93,signalCumSum:1.01
>a0:437,silence:437.07,signal:-0.07,signalAbs:0.07,signalCumSum:0.91
>a0:437,silence:437.07,signal:-0.07,signalAbs:0.07,signalCumSum:0.83
>a0:439,silence:437.07,signal:1.93,signalAbs:1.93,signalCumSum:0.94
>a0:436,silence:437.07,signal:-1.07,signalAbs:1.07,signalCumSum:0.95
>a0:438,silence:437.07,signal:0.93,signalAbs:0.93,signalCumSum:0.95
>a0:438,silence:437.07,signal:0.93,signalAbs:0.93,signalCumSum:0.95
>a0:437,silence:437.07,signal:-0.07,signalAbs:0.07,signalCumSum:0.86
>a0:438,silence:437.07,signal:0.93,signalAbs:0.93,signalCumSum:0.87
>a0:437,silence:437.07,signal:-0.07,signalAbs:0.07,signalCumSum:0.79
>a0:437,silence:437.07,signal:-0.07,signalAbs:0.07,signalCumSum:0.72
>a0:439,silence:437.07,signal:1.93,signalAbs:1.93,signalCumSum:0.84
>a0:436,silence:437.07,signal:-1.07,signalAbs:1.07,signalCumSum:0.86
>a0:438,silence:437.07,signal:0.93,signalAbs:0.93,signalCumSum:0.87
>a0:438,silence:437.07,signal:0.93,signalAbs:0.93,signalCumSum:0.87
>a0:437,silence:437.07,signal:-0.07,signalAbs:0.07,signalCumSum:0.79
>a0:438,silence:437.07,signal:0.93,signalAbs:0.93,signalCumSum:0.81
>a0:436,silence:437.07,signal:-1.07,signalAbs:1.07,signalCumSum:0.83
>a0:437,silence:437.07,signal:-0.07,signalAbs:0.07,signalCumSum:0.76
>a0:439,silence:437.07,signal:1.93,signalAbs:1.93,signalCumSum:0.87
>a0:436,silence:437.07,signal:-1.07,signalAbs:1.07,signalCumSum:0.89
>a0:438,silence:437.07,signal:0.93,signalAbs:0.93,signalCumSum:0.90
>a0:438,silence:437.07,signal:0.93,signalAbs:0.93,signalCumSum:0.90
>a0:438,silence:437.07,signal:0.93,signalAbs:0.93,signalCumSum:0.90
>a0:439,silence:437.07,signal:1.93,signalAbs:1.93,signalCumSum:1.01
>a0:435,silence:437.07,signal:-2.07,signalAbs:2.07,signalCumSum:1.11
>a0:438,silence:437.07,signal:0.93,signalAbs:0.93,signalCumSum:1.09
>a0:438,silence:437.07,signal:0.93,signalAbs:0.93,signalCumSum:1.08
>a0:436,silence:437.07,signal:-1.07,signalAbs:1.07,signalCumSum:1.08
>a0:438,silence:437.07,signal:0.93,signalAbs:0.93,signalCumSum:1.06
>a0:436,silence:437.07,signal:-1.07,signalAbs:1.07,signalCumSum:1.06
>a0:437,silence:437.07,signal:-0.07,signalAbs:0.07,signalCumSum:0.96
>a0:439,silence:437.07,signal:1.93,signalAbs:1.93,signalCumSum:1.06
>a0:436,silence:437.07,signal:-1.07,signalAbs:1.07,signalCumSum:1.06
>a0:439,silence:437.07,signal:1.93,signalAbs:1.93,signalCumSum:1.15
>a0:438,silence:437.07,signal:0.93,signalAbs:0.93,signalCumSum:1.13
>a0:437,silence:437.07,signal:-0.07,signalAbs:0.07,signalCumSum:1.02
>a0:439,silence:437.07,signal:1.93,signalAbs:1.93,signalCumSum:1.11
>a0:436,silence:437.07,signal:-1.07,signalAbs:1.07,signalCumSum:1.11
>a0:437,silence:437.07,signal:-0.07,signalAbs:0.07,signalCumSum:1.00
>a0:440,silence:437.07,signal:2.93,signalAbs:2.93,signalCumSum:1.20
>a0:435,silence:437.07,signal:-2.07,signalAbs:2.07,signalCumSum:1.28
>a0:438,silence:437.07,signal:0.93,signalAbs:0.93,signalCumSum:1.25
>a0:437,silence:437.07,signal:-0.07,signalAbs:0.07,signalCumSum:1.13
>a0:437,silence:437.07,signal:-0.07,signalAbs:0.07,signalCumSum:1.02
>a0:438,silence:437.07,signal:0.93,signalAbs:0.93,signalCumSum:1.02
>a0:436,silence:437.07,signal:-1.07,signalAbs:1.07,signalCumSum:1.02
>a0:437,silence:437.07,signal:-0.07,signalAbs:0.07,signalCumSum:0.93
>a0:440,silence:437.07,signal:2.93,signalAbs:2.93,signalCumSum:1.13
>a0:437,silence:437.07,signal:-0.07,signalAbs:0.07,signalCumSum:1.02
>a0:437,silence:437.07,signal:-0.07,signalAbs:0.07,signalCumSum:0.93
>a0:439,silence:437.07,signal:1.93,signalAbs:1.93,signalCumSum:1.03
>a0:436,silence:437.07,signal:-1.07,signalAbs:1.07,signalCumSum:1.03
>a0:439,silence:437.07,signal:1.93,signalAbs:1.93,signalCumSum:1.12
>a0:437,silence:437.07,signal:-0.07,signalAbs:0.07,signalCumSum:1.02
>a0:438,silence:437.07,signal:0.93,signalAbs:0.93,signalCumSum:1.01
>a0:440,silence:437.07,signal:2.93,signalAbs:2.93,signalCumSum:1.20
>a0:435,silence:437.07,signal:-2.07,signalAbs:2.07,signalCumSum:1.29
>a0:438,silence:437.07,signal:0.93,signalAbs:0.93,signalCumSum:1.25
>a0:437,silence:437.07,signal:-0.07,signalAbs:0.07,signalCumSum:1.13
>a0:438,silence:437.07,signal:0.93,signalAbs:0.93,signalCumSum:1.11
>a0:439,silence:437.07,signal:1.93,signalAbs:1.93,signalCumSum:1.19
>a0:437,silence:437.07,signal:-0.07,signalAbs:0.07,signalCumSum:1.08
>a0:437,silence:437.07,signal:-0.07,signalAbs:0.07,signalCumSum:0.98
>a0:440,silence:437.07,signal:2.93,signalAbs:2.93,signalCumSum:1.18
>a0:436,silence:437.07,signal:-1.07,signalAbs:1.07,signalCumSum:1.16
>a0:438,silence:437.07,signal:0.93,signalAbs:0.93,signalCumSum:1.14
>a0:438,silence:437.07,signal:0.93,signalAbs:0.93,signalCumSum:1.12
>a0:437,silence:437.07,signal:-0.07,signalAbs:0.07,signalCumSum:1.02
>a0:438,silence:437.07,signal:0.93,signalAbs:0.93,signalCumSum:1.01
>a0:436,silence:437.07,signal:-1.07,signalAbs:1.07,signalCumSum:1.01
>a0:438,silence:437.07,signal:0.93,signalAbs:0.93,signalCumSum:1.00
>a0:439,silence:437.07,signal:1.93,signalAbs:1.93,signalCumSum:1.10
>a0:437,silence:437.07,signal:-0.07,signalAbs:0.07,signalCumSum:0.99
>a0:438,silence:437.07,signal:0.93,signalAbs:0.93,signalCumSum:0.99
>a0:436,silence:437.07,signal:-1.07,signalAbs:1.07,signalCumSum:1.00
>a0:438,silence:437.07,signal:0.93,signalAbs:0.93,signalCumSum:0.99
>a0:440,silence:437.07,signal:2.93,signalAbs:2.93,signalCumSum:1.18
>a0:437,silence:437.07,signal:-0.07,signalAbs:0.07,signalCumSum:1.07
>a0:438,silence:437.07,signal:0.93,signalAbs:0.93,signalCumSum:1.06
>a0:437,silence:437.07,signal:-0.07,signalAbs:0.07,signalCumSum:0.96
>a0:438,silence:437.07,signal:0.93,signalAbs:0.93,signalCumSum:0.96
>a0:439,silence:437.07,signal:1.93,signalAbs:1.93,signalCumSum:1.05
>a0:436,silence:437.07,signal:-1.07,signalAbs:1.07,signalCumSum:1.06
>a0:437,silence:437.07,signal:-0.07,signalAbs:0.07,signalCumSum:0.96
>a0:439,silence:437.07,signal:1.93,signalAbs:1.93,signalCumSum:1.05
>a0:436,silence:437.07,signal:-1.07,signalAbs:1.07,signalCumSum:1.06
>a0:438,silence:437.07,signal:0.93,signalAbs:0.93,signalCumSum:1.04
>a0:438,silence:437.07,signal:0.93,signalAbs:0.93,signalCumSum:1.03
>a0:438,silence:437.07,signal:0.93,signalAbs:0.93,signalCumSum:1.02
>a0:439,silence:437.07,signal:1.93,signalAbs:1.93,signalCumSum:1.11
>a0:437,silence:437.07,signal:-0.07,signalAbs:0.07,signalCumSum:1.01
>a0:439,silence:437.07,signal:1.93,signalAbs:1.93,signalCumSum:1.10
>a0:438,silence:437.07,signal:0.93,signalAbs:0.93,signalCumSum:1.08
>a0:437,silence:437.07,signal:-0.07,signalAbs:0.07,signalCumSum:0.98
>a0:439,silence:437.07,signal:1.93,signalAbs:1.93,signalCumSum:1.08
>a0:436,silence:437.07,signal:-1.07,signalAbs:1.07,signalCumSum:1.08
>a0:439,silence:437.07,signal:1.93,signalAbs:1.93,signalCumSum:1.16
>a0:438,silence:437.07,signal:0.93,signalAbs:0.93,signalCumSum:1.14
>a0:437,silence:437.07,signal:-0.07,signalAbs:0.07,signalCumSum:1.03
>a0:439,silence:437.07,signal:1.93,signalAbs:1.93,signalCumSum:1.12
>a0:436,silence:437.07,signal:-1.07,signalAbs:1.07,signalCumSum:1.12
>a0:437,silence:437.07,signal:-0.07,signalAbs:0.07,signalCumSum:1.01
>a0:440,silence:437.07,signal:2.93,signalAbs:2.93,signalCumSum:1.20
>a0:437,silence:437.07,signal:-0.07,signalAbs:0.07,signalCumSum:1.09
>a0:438,silence:437.07,signal:0.93,signalAbs:0.93,signalCumSum:1.07
>a0:438,silence:437.07,signal:0.93,signalAbs:0.93,signalCumSum:1.06
>a0:437,silence:437.07,signal:-0.07,signalAbs:0.07,signalCumSum:0.96
>a0:438,silence:437.07,signal:0.93,signalAbs:0.93,signalCumSum:0.96
>a0:435,silence:437.07,signal:-2.07,signalAbs:2.07,signalCumSum:1.07
>a0:437,silence:437.07,signal:-0.07,signalAbs:0.07,signalCumSum:0.97
>a0:440,silence:437.07,signal:2.93,signalAbs:2.93,signalCumSum:1.17
>a0:437,silence:437.07,signal:-0.07,signalAbs:0.07,signalCumSum:1.06
>a0:438,silence:437.07,signal:0.93,signalAbs:0.93,signalCumSum:1.04
>a0:437,silence:437.07,signal:-0.07,signalAbs:0.07,signalCumSum:0.95
>a0:437,silence:437.07,signal:-0.07,signalAbs:0.07,signalCumSum:0.86
>a0:439,silence:437.07,signal:1.93,signalAbs:1.93,signalCumSum:0.97
>a0:436,silence:437.07,signal:-1.07,signalAbs:1.07,signalCumSum:0.98
>a0:437,silence:437.07,signal:-0.07,signalAbs:0.07,signalCumSum:0.89
>a0:439,silence:437.07,signal:1.93,signalAbs:1.93,signalCumSum:0.99
>a0:436,silence:437.07,signal:-1.07,signalAbs:1.07,signalCumSum:1.00
>a0:437,silence:437.07,signal:-0.07,signalAbs:0.07,signalCumSum:0.90
>a0:439,silence:437.07,signal:1.93,signalAbs:1.93,signalCumSum:1.01
>a0:437,silence:437.07,signal:-0.07,signalAbs:0.07,signalCumSum:0.91
>a0:438,silence:437.07,signal:0.93,signalAbs:0.93,signalCumSum:0.92
>a0:437,silence:437.07,signal:-0.07,signalAbs:0.07,signalCumSum:0.83
>a0:437,silence:437.07,signal:-0.07,signalAbs:0.07,signalCumSum:0.75
>a0:439,silence:437.07,signal:1.93,signalAbs:1.93,signalCumSum:0.87
>a0:436,silence:437.07,signal:-1.07,signalAbs:1.07,signalCumSum:0.89
>a0:438,silence:437.07,signal:0.93,signalAbs:0.93,signalCumSum:0.90
>a0:439,silence:437.07,signal:1.93,signalAbs:1.93,signalCumSum:1.00
>a0:437,silence:437.07,signal:-0.07,signalAbs:0.07,signalCumSum:0.91
>a0:438,silence:437.07,signal:0.93,signalAbs:0.93,signalCumSum:0.91
>a0:436,silence:437.07,signal:-1.07,signalAbs:1.07,signalCumSum:0.92
>a0:437,silence:437.07,signal:-0.07,signalAbs:0.07,signalCumSum:0.84
>a0:440,silence:437.07,signal:2.93,signalAbs:2.93,signalCumSum:1.05
>a0:436,silence:437.07,signal:-1.07,signalAbs:1.07,signalCumSum:1.05
>a0:438,silence:437.07,signal:0.93,signalAbs:0.93,signalCumSum:1.04
>a0:437,silence:437.07,signal:-0.07,signalAbs:0.07,signalCumSum:0.94
>a0:437,silence:437.07,signal:-0.07,signalAbs:0.07,signalCumSum:0.85
>a0:437,silence:437.07,signal:-0.07,signalAbs:0.07,signalCumSum:0.78
>a0:437,silence:437.07,signal:-0.07,signalAbs:0.07,signalCumSum:0.71
>a0:437,silence:437.07,signal:-0.07,signalAbs:0.07,signalCumSum:0.64
>a0:438,silence:437.07,signal:0.93,signalAbs:0.93,signalCumSum:0.67
>a0:436,silence:437.07,signal:-1.07,signalAbs:1.07,signalCumSum:0.71
>a0:437,silence:437.07,signal:-0.07,signalAbs:0.07,signalCumSum:0.65
>a0:440,silence:437.07,signal:2.93,signalAbs:2.93,signalCumSum:0.87
>a0:436,silence:437.07,signal:-1.07,signalAbs:1.07,signalCumSum:0.89
>a0:439,silence:437.07,signal:1.93,signalAbs:1.93,signalCumSum:1.00
>a0:437,silence:437.07,signal:-0.07,signalAbs:0.07,signalCumSum:0.91
>a0:437,silence:437.07,signal:-0.07,signalAbs:0.07,signalCumSum:0.82
>a0:439,silence:437.07,signal:1.93,signalAbs:1.93,signalCumSum:0.93
>a0:436,silence:437.07,signal:-1.07,signalAbs:1.07,signalCumSum:0.95
>a0:436,silence:437.07,signal:-1.07,signalAbs:1.07,signalCumSum:0.96
>a0:439,silence:437.07,signal:1.93,signalAbs:1.93,signalCumSum:1.06
>a0:436,silence:437.07,signal:-1.07,signalAbs:1.07,signalCumSum:1.06
>a0:438,silence:437.07,signal:0.93,signalAbs:0.93,signalCumSum:1.04
>a0:437,silence:437.07,signal:-0.07,signalAbs:0.07,signalCumSum:0.95
>a0:436,silence:437.07,signal:-1.07,signalAbs:1.07,signalCumSum:0.96
>a0:439,silence:437.07,signal:1.93,signalAbs:1.93,signalCumSum:1.06
>a0:437,silence:437.07,signal:-0.07,signalAbs:0.07,signalCumSum:0.96
>a0:438,silence:437.07,signal:0.93,signalAbs:0.93,signalCumSum:0.95
>a0:440,silence:437.07,signal:2.93,signalAbs:2.93,signalCumSum:1.15
>a0:436,silence:437.07,signal:-1.07,signalAbs:1.07,signalCumSum:1.14
>a0:437,silence:437.07,signal:-0.07,signalAbs:0.07,signalCumSum:1.04
>a0:438,silence:437.07,signal:0.93,signalAbs:0.93,signalCumSum:1.03
>a0:437,silence:437.07,signal:-0.07,signalAbs:0.07,signalCumSum:0.93
>a0:438,silence:437.07,signal:0.93,signalAbs:0.93,signalCumSum:0.93
>a0:436,silence:437.07,signal:-1.07,signalAbs:1.07,signalCumSum:0.94
>a0:437,silence:437.07,signal:-0.07,signalAbs:0.07,signalCumSum:0.86
>a0:439,silence:437.07,signal:1.93,signalAbs:1.93,signalCumSum:0.96
>a0:436,silence:437.07,signal:-1.07,signalAbs:1.07,signalCumSum:0.97
>a0:438,silence:437.07,signal:0.93,signalAbs:0.93,signalCumSum:0.97
>a0:438,silence:437.07,signal:0.93,signalAbs:0.93,signalCumSum:0.97
>a0:436,silence:437.07,signal:-1.07,signalAbs:1.07,signalCumSum:0.98
>a0:438,silence:437.07,signal:0.93,signalAbs:0.93,signalCumSum:0.97
>a0:436,silence:437.07,signal:-1.07,signalAbs:1.07,signalCumSum:0.98
>a0:438,silence:437.07,signal:0.93,signalAbs:0.93,signalCumSum:0.98
>a0:440,silence:437.07,signal:2.93,signalAbs:2.93,signalCumSum:1.17
>a0:437,silence:437.07,signal:-0.07,signalAbs:0.07,signalCumSum:1.06
>a0:438,silence:437.07,signal:0.93,signalAbs:0.93,signalCumSum:1.05
>a0:438,silence:437.07,signal:0.93,signalAbs:0.93,signalCumSum:1.04
>a0:437,silence:437.07,signal:-0.07,signalAbs:0.07,signalCumSum:0.94
>a0:439,silence:437.07,signal:1.93,signalAbs:1.93,signalCumSum:1.04
>a0:436,silence:437.07,signal:-1.07,signalAbs:1.07,signalCumSum:1.04
>a0:438,silence:437.07,signal:0.93,signalAbs:0.93,signalCumSum:1.03
>a0:438,silence:437.07,signal:0.93,signalAbs:0.93,signalCumSum:1.02
>a0:437,silence:437.07,signal:-0.07,signalAbs:0.07,signalCumSum:0.93
>a0:438,silence:437.07,signal:0.93,signalAbs:0.93,signalCumSum:0.93
>a0:436,silence:437.07,signal:-1.07,signalAbs:1.07,signalCumSum:0.94
>a0:438,silence:437.07,signal:0.93,signalAbs:0.93,signalCumSum:0.94
>a0:439,silence:437.07,signal:1.93,signalAbs:1.93,signalCumSum:1.04
>a0:437,silence:437.07,signal:-0.07,signalAbs:0.07,signalCumSum:0.94
>a0:439,silence:437.07,signal:1.93,signalAbs:1.93,signalCumSum:1.04
>a0:438,silence:437.07,signal:0.93,signalAbs:0.93,signalCumSum:1.03
>a0:437,silence:437.07,signal:-0.07,signalAbs:0.07,signalCumSum:0.93
>a0:439,silence:437.07,signal:1.93,signalAbs:1.93,signalCumSum:1.03
>a0:436,silence:437.07,signal:-1.07,signalAbs:1.07,signalCumSum:1.04
>a0:438,silence:437.07,signal:0.93,signalAbs:0.93,signalCumSum:1.03
>a0:438,silence:437.07,signal:0.93,signalAbs:0.93,signalCumSum:1.02
>a0:437,silence:437.07,signal:-0.07,signalAbs:0.07,signalCumSum:0.92
>a0:438,silence:437.07,signal:0.93,signalAbs:0.93,signalCumSum:0.92
>a0:437,silence:437.07,signal:-0.07,signalAbs:0.07,signalCumSum:0.84
>a0:437,silence:437.07,signal:-0.07,signalAbs:0.07,signalCumSum:0.76
>a0:440,silence:437.07,signal:2.93,signalAbs:2.93,signalCumSum:0.98
>a0:435,silence:437.07,signal:-2.07,signalAbs:2.07,signalCumSum:1.09
>a0:438,silence:437.07,signal:0.93,signalAbs:0.93,signalCumSum:1.07
>a0:438,silence:437.07,signal:0.93,signalAbs:0.93,signalCumSum:1.06
>a0:437,silence:437.07,signal:-0.07,signalAbs:0.07,signalCumSum:0.96
>a0:439,silence:437.07,signal:1.93,signalAbs:1.93,signalCumSum:1.06
>a0:436,silence:437.07,signal:-1.07,signalAbs:1.07,signalCumSum:1.06
>a0:437,silence:437.07,signal:-0.07,signalAbs:0.07,signalCumSum:0.96
>a0:439,silence:437.07,signal:1.93,signalAbs:1.93,signalCumSum:1.06
>a0:436,silence:437.07,signal:-1.07,signalAbs:1.07,signalCumSum:1.06
>a0:438,silence:437.07,signal:0.93,signalAbs:0.93,signalCumSum:1.04
>a0:437,silence:437.07,signal:-0.07,signalAbs:0.07,signalCumSum:0.95
>a0:437,silence:437.07,signal:-0.07,signalAbs:0.07,signalCumSum:0.86
>a0:438,silence:437.07,signal:0.93,signalAbs:0.93,signalCumSum:0.87
>a0:436,silence:437.07,signal:-1.07,signalAbs:1.07,signalCumSum:0.89
>a0:437,silence:437.07,signal:-0.07,signalAbs:0.07,signalCumSum:0.80
>a0:440,silence:437.07,signal:2.93,signalAbs:2.93,signalCumSum:1.02
>a0:436,silence:437.07,sign