=~=~=~=~=~=~=~=~=~=~=~= PuTTY log 2025.04.29 20:05:47 =~=~=~=~=~=~=~=~=~=~=~=
Initial silence level: 512.00 (2.50 V)
>a0:456,silence:512.00,signal:-56.00,signalAbs:56.00,signalCumSum:5.60
>a0:354,silence:512.00,signal:-158.00,signalAbs:158.00,signalCumSum:20.84
>a0:429,silence:512.00,signal:-83.00,signalAbs:83.00,signalCumSum:27.06
>a0:367,silence:512.00,signal:-145.00,signalAbs:145.00,signalCumSum:38.85
>a0:524,silence:512.00,signal:12.00,signalAbs:12.00,signalCumSum:36.17
>a0:479,silence:512.00,signal:-33.00,signalAbs:33.00,signalCumSum:35.85
>a0:435,silence:512.00,signal:-77.00,signalAbs:77.00,signalCumSum:39.96
>a0:443,silence:512.00,signal:-69.00,signalAbs:69.00,signalCumSum:42.87
>a0:451,silence:512.00,signal:-61.00,signalAbs:61.00,signalCumSum:44.68
>a0:463,silence:512.00,signal:-49.00,signalAbs:49.00,signalCumSum:45.11
>a0:429,silence:512.00,signal:-83.00,signalAbs:83.00,signalCumSum:48.90
>a0:438,silence:512.00,signal:-74.00,signalAbs:74.00,signalCumSum:51.41
>a0:467,silence:512.00,signal:-45.00,signalAbs:45.00,signalCumSum:50.77
>a0:386,silence:512.00,signal:-126.00,signalAbs:126.00,signalCumSum:58.29
>a0:459,silence:512.00,signal:-53.00,signalAbs:53.00,signalCumSum:57.76
>a0:413,silence:512.00,signal:-99.00,signalAbs:99.00,signalCumSum:61.89
>a0:485,silence:512.00,signal:-27.00,signalAbs:27.00,signalCumSum:58.40
>a0:447,silence:512.00,signal:-65.00,signalAbs:65.00,signalCumSum:59.06
>a0:423,silence:512.00,signal:-89.00,signalAbs:89.00,signalCumSum:62.05
>a0:449,silence:512.00,signal:-63.00,signalAbs:63.00,signalCumSum:62.15
>a0:432,silence:512.00,signal:-80.00,signalAbs:80.00,signalCumSum:63.93
>a0:407,silence:512.00,signal:-105.00,signalAbs:105.00,signalCumSum:68.04
>a0:443,silence:512.00,signal:-69.00,signalAbs:69.00,signalCumSum:68.14
>a0:404,silence:512.00,signal:-108.00,signalAbs:108.00,signalCumSum:72.12
>a0:450,silence:512.00,signal:-62.00,signalAbs:62.00,signalCumSum:71.11
>a0:515,silence:512.00,signal:3.00,signalAbs:3.00,signalCumSum:64.30
>a0:510,silence:512.00,signal:-2.00,signalAbs:2.00,signalCumSum:58.07
>a0:442,silence:512.00,signal:-70.00,signalAbs:70.00,signalCumSum:59.26
>a0:424,silence:512.00,signal:-88.00,signalAbs:88.00,signalCumSum:62.14
>a0:494,silence:512.00,signal:-18.00,signalAbs:18.00,signalCumSum:57.72
>a0:477,silence:512.00,signal:-35.00,signalAbs:35.00,signalCumSum:55.45
>a0:404,silence:512.00,signal:-108.00,signalAbs:108.00,signalCumSum:60.71
>a0:448,silence:512.00,signal:-64.00,signalAbs:64.00,signalCumSum:61.03
>a0:424,silence:512.00,signal:-88.00,signalAbs:88.00,signalCumSum:63.73
>a0:448,silence:512.00,signal:-64.00,signalAbs:64.00,signalCumSum:63.76
>a0:445,silence:512.00,signal:-67.00,signalAbs:67.00,signalCumSum:64.08
>a0:411,silence:512.00,signal:-101.00,signalAbs:101.00,signalCumSum:67.77
>a0:469,silence:512.00,signal:-43.00,signalAbs:43.00,signalCumSum:65.30
>a0:466,silence:512.00,signal:-46.00,signalAbs:46.00,signalCumSum:63.37
>a0:458,silence:512.00,signal:-54.00,signalAbs:54.00,signalCumSum:62.43
>a0:416,silence:512.00,signal:-96.00,signalAbs:96.00,signalCumSum:65.79
>a0:451,silence:512.00,signal:-61.00,signalAbs:61.00,signalCumSum:65.31
>a0:408,silence:512.00,signal:-104.00,signalAbs:104.00,signalCumSum:69.18
>a0:412,silence:512.00,signal:-100.00,signalAbs:100.00,signalCumSum:72.26
>a0:354,silence:512.00,signal:-158.00,signalAbs:158.00,signalCumSum:80.83
>a0:419,silence:512.00,signal:-93.00,signalAbs:93.00,signalCumSum:82.05
>a0:438,silence:512.00,signal:-74.00,signalAbs:74.00,signalCumSum:81.25
>a0:438,silence:512.00,signal:-74.00,signalAbs:74.00,signalCumSum:80.52
>a0:456,silence:512.00,signal:-56.00,signalAbs:56.00,signalCumSum:78.07
>a0:482,silence:512.00,signal:-30.00,signalAbs:30.00,signalCumSum:73.26
>a0:393,silence:512.00,signal:-119.00,signalAbs:119.00,signalCumSum:77.84
>a0:415,silence:512.00,signal:-97.00,signalAbs:97.00,signalCumSum:79.75
>a0:466,silence:512.00,signal:-46.00,signalAbs:46.00,signalCumSum:76.38
>a0:440,silence:512.00,signal:-72.00,signalAbs:72.00,signalCumSum:75.94
>a0:496,silence:512.00,signal:-16.00,signalAbs:16.00,signalCumSum:69.95
>a0:470,silence:512.00,signal:-42.00,signalAbs:42.00,signalCumSum:67.15
>a0:433,silence:512.00,signal:-79.00,signalAbs:79.00,signalCumSum:68.34
>a0:423,silence:512.00,signal:-89.00,signalAbs:89.00,signalCumSum:70.40
>a0:464,silence:512.00,signal:-48.00,signalAbs:48.00,signalCumSum:68.16
>a0:442,silence:512.00,signal:-70.00,signalAbs:70.00,signalCumSum:68.35
>a0:427,silence:512.00,signal:-85.00,signalAbs:85.00,signalCumSum:70.01
>a0:444,silence:512.00,signal:-68.00,signalAbs:68.00,signalCumSum:69.81
>a0:407,silence:512.00,signal:-105.00,signalAbs:105.00,signalCumSum:73.33
>a0:462,silence:512.00,signal:-50.00,signalAbs:50.00,signalCumSum:71.00
>a0:427,silence:512.00,signal:-85.00,signalAbs:85.00,signalCumSum:72.40
>a0:417,silence:512.00,signal:-95.00,signalAbs:95.00,signalCumSum:74.66
>a0:445,silence:512.00,signal:-67.00,signalAbs:67.00,signalCumSum:73.89
>a0:417,silence:512.00,signal:-95.00,signalAbs:95.00,signalCumSum:76.00
>a0:517,silence:512.00,signal:5.00,signalAbs:5.00,signalCumSum:68.90
>a0:380,silence:512.00,signal:-132.00,signalAbs:132.00,signalCumSum:75.21
>a0:467,silence:512.00,signal:-45.00,signalAbs:45.00,signalCumSum:72.19
>a0:496,silence:512.00,signal:-16.00,signalAbs:16.00,signalCumSum:66.57
>a0:433,silence:512.00,signal:-79.00,signalAbs:79.00,signalCumSum:67.81
>a0:429,silence:512.00,signal:-83.00,signalAbs:83.00,signalCumSum:69.33
>a0:425,silence:512.00,signal:-87.00,signalAbs:87.00,signalCumSum:71.10
>a0:440,silence:512.00,signal:-72.00,signalAbs:72.00,signalCumSum:71.19
>a0:412,silence:512.00,signal:-100.00,signalAbs:100.00,signalCumSum:74.07
>a0:431,silence:512.00,signal:-81.00,signalAbs:81.00,signalCumSum:74.76
>a0:449,silence:512.00,signal:-63.00,signalAbs:63.00,signalCumSum:73.59
>a0:421,silence:512.00,signal:-91.00,signalAbs:91.00,signalCumSum:75.33
>a0:422,silence:512.00,signal:-90.00,signalAbs:90.00,signalCumSum:76.80
>a0:441,silence:512.00,signal:-71.00,signalAbs:71.00,signalCumSum:76.22
>a0:410,silence:512.00,signal:-102.00,signalAbs:102.00,signalCumSum:78.79
>a0:447,silence:512.00,signal:-65.00,signalAbs:65.00,signalCumSum:77.42
>a0:425,silence:512.00,signal:-87.00,signalAbs:87.00,signalCumSum:78.37
>a0:461,silence:512.00,signal:-51.00,signalAbs:51.00,signalCumSum:75.64
>a0:438,silence:512.00,signal:-74.00,signalAbs:74.00,signalCumSum:75.47
>a0:469,silence:512.00,signal:-43.00,signalAbs:43.00,signalCumSum:72.23
>a0:447,silence:512.00,signal:-65.00,signalAbs:65.00,signalCumSum:71.50
>a0:465,silence:512.00,signal:-47.00,signalAbs:47.00,signalCumSum:69.05
>a0:465,silence:512.00,signal:-47.00,signalAbs:47.00,signalCumSum:66.85
>a0:492,silence:512.00,signal:-20.00,signalAbs:20.00,signalCumSum:62.16
>a0:464,silence:512.00,signal:-48.00,signalAbs:48.00,signalCumSum:60.75
>a0:461,silence:512.00,signal:-51.00,signalAbs:51.00,signalCumSum:59.77
>a0:453,silence:512.00,signal:-59.00,signalAbs:59.00,signalCumSum:59.69
>a0:432,silence:512.00,signal:-80.00,signalAbs:80.00,signalCumSum:61.73
>a0:431,silence:512.00,signal:-81.00,signalAbs:81.00,signalCumSum:63.65
>a0:436,silence:512.00,signal:-76.00,signalAbs:76.00,signalCumSum:64.89
>a0:459,silence:512.00,signal:-53.00,signalAbs:53.00,signalCumSum:63.70
>a0:424,silence:512.00,signal:-88.00,signalAbs:88.00,signalCumSum:66.13
>a0:428,silence:512.00,signal:-84.00,signalAbs:84.00,signalCumSum:67.92
>a0:421,silence:512.00,signal:-91.00,signalAbs:91.00,signalCumSum:70.22
>a0:431,silence:512.00,signal:-81.00,signalAbs:81.00,signalCumSum:71.30
>a0:427,silence:512.00,signal:-85.00,signalAbs:85.00,signalCumSum:72.67
>a0:412,silence:512.00,signal:-100.00,signalAbs:100.00,signalCumSum:75.40
>a0:452,silence:512.00,signal:-60.00,signalAbs:60.00,signalCumSum:73.86
>a0:448,silence:512.00,signal:-64.00,signalAbs:64.00,signalCumSum:72.88
>a0:458,silence:512.00,signal:-54.00,signalAbs:54.00,signalCumSum:70.99
>a0:450,silence:512.00,signal:-62.00,signalAbs:62.00,signalCumSum:70.09
>a0:438,silence:512.00,signal:-74.00,signalAbs:74.00,signalCumSum:70.48
>a0:516,silence:512.00,signal:4.00,signalAbs:4.00,signalCumSum:63.83
>a0:435,silence:512.00,signal:-77.00,signalAbs:77.00,signalCumSum:65.15
>a0:448,silence:512.00,signal:-64.00,signalAbs:64.00,signalCumSum:65.04
>a0:449,silence:512.00,signal:-63.00,signalAbs:63.00,signalCumSum:64.83
>a0:472,silence:512.00,signal:-40.00,signalAbs:40.00,signalCumSum:62.35
>a0:444,silence:512.00,signal:-68.00,signalAbs:68.00,signalCumSum:62.91
>a0:439,silence:512.00,signal:-73.00,signalAbs:73.00,signalCumSum:63.92
>a0:449,silence:512.00,signal:-63.00,signalAbs:63.00,signalCumSum:63.83
>a0:424,silence:512.00,signal:-88.00,signalAbs:88.00,signalCumSum:66.25
>a0:429,silence:512.00,signal:-83.00,signalAbs:83.00,signalCumSum:67.92
>a0:442,silence:512.00,signal:-70.00,signalAbs:70.00,signalCumSum:68.13
>a0:487,silence:512.00,signal:-25.00,signalAbs:25.00,signalCumSum:63.82
>a0:428,silence:512.00,signal:-84.00,signalAbs:84.00,signalCumSum:65.84
>a0:438,silence:512.00,signal:-74.00,signalAbs:74.00,signalCumSum:66.65
>a0:429,silence:512.00,signal:-83.00,signalAbs:83.00,signalCumSum:68.29
>a0:442,silence:512.00,signal:-70.00,signalAbs:70.00,signalCumSum:68.46
>a0:411,silence:512.00,signal:-101.00,signalAbs:101.00,signalCumSum:71.71
>a0:459,silence:512.00,signal:-53.00,signalAbs:53.00,signalCumSum:69.84
>a0:481,silence:512.00,signal:-31.00,signalAbs:31.00,signalCumSum:65.96
>a0:444,silence:512.00,signal:-68.00,signalAbs:68.00,signalCumSum:66.16
>a0:471,silence:512.00,signal:-41.00,signalAbs:41.00,signalCumSum:63.65
>a0:420,silence:512.00,signal:-92.00,signalAbs:92.00,signalCumSum:66.48
>a0:441,silence:512.00,signal:-71.00,signalAbs:71.00,signalCumSum:66.93
>a0:420,silence:512.00,signal:-92.00,signalAbs:92.00,signalCumSum:69.44
>a0:442,silence:512.00,signal:-70.00,signalAbs:70.00,signalCumSum:69.50
>a0:408,silence:512.00,signal:-104.00,signalAbs:104.00,signalCumSum:72.95
>a0:425,silence:512.00,signal:-87.00,signalAbs:87.00,signalCumSum:74.35
>a0:426,silence:512.00,signal:-86.00,signalAbs:86.00,signalCumSum:75.52
>a0:415,silence:512.00,signal:-97.00,signalAbs:97.00,signalCumSum:77.66
>a0:424,silence:512.00,signal:-88.00,signalAbs:88.00,signalCumSum:78.70
>a0:394,silence:512.00,signal:-118.00,signalAbs:118.00,signalCumSum:82.63
>a0:460,silence:512.00,signal:-52.00,signalAbs:52.00,signalCumSum:79.57
>a0:455,silence:512.00,signal:-57.00,signalAbs:57.00,signalCumSum:77.31
>a0:472,silence:512.00,signal:-40.00,signalAbs:40.00,signalCumSum:73.58
>a0:448,silence:512.00,signal:-64.00,signalAbs:64.00,signalCumSum:72.62
>a0:439,silence:512.00,signal:-73.00,signalAbs:73.00,signalCumSum:72.66
>a0:446,silence:512.00,signal:-66.00,signalAbs:66.00,signalCumSum:71.99
>a0:410,silence:512.00,signal:-102.00,signalAbs:102.00,signalCumSum:74.99
>a0:442,silence:512.00,signal:-70.00,signalAbs:70.00,signalCumSum:74.49
>a0:404,silence:512.00,signal:-108.00,signalAbs:108.00,signalCumSum:77.84
>a0:458,silence:512.00,signal:-54.00,signalAbs:54.00,signalCumSum:75.46
>a0:457,silence:512.00,signal:-55.00,signalAbs:55.00,signalCumSum:73.41
>a0:390,silence:512.00,signal:-122.00,signalAbs:122.00,signalCumSum:78.27
>a0:463,silence:512.00,signal:-49.00,signalAbs:49.00,signalCumSum:75.35
>a0:465,silence:512.00,signal:-47.00,signalAbs:47.00,signalCumSum:72.51
>a0:467,silence:512.00,signal:-45.00,signalAbs:45.00,signalCumSum:69.76
>a0:417,silence:512.00,signal:-95.00,signalAbs:95.00,signalCumSum:72.28
>a0:440,silence:512.00,signal:-72.00,signalAbs:72.00,signalCumSum:72.26
>a0:437,silence:512.00,signal:-75.00,signalAbs:75.00,signalCumSum:72.53
>a0:463,silence:512.00,signal:-49.00,signalAbs:49.00,signalCumSum:70.18
>a0:464,silence:512.00,signal:-48.00,signalAbs:48.00,signalCumSum:67.96
>a0:430,silence:512.00,signal:-82.00,signalAbs:82.00,signalCumSum:69.36
>a0:442,silence:512.00,signal:-70.00,signalAbs:70.00,signalCumSum:69.43
>a0:472,silence:512.00,signal:-40.00,signalAbs:40.00,signalCumSum:66.48
>a0:444,silence:512.00,signal:-68.00,signalAbs:68.00,signalCumSum:66.64
>a0:412,silence:512.00,signal:-100.00,signalAbs:100.00,signalCumSum:69.97
>a0:464,silence:512.00,signal:-48.00,signalAbs:48.00,signalCumSum:67.77
>a0:418,silence:512.00,signal:-94.00,signalAbs:94.00,signalCumSum:70.40
>a0:459,silence:512.00,signal:-53.00,signalAbs:53.00,signalCumSum:68.66
>a0:415,silence:512.00,signal:-97.00,signalAbs:97.00,signalCumSum:71.49
>a0:418,silence:512.00,signal:-94.00,signalAbs:94.00,signalCumSum:73.74
>a0:428,silence:512.00,signal:-84.00,signalAbs:84.00,signalCumSum:74.77
>a0:437,silence:512.00,signal:-75.00,signalAbs:75.00,signalCumSum:74.79
>a0:391,silence:512.00,signal:-121.00,signalAbs:121.00,signalCumSum:79.41
>a0:436,silence:512.00,signal:-76.00,signalAbs:76.00,signalCumSum:79.07
>a0:420,silence:512.00,signal:-92.00,signalAbs:92.00,signalCumSum:80.36
>a0:427,silence:512.00,signal:-85.00,signalAbs:85.00,signalCumSum:80.83
>a0:450,silence:512.00,signal:-62.00,signalAbs:62.00,signalCumSum:78.94
>a0:422,silence:512.00,signal:-90.00,signalAbs:90.00,signalCumSum:80.05
>a0:447,silence:512.00,signal:-65.00,signalAbs:65.00,signalCumSum:78.55
>a0:433,silence:512.00,signal:-79.00,signalAbs:79.00,signalCumSum:78.59
>a0:431,silence:512.00,signal:-81.00,signalAbs:81.00,signalCumSum:78.83
>a0:450,silence:512.00,signal:-62.00,signalAbs:62.00,signalCumSum:77.15
>a0:455,silence:512.00,signal:-57.00,signalAbs:57.00,signalCumSum:75.13
>a0:428,silence:512.00,signal:-84.00,signalAbs:84.00,signalCumSum:76.02
>a0:461,silence:512.00,signal:-51.00,signalAbs:51.00,signalCumSum:73.52
>a0:425,silence:512.00,signal:-87.00,signalAbs:87.00,signalCumSum:74.87
>a0:453,silence:512.00,signal:-59.00,signalAbs:59.00,signalCumSum:73.28
>a0:425,silence:512.00,signal:-87.00,signalAbs:87.00,signalCumSum:74.65
>a0:435,silence:512.00,signal:-77.00,signalAbs:77.00,signalCumSum:74.89
>a0:422,silence:512.00,signal:-90.00,signalAbs:90.00,signalCumSum:76.40
>a0:420,silence:512.00,signal:-92.00,signalAbs:92.00,signalCumSum:77.96
>a0:429,silence:512.00,signal:-83.00,signalAbs:83.00,signalCumSum:78.46
>a0:422,silence:512.00,signal:-90.00,signalAbs:90.00,signalCumSum:79.62
>a0:429,silence:512.00,signal:-83.00,signalAbs:83.00,signalCumSum:79.95
>a0:405,silence:512.00,signal:-107.00,signalAbs:107.00,signalCumSum:82.66
>a0:442,silence:512.00,signal:-70.00,signalAbs:70.00,signalCumSum:81.39
>a0:424,silence:512.00,signal:-88.00,signalAbs:88.00,signalCumSum:82.05
>a0:447,silence:512.00,signal:-65.00,signalAbs:65.00,signalCumSum:80.35
>a0:422,silence:512.00,signal:-90.00,signalAbs:90.00,signalCumSum:81.31
>a0:437,silence:512.00,signal:-75.00,signalAbs:75.00,signalCumSum:80.68
>a0:439,silence:512.00,signal:-73.00,signalAbs:73.00,signalCumSum:79.91
>a0:437,silence:512.00,signal:-75.00,signalAbs:75.00,signalCumSum:79.42
>a0:432,silence:512.00,signal:-80.00,signalAbs:80.00,signalCumSum:79.48
>a0:438,silence:512.00,signal:-74.00,signalAbs:74.00,signalCumSum:78.93
>a0:386,silence:512.00,signal:-126.00,signalAbs:126.00,signalCumSum:83.64
>a0:473,silence:512.00,signal:-39.00,signalAbs:39.00,signalCumSum:79.18
>a0:426,silence:512.00,signal:-86.00,signalAbs:86.00,signalCumSum:79.86
>a0:452,silence:512.00,signal:-60.00,signalAbs:60.00,signalCumSum:77.87
>a0:451,silence:512.00,signal:-61.00,signalAbs:61.00,signalCumSum:76.18
>a0:432,silence:512.00,signal:-80.00,signalAbs:80.00,signalCumSum:76.57
>a0:449,silence:512.00,signal:-63.00,signalAbs:63.00,signalCumSum:75.21
>a0:445,silence:512.00,signal:-67.00,signalAbs:67.00,signalCumSum:74.39
>a0:436,silence:512.00,signal:-76.00,signalAbs:76.00,signalCumSum:74.55
>a0:443,silence:512.00,signal:-69.00,signalAbs:69.00,signalCumSum:73.99
>a0:436,silence:512.00,signal:-76.00,signalAbs:76.00,signalCumSum:74.20
>a0:430,silence:512.00,signal:-82.00,signalAbs:82.00,signalCumSum:74.98
>a0:437,silence:512.00,signal:-75.00,signalAbs:75.00,signalCumSum:74.98
>a0:424,silence:512.00,signal:-88.00,signalAbs:88.00,signalCumSum:76.28
>a0:429,silence:512.00,signal:-83.00,signalAbs:83.00,signalCumSum:76.95
>a0:440,silence:512.00,signal:-72.00,signalAbs:72.00,signalCumSum:76.46
>a0:435,silence:512.00,signal:-77.00,signalAbs:77.00,signalCumSum:76.51
>a0:449,silence:512.00,signal:-63.00,signalAbs:63.00,signalCumSum:75.16
>a0:442,silence:512.00,signal:-70.00,signalAbs:70.00,signalCumSum:74.64
>a0:437,silence:512.00,signal:-75.00,signalAbs:75.00,signalCumSum:74.68
>a0:434,silence:512.00,signal:-78.00,signalAbs:78.00,signalCumSum:75.01
>a0:433,silence:512.00,signal:-79.00,signalAbs:79.00,signalCumSum:75.41
>a0:444,silence:512.00,signal:-68.00,signalAbs:68.00,signalCumSum:74.67
>a0:443,silence:512.00,signal:-69.00,signalAbs:69.00,signalCumSum:74.10
>a0:454,silence:512.00,signal:-58.00,signalAbs:58.00,signalCumSum:72.49
>a0:432,silence:512.00,signal:-80.00,signalAbs:80.00,signalCumSum:73.24
>a0:431,silence:512.00,signal:-81.00,signalAbs:81.00,signalCumSum:74.02
>a0:434,silence:512.00,signal:-78.00,signalAbs:78.00,signalCumSum:74.42
>a0:438,silence:512.00,signal:-74.00,signalAbs:74.00,signalCumSum:74.38
>a0:449,silence:512.00,signal:-63.00,signalAbs:63.00,signalCumSum:73.24
>a0:438,silence:512.00,signal:-74.00,signalAbs:74.00,signalCumSum:73.31
>a0:433,silence:512.00,signal:-79.00,signalAbs:79.00,signalCumSum:73.88
>a0:437,silence:512.00,signal:-75.00,signalAbs:75.00,signalCumSum:73.99
>a0:439,silence:512.00,signal:-73.00,signalAbs:73.00,signalCumSum:73.89
>a0:437,silence:512.00,signal:-75.00,signalAbs:75.00,signalCumSum:74.01
>a0:440,silence:512.00,signal:-72.00,signalAbs:72.00,signalCumSum:73.80
>a0:431,silence:512.00,signal:-81.00,signalAbs:81.00,signalCumSum:74.52
>a0:441,silence:512.00,signal:-71.00,signalAbs:71.00,signalCumSum:74.17
>a0:443,silence:512.00,signal:-69.00,signalAbs:69.00,signalCumSum:73.65
>a0:439,silence:512.00,signal:-73.00,signalAbs:73.00,signalCumSum:73.59
>a0:439,silence:512.00,signal:-73.00,signalAbs:73.00,signalCumSum:73.53
>a0:418,silence:512.00,signal:-94.00,signalAbs:94.00,signalCumSum:75.58
>a0:464,silence:512.00,signal:-48.00,signalAbs:48.00,signalCumSum:72.82
>a0:418,silence:512.00,signal:-94.00,signalAbs:94.00,signalCumSum:74.94
>a0:458,silence:512.00,signal:-54.00,signalAbs:54.00,signalCumSum:72.84
>a0:432,silence:512.00,signal:-80.00,signalAbs:80.00,signalCumSum:73.56
>a0:434,silence:512.00,signal:-78.00,signalAbs:78.00,signalCumSum:74.00
>a0:435,silence:512.00,signal:-77.00,signalAbs:77.00,signalCumSum:74.30
>a0:447,silence:512.00,signal:-65.00,signalAbs:65.00,signalCumSum:73.37
>a0:425,silence:512.00,signal:-87.00,signalAbs:87.00,signalCumSum:74.74
>a0:456,silence:512.00,signal:-56.00,signalAbs:56.00,signalCumSum:72.86
>a0:434,silence:512.00,signal:-78.00,signalAbs:78.00,signalCumSum:73.38
>a0:422,silence:512.00,signal:-90.00,signalAbs:90.00,signalCumSum:75.04
>a0:445,silence:512.00,signal:-67.00,signalAbs:67.00,signalCumSum:74.23
>a0:441,silence:512.00,signal:-71.00,signalAbs:71.00,signalCumSum:73.91
>a0:440,silence:512.00,signal:-72.00,signalAbs:72.00,signalCumSum:73.72
>a0:444,silence:512.00,signal:-68.00,signalAbs:68.00,signalCumSum:73.15
>a0:438,silence:512.00,signal:-74.00,signalAbs:74.00,signalCumSum:73.23
>a0:430,silence:512.00,signal:-82.00,signalAbs:82.00,signalCumSum:74.11
>a0:448,silence:512.00,signal:-64.00,signalAbs:64.00,signalCumSum:73.10
>a0:432,silence:512.00,signal:-80.00,signalAbs:80.00,signalCumSum:73.79
>a0:442,silence:512.00,signal:-70.00,signalAbs:70.00,signalCumSum:73.41
>a0:429,silence:512.00,signal:-83.00,signalAbs:83.00,signalCumSum:74.37
>a0:439,silence:512.00,signal:-73.00,signalAbs:73.00,signalCumSum:74.23
>a0:439,silence:512.00,signal:-73.00,signalAbs:73.00,signalCumSum:74.11
>a0:440,silence:512.00,signal:-72.00,signalAbs:72.00,signalCumSum:73.90
>a0:438,silence:512.00,signal:-74.00,signalAbs:74.00,signalCumSum:73.91
>a0:444,silence:512.00,signal:-68.00,signalAbs:68.00,signalCumSum:73.32
>a0:410,silence:512.00,signal:-102.00,signalAbs:102.00,signalCumSum:76.19
>a0:436,silence:512.00,signal:-76.00,signalAbs:76.00,signalCumSum:76.17
>a0:440,silence:512.00,signal:-72.00,signalAbs:72.00,signalCumSum:75.75
>a0:435,silence:512.00,signal:-77.00,signalAbs:77.00,signalCumSum:75.88
>a0:443,silence:512.00,signal:-69.00,signalAbs:69.00,signalCumSum:75.19
>a0:445,silence:512.00,signal:-67.00,signalAbs:67.00,signalCumSum:74.37
>a0:434,silence:512.00,signal:-78.00,signalAbs:78.00,signalCumSum:74.73
>a0:428,silence:512.00,signal:-84.00,signalAbs:84.00,signalCumSum:75.66
>a0:453,silence:512.00,signal:-59.00,signalAbs:59.00,signalCumSum:73.99
>a0:439,silence:512.00,signal:-73.00,signalAbs:73.00,signalCumSum:73.89
>a0:430,silence:512.00,signal:-82.00,signalAbs:82.00,signalCumSum:74.70
>a0:451,silence:512.00,signal:-61.00,signalAbs:61.00,signalCumSum:73.33
>a0:433,silence:512.00,signal:-79.00,signalAbs:79.00,signalCumSum:73.90
>a0:439,silence:512.00,signal:-73.00,signalAbs:73.00,signalCumSum:73.81
>a0:435,silence:512.00,signal:-77.00,signalAbs:77.00,signalCumSum:74.13
>a0:433,silence:512.00,signal:-79.00,signalAbs:79.00,signalCumSum:74.62
>a0:422,silence:512.00,signal:-90.00,signalAbs:90.00,signalCumSum:76.15
>a0:442,silence:512.00,signal:-70.00,signalAbs:70.00,signalCumSum:75.54
>a0:438,silence:512.00,signal:-74.00,signalAbs:74.00,signalCumSum:75.39
>a0:417,silence:512.00,signal:-95.00,signalAbs:95.00,signalCumSum:77.35
>a0:440,silence:512.00,signal:-72.00,signalAbs:72.00,signalCumSum:76.81
>a0:434,silence:512.00,signal:-78.00,signalAbs:78.00,signalCumSum:76.93
>a0:434,silence:512.00,signal:-78.00,signalAbs:78.00,signalCumSum:77.04
>a0:440,silence:512.00,signal:-72.00,signalAbs:72.00,signalCumSum:76.53
>a0:411,silence:512.00,signal:-101.00,signalAbs:101.00,signalCumSum:78.98
>a0:454,silence:512.00,signal:-58.00,signalAbs:58.00,signalCumSum:76.88
>a0:441,silence:512.00,signal:-71.00,signalAbs:71.00,signalCumSum:76.29
>a0:437,silence:512.00,signal:-75.00,signalAbs:75.00,signalCumSum:76.16
>a0:445,silence:512.00,signal:-67.00,signalAbs:67.00,signalCumSum:75.25
>a0:439,silence:512.00,signal:-73.00,signalAbs:73.00,signalCumSum:75.02
>a0:449,silence:512.00,signal:-63.00,signalAbs:63.00,signalCumSum:73.82
>a0:438,silence:512.00,signal:-74.00,signalAbs:74.00,signalCumSum:73.84
>a0:430,silence:512.00,signal:-82.00,signalAbs:82.00,signalCumSum:74.66
>a0:436,silence:512.00,signal:-76.00,signalAbs:76.00,signalCumSum:74.79
>a0:442,silence:512.00,signal:-70.00,signalAbs:70.00,signalCumSum:74.31
>a0:434,silence:512.00,signal:-78.00,signalAbs:78.00,signalCumSum:74.68
>a0:443,silence:512.00,signal:-69.00,signalAbs:69.00,signalCumSum:74.11
>a0:426,silence:512.00,signal:-86.00,signalAbs:86.00,signalCumSum:75.30
>a0:456,silence:512.00,signal:-56.00,signalAbs:56.00,signalCumSum:73.37
>a0:446,silence:512.00,signal:-66.00,signalAbs:66.00,signalCumSum:72.63
>a0:417,silence:512.00,signal:-95.00,signalAbs:95.00,signalCumSum:74.87
>a0:456,silence:512.00,signal:-56.00,signalAbs:56.00,signalCumSum:72.98
>a0:438,silence:512.00,signal:-74.00,signalAbs:74.00,signalCumSum:73.08
>a0:443,silence:512.00,signal:-69.00,signalAbs:69.00,signalCumSum:72.68
>a0:438,silence:512.00,signal:-74.00,signalAbs:74.00,signalCumSum:72.81
>a0:428,silence:512.00,signal:-84.00,signalAbs:84.00,signalCumSum:73.93
>a0:435,silence:512.00,signal:-77.00,signalAbs:77.00,signalCumSum:74.23
>a0:442,silence:512.00,signal:-70.00,signalAbs:70.00,signalCumSum:73.81
>a0:444,silence:512.00,signal:-68.00,signalAbs:68.00,signalCumSum:73.23
>a0:436,silence:512.00,signal:-76.00,signalAbs:76.00,signalCumSum:73.51
>a0:427,silence:512.00,signal:-85.00,signalAbs:85.00,signalCumSum:74.66
>a0:436,silence:512.00,signal:-76.00,signalAbs:76.00,signalCumSum:74.79
>a0:439,silence:512.00,signal:-73.00,signalAbs:73.00,signalCumSum:74.61
>a0:441,silence:512.00,signal:-71.00,signalAbs:71.00,signalCumSum:74.25
>a0:441,silence:512.00,signal:-71.00,signalAbs:71.00,signalCumSum:73.93
>a0:441,silence:512.00,signal:-71.00,signalAbs:71.00,signalCumSum:73.63
>a0:436,silence:512.00,signal:-76.00,signalAbs:76.00,signalCumSum:73.87
>a0:435,silence:512.00,signal:-77.00,signalAbs:77.00,signalCumSum:74.18
>a0:462,silence:512.00,signal:-50.00,signalAbs:50.00,signalCumSum:71.76
>a0:427,silence:512.00,signal:-85.00,signalAbs:85.00,signalCumSum:73.09
>a0:464,silence:512.00,signal:-48.00,signalAbs:48.00,signalCumSum:70.58
>a0:432,silence:512.00,signal:-80.00,signalAbs:80.00,signalCumSum:71.52
>a0:443,silence:512.00,signal:-69.00,signalAbs:69.00,signalCumSum:71.27
>a0:432,silence:512.00,signal:-80.00,signalAbs:80.00,signalCumSum:72.14
>a0:439,silence:512.00,signal:-73.00,signalAbs:73.00,signalCumSum:72.23
>a0:424,silence:512.00,signal:-88.00,signalAbs:88.00,signalCumSum:73.81
>a0:453,silence:512.00,signal:-59.00,signalAbs:59.00,signalCumSum:72.32
>a0:421,silence:512.00,signal:-91.00,signalAbs:91.00,signalCumSum:74.19
>a0:451,silence:512.00,signal:-61.00,signalAbs:61.00,signalCumSum:72.87
>a0:448,silence:512.00,signal:-64.00,signalAbs:64.00,signalCumSum:71.99
>a0:436,silence:512.00,signal:-76.00,signalAbs:76.00,signalCumSum:72.39
>a0:446,silence:512.00,signal:-66.00,signalAbs:66.00,signalCumSum:71.75
>a0:425,silence:512.00,signal:-87.00,signalAbs:87.00,signalCumSum:73.27
>a0:420,silence:512.00,signal:-92.00,signalAbs:92.00,signalCumSum:75.15
>a0:449,silence:512.00,signal:-63.00,signalAbs:63.00,signalCumSum:73.93
>a0:447,silence:512.00,signal:-65.00,signalAbs:65.00,signalCumSum:73.04
>a0:433,silence:512.00,signal:-79.00,signalAbs:79.00,signalCumSum:73.63
>a0:437,silence:512.00,signal:-75.00,signalAbs:75.00,signalCumSum:73.77
>a0:439,silence:512.00,signal:-73.00,signalAbs:73.00,signalCumSum:73.69
>a0:416,silence:512.00,signal:-96.00,signalAbs:96.00,signalCumSum:75.92
>a0:468,silence:512.00,signal:-44.00,signalAbs:44.00,signalCumSum:72.73
>a0:418,silence:512.00,signal:-94.00,signalAbs:94.00,signalCumSum:74.86
>a0:451,silence:512.00,signal:-61.00,signalAbs:61.00,signalCumSum:73.47
>a0:415,silence:512.00,signal:-97.00,signalAbs:97.00,signalCumSum:75.83
>a0:455,silence:512.00,signal:-57.00,signalAbs:57.00,signalCumSum:73.94
>a0:453,silence:512.00,signal:-59.00,signalAbs:59.00,signalCumSum:72.45
>a0:411,silence:512.00,signal:-101.00,signalAbs:101.00,signalCumSum:75.30
>a0:443,silence:512.00,signal:-69.00,signalAbs:69.00,signalCumSum:74.67
>a0:446,silence:512.00,signal:-66.00,signalAbs:66.00,signalCumSum:73.81
>a0:434,silence:512.00,signal:-78.00,signalAbs:78.00,signalCumSum:74.23
>a0:435,silence:512.00,signal:-77.00,signalAbs:77.00,signalCumSum:74.50
>a0:397,silence:512.00,signal:-115.00,signalAbs:115.00,signalCumSum:78.55
>a0:420,silence:512.00,signal:-92.00,signalAbs:92.00,signalCumSum:79.90
>a0:443,silence:512.00,signal:-69.00,signalAbs:69.00,signalCumSum:78.81
>a0:441,silence:512.00,signal:-71.00,signalAbs:71.00,signalCumSum:78.03
>a0:447,silence:512.00,signal:-65.00,signalAbs:65.00,signalCumSum:76.72
>a0:415,silence:512.00,signal:-97.00,signalAbs:97.00,signalCumSum:78.75
>a0:443,silence:512.00,signal:-69.00,signalAbs:69.00,signalCumSum:77.78
>a0:404,silence:512.00,signal:-108.00,signalAbs:108.00,signalCumSum:80.80
>a0:436,silence:512.00,signal:-76.00,signalAbs:76.00,signalCumSum:80.32
>a0:460,silence:512.00,signal:-52.00,signalAbs:52.00,signalCumSum:77.49
>a0:438,silence:512.00,signal:-74.00,signalAbs:74.00,signalCumSum:77.14
>a0:438,silence:512.00,signal:-74.00,signalAbs:74.00,signalCumSum:76.82
>a0:450,silence:512.00,signal:-62.00,signalAbs:62.00,signalCumSum:75.34
>a0:448,silence:512.00,signal:-64.00,signalAbs:64.00,signalCumSum:74.21
>a0:430,silence:512.00,signal:-82.00,signalAbs:82.00,signalCumSum:74.99
>a0:445,silence:512.00,signal:-67.00,signalAbs:67.00,signalCumSum:74.19
>a0:454,silence:512.00,signal:-58.00,signalAbs:58.00,signalCumSum:72.57
>a0:423,silence:512.00,signal:-89.00,signalAbs:89.00,signalCumSum:74.21
>a0:446,silence:512.00,signal:-66.00,signalAbs:66.00,signalCumSum:73.39
>a0:439,silence:512.00,signal:-73.00,signalAbs:73.00,signalCumSum:73.35
>a0:432,silence:512.00,signal:-80.00,signalAbs:80.00,signalCumSum:74.02
>a0:433,silence:512.00,signal:-79.00,signalAbs:79.00,signalCumSum:74.52
>a0:444,silence:512.00,signal:-68.00,signalAbs:68.00,signalCumSum:73.86
>a0:431,silence:512.00,signal:-81.00,signalAbs:81.00,signalCumSum:74.58
>a0:429,silence:512.00,signal:-83.00,signalAbs:83.00,signalCumSum:75.42
>a0:452,silence:512.00,signal:-60.00,signalAbs:60.00,signalCumSum:73.88
>a0:444,silence:512.00,signal:-68.00,signalAbs:68.00,signalCumSum:73.29
>a0:438,silence:512.00,signal:-74.00,signalAbs:74.00,signalCumSum:73.36
>a0:440,silence:512.00,signal:-72.00,signalAbs:72.00,signalCumSum:73.22
>a0:441,silence:512.00,signal:-71.00,signalAbs:71.00,signalCumSum:73.00
>a0:456,silence:512.00,signal:-56.00,signalAbs:56.00,signalCumSum:71.30
>a0:414,silence:512.00,signal:-98.00,signalAbs:98.00,signalCumSum:73.97
>a0:465,silence:512.00,signal:-47.00,signalAbs:47.00,signalCumSum:71.27
>a0:446,silence:512.00,signal:-66.00,signalAbs:66.00,signalCumSum:70.75
>a0:441,silence:512.00,signal:-71.00,signalAbs:71.00,signalCumSum:70.77
>a0:457,silence:512.00,signal:-55.00,signalAbs:55.00,signalCumSum:69.20
>a0:432,silence:512.00,signal:-80.00,signalAbs:80.00,signalCumSum:70.28
>a0:442,silence:512.00,signal:-70.00,signalAbs:70.00,signalCumSum:70.25
>a0:424,silence:512.00,signal:-88.00,signalAbs:88.00,signalCumSum:72.02
>a0:451,silence:512.00,signal:-61.00,signalAbs:61.00,signalCumSum:70.92
>a0:411,silence:512.00,signal:-101.00,signalAbs:101.00,signalCumSum:73.93
>a0:434,silence:512.00,signal:-78.00,signalAbs:78.00,signalCumSum:74.34
>a0:438,silence:512.00,signal:-74.00,signalAbs:74.00,signalCumSum:74.30
>a0:437,silence:512.00,signal:-75.00,signalAbs:75.00,signalCumSum:74.37
>a0:425,silence:512.00,signal:-87.00,signalAbs:87.00,signalCumSum:75.63
>a0:420,silence:512.00,signal:-92.00,signalAbs:92.00,signalCumSum:77.27
>a0:431,silence:512.00,signal:-81.00,signalAbs:81.00,signalCumSum:77.64
>a0:442,silence:512.00,signal:-70.00,signalAbs:70.00,signalCumSum:76.88
>a0:437,silence:512.00,signal:-75.00,signalAbs:75.00,signalCumSum:76.69
>a0:441,silence:512.00,signal:-71.00,signalAbs:71.00,signalCumSum:76.12
>a0:436,silence:512.00,signal:-76.00,signalAbs:76.00,signalCumSum:76.11
>a0:440,silence:512.00,signal:-72.00,signalAbs:72.00,signalCumSum:75.70
>a0:440,silence:512.00,signal:-72.00,signalAbs:72.00,signalCumSum:75.33
>a0:437,silence:512.00,signal:-75.00,signalAbs:75.00,signalCumSum:75.30
>a0:471,silence:512.00,signal:-41.00,signalAbs:41.00,signalCumSum:71.87
>a0:419,silence:512.00,signal:-93.00,signalAbs:93.00,signalCumSum:73.98
>a0:441,silence:512.00,signal:-71.00,signalAbs:71.00,signalCumSum:73.68
>a0:421,silence:512.00,signal:-91.00,signalAbs:91.00,signalCumSum:75.41
>a0:446,silence:512.00,signal:-66.00,signalAbs:66.00,signalCumSum:74.47
>a0:432,silence:512.00,signal:-80.00,signalAbs:80.00,signalCumSum:75.03
>a0:436,silence:512.00,signal:-76.00,signalAbs:76.00,signalCumSum:75.12
>a0:449,silence:512.00,signal:-63.00,signalAbs:63.00,signalCumSum:73.91
>a0:441,silence:512.00,signal:-71.00,signalAbs:71.00,signalCumSum:73.62
>a0:456,silence:512.00,signal:-56.00,signalAbs:56.00,signalCumSum:71.86
>a0:449,silence:512.00,signal:-63.00,signalAbs:63.00,signalCumSum:70.97
>a0:433,silence:512.00,signal:-79.00,signalAbs:79.00,signalCumSum:71.77
>a0:445,silence:512.00,signal:-67.00,signalAbs:67.00,signalCumSum:71.30
>a0:465,silence:512.00,signal:-47.00,signalAbs:47.00,signalCumSum:68.87
>a0:437,silence:512.00,signal:-75.00,signalAbs:75.00,signalCumSum:69.48
>a0:439,silence:512.00,signal:-73.00,signalAbs:73.00,signalCumSum:69.83
>a0:448,silence:512.00,signal:-64.00,signalAbs:64.00,signalCumSum:69.25
>a0:452,silence:512.00,signal:-60.00,signalAbs:60.00,signalCumSum:68.32
>a0:442,silence:512.00,signal:-70.00,signalAbs:70.00,signalCumSum:68.49
>a0:439,silence:512.00,signal:-73.00,signalAbs:73.00,signalCumSum:68.94
>a0:427,silence:512.00,signal:-85.00,signalAbs:85.00,signalCumSum:70.55
>a0:437,silence:512.00,signal:-75.00,signalAbs:75.00,signalCumSum:70.99
>a0:452,silence:512.00,signal:-60.00,signalAbs:60.00,signalCumSum:69.89
>a0:438,silence:512.00,signal:-74.00,signalAbs:74.00,signalCumSum:70.30
>a0:455,silence:512.00,signal:-57.00,signalAbs:57.00,signalCumSum:68.97
>a0:447,silence:512.00,signal:-65.00,signalAbs:65.00,signalCumSum:68.58
>a0:448,silence:512.00,signal:-64.00,signalAbs:64.00,signalCumSum:68.12
>a0:435,silence:512.00,signal:-77.00,signalAbs:77.00,signalCumSum:69.01
>a0:470,silence:512.00,signal:-42.00,signalAbs:42.00,signalCumSum:66.31
>a0:436,silence:512.00,signal:-76.00,signalAbs:76.00,signalCumSum:67.28
>a0:439,silence:512.00,signal:-73.00,signalAbs:73.00,signalCumSum:67.85
>a0:436,silence:512.00,signal:-76.00,signalAbs:76.00,signalCumSum:68.66
>a0:442,silence:512.00,signal:-70.00,signalAbs:70.00,signalCumSum:68.80
>a0:448,silence:512.00,signal:-64.00,signalAbs:64.00,signalCumSum:68.32
>a0:438,silence:512.00,signal:-74.00,signalAbs:74.00,signalCumSum:68.89
>a0:440,silence:512.00,signal:-72.00,signalAbs:72.00,signalCumSum:69.20
>a0:433,silence:512.00,signal:-79.00,signalAbs:79.00,signalCumSum:70.18
>a0:433,silence:512.00,signal:-79.00,signalAbs:79.00,signalCumSum:71.06
>a0:436,silence:512.00,signal:-76.00,signalAbs:76.00,signalCumSum:71.55
>a0:420,silence:512.00,signal:-92.00,signalAbs:92.00,signalCumSum:73.60
>a0:448,silence:512.00,signal:-64.00,signalAbs:64.00,signalCumSum:72.64
>a0:437,silence:512.00,signal:-75.00,signalAbs:75.00,signalCumSum:72.87
>a0:446,silence:512.00,signal:-66.00,signalAbs:66.00,signalCumSum:72.19
>a0:438,silence:512.00,signal:-74.00,signalAbs:74.00,signalCumSum:72.37
>a0:432,silence:512.00,signal:-80.00,signalAbs:80.00,signalCumSum:73.13
>a0:445,silence:512.00,signal:-67.00,signalAbs:67.00,signalCumSum:72.52
>a0:440,silence:512.00,signal:-72.00,signalAbs:72.00,signalCumSum:72.47
>a0:438,silence:512.00,signal:-74.00,signalAbs:74.00,signalCumSum:72.62
>a0:441,silence:512.00,signal:-71.00,signalAbs:71.00,signalCumSum:72.46
>a0:435,silence:512.00,signal:-77.00,signalAbs:77.00,signalCumSum:72.91
>a0:438,silence:512.00,signal:-74.00,signalAbs:74.00,signalCumSum:73.02
>a0:449,silence:512.00,signal:-63.00,signalAbs:63.00,signalCumSum:72.02
>a0:445,silence:512.00,signal:-67.00,signalAbs:67.00,signalCumSum:71.52
>a0:434,silence:512.00,signal:-78.00,signalAbs:78.00,signalCumSum:72.17
>a0:449,silence:512.00,signal:-63.00,signalAbs:63.00,signalCumSum:71.25
>a0:429,silence:512.00,signal:-83.00,signalAbs:83.00,signalCumSum:72.42
>a0:437,silence:512.00,signal:-75.00,signalAbs:75.00,signalCumSum:72.68
>a0:423,silence:512.00,signal:-89.00,signalAbs:89.00,signalCumSum:74.31
>a0:418,silence:512.00,signal:-94.00,signalAbs:94.00,signalCumSum:76.28
>a0:446,silence:512.00,signal:-66.00,signalAbs:66.00,signalCumSum:75.25
>a0:460,silence:512.00,signal:-52.00,signalAbs:52.00,signalCumSum:72.93
>a0:428,silence:512.00,signal:-84.00,signalAbs:84.00,signalCumSum:74.04
>a0:450,silence:512.00,signal:-62.00,signalAbs:62.00,signalCumSum:72.83
>a0:401,silence:512.00,signal:-111.00,signalAbs:111.00,signalCumSum:76.65
>a0:424,silence:512.00,signal:-88.00,signalAbs:88.00,signalCumSum:77.78
>a0:450,silence:512.00,signal:-62.00,signalAbs:62.00,signalCumSum:76.21
>a0:441,silence:512.00,signal:-71.00,signalAbs:71.00,signalCumSum:75.68
>a0:435,silence:512.00,signal:-77.00,signalAbs:77.00,signalCumSum:75.82
>a0:445,silence:512.00,signal:-67.00,signalAbs:67.00,signalCumSum:74.93
>a0:434,silence:512.00,signal:-78.00,signalAbs:78.00,signalCumSum:75.24
>a0:432,silence:512.00,signal:-80.00,signalAbs:80.00,signalCumSum:75.72
>a0:421,silence:512.00,signal:-91.00,signalAbs:91.00,signalCumSum:77.25
>a0:439,silence:512.00,signal:-73.00,signalAbs:73.00,signalCumSum:76.82
>a0:431,silence:512.00,signal:-81.00,signalAbs:81.00,signalCumSum:77.24
>a0:423,silence:512.00,signal:-89.00,signalAbs:89.00,signalCumSum:78.41
>a0:469,silence:512.00,signal:-43.00,signalAbs:43.00,signalCumSum:74.87
>a0:438,silence:512.00,signal:-74.00,signalAbs:74.00,signalCumSum:74.79
>a0:429,silence:512.00,signal:-83.00,signalAbs:83.00,signalCumSum:75.61
>a0:442,silence:512.00,signal:-70.00,signalAbs:70.00,signalCumSum:75.05
>a0:433,silence:512.00,signal:-79.00,signalAbs:79.00,signalCumSum:75.44
>a0:431,silence:512.00,signal:-81.00,signalAbs:81.00,signalCumSum:76.00
>a0:428,silence:512.00,signal:-84.00,signalAbs:84.00,signalCumSum:76.80
>a0:436,silence:512.00,signal:-76.00,signalAbs:76.00,signalCumSum:76.72
>a0:440,silence:512.00,signal:-72.00,signalAbs:72.00,signalCumSum:76.25
>a0:440,silence:512.00,signal:-72.00,signalAbs:72.00,signalCumSum:75.82
>a0:441,silence:512.00,signal:-71.00,signalAbs:71.00,signalCumSum:75.34
>a0:438,silence:512.00,signal:-74.00,signalAbs:74.00,signalCumSum:75.21
>a0:441,silence:512.00,signal:-71.00,signalAbs:71.00,signalCumSum:74.79
>a0:436,silence:512.00,signal:-76.00,signalAbs:76.00,signalCumSum:74.91
>a0:433,silence:512.00,signal:-79.00,signalAbs:79.00,signalCumSum:75.32
>a0:438,silence:512.00,signal:-74.00,signalAbs:74.00,signalCumSum:75.18
>a0:462,silence:512.00,signal:-50.00,signalAbs:50.00,signalCumSum:72.67
>a0:446,silence:512.00,signal:-66.00,signalAbs:66.00,signalCumSum:72.00
>a0:441,silence:512.00,signal:-71.00,signalAbs:71.00,signalCumSum:71.90
>a0:433,silence:512.00,signal:-79.00,signalAbs:79.00,signalCumSum:72.61
>a0:435,silence:512.00,signal:-77.00,signalAbs:77.00,signalCumSum:73.05
>a0:437,silence:512.00,signal:-75.00,signalAbs:75.00,signalCumSum:73.24
>a0:443,silence:512.00,signal:-69.00,signalAbs:69.00,signalCumSum:72.82
>a0:437,silence:512.00,signal:-75.00,signalAbs:75.00,signalCumSum:73.04
>a0:448,silence:512.00,signal:-64.00,signalAbs:64.00,signalCumSum:72.13
>a0:457,silence:512.00,signal:-55.00,signalAbs:55.00,signalCumSum:70.42
>a0:429,silence:512.00,signal:-83.00,signalAbs:83.00,signalCumSum:71.68
>a0:437,silence:512.00,signal:-75.00,signalAbs:75.00,signalCumSum:72.01
>a0:442,silence:512.00,signal:-70.00,signalAbs:70.00,signalCumSum:71.81
>a0:432,silence:512.00,signal:-80.00,signalAbs:80.00,signalCumSum:72.63
>a0:438,silence:512.00,signal:-74.00,signalAbs:74.00,signalCumSum:72.77
>a0:456,silence:512.00,signal:-56.00,signalAbs:56.00,signalCumSum:71.09
>a0:433,silence:512.00,signal:-79.00,signalAbs:79.00,signalCumSum:71.88
>a0:444,silence:512.00,signal:-68.00,signalAbs:68.00,signalCumSum:71.49
>a0:435,silence:512.00,signal:-77.00,signalAbs:77.00,signalCumSum:72.04
>a0:451,silence:512.00,signal:-61.00,signalAbs:61.00,signalCumSum:70.94
>a0:429,silence:512.00,signal:-83.00,signalAbs:83.00,signalCumSum:72.14
>a0:388,silence:512.00,signal:-124.00,signalAbs:124.00,signalCumSum:77.33
>a0:428,silence:512.00,signal:-84.00,signalAbs:84.00,signalCumSum:78.00
>a0:481,silence:512.00,signal:-31.00,signalAbs:31.00,signalCumSum:73.30
>a0:446,silence:512.00,signal:-66.00,signalAbs:66.00,signalCumSum:72.57
>a0:452,silence:512.00,signal:-60.00,signalAbs:60.00,signalCumSum:71.31
>a0:445,silence:512.00,signal:-67.00,signalAbs:67.00,signalCumSum:70.88
>a0:434,silence:512.00,signal:-78.00,signalAbs:78.00,signalCumSum:71.59
>a0:433,silence:512.00,signal:-79.00,signalAbs:79.00,signalCumSum:72.33
>a0:422,silence:512.00,signal:-90.00,signalAbs:90.00,signalCumSum:74.10
>a0:419,silence:512.00,signal:-93.00,signalAbs:93.00,signalCumSum:75.99
>a0:442,silence:512.00,signal:-70.00,signalAbs:70.00,signalCumSum:75.39
>a0:427,silence:512.00,signal:-85.00,signalAbs:85.00,signalCumSum:76.35
>a0:431,silence:512.00,signal:-81.00,signalAbs:81.00,signalCumSum:76.82
>a0:451,silence:512.00,signal:-61.00,signalAbs:61.00,signalCumSum:75.23
>a0:438,silence:512.00,signal:-74.00,signalAbs:74.00,signalCumSum:75.11
>a0:427,silence:512.00,signal:-85.00,signalAbs:85.00,signalCumSum:76.10
>a0:444,silence:512.00,signal:-68.00,signalAbs:68.00,signalCumSum:75.29
>a0:442,silence:512.00,signal:-70.00,signalAbs:70.00,signalCumSum:74.76
>a0:437,silence:512.00,signal:-75.00,signalAbs:75.00,signalCumSum:74.78
>a0:427,silence:512.00,signal:-85.00,signalAbs:85.00,signalCumSum:75.81
>a0:438,silence:512.00,signal:-74.00,signalAbs:74.00,signalCumSum:75.63
>a0:424,silence:512.00,signal:-88.00,signalAbs:88.00,signalCumSum:76.86
>a0:459,silence:512.00,signal:-53.00,signalAbs:53.00,signalCumSum:74.48
>a0:397,silence:512.00,signal:-115.00,signalAbs:115.00,signalCumSum:78.53
>a0:457,silence:512.00,signal:-55.00,signalAbs:55.00,signalCumSum:76.18
>a0:387,silence:512.00,signal:-125.00,signalAbs:125.00,signalCumSum:81.06
>a0:500,silence:512.00,signal:-12.00,signalAbs:12.00,signalCumSum:74.15
>a0:389,silence:512.00,signal:-123.00,signalAbs:123.00,signalCumSum:79.04
>a0:436,silence:512.00,signal:-76.00,signalAbs:76.00,signalCumSum:78.73
>a0:428,silence:512.00,signal:-84.00,signalAbs:84.00,signalCumSum:79.26
>a0:437,silence:512.00,signal:-75.00,signalAbs:75.00,signalCumSum:78.83
>a0:443,silence:512.00,signal:-69.00,signalAbs:69.00,signalCumSum:77.85
>a0:454,silence:512.00,signal:-58.00,signalAbs:58.00,signalCumSum:75.87
>a0:430,silence:512.00,signal:-82.00,signalAbs:82.00,signalCumSum:76.48
>a0:432,silence:512.00,signal:-80.00,signalAbs:80.00,signalCumSum:76.83
>a0:444,silence:512.00,signal:-68.00,signalAbs:68.00,signalCumSum:75.95
>a0:461,silence:512.00,signal:-51.00,signalAbs:51.00,signalCumSum:73.45
>a0:425,silence:512.00,signal:-87.00,signalAbs:87.00,signalCumSum:74.81
>a0:418,silence:512.00,signal:-94.00,signalAbs:94.00,signalCumSum:76.73
>a0:426,silence:512.00,signal:-86.00,signalAbs:86.00,signalCumSum:77.65
>a0:446,silence:512.00,signal:-66.00,signalAbs:66.00,signalCumSum:76.49
>a0:435,silence:512.00,signal:-77.00,signalAbs:77.00,signalCumSum:76.54
>a0:440,silence:512.00,signal:-72.00,signalAbs:72.00,signalCumSum:76.09
>a0:461,silence:512.00,signal:-51.00,signalAbs:51.00,signalCumSum:73.58
>a0:462,silence:512.00,signal:-50.00,signalAbs:50.00,signalCumSum:71.22
>a0:468,silence:512.00,signal:-44.00,signalAbs:44.00,signalCumSum:68.50
>a0:455,silence:512.00,signal:-57.00,signalAbs:57.00,signalCumSum:67.35
>a0:463,silence:512.00,signal:-49.00,signalAbs:49.00,signalCumSum:65.51
>a0:446,silence:512.00,signal:-66.00,signalAbs:66.00,signalCumSum:65.56
>a0:440,silence:512.00,signal:-72.00,signalAbs:72.00,signalCumSum:66.21
>a0:469,silence:512.00,signal:-43.00,signalAbs:43.00,signalCumSum:63.89
>a0:448,silence:512.00,signal:-64.00,signalAbs:64.00,signalCumSum:63.90
>a0:429,silence:512.00,signal:-83.00,signalAbs:83.00,signalCumSum:65.81
>a0:423,silence:512.00,signal:-89.00,signalAbs:89.00,signalCumSum:68.13
>a0:471,silence:512.00,signal:-41.00,signalAbs:41.00,signalCumSum:65.41
>a0:430,silence:512.00,signal:-82.00,signalAbs:82.00,signalCumSum:67.07
>a0:441,silence:512.00,signal:-71.00,signalAbs:71.00,signalCumSum:67.47
>a0:456,silence:512.00,signal:-56.00,signalAbs:56.00,signalCumSum:66.32
>a0:420,silence:512.00,signal:-92.00,signalAbs:92.00,signalCumSum:68.89
>a0:460,silence:512.00,signal:-52.00,signalAbs:52.00,signalCumSum:67.20
>a0:430,silence:512.00,signal:-82.00,signalAbs:82.00,signalCumSum:68.68
>a0:451,silence:512.00,signal:-61.00,signalAbs:61.00,signalCumSum:67.91
>a0:457,silence:512.00,signal:-55.00,signalAbs:55.00,signalCumSum:66.62
>a0:439,silence:512.00,signal:-73.00,signalAbs:73.00,signalCumSum:67.26
>a0:457,silence:512.00,signal:-55.00,signalAbs:55.00,signalCumSum:66.03
>a0:430,silence:512.00,signal:-82.00,signalAbs:82.00,signalCumSum:67.63
>a0:439,silence:512.00,signal:-73.00,signalAbs:73.00,signalCumSum:68.17
>a0:421,silence:512.00,signal:-91.00,signalAbs:91.00,signalCumSum:70.45
>a0:433,silence:512.00,signal:-79.00,signalAbs:79.00,signalCumSum:71.30
>a0:458,silence:512.00,signal:-54.00,signalAbs:54.00,signalCumSum:69.57
>a0:413,silence:512.00,signal:-99.00,signalAbs:99.00,signalCumSum:72.52
>a0:436,silence:512.00,signal:-76.00,signalAbs:76.00,signalCumSum:72.86
>a0:456,silence:512.00,signal:-56.00,signalAbs:56.00,signalCumSum:71.18
>a0:430,silence:512.00,signal:-82.00,signalAbs:82.00,signalCumSum:72.26
>a0:474,silence:512.00,signal:-38.00,signalAbs:38.00,signalCumSum:68.83
>a0:444,silence:512.00,signal:-68.00,signalAbs:68.00,signalCumSum:68.75
>a0:433,silence:512.00,signal:-79.00,signalAbs:79.00,signalCumSum:69.78
>a0:455,silence:512.00,signal:-57.00,signalAbs:57.00,signalCumSum:68.50
>a0:426,silence:512.00,signal:-86.00,signalAbs:86.00,signalCumSum:70.25
>a0:448,silence:512.00,signal:-64.00,signalAbs:64.00,signalCumSum:69.62
>a0:426,silence:512.00,signal:-86.00,signalAbs:86.00,signalCumSum:71.26
>a0:433,silence:512.00,signal:-79.00,signalAbs:79.00,signalCumSum:72.04
>a0:462,silence:512.00,signal:-50.00,signalAbs:50.00,signalCumSum:69.83
>a0:426,silence:512.00,signal:-86.00,signalAbs:86.00,signalCumSum:71.45
>a0:418,silence:512.00,signal:-94.00,signalAbs:94.00,signalCumSum:73.70
>a0:417,silence:512.00,signal:-95.00,signalAbs:95.00,signalCumSum:75.83
>a0:429,silence:512.00,signal:-83.00,signalAbs:83.00,signalCumSum:76.55
>a0:442,silence:512.00,signal:-70.00,signalAbs:70.00,signalCumSum:75.89
>a0:427,silence:512.00,signal:-85.00,signalAbs:85.00,signalCumSum:76.81
>a0:371,silence:512.00,signal:-141.00,signalAbs:141.00,signalCumSum:83.22
>a0:440,silence:512.00,signal:-72.00,signalAbs:72.00,signalCumSum:82.10
>a0:415,silence:512.00,signal:-97.00,signalAbs:97.00,signalCumSum:83.59
>a0:470,silence:512.00,signal:-42.00,signalAbs:42.00,signalCumSum:79.43
>a0:423,silence:512.00,signal:-89.00,signalAbs:89.00,signalCumSum:80.39
>a0:428,silence:512.00,signal:-84.00,signalAbs:84.00,signalCumSum:80.75
>a0:444,silence:512.00,signal:-68.00,signalAbs:68.00,signalCumSum:79.48
>a0:473,silence:512.00,signal:-39.00,signalAbs:39.00,signalCumSum:75.43
>a0:440,silence:512.00,signal:-72.00,signalAbs:72.00,signalCumSum:75.09
>a0:422,silence:512.00,signal:-90.00,signalAbs:90.00,signalCumSum:76.58
>a0:472,silence:512.00,signal:-40.00,signalAbs:40.00,signalCumSum:72.92
>a0:443,silence:512.00,signal:-69.00,signalAbs:69.00,signalCumSum:72.53
>a0:427,silence:512.00,signal:-85.00,signalAbs:85.00,signalCumSum:73.77
>a0:442,silence:512.00,signal:-70.00,signalAbs:70.00,signalCumSum:73.40
>a0:438,silence:512.00,signal:-74.00,signalAbs:74.00,signalCumSum:73.46
>a0:450,silence:512.00,signal:-62.00,signalAbs:62.00,signalCumSum:72.31
>a0:441,silence:512.00,signal:-71.00,signalAbs:71.00,signalCumSum:72.18
>a0:426,silence:512.00,signal:-86.00,signalAbs:86.00,signalCumSum:73.56
>a0:454,silence:512.00,signal:-58.00,signalAbs:58.00,signalCumSum:72.01
>a0:470,silence:512.00,signal:-42.00,signalAbs:42.00,signalCumSum:69.01
>a0:409,silence:512.00,signal:-103.00,signalAbs:103.00,signalCumSum:72.40
>a0:467,silence:512.00,signal:-45.00,signalAbs:45.00,signalCumSum:69.66
>a0:455,silence:512.00,signal:-57.00,signalAbs:57.00,signalCumSum:68.40
>a0:431,silence:512.00,signal:-81.00,signalAbs:81.00,signalCumSum:69.66
>a0:423,silence:512.00,signal:-89.00,signalAbs:89.00,signalCumSum:71.59
>a0:441,silence:512.00,signal:-71.00,signalAbs:71.00,signalCumSum:71.53
>a0:438,silence:512.00,signal:-74.00,signalAbs:74.00,signalCumSum:71.78
>a0:397,silence:512.00,signal:-115.00,signalAbs:115.00,signalCumSum:76.10
>a0:384,silence:512.00,signal:-128.00,signalAbs:128.00,signalCumSum:81.29
>a0:431,silence:512.00,signal:-81.00,signalAbs:81.00,signalCumSum:81.26
>a0:455,silence:512.00,signal:-57.00,signalAbs:57.00,signalCumSum:78.84
>a0:457,silence:512.00,signal:-55.00,signalAbs:55.00,signalCumSum:76.45
>a0:436,silence:512.00,signal:-76.00,signalAbs:76.00,signalCumSum:76.41
>a0:482,silence:512.00,signal:-30.00,signalAbs:30.00,signalCumSum:71.77
>a0:424,silence:512.00,signal:-88.00,signalAbs:88.00,signalCumSum:73.39
>a0:450,silence:512.00,signal:-62.00,signalAbs:62.00,signalCumSum:72.25
>a0:431,silence:512.00,signal:-81.00,signalAbs:81.00,signalCumSum:73.13
>a0:422,silence:512.00,signal:-90.00,signalAbs:90.00,signalCumSum:74.81
>a0:437,silence:512.00,signal:-75.00,signalAbs:75.00,signalCumSum:74.83
>a0:452,silence:512.00,signal:-60.00,signalAbs:60.00,signalCumSum:73.35
>a0:419,silence:512.00,signal:-93.00,signalAbs:93.00,signalCumSum:75.31
>a0:463,silence:512.00,signal:-49.00,signalAbs:49.00,signalCumSum:72.68
>a0:477,silence:512.00,signal:-35.00,signalAbs:35.00,signalCumSum:68.91
>a0:446,silence:512.00,signal:-66.00,signalAbs:66.00,signalCumSum:68.62
>a0:456,silence:512.00,signal:-56.00,signalAbs:56.00,signalCumSum:67.36
>a0:409,silence:512.00,signal:-103.00,signalAbs:103.00,signalCumSum:70.92
>a0:430,silence:512.00,signal:-82.00,signalAbs:82.00,signalCumSum:72.03
>a0:451,silence:512.00,signal:-61.00,signalAbs:61.00,signalCumSum:70.93
>a0:479,silence:512.00,signal:-33.00,signalAbs:33.00,signalCumSum:67.14
>a0:404,silence:512.00,signal:-108.00,signalAbs:108.00,signalCumSum:71.22
>a0:470,silence:512.00,signal:-42.00,signalAbs:42.00,signalCumSum:68.30
>a0:415,silence:512.00,signal:-97.00,signalAbs:97.00,signalCumSum:71.17
>a0:440,silence:512.00,signal:-72.00,signalAbs:72.00,signalCumSum:71.25
>a0:482,silence:512.00,signal:-30.00,signalAbs:30.00,signalCumSum:67.13
>a0:428,silence:512.00,signal:-84.00,signalAbs:84.00,signalCumSum:68.81
>a0:422,silence:512.00,signal:-90.00,signalAbs:90.00,signalCumSum:70.93
>a0:472,silence:512.00,signal:-40.00,signalAbs:40.00,signalCumSum:67.84
>a0:400,silence:512.00,signal:-112.00,signalAbs:112.00,signalCumSum:72.26
>a0:467,silence:512.00,signal:-45.00,signalAbs:45.00,signalCumSum:69.53
>a0:413,silence:512.00,signal:-99.00,signalAbs:99.00,signalCumSum:72.48
>a0:485,silence:512.00,signal:-27.00,signalAbs:27.00,signalCumSum:67.93
>a0:437,silence:512.00,signal:-75.00,signalAbs:75.00,signalCumSum:68.64
>a0:464,silence:512.00,signal:-48.00,signalAbs:48.00,signalCumSum:66.57
>a0:384,silence:512.00,signal:-128.00,signalAbs:128.00,signalCumSum:72.72
>a0:460,silence:512.00,signal:-52.00,signalAbs:52.00,signalCumSum:70.64
>a0:437,silence:512.00,signal:-75.00,signalAbs:75.00,signalCumSum:71.08
>a0:450,silence:512.00,signal:-62.00,signalAbs:62.00,signalCumSum:70.17
>a0:427,silence:512.00,signal:-85.00,signalAbs:85.00,signalCumSum:71.65
>a0:443,silence:512.00,signal:-69.00,signalAbs:69.00,signalCumSum:71.39
>a0:490,silence:512.00,signal:-22.00,signalAbs:22.00,signalCumSum:66.45
>a0:422,silence:512.00,signal:-90.00,signalAbs:90.00,signalCumSum:68.81
>a0:464,silence:512.00,signal:-48.00,signalAbs:48.00,signalCumSum:66.72
>a0:441,silence:512.00,signal:-71.00,signalAbs:71.00,signalCumSum:67.15
>a0:426,silence:512.00,signal:-86.00,signalAbs:86.00,signalCumSum:69.04
>a0:424,silence:512.00,signal:-88.00,signalAbs:88.00,signalCumSum:70.93
>a0:444,silence:512.00,signal:-68.00,signalAbs:68.00,signalCumSum:70.64
>a0:448,silence:512.00,signal:-64.00,signalAbs:64.00,signalCumSum:69.98
>a0:410,silence:512.00,signal:-102.00,signalAbs:102.00,signalCumSum:73.18
>a0:450,silence:512.00,signal:-62.00,signalAbs:62.00,signalCumSum:72.06
>a0:447,silence:512.00,signal:-65.00,signalAbs:65.00,signalCumSum:71.35
>a0:414,silence:512.00,signal:-98.00,signalAbs:98.00,signalCumSum:74.02
>a0:452,silence:512.00,signal:-60.00,signalAbs:60.00,signalCumSum:72.62
>a0:430,silence:512.00,signal:-82.00,signalAbs:82.00,signalCumSum:73.56
>a0:442,silence:512.00,signal:-70.00,signalAbs:70.00,signalCumSum:73.20
>a0:427,silence:512.00,signal:-85.00,signalAbs:85.00,signalCumSum:74.38
>a0:452,silence:512.00,signal:-60.00,signalAbs:60.00,signalCumSum:72.94
>a0:443,silence:512.00,signal:-69.00,signalAbs:69.00,signalCumSum:72.55
>a0:446,silence:512.00,signal:-66.00,signalAbs:66.00,signalCumSum:71.89
>a0:448,silence:512.00,signal:-64.00,signalAbs:64.00,signalCumSum:71.10
>a0:439,silence:512.00,signal:-73.00,signalAbs:73.00,signalCumSum:71.29
>a0:464,silence:512.00,signal:-48.00,signalAbs:48.00,signalCumSum:68.96
>a0:444,silence:512.00,signal:-68.00,signalAbs:68.00,signalCumSum:68.87
>a0:429,silence:512.00,signal:-83.00,signalAbs:83.00,signalCumSum:70.28
>a0:473,silence:512.00,signal:-39.00,signalAbs:39.00,signalCumSum:67.15
>a0:452,silence:512.00,signal:-60.00,signalAbs:60.00,signalCumSum:66.44
>a0:381,silence:512.00,signal:-131.00,signalAbs:131.00,signalCumSum:72.89
>a0:479,silence:512.00,signal:-33.00,signalAbs:33.00,signalCumSum:68.90
>a0:437,silence:512.00,signal:-75.00,signalAbs:75.00,signalCumSum:69.51
>a0:417,silence:512.00,signal:-95.00,signalAbs:95.00,signalCumSum:72.06
>a0:458,silence:512.00,signal:-54.00,signalAbs:54.00,signalCumSum:70.26
>a0:454,silence:512.00,signal:-58.00,signalAbs:58.00,signalCumSum:69.03
>a0:411,silence:512.00,signal:-101.00,signalAbs:101.00,signalCumSum:72.23
>a0:482,silence:512.00,signal:-30.00,signalAbs:30.00,signalCumSum:68.00
>a0:426,silence:512.00,signal:-86.00,signalAbs:86.00,signalCumSum:69.80
>a0:434,silence:512.00,signal:-78.00,signalAbs:78.00,signalCumSum:70.62
>a0:505,silence:512.00,signal:-7.00,signalAbs:7.00,signalCumSum:64.26
>a0:414,silence:512.00,signal:-98.00,signalAbs:98.00,signalCumSum:67.64
>a0:435,silence:512.00,signal:-77.00,signalAbs:77.00,signalCumSum:68.57
>a0:475,silence:512.00,signal:-37.00,signalAbs:37.00,signalCumSum:65.41
>a0:486,silence:512.00,signal:-26.00,signalAbs:26.00,signalCumSum:61.47
>a0:348,silence:512.00,signal:-164.00,signalAbs:164.00,signalCumSum:71.73
>a0:471,silence:512.00,signal:-41.00,signalAbs:41.00,signalCumSum:68.65
>a0:430,silence:512.00,signal:-82.00,signalAbs:82.00,signalCumSum:69.99
>a0:397,silence:512.00,signal:-115.00,signalAbs:115.00,signalCumSum:74.49
>a0:400,silence:512.00,signal:-112.00,signalAbs:112.00,signalCumSum:78.24
>a0:504,silence:512.00,signal:-8.00,signalAbs:8.00,signalCumSum:71.22
>a0:493,silence:512.00,signal:-19.00,signalAbs:19.00,signalCumSum:65.99
>a0:413,silence:512.00,signal:-99.00,signalAbs:99.00,signalCumSum:69.30
>a0:427,silence:512.00,signal:-85.00,signalAbs:85.00,signalCumSum:70.87
>a0:400,silence:512.00,signal:-112.00,signalAbs:112.00,signalCumSum:74.98
>a0:486,silence:512.00,signal:-26.00,signalAbs:26.00,signalCumSum:70.08
>a0:407,silence:512.00,signal:-105.00,signalAbs:105.00,signalCumSum:73.57
>a0:412,silence:512.00,signal:-100.00,signalAbs:100.00,signalCumSum:76.22
>a0:432,silence:512.00,signal:-80.00,signalAbs:80.00,signalCumSum:76.59
>a0:411,silence:512.00,signal:-101.00,signalAbs:101.00,signalCumSum:79.03
>a0:408,silence:512.00,signal:-104.00,signalAbs:104.00,signalCumSum:81.53
>a0:447,silence:512.00,signal:-65.00,signalAbs:65.00,signalCumSum:79.88
>a0:404,silence:512.00,signal:-108.00,signalAbs:108.00,signalCumSum:82.69
>a0:438,silence:512.00,signal:-74.00,signalAbs:74.00,signalCumSum:81.82
>a0:444,silence:512.00,signal:-68.00,signalAbs:68.00,signalCumSum:80.44
>a0:437,silence:512.00,signal:-75.00,signalAbs:75.00,signalCumSum:79.90
>a0:369,silence:512.00,signal:-143.00,signalAbs:143.00,signalCumSum:86.21
>a0:421,silence:512.00,signal:-91.00,signalAbs:91.00,signalCumSum:86.69
>a0:493,silence:512.00,signal:-19.00,signalAbs:19.00,signalCumSum:79.92
>a0:483,silence:512.00,signal:-29.00,signalAbs:29.00,signalCumSum:74.82
>a0:471,silence:512.00,signal:-41.00,signalAbs:41.00,signalCumSum:71.44
>a0:407,silence:512.00,signal:-105.00,signalAbs:105.00,signalCumSum:74.80
>a0:476,silence:512.00,signal:-36.00,signalAbs:36.00,signalCumSum:70.92
>a0:489,silence:512.00,signal:-23.00,signalAbs:23.00,signalCumSum:66.13
>a0:416,silence:512.00,signal:-96.00,signalAbs:96.00,signalCumSum:69.11
>a0:413,silence:512.00,signal:-99.00,signalAbs:99.00,signalCumSum:72.10
>a0:409,silence:512.00,signal:-103.00,signalAbs:103.00,signalCumSum:75.19
>a0:431,silence:512.00,signal:-81.00,signalAbs:81.00,signalCumSum:75.77
>a0:440,silence:512.00,signal:-72.00,signalAbs:72.00,signalCumSum:75.40
>a0:428,silence:512.00,signal:-84.00,signalAbs:84.00,signalCumSum:76.26
>a0:507,silence:512.00,signal:-5.00,signalAbs:5.00,signalCumSum:69.13
>a0:470,silence:512.00,signal:-42.00,signalAbs:42.00,signalCumSum:66.42
>a0:412,silence:512.00,signal:-100.00,signalAbs:100.00,signalCumSum:69.78
>a0:464,silence:512.00,signal:-48.00,signalAbs:48.00,signalCumSum:67.60
>a0:467,silence:512.00,signal:-45.00,signalAbs:45.00,signalCumSum:65.34
>a0:418,silence:512.00,signal:-94.00,signalAbs:94.00,signalCumSum:68.20
>a0:410,silence:512.00,signal:-102.00,signalAbs:102.00,signalCumSum:71.58
>a0:486,silence:512.00,signal:-26.00,signalAbs:26.00,signalCumSum:67.03
>a0:376,silence:512.00,signal:-136.00,signalAbs:136.00,signalCumSum:73.92
>a0:456,silence:512.00,signal:-56.00,signalAbs:56.00,signalCumSum:72.13
>a0:367,silence:512.00,signal:-145.00,signalAbs:145.00,signalCumSum:79.42
>a0:459,silence:512.00,signal:-53.00,signalAbs:53.00,signalCumSum:76.78
>a0:373,silence:512.00,signal:-139.00,signalAbs:139.00,signalCumSum:83.00
>a0:437,silence:512.00,signal:-75.00,signalAbs:75.00,signalCumSum:82.20
>a0:413,silence:512.00,signal:-99.00,signalAbs:99.00,signalCumSum:83.88
>a0:444,silence:512.00,signal:-68.00,signalAbs:68.00,signalCumSum:82.29
>a0:486,silence:512.00,signal:-26.00,signalAbs:26.00,signalCumSum:76.66
>a0:403,silence:512.00,signal:-109.00,signalAbs:109.00,signalCumSum:79.90
>a0:462,silence:512.00,signal:-50.00,signalAbs:50.00,signalCumSum:76.91
>a0:447,silence:512.00,signal:-65.00,signalAbs:65.00,signalCumSum:75.72
>a0:496,silence:512.00,signal:-16.00,signalAbs:16.00,signalCumSum:69.74
>a0:379,silence:512.00,signal:-133.00,signalAbs:133.00,signalCumSum:76.07
>a0:481,silence:512.00,signal:-31.00,signalAbs:31.00,signalCumSum:71.56
>a0:439,silence:512.00,signal:-73.00,signalAbs:73.00,signalCumSum:71.71
>a0:415,silence:512.00,signal:-97.00,signalAbs:97.00,signalCumSum:74.24
>a0:457,silence:512.00,signal:-55.00,signalAbs:55.00,signalCumSum:72.31
>a0:428,silence:512.00,signal:-84.00,signalAbs:84.00,signalCumSum:73.48
>a0:451,silence:512.00,signal:-61.00,signalAbs:61.00,signalCumSum:72.23
>a0:402,silence:512.00,signal:-110.00,signalAbs:110.00,signalCumSum:76.01
>a0:395,silence:512.00,signal:-117.00,signalAbs:117.00,signalCumSum:80.11
>a0:481,silence:512.00,signal:-31.00,signalAbs:31.00,signalCumSum:75.20
>a0:462,silence:512.00,signal:-50.00,signalAbs:50.00,signalCumSum:72.68
>a0:361,silence:512.00,signal:-151.00,signalAbs:151.00,signalCumSum:80.51
>a0:515,silence:512.00,signal:3.00,signalAbs:3.00,signalCumSum:72.76
>a0:462,silence:512.00,signal:-50.00,signalAbs:50.00,signalCumSum:70.48
>a0:508,silence:512.00,signal:-4.00,signalAbs:4.00,signalCumSum:63.83
>a0:427,silence:512.00,signal:-85.00,signalAbs:85.00,signalCumSum:65.95
>a0:478,silence:512.00,signal:-34.00,signalAbs:34.00,signalCumSum:62.76
>a0:485,silence:512.00,signal:-27.00,signalAbs:27.00,signalCumSum:59.18
>a0:441,silence:512.00,signal:-71.00,signalAbs:71.00,signalCumSum:60.36
>a0:461,silence:512.00,signal:-51.00,signalAbs:51.00,signalCumSum:59.43
>a0:460,silence:512.00,signal:-52.00,signalAbs:52.00,signalCumSum:58.68
>a0:470,silence:512.00,signal:-42.00,signalAbs:42.00,signalCumSum:57.02
>a0:432,silence:512.00,signal:-80.00,signalAbs:80.00,signalCumSum:59.31
>a0:471,silence:512.00,signal:-41.00,signalAbs:41.00,signalCumSum:57.48
>a0:414,silence:512.00,signal:-98.00,signalAbs:98.00,signalCumSum:61.53
>a0:396,silence:512.00,signal:-116.00,signalAbs:116.00,signalCumSum:66.98
>a0:463,silence:512.00,signal:-49.00,signalAbs:49.00,signalCumSum:65.18
>a0:464,silence:512.00,signal:-48.00,signalAbs:48.00,signalCumSum:63.46
>a0:435,silence:512.00,signal:-77.00,signalAbs:77.00,signalCumSum:64.82
>a0:419,silence:512.00,signal:-93.00,signalAbs:93.00,signalCumSum:67.64
>a0:419,silence:512.00,signal:-93.00,signalAbs:93.00,signalCumSum:70.17
>a0:460,silence:512.00,signal:-52.00,signalAbs:52.00,signalCumSum:68.36
>a0:415,silence:512.00,signal:-97.00,signalAbs:97.00,signalCumSum:71.22
>a0:426,silence:512.00,signal:-86.00,signalAbs:86.00,signalCumSum:72.70
>a0:502,silence:512.00,signal:-10.00,signalAbs:10.00,signalCumSum:66.43
>a0:443,silence:512.00,signal:-69.00,signalAbs:69.00,signalCumSum:66.69
>a0:448,silence:512.00,signal:-64.00,signalAbs:64.00,signalCumSum:66.42
>a0:493,silence:512.00,signal:-19.00,signalAbs:19.00,signalCumSum:61.68
>a0:416,silence:512.00,signal:-96.00,signalAbs:96.00,signalCumSum:65.11
>a0:445,silence:512.00,signal:-67.00,signalAbs:67.00,signalCumSum:65.30
>a0:426,silence:512.00,signal:-86.00,signalAbs:86.00,signalCumSum:67.37
>a0:480,silence:512.00,signal:-32.00,signalAbs:32.00,signalCumSum:63.83
>a0:417,silence:512.00,signal:-95.00,signalAbs:95.00,signalCumSum:66.95
>a0:459,silence:512.00,signal:-53.00,signalAbs:53.00,signalCumSum:65.55
>a0:388,silence:512.00,signal:-124.00,signalAbs:124.00,signalCumSum:71.40
>a0:491,silence:512.00,signal:-21.00,signalAbs:21.00,signalCumSum:66.36
>a0:463,silence:512.00,signal:-49.00,signalAbs:49.00,signalCumSum:64.62
>a0:401,silence:512.00,signal:-111.00,signalAbs:111.00,signalCumSum:69.26
>a0:442,silence:512.00,signal:-70.00,signalAbs:70.00,signalCumSum:69.33
>a0:471,silence:512.00,signal:-41.00,signalAbs:41.00,signalCumSum:66.50
>a0:425,silence:512.00,signal:-87.00,signalAbs:87.00,signalCumSum:68.55
>a0:521,silence:512.00,signal:9.00,signalAbs:9.00,signalCumSum:62.60
>a0:429,silence:512.00,signal:-83.00,signalAbs:83.00,signalCumSum:64.64
>a0:479,silence:512.00,signal:-33.00,signalAbs:33.00,signalCumSum:61.47
>a0:435,silence:512.00,signal:-77.00,signalAbs:77.00,signalCumSum:63.02
>a0:435,silence:512.00,signal:-77.00,signalAbs:77.00,signalCumSum:64.42
>a0:429,silence:512.00,signal:-83.00,signalAbs:83.00,signalCumSum:66.28
>a0:430,silence:512.00,signal:-82.00,signalAbs:82.00,signalCumSum:67.85
>a0:482,silence:512.00,signal:-30.00,signalAbs:30.00,signalCumSum:64.07
>a0:369,silence:512.00,signal:-143.00,signalAbs:143.00,signalCumSum:71.96
>a0:420,silence:512.00,signal:-92.00,signalAbs:92.00,signalCumSum:73.96
>a0:446,silence:512.00,signal:-66.00,signalAbs:66.00,signalCumSum:73.17
>a0:446,silence:512.00,signal:-66.00,signalAbs:66.00,signalCumSum:72.45
>a0:400,silence:512.00,signal:-112.00,signalAbs:112.00,signalCumSum:76.41
>a0:426,silence:512.00,signal:-86.00,signalAbs:86.00,signalCumSum:77.37
>a0:472,silence:512.00,signal:-40.00,signalAbs:40.00,signalCumSum:73.63
>a0:441,silence:512.00,signal:-71.00,signalAbs:71.00,signalCumSum:73.37
>a0:389,silence:512.00,signal:-123.00,signalAbs:123.00,signalCumSum:78.33
>a0:471,silence:512.00,signal:-41.00,signalAbs:41.00,signalCumSum:74.60
>a0:423,silence:512.00,signal:-89.00,signalAbs:89.00,signalCumSum:76.04
>a0:464,silence:512.00,signal:-48.00,signalAbs:48.00,signalCumSum:73.23
>a0:456,silence:512.00,signal:-56.00,signalAbs:56.00,signalCumSum:71.51
>a0:451,silence:512.00,signal:-61.00,signalAbs:61.00,signalCumSum:70.46
>a0:393,silence:512.00,signal:-119.00,signalAbs:119.00,signalCumSum:75.31
>a0:508,silence:512.00,signal:-4.00,signalAbs:4.00,signalCumSum:68.18
>a0:492,silence:512.00,signal:-20.00,signalAbs:20.00,signalCumSum:63.36
>a0:444,silence:512.00,signal:-68.00,signalAbs:68.00,signalCumSum:63.83
>a0:439,silence:512.00,signal:-73.00,signalAbs:73.00,signalCumSum:64.74
>a0:462,silence:512.00,signal:-50.00,signalAbs:50.00,signalCumSum:63.27
>a0:496,silence:512.00,signal:-16.00,signalAbs:16.00,signalCumSum:58.54
>a0:455,silence:512.00,signal:-57.00,signalAbs:57.00,signalCumSum:58.39
>a0:455,silence:512.00,signal:-57.00,signalAbs:57.00,signalCumSum:58.25
>a0:435,silence:512.00,signal:-77.00,signalAbs:77.00,signalCumSum:60.12
>a0:423,silence:512.00,signal:-89.00,signalAbs:89.00,signalCumSum:63.01
>a0:415,silence:512.00,signal:-97.00,signalAbs:97.00,signalCumSum:66.41
>a0:453,silence:512.00,signal:-59.00,signalAbs:59.00,signalCumSum:65.67
>a0:427,silence:512.00,signal: