=~=~=~=~=~=~=~=~=~=~=~= PuTTY log 2025.04.29 20:02:00 =~=~=~=~=~=~=~=~=~=~=~=
Initial silence level: 437.00 (2.13 V)
>a0:436,silence:437.00,signal:-1.00,signalAbs:1.00,signalCumSum:0.10
>a0:427,silence:437.00,signal:-10.00,signalAbs:10.00,signalCumSum:1.09
>a0:437,silence:437.00,signal:0.00,signalAbs:0.00,signalCumSum:0.98
>a0:436,silence:437.00,signal:-1.00,signalAbs:1.00,signalCumSum:0.98
>a0:438,silence:437.00,signal:1.00,signalAbs:1.00,signalCumSum:0.98
>a0:439,silence:437.00,signal:2.00,signalAbs:2.00,signalCumSum:1.09
>a0:438,silence:437.00,signal:1.00,signalAbs:1.00,signalCumSum:1.08
>a0:439,silence:437.00,signal:2.00,signalAbs:2.00,signalCumSum:1.17
>a0:437,silence:437.00,signal:0.00,signalAbs:0.00,signalCumSum:1.05
>a0:439,silence:437.00,signal:2.00,signalAbs:2.00,signalCumSum:1.15
>a0:438,silence:437.00,signal:1.00,signalAbs:1.00,signalCumSum:1.13
>a0:437,silence:437.00,signal:0.00,signalAbs:0.00,signalCumSum:1.02
>a0:438,silence:437.00,signal:1.00,signalAbs:1.00,signalCumSum:1.02
>a0:437,silence:437.00,signal:0.00,signalAbs:0.00,signalCumSum:0.92
>a0:438,silence:437.00,signal:1.00,signalAbs:1.00,signalCumSum:0.92
>a0:438,silence:437.00,signal:1.00,signalAbs:1.00,signalCumSum:0.93
>a0:436,silence:437.00,signal:-1.00,signalAbs:1.00,signalCumSum:0.94
>a0:437,silence:437.00,signal:0.00,signalAbs:0.00,signalCumSum:0.84
>a0:438,silence:437.00,signal:1.00,signalAbs:1.00,signalCumSum:0.86
>a0:437,silence:437.00,signal:0.00,signalAbs:0.00,signalCumSum:0.77
>a0:437,silence:437.00,signal:0.00,signalAbs:0.00,signalCumSum:0.70
>a0:438,silence:437.00,signal:1.00,signalAbs:1.00,signalCumSum:0.73
>a0:438,silence:437.00,signal:1.00,signalAbs:1.00,signalCumSum:0.75
>a0:439,silence:437.00,signal:2.00,signalAbs:2.00,signalCumSum:0.88
>a0:436,silence:437.00,signal:-1.00,signalAbs:1.00,signalCumSum:0.89
>a0:438,silence:437.00,signal:1.00,signalAbs:1.00,signalCumSum:0.90
>a0:436,silence:437.00,signal:-1.00,signalAbs:1.00,signalCumSum:0.91
>a0:439,silence:437.00,signal:2.00,signalAbs:2.00,signalCumSum:1.02
>a0:437,silence:437.00,signal:0.00,signalAbs:0.00,signalCumSum:0.92
>a0:436,silence:437.00,signal:-1.00,signalAbs:1.00,signalCumSum:0.93
>a0:439,silence:437.00,signal:2.00,signalAbs:2.00,signalCumSum:1.03
>a0:437,silence:437.00,signal:0.00,signalAbs:0.00,signalCumSum:0.93
>a0:438,silence:437.00,signal:1.00,signalAbs:1.00,signalCumSum:0.94
>a0:438,silence:437.00,signal:1.00,signalAbs:1.00,signalCumSum:0.94
>a0:438,silence:437.00,signal:1.00,signalAbs:1.00,signalCumSum:0.95
>a0:438,silence:437.00,signal:1.00,signalAbs:1.00,signalCumSum:0.95
>a0:437,silence:437.00,signal:0.00,signalAbs:0.00,signalCumSum:0.86
>a0:438,silence:437.00,signal:1.00,signalAbs:1.00,signalCumSum:0.87
>a0:438,silence:437.00,signal:1.00,signalAbs:1.00,signalCumSum:0.89
>a0:437,silence:437.00,signal:0.00,signalAbs:0.00,signalCumSum:0.80
>a0:439,silence:437.00,signal:2.00,signalAbs:2.00,signalCumSum:0.92
>a0:437,silence:437.00,signal:0.00,signalAbs:0.00,signalCumSum:0.83
>a0:438,silence:437.00,signal:1.00,signalAbs:1.00,signalCumSum:0.84
>a0:438,silence:437.00,signal:1.00,signalAbs:1.00,signalCumSum:0.86
>a0:437,silence:437.00,signal:0.00,signalAbs:0.00,signalCumSum:0.77
>a0:439,silence:437.00,signal:2.00,signalAbs:2.00,signalCumSum:0.90
>a0:436,silence:437.00,signal:-1.00,signalAbs:1.00,signalCumSum:0.91
>a0:438,silence:437.00,signal:1.00,signalAbs:1.00,signalCumSum:0.92
>a0:439,silence:437.00,signal:2.00,signalAbs:2.00,signalCumSum:1.02
>a0:437,silence:437.00,signal:0.00,signalAbs:0.00,signalCumSum:0.92
>a0:438,silence:437.00,signal:1.00,signalAbs:1.00,signalCumSum:0.93
>a0:437,silence:437.00,signal:0.00,signalAbs:0.00,signalCumSum:0.84
>a0:436,silence:437.00,signal:-1.00,signalAbs:1.00,signalCumSum:0.85
>a0:439,silence:437.00,signal:2.00,signalAbs:2.00,signalCumSum:0.97
>a0:439,silence:437.00,signal:2.00,signalAbs:2.00,signalCumSum:1.07
>a0:438,silence:437.00,signal:1.00,signalAbs:1.00,signalCumSum:1.06
>a0:438,silence:437.00,signal:1.00,signalAbs:1.00,signalCumSum:1.06
>a0:437,silence:437.00,signal:0.00,signalAbs:0.00,signalCumSum:0.95
>a0:437,silence:437.00,signal:0.00,signalAbs:0.00,signalCumSum:0.86
>a0:436,silence:437.00,signal:-1.00,signalAbs:1.00,signalCumSum:0.87
>a0:437,silence:437.00,signal:0.00,signalAbs:0.00,signalCumSum:0.78
>a0:438,silence:437.00,signal:1.00,signalAbs:1.00,signalCumSum:0.81
>a0:437,silence:437.00,signal:0.00,signalAbs:0.00,signalCumSum:0.72
>a0:438,silence:437.00,signal:1.00,signalAbs:1.00,signalCumSum:0.75
>a0:437,silence:437.00,signal:0.00,signalAbs:0.00,signalCumSum:0.68
>a0:436,silence:437.00,signal:-1.00,signalAbs:1.00,signalCumSum:0.71
>a0:438,silence:437.00,signal:1.00,signalAbs:1.00,signalCumSum:0.74
>a0:437,silence:437.00,signal:0.00,signalAbs:0.00,signalCumSum:0.66
>a0:439,silence:437.00,signal:2.00,signalAbs:2.00,signalCumSum:0.80
>a0:437,silence:437.00,signal:0.00,signalAbs:0.00,signalCumSum:0.72
>a0:437,silence:437.00,signal:0.00,signalAbs:0.00,signalCumSum:0.65
>a0:437,silence:437.00,signal:0.00,signalAbs:0.00,signalCumSum:0.58
>a0:436,silence:437.00,signal:-1.00,signalAbs:1.00,signalCumSum:0.62
>a0:438,silence:437.00,signal:1.00,signalAbs:1.00,signalCumSum:0.66
>a0:438,silence:437.00,signal:1.00,signalAbs:1.00,signalCumSum:0.70
>a0:436,silence:437.00,signal:-1.00,signalAbs:1.00,signalCumSum:0.73
>a0:438,silence:437.00,signal:1.00,signalAbs:1.00,signalCumSum:0.75
>a0:436,silence:437.00,signal:-1.00,signalAbs:1.00,signalCumSum:0.78
>a0:438,silence:437.00,signal:1.00,signalAbs:1.00,signalCumSum:0.80
>a0:437,silence:437.00,signal:0.00,signalAbs:0.00,signalCumSum:0.72
>a0:436,silence:437.00,signal:-1.00,signalAbs:1.00,signalCumSum:0.75
>a0:439,silence:437.00,signal:2.00,signalAbs:2.00,signalCumSum:0.87
>a0:438,silence:437.00,signal:1.00,signalAbs:1.00,signalCumSum:0.89
>a0:436,silence:437.00,signal:-1.00,signalAbs:1.00,signalCumSum:0.90
>a0:438,silence:437.00,signal:1.00,signalAbs:1.00,signalCumSum:0.91
>a0:438,silence:437.00,signal:1.00,signalAbs:1.00,signalCumSum:0.92
>a0:438,silence:437.00,signal:1.00,signalAbs:1.00,signalCumSum:0.93
>a0:437,silence:437.00,signal:0.00,signalAbs:0.00,signalCumSum:0.83
>a0:437,silence:437.00,signal:0.00,signalAbs:0.00,signalCumSum:0.75
>a0:439,silence:437.00,signal:2.00,signalAbs:2.00,signalCumSum:0.87
>a0:438,silence:437.00,signal:1.00,signalAbs:1.00,signalCumSum:0.89
>a0:438,silence:437.00,signal:1.00,signalAbs:1.00,signalCumSum:0.90
>a0:438,silence:437.00,signal:1.00,signalAbs:1.00,signalCumSum:0.91
>a0:438,silence:437.00,signal:1.00,signalAbs:1.00,signalCumSum:0.92
>a0:438,silence:437.00,signal:1.00,signalAbs:1.00,signalCumSum:0.93
>a0:438,silence:437.00,signal:1.00,signalAbs:1.00,signalCumSum:0.93
>a0:438,silence:437.00,signal:1.00,signalAbs:1.00,signalCumSum:0.94
>a0:436,silence:437.00,signal:-1.00,signalAbs:1.00,signalCumSum:0.95
>a0:438,silence:437.00,signal:1.00,signalAbs:1.00,signalCumSum:0.95
>a0:438,silence:437.00,signal:1.00,signalAbs:1.00,signalCumSum:0.96
>a0:438,silence:437.00,signal:1.00,signalAbs:1.00,signalCumSum:0.96
>a0:438,silence:437.00,signal:1.00,signalAbs:1.00,signalCumSum:0.96
>a0:437,silence:437.00,signal:0.00,signalAbs:0.00,signalCumSum:0.87
>a0:438,silence:437.00,signal:1.00,signalAbs:1.00,signalCumSum:0.88
>a0:438,silence:437.00,signal:1.00,signalAbs:1.00,signalCumSum:0.89
>a0:437,silence:437.00,signal:0.00,signalAbs:0.00,signalCumSum:0.80
>a0:438,silence:437.00,signal:1.00,signalAbs:1.00,signalCumSum:0.82
>a0:438,silence:437.00,signal:1.00,signalAbs:1.00,signalCumSum:0.84
>a0:437,silence:437.00,signal:0.00,signalAbs:0.00,signalCumSum:0.76
>a0:438,silence:437.00,signal:1.00,signalAbs:1.00,signalCumSum:0.78
>a0:436,silence:437.00,signal:-1.00,signalAbs:1.00,signalCumSum:0.80
>a0:438,silence:437.00,signal:1.00,signalAbs:1.00,signalCumSum:0.82
>a0:438,silence:437.00,signal:1.00,signalAbs:1.00,signalCumSum:0.84
>a0:436,silence:437.00,signal:-1.00,signalAbs:1.00,signalCumSum:0.86
>a0:439,silence:437.00,signal:2.00,signalAbs:2.00,signalCumSum:0.97
>a0:438,silence:437.00,signal:1.00,signalAbs:1.00,signalCumSum:0.97
>a0:438,silence:437.00,signal:1.00,signalAbs:1.00,signalCumSum:0.98
>a0:437,silence:437.00,signal:0.00,signalAbs:0.00,signalCumSum:0.88
>a0:437,silence:437.00,signal:0.00,signalAbs:0.00,signalCumSum:0.79
>a0:439,silence:437.00,signal:2.00,signalAbs:2.00,signalCumSum:0.91
>a0:438,silence:437.00,signal:1.00,signalAbs:1.00,signalCumSum:0.92
>a0:437,silence:437.00,signal:0.00,signalAbs:0.00,signalCumSum:0.83
>a0:437,silence:437.00,signal:0.00,signalAbs:0.00,signalCumSum:0.75
>a0:437,silence:437.00,signal:0.00,signalAbs:0.00,signalCumSum:0.67
>a0:439,silence:437.00,signal:2.00,signalAbs:2.00,signalCumSum:0.80
>a0:439,silence:437.00,signal:2.00,signalAbs:2.00,signalCumSum:0.92
>a0:438,silence:437.00,signal:1.00,signalAbs:1.00,signalCumSum:0.93
>a0:437,silence:437.00,signal:0.00,signalAbs:0.00,signalCumSum:0.84
>a0:436,silence:437.00,signal:-1.00,signalAbs:1.00,signalCumSum:0.85
>a0:438,silence:437.00,signal:1.00,signalAbs:1.00,signalCumSum:0.87
>a0:438,silence:437.00,signal:1.00,signalAbs:1.00,signalCumSum:0.88
>a0:437,silence:437.00,signal:0.00,signalAbs:0.00,signalCumSum:0.79
>a0:438,silence:437.00,signal:1.00,signalAbs:1.00,signalCumSum:0.81
>a0:437,silence:437.00,signal:0.00,signalAbs:0.00,signalCumSum:0.73
>a0:438,silence:437.00,signal:1.00,signalAbs:1.00,signalCumSum:0.76
>a0:437,silence:437.00,signal:0.00,signalAbs:0.00,signalCumSum:0.68
>a0:437,silence:437.00,signal:0.00,signalAbs:0.00,signalCumSum:0.62
>a0:437,silence:437.00,signal:0.00,signalAbs:0.00,signalCumSum:0.55
>a0:438,silence:437.00,signal:1.00,signalAbs:1.00,signalCumSum:0.60
>a0:438,silence:437.00,signal:1.00,signalAbs:1.00,signalCumSum:0.64
>a0:437,silence:437.00,signal:0.00,signalAbs:0.00,signalCumSum:0.57
>a0:437,silence:437.00,signal:0.00,signalAbs:0.00,signalCumSum:0.52
>a0:438,silence:437.00,signal:1.00,signalAbs:1.00,signalCumSum:0.57
>a0:436,silence:437.00,signal:-1.00,signalAbs:1.00,signalCumSum:0.61
>a0:438,silence:437.00,signal:1.00,signalAbs:1.00,signalCumSum:0.65
>a0:437,silence:437.00,signal:0.00,signalAbs:0.00,signalCumSum:0.58
>a0:436,silence:437.00,signal:-1.00,signalAbs:1.00,signalCumSum:0.62
>a0:438,silence:437.00,signal:1.00,signalAbs:1.00,signalCumSum:0.66
>a0:437,silence:437.00,signal:0.00,signalAbs:0.00,signalCumSum:0.60
>a0:438,silence:437.00,signal:1.00,signalAbs:1.00,signalCumSum:0.64
>a0:439,silence:437.00,signal:2.00,signalAbs:2.00,signalCumSum:0.77
>a0:438,silence:437.00,signal:1.00,signalAbs:1.00,signalCumSum:0.80
>a0:439,silence:437.00,signal:2.00,signalAbs:2.00,signalCumSum:0.92
>a0:436,silence:437.00,signal:-1.00,signalAbs:1.00,signalCumSum:0.92
>a0:437,silence:437.00,signal:0.00,signalAbs:0.00,signalCumSum:0.83
>a0:438,silence:437.00,signal:1.00,signalAbs:1.00,signalCumSum:0.85
>a0:438,silence:437.00,signal:1.00,signalAbs:1.00,signalCumSum:0.86
>a0:438,silence:437.00,signal:1.00,signalAbs:1.00,signalCumSum:0.88
>a0:437,silence:437.00,signal:0.00,signalAbs:0.00,signalCumSum:0.79
>a0:438,silence:437.00,signal:1.00,signalAbs:1.00,signalCumSum:0.81
>a0:437,silence:437.00,signal:0.00,signalAbs:0.00,signalCumSum:0.73
>a0:436,silence:437.00,signal:-1.00,signalAbs:1.00,signalCumSum:0.76
>a0:440,silence:437.00,signal:3.00,signalAbs:3.00,signalCumSum:0.98
>a0:437,silence:437.00,signal:0.00,signalAbs:0.00,signalCumSum:0.88
>a0:437,silence:437.00,signal:0.00,signalAbs:0.00,signalCumSum:0.79
>a0:438,silence:437.00,signal:1.00,signalAbs:1.00,signalCumSum:0.82
>a0:436,silence:437.00,signal:-1.00,signalAbs:1.00,signalCumSum:0.83
>a0:437,silence:437.00,signal:0.00,signalAbs:0.00,signalCumSum:0.75
>a0:437,silence:437.00,signal:0.00,signalAbs:0.00,signalCumSum:0.68
>a0:438,silence:437.00,signal:1.00,signalAbs:1.00,signalCumSum:0.71
>a0:438,silence:437.00,signal:1.00,signalAbs:1.00,signalCumSum:0.74
>a0:438,silence:437.00,signal:1.00,signalAbs:1.00,signalCumSum:0.76
>a0:437,silence:437.00,signal:0.00,signalAbs:0.00,signalCumSum:0.69
>a0:437,silence:437.00,signal:0.00,signalAbs:0.00,signalCumSum:0.62
>a0:437,silence:437.00,signal:0.00,signalAbs:0.00,signalCumSum:0.56
>a0:438,silence:437.00,signal:1.00,signalAbs:1.00,signalCumSum:0.60
>a0:437,silence:437.00,signal:0.00,signalAbs:0.00,signalCumSum:0.54
>a0:438,silence:437.00,signal:1.00,signalAbs:1.00,signalCumSum:0.59
>a0:438,silence:437.00,signal:1.00,signalAbs:1.00,signalCumSum:0.63
>a0:437,silence:437.00,signal:0.00,signalAbs:0.00,signalCumSum:0.57
>a0:438,silence:437.00,signal:1.00,signalAbs:1.00,signalCumSum:0.61
>a0:438,silence:437.00,signal:1.00,signalAbs:1.00,signalCumSum:0.65
>a0:437,silence:437.00,signal:0.00,signalAbs:0.00,signalCumSum:0.58
>a0:437,silence:437.00,signal:0.00,signalAbs:0.00,signalCumSum:0.52
>a0:439,silence:437.00,signal:2.00,signalAbs:2.00,signalCumSum:0.67
>a0:438,silence:437.00,signal:1.00,signalAbs:1.00,signalCumSum:0.71
>a0:438,silence:437.00,signal:1.00,signalAbs:1.00,signalCumSum:0.73
>a0:437,silence:437.00,signal:0.00,signalAbs:0.00,signalCumSum:0.66
>a0:437,silence:437.00,signal:0.00,signalAbs:0.00,signalCumSum:0.59
>a0:437,silence:437.00,signal:0.00,signalAbs:0.00,signalCumSum:0.54
>a0:438,silence:437.00,signal:1.00,signalAbs:1.00,signalCumSum:0.58
>a0:437,silence:437.00,signal:0.00,signalAbs:0.00,signalCumSum:0.52
>a0:438,silence:437.00,signal:1.00,signalAbs:1.00,signalCumSum:0.57
>a0:438,silence:437.00,signal:1.00,signalAbs:1.00,signalCumSum:0.61
>a0:438,silence:437.00,signal:1.00,signalAbs:1.00,signalCumSum:0.65
>a0:439,silence:437.00,signal:2.00,signalAbs:2.00,signalCumSum:0.79
>a0:437,silence:437.00,signal:0.00,signalAbs:0.00,signalCumSum:0.71
>a0:438,silence:437.00,signal:1.00,signalAbs:1.00,signalCumSum:0.74
>a0:439,silence:437.00,signal:2.00,signalAbs:2.00,signalCumSum:0.86
>a0:437,silence:437.00,signal:0.00,signalAbs:0.00,signalCumSum:0.78
>a0:438,silence:437.00,signal:1.00,signalAbs:1.00,signalCumSum:0.80
>a0:438,silence:437.00,signal:1.00,signalAbs:1.00,signalCumSum:0.82
>a0:438,silence:437.00,signal:1.00,signalAbs:1.00,signalCumSum:0.84
>a0:437,silence:437.00,signal:0.00,signalAbs:0.00,signalCumSum:0.75
>a0:436,silence:437.00,signal:-1.00,signalAbs:1.00,signalCumSum:0.78
>a0:439,silence:437.00,signal:2.00,signalAbs:2.00,signalCumSum:0.90
>a0:437,silence:437.00,signal:0.00,signalAbs:0.00,signalCumSum:0.81
>a0:438,silence:437.00,signal:1.00,signalAbs:1.00,signalCumSum:0.83
>a0:438,silence:437.00,signal:1.00,signalAbs:1.00,signalCumSum:0.85
>a0:437,silence:437.00,signal:0.00,signalAbs:0.00,signalCumSum:0.76
>a0:439,silence:437.00,signal:2.00,signalAbs:2.00,signalCumSum:0.89
>a0:436,silence:437.00,signal:-1.00,signalAbs:1.00,signalCumSum:0.90
>a0:439,silence:437.00,signal:2.00,signalAbs:2.00,signalCumSum:1.01
>a0:439,silence:437.00,signal:2.00,signalAbs:2.00,signalCumSum:1.11
>a0:438,silence:437.00,signal:1.00,signalAbs:1.00,signalCumSum:1.10
>a0:438,silence:437.00,signal:1.00,signalAbs:1.00,signalCumSum:1.09
>a0:437,silence:437.00,signal:0.00,signalAbs:0.00,signalCumSum:0.98
>a0:438,silence:437.00,signal:1.00,signalAbs:1.00,signalCumSum:0.98
>a0:437,silence:437.00,signal:0.00,signalAbs:0.00,signalCumSum:0.88
>a0:437,silence:437.00,signal:0.00,signalAbs:0.00,signalCumSum:0.79
>a0:438,silence:437.00,signal:1.00,signalAbs:1.00,signalCumSum:0.81
>a0:438,silence:437.00,signal:1.00,signalAbs:1.00,signalCumSum:0.83
>a0:438,silence:437.00,signal:1.00,signalAbs:1.00,signalCumSum:0.85
>a0:437,silence:437.00,signal:0.00,signalAbs:0.00,signalCumSum:0.76
>a0:437,silence:437.00,signal:0.00,signalAbs:0.00,signalCumSum:0.69
>a0:438,silence:437.00,signal:1.00,signalAbs:1.00,signalCumSum:0.72
>a0:438,silence:437.00,signal:1.00,signalAbs:1.00,signalCumSum:0.75
>a0:439,silence:437.00,signal:2.00,signalAbs:2.00,signalCumSum:0.87
>a0:440,silence:437.00,signal:3.00,signalAbs:3.00,signalCumSum:1.09
>a0:436,silence:437.00,signal:-1.00,signalAbs:1.00,signalCumSum:1.08
>a0:438,silence:437.00,signal:1.00,signalAbs:1.00,signalCumSum:1.07
>a0:437,silence:437.00,signal:0.00,signalAbs:0.00,signalCumSum:0.96
>a0:437,silence:437.00,signal:0.00,signalAbs:0.00,signalCumSum:0.87
>a0:437,silence:437.00,signal:0.00,signalAbs:0.00,signalCumSum:0.78
>a0:437,silence:437.00,signal:0.00,signalAbs:0.00,signalCumSum:0.70
>a0:438,silence:437.00,signal:1.00,signalAbs:1.00,signalCumSum:0.73
>a0:439,silence:437.00,signal:2.00,signalAbs:2.00,signalCumSum:0.86
>a0:437,silence:437.00,signal:0.00,signalAbs:0.00,signalCumSum:0.77
>a0:438,silence:437.00,signal:1.00,signalAbs:1.00,signalCumSum:0.80
>a0:436,silence:437.00,signal:-1.00,signalAbs:1.00,signalCumSum:0.82
>a0:438,silence:437.00,signal:1.00,signalAbs:1.00,signalCumSum:0.83
>a0:436,silence:437.00,signal:-1.00,signalAbs:1.00,signalCumSum:0.85
>a0:438,silence:437.00,signal:1.00,signalAbs:1.00,signalCumSum:0.87
>a0:439,silence:437.00,signal:2.00,signalAbs:2.00,signalCumSum:0.98
>a0:437,silence:437.00,signal:0.00,signalAbs:0.00,signalCumSum:0.88
>a0:438,silence:437.00,signal:1.00,signalAbs:1.00,signalCumSum:0.89
>a0:437,silence:437.00,signal:0.00,signalAbs:0.00,signalCumSum:0.80
>a0:438,silence:437.00,signal:1.00,signalAbs:1.00,signalCumSum:0.82
>a0:439,silence:437.00,signal:2.00,signalAbs:2.00,signalCumSum:0.94
>a0:437,silence:437.00,signal:0.00,signalAbs:0.00,signalCumSum:0.85
>a0:438,silence:437.00,signal:1.00,signalAbs:1.00,signalCumSum:0.86
>a0:437,silence:437.00,signal:0.00,signalAbs:0.00,signalCumSum:0.78
>a0:439,silence:437.00,signal:2.00,signalAbs:2.00,signalCumSum:0.90
>a0:438,silence:437.00,signal:1.00,signalAbs:1.00,signalCumSum:0.91
>a0:437,silence:437.00,signal:0.00,signalAbs:0.00,signalCumSum:0.82
>a0:437,silence:437.00,signal:0.00,signalAbs:0.00,signalCumSum:0.74
>a0:438,silence:437.00,signal:1.00,signalAbs:1.00,signalCumSum:0.76
>a0:438,silence:437.00,signal:1.00,signalAbs:1.00,signalCumSum:0.79
>a0:439,silence:437.00,signal:2.00,signalAbs:2.00,signalCumSum:0.91
>a0:437,silence:437.00,signal:0.00,signalAbs:0.00,signalCumSum:0.82
>a0:438,silence:437.00,signal:1.00,signalAbs:1.00,signalCumSum:0.84
>a0:440,silence:437.00,signal:3.00,signalAbs:3.00,signalCumSum:1.05
>a0:437,silence:437.00,signal:0.00,signalAbs:0.00,signalCumSum:0.95
>a0:437,silence:437.00,signal:0.00,signalAbs:0.00,signalCumSum:0.85
>a0:436,silence:437.00,signal:-1.00,signalAbs:1.00,signalCumSum:0.87
>a0:439,silence:437.00,signal:2.00,signalAbs:2.00,signalCumSum:0.98
>a0:439,silence:437.00,signal:2.00,signalAbs:2.00,signalCumSum:1.08
>a0:438,silence:437.00,signal:1.00,signalAbs:1.00,signalCumSum:1.07
>a0:438,silence:437.00,signal:1.00,signalAbs:1.00,signalCumSum:1.07
>a0:437,silence:437.00,signal:0.00,signalAbs:0.00,signalCumSum:0.96
>a0:437,silence:437.00,signal:0.00,signalAbs:0.00,signalCumSum:0.86
>a0:439,silence:437.00,signal:2.00,signalAbs:2.00,signalCumSum:0.98
>a0:437,silence:437.00,signal:0.00,signalAbs:0.00,signalCumSum:0.88
>a0:438,silence:437.00,signal:1.00,signalAbs:1.00,signalCumSum:0.89
>a0:436,silence:437.00,signal:-1.00,signalAbs:1.00,signalCumSum:0.90
>a0:438,silence:437.00,signal:1.00,signalAbs:1.00,signalCumSum:0.91
>a0:439,silence:437.00,signal:2.00,signalAbs:2.00,signalCumSum:1.02
>a0:437,silence:437.00,signal:0.00,signalAbs:0.00,signalCumSum:0.92
>a0:438,silence:437.00,signal:1.00,signalAbs:1.00,signalCumSum:0.93
>a0:437,silence:437.00,signal:0.00,signalAbs:0.00,signalCumSum:0.83
>a0:437,silence:437.00,signal:0.00,signalAbs:0.00,signalCumSum:0.75
>a0:438,silence:437.00,signal:1.00,signalAbs:1.00,signalCumSum:0.78
>a0:437,silence:437.00,signal:0.00,signalAbs:0.00,signalCumSum:0.70
>a0:439,silence:437.00,signal:2.00,signalAbs:2.00,signalCumSum:0.83
>a0:437,silence:437.00,signal:0.00,signalAbs:0.00,signalCumSum:0.75
>a0:437,silence:437.00,signal:0.00,signalAbs:0.00,signalCumSum:0.67
>a0:438,silence:437.00,signal:1.00,signalAbs:1.00,signalCumSum:0.70
>a0:436,silence:437.00,signal:-1.00,signalAbs:1.00,signalCumSum:0.73
>a0:439,silence:437.00,signal:2.00,signalAbs:2.00,signalCumSum:0.86
>a0:436,silence:437.00,signal:-1.00,signalAbs:1.00,signalCumSum:0.87
>a0:437,silence:437.00,signal:0.00,signalAbs:0.00,signalCumSum:0.79
>a0:438,silence:437.00,signal:1.00,signalAbs:1.00,signalCumSum:0.81
>a0:437,silence:437.00,signal:0.00,signalAbs:0.00,signalCumSum:0.73
>a0:438,silence:437.00,signal:1.00,signalAbs:1.00,signalCumSum:0.75
>a0:439,silence:437.00,signal:2.00,signalAbs:2.00,signalCumSum:0.88
>a0:438,silence:437.00,signal:1.00,signalAbs:1.00,signalCumSum:0.89
>a0:438,silence:437.00,signal:1.00,signalAbs:1.00,signalCumSum:0.90
>a0:436,silence:437.00,signal:-1.00,signalAbs:1.00,signalCumSum:0.91
>a0:438,silence:437.00,signal:1.00,signalAbs:1.00,signalCumSum:0.92
>a0:438,silence:437.00,signal:1.00,signalAbs:1.00,signalCumSum:0.93
>a0:437,silence:437.00,signal:0.00,signalAbs:0.00,signalCumSum:0.84
>a0:437,silence:437.00,signal:0.00,signalAbs:0.00,signalCumSum:0.75
>a0:437,silence:437.00,signal:0.00,signalAbs:0.00,signalCumSum:0.68
>a0:439,silence:437.00,signal:2.00,signalAbs:2.00,signalCumSum:0.81
>a0:439,silence:437.00,signal:2.00,signalAbs:2.00,signalCumSum:0.93
>a0:437,silence:437.00,signal:0.00,signalAbs:0.00,signalCumSum:0.84
>a0:439,silence:437.00,signal:2.00,signalAbs:2.00,signalCumSum:0.95
>a0:436,silence:437.00,signal:-1.00,signalAbs:1.00,signalCumSum:0.96
>a0:438,silence:437.00,signal:1.00,signalAbs:1.00,signalCumSum:0.96
>a0:439,silence:437.00,signal:2.00,signalAbs:2.00,signalCumSum:1.06
>a0:436,silence:437.00,signal:-1.00,signalAbs:1.00,signalCumSum:1.06
>a0:438,silence:437.00,signal:1.00,signalAbs:1.00,signalCumSum:1.05
>a0:437,silence:437.00,signal:0.00,signalAbs:0.00,signalCumSum:0.95
>a0:437,silence:437.00,signal:0.00,signalAbs:0.00,signalCumSum:0.85
>a0:438,silence:437.00,signal:1.00,signalAbs:1.00,signalCumSum:0.87
>a0:438,silence:437.00,signal:1.00,signalAbs:1.00,signalCumSum:0.88
>a0:439,silence:437.00,signal:2.00,signalAbs:2.00,signalCumSum:0.99
>a0:437,silence:437.00,signal:0.00,signalAbs:0.00,signalCumSum:0.89
>a0:438,silence:437.00,signal:1.00,signalAbs:1.00,signalCumSum:0.90
>a0:439,silence:437.00,signal:2.00,signalAbs:2.00,signalCumSum:1.01
>a0:436,silence:437.00,signal:-1.00,signalAbs:1.00,signalCumSum:1.01
>a0:438,silence:437.00,signal:1.00,signalAbs:1.00,signalCumSum:1.01
>a0:439,silence:437.00,signal:2.00,signalAbs:2.00,signalCumSum:1.11
>a0:437,silence:437.00,signal:0.00,signalAbs:0.00,signalCumSum:1.00
>a0:438,silence:437.00,signal:1.00,signalAbs:1.00,signalCumSum:1.00
>a0:438,silence:437.00,signal:1.00,signalAbs:1.00,signalCumSum:1.00
>a0:438,silence:437.00,signal:1.00,signalAbs:1.00,signalCumSum:1.00
>a0:438,silence:437.00,signal:1.00,signalAbs:1.00,signalCumSum:1.00
>a0:436,silence:437.00,signal:-1.00,signalAbs:1.00,signalCumSum:1.00
>a0:438,silence:437.00,signal:1.00,signalAbs:1.00,signalCumSum:1.00
>a0:437,silence:437.00,signal:0.00,signalAbs:0.00,signalCumSum:0.90
>a0:438,silence:437.00,signal:1.00,signalAbs:1.00,signalCumSum:0.91
>a0:438,silence:437.00,signal:1.00,signalAbs:1.00,signalCumSum:0.92
>a0:438,silence:437.00,signal:1.00,signalAbs:1.00,signalCumSum:0.93
>a0:438,silence:437.00,signal:1.00,signalAbs:1.00,signalCumSum:0.93
>a0:438,silence:437.00,signal:1.00,signalAbs:1.00,signalCumSum:0.94
>a0:439,silence:437.00,signal:2.00,signalAbs:2.00,signalCumSum:1.05
>a0:437,silence:437.00,signal:0.00,signalAbs:0.00,signalCumSum:0.94
>a0:437,silence:437.00,signal:0.00,signalAbs:0.00,signalCumSum:0.85
>a0:439,silence:437.00,signal:2.00,signalAbs:2.00,signalCumSum:0.96
>a0:437,silence:437.00,signal:0.00,signalAbs:0.00,signalCumSum:0.87
>a0:437,silence:437.00,signal:0.00,signalAbs:0.00,signalCumSum:0.78
>a0:438,silence:437.00,signal:1.00,signalAbs:1.00,signalCumSum:0.80
>a0:437,silence:437.00,signal:0.00,signalAbs:0.00,signalCumSum:0.72
>a0:439,silence:437.00,signal:2.00,signalAbs:2.00,signalCumSum:0.85
>a0:437,silence:437.00,signal:0.00,signalAbs:0.00,signalCumSum:0.76
>a0:438,silence:437.00,signal:1.00,signalAbs:1.00,signalCumSum:0.79
>a0:439,silence:437.00,signal:2.00,signalAbs:2.00,signalCumSum:0.91
>a0:437,silence:437.00,signal:0.00,signalAbs:0.00,signalCumSum:0.82
>a0:437,silence:437.00,signal:0.00,signalAbs:0.00,signalCumSum:0.74
>a0:437,silence:437.00,signal:0.00,signalAbs:0.00,signalCumSum:0.66
>a0:437,silence:437.00,signal:0.00,signalAbs:0.00,signalCumSum:0.60
>a0:439,silence:437.00,signal:2.00,signalAbs:2.00,signalCumSum:0.74
>a0:438,silence:437.00,signal:1.00,signalAbs:1.00,signalCumSum:0.76
>a0:439,silence:437.00,signal:2.00,signalAbs:2.00,signalCumSum:0.89
>a0:437,silence:437.00,signal:0.00,signalAbs:0.00,signalCumSum:0.80
>a0:437,silence:437.00,signal:0.00,signalAbs:0.00,signalCumSum:0.72
>a0:439,silence:437.00,signal:2.00,signalAbs:2.00,signalCumSum:0.85
>a0:437,silence:437.00,signal:0.00,signalAbs:0.00,signalCumSum:0.76
>a0:438,silence:437.00,signal:1.00,signalAbs:1.00,signalCumSum:0.79
>a0:437,silence:437.00,signal:0.00,signalAbs:0.00,signalCumSum:0.71
>a0:437,silence:437.00,signal:0.00,signalAbs:0.00,signalCumSum:0.64
>a0:437,silence:437.00,signal:0.00,signalAbs:0.00,signalCumSum:0.57
>a0:438,silence:437.00,signal:1.00,signalAbs:1.00,signalCumSum:0.62
>a0:439,silence:437.00,signal:2.00,signalAbs:2.00,signalCumSum:0.75
>a0:437,silence:437.00,signal:0.00,signalAbs:0.00,signalCumSum:0.68
>a0:438,silence:437.00,signal:1.00,signalAbs:1.00,signalCumSum:0.71
>a0:437,silence:437.00,signal:0.00,signalAbs:0.00,signalCumSum:0.64
>a0:436,silence:437.00,signal:-1.00,signalAbs:1.00,signalCumSum:0.68
>a0:438,silence:437.00,signal:1.00,signalAbs:1.00,signalCumSum:0.71
>a0:439,silence:437.00,signal:2.00,signalAbs:2.00,signalCumSum:0.84
>a0:437,silence:437.00,signal:0.00,signalAbs:0.00,signalCumSum:0.75
>a0:439,silence:437.00,signal:2.00,signalAbs:2.00,signalCumSum:0.88
>a0:438,silence:437.00,signal:1.00,signalAbs:1.00,signalCumSum:0.89
>a0:438,silence:437.00,signal:1.00,signalAbs:1.00,signalCumSum:0.90
>a0:437,silence:437.00,signal:0.00,signalAbs:0.00,signalCumSum:0.81
>a0:437,silence:437.00,signal:0.00,signalAbs:0.00,signalCumSum:0.73
>a0:437,silence:437.00,signal:0.00,signalAbs:0.00,signalCumSum:0.66
>a0:436,silence:437.00,signal:-1.00,signalAbs:1.00,signalCumSum:0.69
>a0:439,silence:437.00,signal:2.00,signalAbs:2.00,signalCumSum:0.82
>a0:437,silence:437.00,signal:0.00,signalAbs:0.00,signalCumSum:0.74
>a0:437,silence:437.00,signal:0.00,signalAbs:0.00,signalCumSum:0.67
>a0:438,silence:437.00,signal:1.00,signalAbs:1.00,signalCumSum:0.70
>a0:436,silence:437.00,signal:-1.00,signalAbs:1.00,signalCumSum:0.73
>a0:439,silence:437.00,signal:2.00,signalAbs:2.00,signalCumSum:0.86
>a0:437,silence:437.00,signal:0.00,signalAbs:0.00,signalCumSum:0.77
>a0:437,silence:437.00,signal:0.00,signalAbs:0.00,signalCumSum:0.69
>a0:439,silence:437.00,signal:2.00,signalAbs:2.00,signalCumSum:0.82
>a0:438,silence:437.00,signal:1.00,signalAbs:1.00,signalCumSum:0.84
>a0:437,silence:437.00,signal:0.00,signalAbs:0.00,signalCumSum:0.76
>a0:436,silence:437.00,signal:-1.00,signalAbs:1.00,signalCumSum:0.78
>a0:437,silence:437.00,signal:0.00,signalAbs:0.00,signalCumSum:0.70
>a0:437,silence:437.00,signal:0.00,signalAbs:0.00,signalCumSum:0.63
>a0:438,silence:437.00,signal:1.00,signalAbs:1.00,signalCumSum:0.67
>a0:438,silence:437.00,signal:1.00,signalAbs:1.00,signalCumSum:0.70
>a0:438,silence:437.00,signal:1.00,signalAbs:1.00,signalCumSum:0.73
>a0:438,silence:437.00,signal:1.00,signalAbs:1.00,signalCumSum:0.76
>a0:438,silence:437.00,signal:1.00,signalAbs:1.00,signalCumSum:0.78
>a0:436,silence:437.00,signal:-1.00,signalAbs:1.00,signalCumSum:0.81
>a0:437,silence:437.00,signal:0.00,signalAbs:0.00,signalCumSum:0.72
>a0:439,silence:437.00,signal:2.00,signalAbs:2.00,signalCumSum:0.85
>a0:438,silence:437.00,signal:1.00,signalAbs:1.00,signalCumSum:0.87
>a0:437,silence:437.00,signal:0.00,signalAbs:0.00,signalCumSum:0.78
>a0:437,silence:437.00,signal:0.00,signalAbs:0.00,signalCumSum:0.70
>a0:437,silence:437.00,signal:0.00,signalAbs:0.00,signalCumSum:0.63
>a0:438,silence:437.00,signal:1.00,signalAbs:1.00,signalCumSum:0.67
>a0:438,silence:437.00,signal:1.00,signalAbs:1.00,signalCumSum:0.70
>a0:438,silence:437.00,signal:1.00,signalAbs:1.00,signalCumSum:0.73
>a0:439,silence:437.00,signal:2.00,signalAbs:2.00,signalCumSum:0.86
>a0:436,silence:437.00,signal:-1.00,signalAbs:1.00,signalCumSum:0.87
>a0:439,silence:437.00,signal:2.00,signalAbs:2.00,signalCumSum:0.99
>a0:437,silence:437.00,signal:0.00,signalAbs:0.00,signalCumSum:0.89
>a0:437,silence:437.00,signal:0.00,signalAbs:0.00,signalCumSum:0.80
>a0:438,silence:437.00,signal:1.00,signalAbs:1.00,signalCumSum:0.82
>a0:437,silence:437.00,signal:0.00,signalAbs:0.00,signalCumSum:0.74
>a0:439,silence:437.00,signal:2.00,signalAbs:2.00,signalCumSum:0.86
>a0:438,silence:437.00,signal:1.00,signalAbs:1.00,signalCumSum:0.88
>a0:438,silence:437.00,signal:1.00,signalAbs:1.00,signalCumSum:0.89
Music stopped
>a0:438,silence:437.00,signal:1.00,signalAbs:1.00,signalCumSum:0.90
>a0:438,silence:437.00,signal:1.00,signalAbs:1.00,signalCumSum:0.91
>a0:437,silence:437.00,signal:0.00,signalAbs:0.00,signalCumSum:0.82
>a0:436,silence:437.00,signal:-1.00,signalAbs:1.00,signalCumSum:0.84
>a0:439,silence:437.00,signal:2.00,signalAbs:2.00,signalCumSum:0.95
>a0:438,silence:437.00,signal:1.00,signalAbs:1.00,signalCumSum:0.96
>a0:437,silence:437.00,signal:0.00,signalAbs:0.00,signalCumSum:0.86
>a0:439,silence:437.00,signal:2.00,signalAbs:2.00,signalCumSum:0.98
>a0:437,silence:437.00,signal:0.00,signalAbs:0.00,signalCumSum:0.88
>a0:438,silence:437.00,signal:1.00,signalAbs:1.00,signalCumSum:0.89
>a0:436,silence:437.00,signal:-1.00,signalAbs:1.00,signalCumSum:0.90
>a0:438,silence:437.00,signal:1.00,signalAbs:1.00,signalCumSum:0.91
>a0:438,silence:437.00,signal:1.00,signalAbs:1.00,signalCumSum:0.92
>a0:437,silence:437.00,signal:0.00,signalAbs:0.00,signalCumSum:0.83
>a0:439,silence:437.00,signal:2.00,signalAbs:2.00,signalCumSum:0.95
>a0:437,silence:437.00,signal:0.00,signalAbs:0.00,signalCumSum:0.85
>a0:436,silence:437.00,signal:-1.00,signalAbs:1.00,signalCumSum:0.87
>a0:439,silence:437.00,signal:2.00,signalAbs:2.00,signalCumSum:0.98
>a0:438,silence:437.00,signal:1.00,signalAbs:1.00,signalCumSum:0.98
>a0:438,silence:437.00,signal:1.00,signalAbs:1.00,signalCumSum:0.98
>a0:438,silence:437.00,signal:1.00,signalAbs:1.00,signalCumSum:0.98
>a0:436,silence:437.00,signal:-1.00,signalAbs:1.00,signalCumSum:0.99
>a0:438,silence:437.00,signal:1.00,signalAbs:1.00,signalCumSum:0.99
>a0:438,silence:437.00,signal:1.00,signalAbs:1.00,signalCumSum:0.99
>a0:438,silence:437.00,signal:1.00,signalAbs:1.00,signalCumSum:0.99
>a0:438,silence:437.00,signal:1.00,signalAbs:1.00,signalCumSum:0.99
>a0:438,silence:437.00,signal:1.00,signalAbs:1.00,signalCumSum:0.99
>a0:438,silence:437.00,signal:1.00,signalAbs:1.00,signalCumSum:0.99
>a0:437,silence:437.00,signal:0.00,signalAbs:0.00,signalCumSum:0.89
>a0:438,silence:437.00,signal:1.00,signalAbs:1.00,signalCumSum:0.90
>a0:438,silence:437.00,signal:1.00,signalAbs:1.00,signalCumSum:0.91
>a0:436,silence:437.00,signal:-1.00,signalAbs:1.00,signalCumSum:0.92
>a0:438,silence:437.00,signal:1.00,signalAbs:1.00,signalCumSum:0.93
>a0:437,silence:437.00,signal:0.00,signalAbs:0.00,signalCumSum:0.84
>a0:438,silence:437.00,signal:1.00,signalAbs:1.00,signalCumSum:0.85
>a0:439,silence:437.00,signal:2.00,signalAbs:2.00,signalCumSum:0.97
>a0:437,silence:437.00,signal:0.00,signalAbs:0.00,signalCumSum:0.87
>a0:439,silence:437.00,signal:2.00,signalAbs:2.00,signalCumSum:0.98
>a0:437,silence:437.00,signal:0.00,signalAbs:0.00,signalCumSum:0.89
>a0:437,silence:437.00,signal:0.00,signalAbs:0.00,signalCumSum:0.80
>a0:438,silence:437.00,signal:1.00,signalAbs:1.00,signalCumSum:0.82
>a0:437,silence:437.00,signal:0.00,signalAbs:0.00,signalCumSum:0.74
>a0:439,silence:437.00,signal:2.00,signalAbs:2.00,signalCumSum:0.86
>a0:437,silence:437.00,signal:0.00,signalAbs:0.00,signalCumSum:0.78
>a0:438,silence:437.00,signal:1.00,signalAbs:1.00,signalCumSum:0.80
>a0:439,silence:437.00,signal:2.00,signalAbs:2.00,signalCumSum:0.92
>a0:437,silence:437.00,signal:0.00,signalAbs:0.00,signalCumSum:0.83
>a0:438,silence:437.00,signal:1.00,signalAbs:1.00,signalCumSum:0.84
>a0:436,silence:437.00,signal:-1.00,signalAbs:1.00,signalCumSum:0.86
>a0:437,silence:437.00,signal:0.00,signalAbs:0.00,signalCumSum:0.77
>a0:439,silence:437.00,signal:2.00,signalAbs:2.00,signalCumSum:0.90
>a0:437,silence:437.00,signal:0.00,signalAbs:0.00,signalCumSum:0.81
>a0:440,silence:437.00,signal:3.00,signalAbs:3.00,signalCumSum:1.03
>a0:438,silence:437.00,signal:1.00,signalAbs:1.00,signalCumSum:1.02
>a0:438,silence:437.00,signal:1.00,signalAbs:1.00,signalCumSum:1.02
>a0:438,silence:437.00,signal:1.00,signalAbs:1.00,signalCumSum:1.02
>a0:439,silence:437.00,signal:2.00,signalAbs:2.00,signalCumSum:1.12
>a0:437,silence:437.00,signal:0.00,signalAbs:0.00,signalCumSum:1.01
>a0:438,silence:437.00,signal:1.00,signalAbs:1.00,signalCumSum:1.00
>a0:436,silence:437.00,signal:-1.00,signalAbs:1.00,signalCumSum:1.00
>a0:439,silence:437.00,signal:2.00,signalAbs:2.00,signalCumSum:1.10
>a0:438,silence:437.00,signal:1.00,signalAbs:1.00,signalCumSum:1.09
>a0:440,silence:437.00,signal:3.00,signalAbs:3.00,signalCumSum:1.28
>a0:438,silence:437.00,signal:1.00,signalAbs:1.00,signalCumSum:1.26
>a0:438,silence:437.00,signal:1.00,signalAbs:1.00,signalCumSum:1.23
>a0:439,silence:437.00,signal:2.00,signalAbs:2.00,signalCumSum:1.31
>a0:438,silence:437.00,signal:1.00,signalAbs:1.00,signalCumSum:1.28
>a0:438,silence:437.00,signal:1.00,signalAbs:1.00,signalCumSum:1.25
>a0:438,silence:437.00,signal:1.00,signalAbs:1.00,signalCumSum:1.22
>a0:438,silence:437.00,signal:1.00,signalAbs:1.00,signalCumSum:1.20
>a0:439,silence:437.00,signal:2.00,signalAbs:2.00,signalCumSum:1.28
>a0:437,silence:437.00,signal:0.00,signalAbs:0.00,signalCumSum:1.15
>a0:438,silence:437.00,signal:1.00,signalAbs:1.00,signalCumSum:1.14
>a0:438,silence:437.00,signal:1.00,signalAbs:1.00,signalCumSum:1.12
>a0:438,silence:437.00,signal:1.00,signalAbs:1.00,signalCumSum:1.11
>a0:439,silence:437.00,signal:2.00,signalAbs:2.00,signalCumSum:1.20
>a0:439,silence:437.00,signal:2.00,signalAbs:2.00,signalCumSum:1.28
>a0:437,silence:437.00,signal:0.00,signalAbs:0.00,signalCumSum:1.15
>a0:438,silence:437.00,signal:1.00,signalAbs:1.00,signalCumSum:1.14
>a0:438,silence:437.00,signal:1.00,signalAbs:1.00,signalCumSum:1.12
>a0:438,silence:437.00,signal:1.00,signalAbs:1.00,signalCumSum:1.11
>a0:438,silence:437.00,signal:1.00,signalAbs:1.00,signalCumSum:1.10
>a0:439,silence:437.00,signal:2.00,signalAbs:2.00,signalCumSum:1.19
>a0:439,silence:437.00,signal:2.00,signalAbs:2.00,signalCumSum:1.27
>a0:438,silence:437.00,signal:1.00,signalAbs:1.00,signalCumSum:1.24
>a0:437,silence:437.00,signal:0.00,signalAbs:0.00,signalCumSum:1.12
>a0:438,silence:437.00,signal:1.00,signalAbs:1.00,signalCumSum:1.11
>a0:439,silence:437.00,signal:2.00,signalAbs:2.00,signalCumSum:1.20
>a0:437,silence:437.00,signal:0.00,signalAbs:0.00,signalCumSum:1.08
>a0:437,silence:437.00,signal:0.00,signalAbs:0.00,signalCumSum:0.97
>a0:440,silence:437.00,signal:3.00,signalAbs:3.00,signalCumSum:1.17
>a0:437,silence:437.00,signal:0.00,signalAbs:0.00,signalCumSum:1.06
>a0:438,silence:437.00,signal:1.00,signalAbs:1.00,signalCumSum:1.05
>a0:439,silence:437.00,signal:2.00,signalAbs:2.00,signalCumSum:1.14
>a0:437,silence:437.00,signal:0.00,signalAbs:0.00,signalCumSum:1.03
>a0:439,silence:437.00,signal:2.00,signalAbs:2.00,signalCumSum:1.13
>a0:437,silence:437.00,signal:0.00,signalAbs:0.00,signalCumSum:1.01
>a0:437,silence:437.00,signal:0.00,signalAbs:0.00,signalCumSum:0.91
>a0:437,silence:437.00,signal:0.00,signalAbs:0.00,signalCumSum:0.82
>a0:438,silence:437.00,signal:1.00,signalAbs:1.00,signalCumSum:0.84
>a0:439,silence:437.00,signal:2.00,signalAbs:2.00,signalCumSum:0.96
>a0:437,silence:437.00,signal:0.00,signalAbs:0.00,signalCumSum:0.86
>a0:438,silence:437.00,signal:1.00,signalAbs:1.00,signalCumSum:0.87
>a0:439,silence:437.00,signal:2.00,signalAbs:2.00,signalCumSum:0.99
>a0:437,silence:437.00,signal:0.00,signalAbs:0.00,signalCumSum:0.89
>a0:438,silence:437.00,signal:1.00,signalAbs:1.00,signalCumSum:0.90
>a0:438,silence:437.00,signal:1.00,signalAbs:1.00,signalCumSum:0.91
>a0:437,silence:437.00,signal:0.00,signalAbs:0.00,signalCumSum:0.82
>a0:438,silence:437.00,signal:1.00,signalAbs:1.00,signalCumSum:0.84
>a0:437,silence:437.00,signal:0.00,signalAbs:0.00,signalCumSum:0.75
>a0:438,silence:437.00,signal:1.00,signalAbs:1.00,signalCumSum:0.78
>a0:438,silence:437.00,signal:1.00,signalAbs:1.00,signalCumSum:0.80
>a0:438,silence:437.00,signal:1.00,signalAbs:1.00,signalCumSum:0.82
>a0:438,silence:437.00,signal:1.00,signalAbs:1.00,signalCumSum:0.84
>a0:438,silence:437.00,signal:1.00,signalAbs:1.00,signalCumSum:0.85
>a0:440,silence:437.00,signal:3.00,signalAbs:3.00,signalCumSum:1.07
>a0:437,silence:437.00,signal:0.00,signalAbs:0.00,signalCumSum:0.96
>a0:439,silence:437.00,signal:2.00,signalAbs:2.00,signalCumSum:1.07
>a0:438,silence:437.00,signal:1.00,signalAbs:1.00,signalCumSum:1.06
>a0:437,silence:437.00,signal:0.00,signalAbs:0.00,signalCumSum:0.95
>a0:439,silence:437.00,signal:2.00,signalAbs:2.00,signalCumSum:1.06
>a0:437,silence:437.00,signal:0.00,signalAbs:0.00,signalCumSum:0.95
>a0:438,silence:437.00,signal:1.00,signalAbs:1.00,signalCumSum:0.96
>a0:437,silence:437.00,signal:0.00,signalAbs:0.00,signalCumSum:0.86
>a0:437,silence:437.00,signal:0.00,signalAbs:0.00,signalCumSum:0.78
>a0:438,silence:437.00,signal:1.00,signalAbs:1.00,signalCumSum:0.80
>a0:437,silence:437.00,signal:0.00,signalAbs:0.00,signalCumSum:0.72
>a0:439,silence:437.00,signal:2.00,signalAbs:2.00,signalCumSum:0.85
>a0:438,silence:437.00,signal:1.00,signalAbs:1.00,signalCumSum:0.86
>a0:437,silence:437.00,signal:0.00,signalAbs:0.00,signalCumSum:0.78
>a0:438,silence:437.00,signal:1.00,signalAbs:1.00,signalCumSum:0.80
>a0:439,silence:437.00,signal:2.00,signalAbs:2.00,signalCumSum:0.92
>a0:437,silence:437.00,signal:0.00,signalAbs:0.00,signalCumSum:0.83
>a0:439,silence:437.00,signal:2.00,signalAbs:2.00,signalCumSum:0.94
>a0:437,silence:437.00,signal:0.00,signalAbs:0.00,signalCumSum:0.85
>a0:438,silence:437.00,signal:1.00,signalAbs:1.00,signalCumSum:0.86
>a0:438,silence:437.00,signal:1.00,signalAbs:1.00,signalCumSum:0.88
>a0:438,silence:437.00,signal:1.00,signalAbs:1.00,signalCumSum:0.89
>a0:438,silence:437.00,signal:1.00,signalAbs:1.00,signalCumSum:0.90
>a0:438,silence:437.00,signal:1.00,signalAbs:1.00,signalCumSum:0.91
>a0:438,silence:437.00,signal:1.00,signalAbs:1.00,signalCumSum:0.92
>a0:437,silence:437.00,signal:0.00,signalAbs:0.00,signalCumSum:0.83
>a0:439,silence:437.00,signal:2.00,signalAbs:2.00,signalCumSum:0.95
>a0:438,silence:437.00,signal:1.00,signalAbs:1.00,signalCumSum:0.95
>a0:438,silence:437.00,signal:1.00,signalAbs:1.00,signalCumSum:0.96
>a0:439,silence:437.00,signal:2.00,signalAbs:2.00,signalCumSum:1.06
>a0:438,silence:437.00,signal:1.00,signalAbs:1.00,signalCumSum:1.05
>a0:439,silence:437.00,signal:2.00,signalAbs:2.00,signalCumSum:1.15
>a0:438,silence:437.05,signal:0.95,signalAbs:0.95,signalCumSum:1.13
>a0:438,silence:437.10,signal:0.90,signalAbs:0.90,signalCumSum:1.11
>a0:439,silence:437.14,signal:1.86,signalAbs:1.86,signalCumSum:1.18
>a0:439,silence:437.19,signal:1.81,signalAbs:1.81,signalCumSum:1.24
>a0:439,silence:437.23,signal:1.77,signalAbs:1.77,signalCumSum:1.30
>a0:438,silence:437.26,signal:0.74,signalAbs:0.74,signalCumSum:1.24
>a0:438,silence:437.30,signal:0.70,signalAbs:0.70,signalCumSum:1.19
>a0:437,silence:437.34,signal:-0.34,signalAbs:0.34,signalCumSum:1.10
>a0:439,silence:437.37,signal:1.63,signalAbs:1.63,signalCumSum:1.15
>a0:439,silence:437.40,signal:1.60,signalAbs:1.60,signalCumSum:1.20
>a0:438,silence:437.43,signal:0.57,signalAbs:0.57,signalCumSum:1.14
>a0:436,silence:437.46,signal:-1.46,signalAbs:1.46,signalCumSum:1.17
>a0:439,silence:437.49,signal:1.51,signalAbs:1.51,signalCumSum:1.20
>a0:437,silence:437.51,signal:-0.51,signalAbs:0.51,signalCumSum:1.13
>a0:439,silence:437.54,signal:1.46,signalAbs:1.46,signalCumSum:1.17
>a0:438,silence:437.56,signal:0.44,signalAbs:0.44,signalCumSum:1.09
>a0:438,silence:437.58,signal:0.42,signalAbs:0.42,signalCumSum:1.03
>a0:438,silence:437.60,signal:0.40,signalAbs:0.40,signalCumSum:0.96
>a0:437,silence:437.62,signal:-0.62,signalAbs:0.62,signalCumSum:0.93
>a0:440,silence:437.64,signal:2.36,signalAbs:2.36,signalCumSum:1.07
>a0:438,silence:437.66,signal:0.34,signalAbs:0.34,signalCumSum:1.00
>a0:437,silence:437.68,signal:-0.68,signalAbs:0.68,signalCumSum:0.97
>a0:438,silence:437.69,signal:0.31,signalAbs:0.31,signalCumSum:0.90
>a0:437,silence:437.71,signal:-0.71,signalAbs:0.71,signalCumSum:0.88
>a0:437,silence:437.67,signal:-0.67,signalAbs:0.67,signalCumSum:0.86
>a0:438,silence:437.64,signal:0.36,signalAbs:0.36,signalCumSum:0.81
>a0:438,silence:437.61,signal:0.39,signalAbs:0.39,signalCumSum:0.77
>a0:438,silence:437.58,signal:0.42,signalAbs:0.42,signalCumSum:0.73
>a0:439,silence:437.55,signal:1.45,signalAbs:1.45,signalCumSum:0.81
>a0:437,silence:437.52,signal:-0.52,signalAbs:0.52,signalCumSum:0.78
>a0:438,silence:437.49,signal:0.51,signalAbs:0.51,signalCumSum:0.75
>a0:438,silence:437.47,signal:0.53,signalAbs:0.53,signalCumSum:0.73
>a0:437,silence:437.45,signal:-0.45,signalAbs:0.45,signalCumSum:0.70
>a0:438,silence:437.42,signal:0.58,signalAbs:0.58,signalCumSum:0.69
>a0:439,silence:437.40,signal:1.60,signalAbs:1.60,signalCumSum:0.78
>a0:438,silence:437.38,signal:0.62,signalAbs:0.62,signalCumSum:0.76
>a0:438,silence:437.36,signal:0.64,signalAbs:0.64,signalCumSum:0.75
>a0:436,silence:437.35,signal:-1.35,signalAbs:1.35,signalCumSum:0.81
>a0:439,silence:437.33,signal:1.67,signalAbs:1.67,signalCumSum:0.90
>a0:438,silence:437.31,signal:0.69,signalAbs:0.69,signalCumSum:0.88
>a0:438,silence:437.30,signal:0.70,signalAbs:0.70,signalCumSum:0.86
>a0:439,silence:437.28,signal:1.72,signalAbs:1.72,signalCumSum:0.94
>a0:437,silence:437.27,signal:-0.27,signalAbs:0.27,signalCumSum:0.88
>a0:438,silence:437.25,signal:0.75,signalAbs:0.75,signalCumSum:0.86
>a0:437,silence:437.24,signal:-0.24,signalAbs:0.24,signalCumSum:0.80
>a0:437,silence:437.23,signal:-0.23,signalAbs:0.23,signalCumSum:0.74
>a0:439,silence:437.22,signal:1.78,signalAbs:1.78,signalCumSum:0.85
>a0:438,silence:437.21,signal:0.79,signalAbs:0.79,signalCumSum:0.84
>a0:438,silence:437.20,signal:0.80,signalAbs:0.80,signalCumSum:0.84
>a0:437,silence:437.19,signal:-0.19,signalAbs:0.19,signalCumSum:0.77
>a0:437,silence:437.18,signal:-0.18,signalAbs:0.18,signalCumSum:0.71
>a0:439,silence:437.17,signal:1.83,signalAbs:1.83,signalCumSum:0.83
>a0:438,silence:437.16,signal:0.84,signalAbs:0.84,signalCumSum:0.83
>a0:437,silence:437.15,signal:-0.15,signalAbs:0.15,signalCumSum:0.76
>a0:438,silence:437.14,signal:0.86,signalAbs:0.86,signalCumSum:0.77
>a0:436,silence:437.14,signal:-1.14,signalAbs:1.14,signalCumSum:0.81
>a0:438,silence:437.13,signal:0.87,signalAbs:0.87,signalCumSum:0.81
>a0:438,silence:437.12,signal:0.88,signalAbs:0.88,signalCumSum:0.82
>a0:436,silence:437.12,signal:-1.12,signalAbs:1.12,signalCumSum:0.85
>a0:438,silence:437.11,signal:0.89,signalAbs:0.89,signalCumSum:0.85
>a0:437,silence:437.11,signal:-0.11,signalAbs:0.11,signalCumSum:0.78
>a0:438,silence:437.10,signal:0.90,signalAbs:0.90,signalCumSum:0.79
>a0:438,silence:437.10,signal:0.90,signalAbs:0.90,signalCumSum:0.80
>a0:437,silence:437.09,signal:-0.09,signalAbs:0.09,signalCumSum:0.73
>a0:437,silence:437.09,signal:-0.09,signalAbs:0.09,signalCumSum:0.67
>a0:439,silence:437.08,signal:1.92,signalAbs:1.92,signalCumSum:0.79
>a0:437,silence:437.08,signal:-0.08,signalAbs:0.08,signalCumSum:0.72
>a0:438,silence:437.07,signal:0.93,signalAbs:0.93,signalCumSum:0.74
>a0:438,silence:437.07,signal:0.93,signalAbs:0.93,signalCumSum:0.76
>a0:438,silence:437.07,signal:0.93,signalAbs:0.93,signalCumSum:0.78
>a0:438,silence:437.06,signal:0.94,signalAbs:0.94,signalCumSum:0.79
>a0:436,silence:437.06,signal:-1.06,signalAbs:1.06,signalCumSum:0.82
>a0:438,silence:437.06,signal:0.94,signalAbs:0.94,signalCumSum:0.83
>a0:437,silence:437.05,signal:-0.05,signalAbs:0.05,signalCumSum:0.75
>a0:438,silence:437.05,signal:0.95,signalAbs:0.95,signalCumSum:0.77
>a0:439,silence:437.05,signal:1.95,signalAbs:1.95,signalCumSum:0.89
>a0:438,silence:437.05,signal:0.95,signalAbs:0.95,signalCumSum:0.90
>a0:438,silence:437.04,signal:0.96,signalAbs:0.96,signalCumSum:0.90
>a0:439,silence:437.04,signal:1.96,signalAbs:1.96,signalCumSum:1.01
>a0:437,silence:437.04,signal:-0.04,signalAbs:0.04,signalCumSum:0.91
>a0:438,silence:437.04,signal:0.96,signalAbs:0.96,signalCumSum:0.92
>a0:437,silence:437.04,signal:-0.04,signalAbs:0.04,signalCumSum:0.83
>a0:437,silence:437.03,signal:-0.03,signalAbs:0.03,signalCumSum:0.75
>a0:440,silence:437.03,signal:2.97,signalAbs:2.97,signalCumSum:0.97
>a0:437,silence:437.03,signal:-0.03,signalAbs:0.03,signalCumSum:0.88
>a0:438,silence:437.03,signal:0.97,signalAbs:0.97,signalCumSum:0.89
>a0:439,silence:437.03,signal:1.97,signalAbs:1.97,signalCumSum:1.00
>a0:437,silence:437.03,signal:-0.03,signalAbs:0.03,signalCumSum:0.90
>a0:438,silence:437.03,signal:0.97,signalAbs:0.97,signalCumSum:0.91
>a0:438,silence:437.02,signal:0.98,signalAbs:0.98,signalCumSum:0.91
>a0:438,silence:437.02,signal:0.98,signalAbs:0.98,signalCumSum:0.92
>a0:439,silence:437.02,signal:1.98,signalAbs:1.98,signalCumSum:1.03
>a0:437,silence:437.02,signal:-0.02,signalAbs:0.02,signalCumSum:0.92
>a0:437,silence:437.02,signal:-0.02,signalAbs:0.02,signalCumSum:0.83
>a0:438,silence:437.02,signal:0.98,signalAbs:0.98,signalCumSum:0.85
>a0:437,silence:437.02,signal:-0.02,signalAbs:0.02,signalCumSum:0.77
>a0:439,silence:437.02,signal:1.98,signalAbs:1.98,signalCumSum:0.89
>a0:438,silence:437.02,signal:0.98,signalAbs:0.98,signalCumSum:0.90
>a0:439,silence:437.02,signal:1.98,signalAbs:1.98,signalCumSum:1.01
>a0:438,silence:437.01,signal:0.99,signalAbs:0.99,signalCumSum:1.00
>a0:436,silence:437.01,signal:-1.01,signalAbs:1.01,signalCumSum:1.00
>a0:438,silence:437.01,signal:0.99,signalAbs:0.99,signalCumSum:1.00
>a0:439,silence:437.01,signal:1.99,signalAbs:1.99,signalCumSum:1.10
>a0:437,silence:437.01,signal:-0.01,signalAbs:0.01,signalCumSum:0.99
>a0:438,silence:437.01,signal:0.99,signalAbs:0.99,signalCumSum:0.99
>a0:438,silence:437.01,signal:0.99,signalAbs:0.99,signalCumSum:0.99
>a0:438,silence:437.01,signal:0.99,signalAbs:0.99,signalCumSum:0.99
>a0:437,silence:437.01,signal:-0.01,signalAbs:0.01,signalCumSum:0.89
>a0:437,silence:437.01,signal:-0.01,signalAbs:0.01,signalCumSum:0.81
>a0:438,silence:437.01,signal:0.99,signalAbs:0.99,signalCumSum:0.82
>a0:437,silence:437.01,signal:-0.01,signalAbs:0.01,signalCumSum:0.74
>a0:437,silence:437.01,signal:-0.01,signalAbs:0.01,signalCumSum:0.67
>a0:439,silence:437.01,signal:1.99,signalAbs:1.99,signalCumSum:0.80
>a0:437,silence:437.01,signal:-0.01,signalAbs:0.01,signalCumSum:0.72
>a0:438,silence:437.01,signal:0.99,signalAbs:0.99,signalCumSum:0.75
>a0:440,silence:437.01,signal:2.99,signalAbs:2.99,signalCumSum:0.97
>a0:438,silence:437.01,signal:0.99,signalAbs:0.99,signalCumSum:0.98
>a0:437,silence:437.01,signal:-0.01,signalAbs:0.01,signalCumSum:0.88
>a0:437,silence:437.01,signal:-0.01,signalAbs:0.01,signalCumSum:0.79
>a0:438,silence:437.01,signal:0.99,signalAbs:0.99,signalCumSum:0.81
>a0:439,silence:437.00,signal:2.00,signalAbs:2.00,signalCumSum:0.93
>a0:437,silence:437.00,signal:-0.00,signalAbs:0.00,signalCumSum:0.84
>a0:439,silence:437.00,signal:2.00,signalAbs:2.00,signalCumSum:0.95
>a0:437,silence:437.00,signal:-0.00,signalAbs:0.00,signalCumSum:0.86
>a0:436,silence:437.00,signal:-1.00,signalAbs:1.00,signalCumSum:0.87
>a0:438,silence:437.00,signal:1.00,signalAbs:1.00,signalCumSum:0.89
>a0:438,silence:437.00,signal:1.00,signalAbs:1.00,signalCumSum:0.90
>a0:438,silence:437.00,signal:1.00,signalAbs:1.00,signalCumSum:0.91
>a0:439,silence:437.00,signal:2.00,signalAbs:2.00,signalCumSum:1.02
>a0:437,silence:437.00,signal:-0.00,signalAbs:0.00,signalCumSum:0.91
>a0:439,silence:437.00,signal:2.00,signalAbs:2.00,signalCumSum:1.02
>a0:439,silence:437.00,signal:2.00,signalAbs:2.00,signalCumSum:1.12
>a0:437,silence:437.00,signal:-0.00,signalAbs:0.00,signalCumSum:1.01
>a0:439,silence:437.00,signal:2.00,signalAbs:2.00,signalCumSum:1.11
>a0:438,silence:437.00,signal:1.00,signalAbs:1.00,signalCumSum:1.10
>a0:439,silence:437.00,signal:2.00,signalAbs:2.00,signalCumSum:1.19
>a0:438,silence:437.00,signal:1.00,signalAbs:1.00,signalCumSum:1.17
>a0:437,silence:437.00,signal:-0.00,signalAbs:0.00,signalCumSum:1.05
>a0:439,silence:437.00,signal:2.00,signalAbs:2.00,signalCumSum:1.15
>a0:439,silence:437.00,signal:2.00,signalAbs:2.00,signalCumSum:1.23
>a0:438,silence:437.00,signal:1.00,signalAbs:1.00,signalCumSum:1.21
>a0:438,silence:437.00,signal:1.00,signalAbs:1.00,signalCumSum:1.19
>a0:437,silence:437.00,signal:-0.00,signalAbs:0.00,signalCumSum:1.07
>a0:438,silence:437.00,signal:1.00,signalAbs:1.00,signalCumSum:1.06
>a0:437,silence:437.00,signal:-0.00,signalAbs:0.00,signalCumSum:0.96
>a0:438,silence:437.00,signal:1.00,signalAbs:1.00,signalCumSum:0.96
>a0:438,silence:437.00,signal:1.00,signalAbs:1.00,signalCumSum:0.96
>a0:438,silence:437.00,signal:1.00,signalAbs:1.00,signalCumSum:0.97
>a0:439,silence:437.00,signal:2.00,signalAbs:2.00,signalCumSum:1.07
>a0:438,silence:437.00,signal:1.00,signalAbs:1.00,signalCumSum:1.06
>a0:438,silence:437.00,signal:1.00,signalAbs:1.00,signalCumSum:1.06
>a0:439,silence:437.00,signal:2.00,signalAbs:2.00,signalCumSum:1.15
>a0:437,silence:437.00,signal:-0.00,signalAbs:0.00,signalCumSum:1.04
>a0:439,silence:437.00,signal:2.00,signalAbs:2.00,signalCumSum:1.13
>a0:437,silence:437.00,signal:-0.00,signalAbs:0.00,signalCumSum:1.02
>a0:438,silence:437.00,signal:1.00,signalAbs:1.00,signalCumSum:1.02
>a0:438,silence:437.00,signal:1.00,signalAbs:1.00,signalCumSum:1.02
>a0:438,silence:437.00,signal:1.00,signalAbs:1.00,signalCumSum:1.01
>a0:438,silence:437.00,signal:1.00,signalAbs:1.00,signalCumSum:1.01
>a0:436,silence:437.00,signal:-1.00,signalAbs:1.00,signalCumSum:1.01
>a0:437,silence:437.00,signal:-0.00,signalAbs:0.00,signalCumSum:0.91
>a0:439,silence:437.00,signal:2.00,signalAbs:2.00,signalCumSum:1.02
>a0:438,silence:437.00,signal:1.00,signalAbs:1.00,signalCumSum:1.02
>a0:438,silence:437.00,signal:1.00,signalAbs:1.00,signalCumSum:1.02
>a0:438,silence:437.00,signal:1.00,signalAbs:1.00,signalCumSum:1.01
>a0:438,silence:437.00,signal:1.00,signalAbs:1.00,signalCumSum:1.01
>a0:439,silence:437.00,signal:2.00,signalAbs:2.00,signalCumSum:1.11
>a0:438,silence:437.00,signal:1.00,signalAbs:1.00,signalCumSum:1.10
>a0:438,silence:437.00,signal:1.00,signalAbs:1.00,signalCumSum:1.09
>a0:438,silence:437.00,signal:1.00,signalAbs:1.00,signalCumSum:1.08
>a0:437,silence:437.00,signal:-0.00,signalAbs:0.00,signalCumSum:0.97
>a0:440,silence:437.00,signal:3.00,signalAbs:3.00,signalCumSum:1.18
>a0:437,silence:437.00,signal:-0.00,signalAbs:0.00,signalCumSum:1.06
>a0:437,silence:437.00,signal:-0.00,signalAbs:0.00,signalCumSum:0.95
>a0:439,silence:437.00,signal:2.00,signalAbs:2.00,signalCumSum:1.06
>a0:437,silence:437.00,signal:-0.00,signalAbs:0.00,signalCumSum:0.95
>a0:438,silence:437.00,signal:1.00,signalAbs:1.00,signalCumSum:0.96
>a0:439,silence:437.00,signal:2.00,signalAbs:2.00,signalCumSum:1.06
>a0:438,silence:437.00,signal:1.00,signalAbs:1.00,signalCumSum:1.05
>a0:438,silence:437.00,signal:1.00,signalAbs:1.00,signalCumSum:1.05
>a0:437,silence:437.00,signal:-0.00,signalAbs:0.00,signalCumSum:0.94
>a0:437,silence:437.00,signal:-0.00,signalAbs:0.00,signalCumSum:0.85
>a0:439,silence:437.00,signal:2.00,signalAbs:2.00,signalCumSum:0.96
>a0:437,silence:437.00,signal:-0.00,signalAbs:0.00,signalCumSum:0.87
>a0:438,silence:437.00,signal:1.00,signalAbs:1.00,signalCumSum:0.88
>a0:439,silence:437.00,signal:2.00,signalAbs:2.00,signalCumSum:0.99
>a0:437,silence:437.00,signal:-0.00,signalAbs:0.00,signalCumSum:0.89
>a0:439,silence:437.00,signal:2.00,signalAbs:2.00,signalCumSum:1.00
>a0:437,silence:437.00,signal:-0.00,signalAbs:0.00,signalCumSum:0.90
>a0:438,silence:437.00,signal:1.00,signalAbs:1.00,signalCumSum:0.91
>a0:438,silence:437.00,signal:1.00,signalAbs:1.00,signalCumSum:0.92
>a0:438,silence:437.00,signal:1.00,signalAbs:1.00,signalCumSum:0.93
>a0:438,silence:437.00,signal:1.00,signalAbs:1.00,signalCumSum:0.94
>a0:438,silence:437.00,signal:1.00,signalAbs:1.00,signalCumSum:0.94
>a0:438,silence:437.00,signal:1.00,signalAbs:1.00,signalCumSum:0.95
>a0:439,silence:437.00,signal:2.00,signalAbs:2.00,signalCumSum:1.05
>a0:437,silence:437.00,signal:-0.00,signalAbs:0.00,signalCumSum:0.95
>a0:438,silence:437.00,signal:1.00,signalAbs:1.00,signalCumSum:0.95
>a0:437,silence:437.00,signal:-0.00,signalAbs:0.00,signalCumSum:0.86
>a0:437,silence:437.00,signal:-0.00,signalAbs:0.00,signalCumSum:0.77
>a0:438,silence:437.00,signal:1.00,signalAbs:1.00,signalCumSum:0.80
>a0:437,silence:437.00,signal:-0.00,signalAbs:0.00,signalCumSum:0.72
>a0:437,silence:437.00,signal:-0.00,signalAbs:0.00,signalCumSum:0.64
>a0:440,silence:437.00,signal:3.00,signalAbs:3.00,signalCumSum:0.88
>a0:438,silence:437.00,signal:1.00,signalAbs:1.00,signalCumSum:0.89
>a0:438,silence:437.00,signal:1.00,signalAbs:1.00,signalCumSum:0.90
>a0:438,silence:437.00,signal:1.00,signalAbs:1.00,signalCumSum:0.91
>a0:437,silence:437.00,signal:-0.00,signalAbs:0.00,signalCumSum:0.82
>a0:439,silence:437.00,signal:2.00,signalAbs:2.00,signalCumSum:0.94
>a0:437,silence:437.00,signal:-0.00,signalAbs:0.00,signalCumSum:0.85
>a0:438,silence:437.00,signal:1.00,signalAbs:1.00,signalCumSum:0.86
>a0:438,silence:437.00,signal:1.00,signalAbs:1.00,signalCumSum:0.87
>a0:436,silence:437.00,signal:-1.00,signalAbs:1.00,signalCumSum:0.89
>a0:439,silence:437.00,signal:2.00,signalAbs:2.00,signalCumSum:1.00
>a0:437,silence:437.00,signal:-0.00,signalAbs:0.00,signalCumSum:0.90
>a0:437,silence:437.00,signal:-0.00,signalAbs:0.00,signalCumSum:0.81
>a0:438,silence:437.00,signal:1.00,signalAbs:1.00,signalCumSum:0.83
>a0:438,silence:437.00,signal:1.00,signalAbs:1.00,signalCumSum:0.84
>a0:438,silence:437.00,signal:1.00,signalAbs:1.00,signalCumSum:0.86
>a0:437,silence:437.00,signal:-0.00,signalAbs:0.00,signalCumSum:0.77
>a0:438,silence:437.00,signal:1.00,signalAbs:1.00,signalCumSum:0.80
>a0:440,silence:437.00,signal:3.00,signalAbs:3.00,signalCumSum:1.02
>a0:438,silence:437.00,signal:1.00,signalAbs:1.00,signalCumSum:1.02
>a0:437,silence:437.00,signal:-0.00,signalAbs:0.00,signalCumSum:0.91
>a0:438,silence:437.00,signal:1.00,signalAbs:1.00,signalCumSum:0.92
>a0:438,silence:437.00,signal:1.00,signalAbs:1.00,signalCumSum:0.93
>a0:439,silence:437.00,signal:2.00,signalAbs:2.00,signalCumSum:1.04
>a0:438,silence:437.00,signal:1.00,signalAbs:1.00,signalCumSum:1.03
>a0:437,silence:437.00,signal:-0.00,signalAbs:0.00,signalCumSum:0.93
>a0:438,silence:437.00,signal:1.00,signalAbs:1.00,signalCumSum:0.94
>a0:437,silence:437.00,signal:-0.00,signalAbs:0.00,signalCumSum:0.84
>a0:439,silence:437.00,signal:2.00,signalAbs:2.00,signalCumSum:0.96
>a0:437,silence:437.00,signal:-0.00,signalAbs:0.00,signalCumSum:0.86
>a0:439,silence:437.00,signal:2.00,signalAbs:2.00,signalCumSum:0.98
>a0:440,silence:437.00,signal:3.00,signalAbs:3.00,signalCumSum:1.18
>a0:438,silence:437.00,signal:1.00,signalAbs:1.00,signalCumSum:1.16
>a0:437,silence:437.00,signal:-0.00,signalAbs:0.00,signalCumSum:1.05
>a0:439,silence:437.00,signal:2.00,signalAbs:2.00,signalCumSum:1.14
>a0:438,silence:437.00,signal:1.00,signalAbs:1.00,signalCumSum:1.13
>a0:438,silence:437.00,signal:1.00,signalAbs:1.00,signalCumSum:1.11
>a0:437,silence:437.00,signal:-0.00,signalAbs:0.00,signalCumSum:1.00
>a0:437,silence:437.00,signal:-0.00,signalAbs:0.00,signalCumSum:0.90
>a0:438,silence:437.00,signal:1.00,signalAbs:1.00,signalCumSum:0.91
>a0:438,silence:437.00,signal:1.00,signalAbs:1.00,signalCumSum:0.92
>a0:438,silence:437.00,signal:1.00,signalAbs:1.00,signalCumSum:0.93
>a0:438,silence:437.00,signal:1.00,signalAbs:1.00,signalCumSum:0.94
>a0:437,silence:437.00,signal:-0.00,signalAbs:0.00,signalCumSum:0.84
>a0:438,silence:437.00,signal:1.00,signalAbs:1.00,signalCumSum:0.86
>a0:438,silence:437.00,signal:1.00,signalAbs:1.00,signalCumSum:0.87
>a0:438,silence:437.00,signal:1.00,signalAbs:1.00,signalCumSum:0.88
>a0:438,silence:437.00,signal:1.00,signalAbs:1.00,signalCumSum:0.90
>a0:437,silence:437.00,signal:-0.00,signalAbs:0.00,signalCumSum:0.81
>a0:440,silence:437.00,signal:3.00,signalAbs:3.00,signalCumSum:1.03
>a0:438,silence:437.00,signal:1.00,signalAbs:1.00,signalCumSum:1.02
>a0:438,silence:437.00,signal:1.00,signalAbs:1.00,signalCumSum:1.02
>a0:440,silence:437.00,signal:3.00,signalAbs:3.00,signalCumSum:1.22
>a0:437,silence:437.00,signal:-0.00,signalAbs:0.00,signalCumSum:1.10
>a0:438,silence:437.00,signal:1.00,signalAbs:1.00,signalCumSum:1.09
>a0:438,silence:437.00,signal:1.00,signalAbs:1.00,signalCumSum:1.08
>a0:438,silence:437.00,signal:1.00,signalAbs:1.00,signalCumSum:1.07
>a0:437,silence:437.00,signal:-0.00,signalAbs:0.00,signalCumSum:0.96
>a0:438,silence:437.00,signal:1.00,signalAbs:1.00,signalCumSum:0.97
>a0:438,silence:437.00,signal:1.00,signalAbs:1.00,signalCumSum:0.97
>a0:438,silence:437.00,signal:1.00,signalAbs:1.00,signalCumSum:0.97
>a0:437,silence:437.00,signal:-0.00,signalAbs:0.00,signalCumSum:0.88
>a0:439,silence:437.00,signal:2.00,signalAbs:2.00,signalCumSum:0.99
>a0:438,silence:437.00,signal:1.00,signalAbs:1.00,signalCumSum:0.99
>a0:437,silence:437.00,signal:-0.00,signalAbs:0.00,signalCumSum:0.89
>a0:439,silence:437.00,signal:2.00,signalAbs:2.00,signalCumSum:1.00
>a0:437,silence:437.00,signal:-0.00,signalAbs:0.00,signalCumSum:0.90
>a0:438,silence:437.00,signal:1.00,signalAbs:1.00,signalCumSum:0.91
>a0:439,silence:437.00,signal:2.00,signalAbs:2.00,signalCumSum:1.02
>a0:435,silence:437.00,signal:-2.00,signalAbs:2.00,signalCumSum:1.12
>a0:440,silence:437.00,signal:3.00,signalAbs:3.00,signalCumSum:1.31
>a0:437,silence:437.00,signal:-0.00,signalAbs:0.00,signalCumSum:1.18
>a0:437,silence:437.00,signal:-0.00,signalAbs:0.00,signalCumSum:1.06
>a0:439,silence:437.00,signal:2.00,signalAbs:2.00,signalCumSum:1.15
>a0:438,silence:437.00,signal:1.00,signalAbs:1.00,signalCumSum:1.14
>a0:438,silence:437.00,signal:1.00,signalAbs:1.00,signalCumSum:1.12
>a0:439,silence:437.00,signal:2.00,signalAbs:2.00,signalCumSum:1.21
>a0:438,silence:437.00,signal:1.00,signalAbs:1.00,signalCumSum:1.19
>a0:438,silence:437.00,signal:1.00,signalAbs:1.00,signalCumSum:1.17
>a0:437,silence:437.00,signal:-0.00,signalAbs:0.00,signalCumSum:1.05
>a0:437,silence:437.00,signal:-0.00,signalAbs:0.00,signalCumSum:0.95
>a0:439,silence:437.00,signal:2.00,signalAbs:2.00,signalCumSum:1.05
>a0:439,silence:437.00,signal:2.00,signalAbs:2.00,signalCumSum:1.15
>a0:439,silence:437.00,signal:2.00,signalAbs:2.00,signalCumSum:1.23
>a0:437,silence:437.00,signal:-0.00,signalAbs:0.00,signalCumSum:1.11
>a0:437,silence:437.00,signal:-0.00,signalAbs:0.00,signalCumSum:1.00
>a0:438,silence:437.00,signal:1.00,signalAbs:1.00,signalCumSum:1.00
>a0:437,silence:437.00,signal:-0.00,signalAbs:0.00,signalCumSum:0.90
>a0:436,silence:437.00,signal:-1.00,signalAbs:1.00,signalCumSum:0.91
>a0:439,silence:437.00,signal:2.00,signalAbs:2.00,signalCumSum:1.02
>a0:438,silence:437.00,signal:1.00,signalAbs:1.00,signalCumSum:1.02
>a0:437,silence:437.00,signal:-0.00,signalAbs:0.00,signalCumSum:0.91
>a0:438,silence:437.00,signal:1.00,signalAbs:1.00,signalCumSum:0.92
>a0:437,silence:437.00,signal:-0.00,signalAbs:0.00,signalCumSum:0.83
>a0:438,silence:437.00,signal:1.00,signalAbs:1.00,signalCumSum:0.85
>a0:437,silence:437.00,signal:-0.00,signalAbs:0.00,signalCumSum:0.76
>a0:439,silence:437.00,signal:2.00,signalAbs:2.00,signalCumSum:0.89
>a0:438,silence:437.00,signal:1.00,signalAbs:1.00,signalCumSum:0.90
>a0:436,silence:437.00,signal:-1.00,signalAbs:1.00,signalCumSum:0.91
>a0:438,silence:437.00,signal:1.00,signalAbs:1.00,signalCumSum:0.92
>a0:439,silence:437.00,signal:2.00,signalAbs:2.00,signalCumSum:1.03
>a0:438,silence:437.00,signal:1.00,signalAbs:1.00,signalCumSum:1.02
>a0:439,silence:437.00,signal:2.00,signalAbs:2.00,signalCumSum:1.12
>a0:438,silence:437.00,signal:1.00,signalAbs:1.00,signalCumSum:1.11
>a0:440,silence:437.00,signal:3.00,signalAbs:3.00,signalCumSum:1.30
>a0:437,silence:437.00,signal:-0.00,signalAbs:0.00,signalCumSum:1.17
>a0:438,silence:437.00,signal:1.00,signalAbs:1.00,signalCumSum:1.15
>a0:438,silence:437.00,signal:1.00,signalAbs:1.00,signalCumSum:1.14
>a0:437,silence:437.00,signal:-0.00,signalAbs:0.00,signalCumSum:1.02
>a0:438,silence:437.00,signal:1.00,signalAbs:1.00,signalCumSum:1.02
>a0:438,silence:437.00,signal:1.00,signalAbs:1.00,signalCumSum:1.02
>a0:437,silence:437.00,signal:-0.00,signalAbs:0.00,signalCumSum:0.92
>a0:438,silence:437.00,signal:1.00,signalAbs:1.00,signalCumSum:0.92
>a0:437,silence:437.00,signal:-0.00,signalAbs:0.00,signalCumSum:0.83
>a0:439,silence:437.00,signal:2.00,signalAbs:2.00,signalCumSum:0.95
>a0:438,silence:437.00,signal:1.00,signalAbs:1.00,signalCumSum:0.95
>a0:436,silence:437.00,signal:-1.00,signalAbs:1.00,signalCumSum:0.96
>a0:437,silence:437.00,signal:-0.00,signalAbs:0.00,signalCumSum:0.86
>a0:438,silence:437.00,signal:1.00,signalAbs:1.00,signalCumSum:0.88
>a0:438,silence:437.00,signal:1.00,signalAbs:1.00,signalCumSum:0.89
>a0:438,silence:437.00,signal:1.00,signalAbs:1.00,signalCumSum:0.90
>a0:438,silence:437.00,signal:1.00,signalAbs:1.00,signalCumSum:0.91
>a0:438,silence:437.00,signal:1.00,signalAbs:1.00,signalCumSum:0.92
>a0:439,silence:437.00,signal:2.00,signalAbs:2.00,signalCumSum:1.03
>a0:438,silence:437.00,signal:1.00,signalAbs:1.00,signalCumSum:1.02
>a0:440,silence:437.00,signal:3.00,signalAbs:3.00,signalCumSum:1.22
>a0:438,silence:437.00,signal:1.00,signalAbs:1.00,signalCumSum:1.20
>a0:438,silence:437.00,signal:1.00,signalAbs:1.00,signalCumSum:1.18
>a0:438,silence:437.00,signal:1.00,signalAbs:1.00,signalCumSum:1.16
>a0:436,silence:437.00,signal:-1.00,signalAbs:1.00,signalCumSum:1.15
>a0:437,silence:437.00,signal:-0.00,signalAbs:0.00,signalCumSum:1.03
>a0:438,silence:437.00,signal:1.00,signalAbs:1.00,signalCumSum:1.03
>a0:439,silence:437.00,signal:2.00,signalAbs:2.00,signalCumSum:1.13
>a0:438,silence:437.00,signal:1.00,signalAbs:1.00,signalCumSum:1.11
>a0:436,silence:437.00,signal:-1.00,signalAbs:1.00,signalCumSum:1.10
>a0:437,silence:437.00,signal:-0.00,signalAbs:0.00,signalCumSum:0.99
>a0:439,silence:437.00,signal:2.00,signalAbs:2.00,signalCumSum:1.09
>a0:437,silence:437.00,signal:-0.00,signalAbs:0.00,signalCumSum:0.98
>a0:439,silence:437.00,signal:2.00,signalAbs:2.00,signalCumSum:1.08
>a0:437,silence:437.00,signal:-0.00,signalAbs:0.00,signalCumSum:0.98
>a0:438,silence:437.00,signal:1.00,signalAbs:1.00,signalCumSum:0.98
>a0:438,silence:437.00,signal:1.00,signalAbs:1.00,signalCumSum:0.98
>a0:438,silence:437.00,signal:1.00,signalAbs:1.00,signalCumSum:0.98
>a0:439,silence:437.00,signal:2.00,signalAbs:2.00,signalCumSum:1.08
>a0:438,silence:437.00,signal:1.00,signalAbs:1.00,signalCumSum:1.08
>a0:436,silence:437.00,signal:-1.00,signalAbs:1.00,signalCumSum:1.07
>a0:438,silence:437.00,signal:1.00,signalAbs:1.00,signalCumSum:1.06
>a0:436,silence:437.00,signal:-1.00,signalAbs:1.00,signalCumSum:1.06
>a0:438,silence:437.00,signal:1.00,signalAbs:1.00,signalCumSum:1.05
>a0:439,silence:437.00,signal:2.00,signalAbs:2.00,signalCumSum:1.14
>a0:438,silence:437.00,signal:1.00,signalAbs:1.00,signalCumSum:1.13
>a0:438,silence:437.00,signal:1.00,signalAbs:1.00,signalCumSum:1.12
>a0:436,silence:437.00,signal:-1.00,signalAbs:1.00,signalCumSum:1.11
>a0:438,silence:437.00,signal:1.00,signalAbs:1.00,signalCumSum:1.09
>a0:439,silence:437.00,signal:2.00,signalAbs:2.00,signalCumSum:1.19
>a0:438,silence:437.00,signal:1.00,signalAbs:1.00,signalCumSum:1.17
>a0:438,silence:437.00,signal:1.00,signalAbs:1.00,signalCumSum:1.15
>a0:437,silence:437.00,signal:-0.00,signalAbs:0.00,signalCumSum:1.04
>a0:438,silence:437.00,signal:1.00,signalAbs:1.00,signalCumSum:1.03
>a0:438,silence:437.00,signal:1.00,signalAbs:1.00,signalCumSum:1.03
>a0:439,silence:437.00,signal:2.00,signalAbs:2.00,signalCumSum:1.13
>a0:439,silence:437.00,signal:2.00,signalAbs:2.00,signalCumSum:1.21
>a0:437,silence:437.00,signal:-0.00,signalAbs:0.00,signalCumSum:1.09
>a0:438,silence:437.00,signal:1.00,signalAbs:1.00,signalCumSum:1.08
>a0:440,silence:437.00,signal:3.00,signalAbs:3.00,signalCumSum:1.27
>a0:438,silence:437.00,signal:1.00,signalAbs:1.00,signalCumSum:1.25
>a0:438,silence:437.00,signal:1.00,signalAbs:1.00,signalCumSum:1.22
>a0:438,silence:437.00,signal:1.00,signalAbs:1.00,signalCumSum:1.20
>a0:436,silence:437.00,signal:-1.00,signalAbs:1.00,signalCumSum:1.18
>a0:438,silence:437.00,signal:1.00,signalAbs:1.00,signalCumSum:1.16
>a0:437,silence:437.00,signal:-0.00,signalAbs:0.00,signalCumSum:1.05
>a0:437,silence:437.00,signal:-0.00,signalAbs:0.00,signalCumSum:0.94
>a0:439,silence:437.00,signal:2.00,signalAbs:2.00,signalCumSum:1.05
>a0:437,silence:437.00,signal:-0.00,signalAbs:0.00,signalCumSum:0.94
>a0:439,silence:437.00,signal:2.00,signalAbs:2.00,signalCumSum:1.05
>a0:438,silence:437.00,signal:1.00,signalAbs:1.00,signalCumSum:1.04
>a0:438,silence:437.00,signal:1.00,signalAbs:1.00,signalCumSum:1.04
>a0:437,silence:437.00,signal:-0.00,signalAbs:0.00,signalCumSum:0.94
>a0:437,silence:437.00,signal:-0.00,signalAbs:0.00,signalCumSum:0.84
>a0:437,silence:437.00,signal:-0.00,signalAbs:0.00,signalCumSum:0.76
>a0:439,silence:437.00,signal:2.00,signalAbs:2.00,signalCumSum:0.88
>a0:438,silence:437.00,signal:1.00,signalAbs:1.00,signalCumSum:0.89
>a0:438,silence:437.00,signal:1.00,signalAbs:1.00,signalCumSum:0.90
>a0:438,silence:437.00,signal:1.00,signalAbs:1.00,signalCumSum:0.91
>a0:437,silence:437.00,signal:-0.00,signalAbs:0.00,signalCumSum:0.82
>a0:438,silence:437.00,signal:1.00,signalAbs:1.00,signalCumSum:0.84
>a0:439,silence:437.00,signal:2.00,signalAbs:2.00,signalCumSum:0.96
>a0:439,silence:437.00,signal:2.00,signalAbs:2.00,signalCumSum:1.06
>a0:438,silence:437.00,signal:1.00,signalAbs:1.00,signalCumSum:1.05
>a0:437,silence:437.00,signal:-0.00,signalAbs:0.00,signalCumSum:0.95
>a0:438,silence:437.00,signal:1.00,signalAbs:1.00,signalCumSum:0.95
>a0:437,silence:437.00,signal:-0.00,signalAbs:0.00,signalCumSum:0.86
>a0:438,silence:437.00,signal:1.00,signalAbs:1.00,signalCumSum:0.87
>a0:438,silence:437.00,signal:1.00,signalAbs:1.00,signalCumSum:0.89
>a0:437,silence:437.00,signal:-0.00,signalAbs:0.00,signalCumSum:0.80
>a0:439,silence:437.00,signal:2.00,signalAbs:2.00,signalCumSum:0.92
>a0:437,silence:437.00,signal:-0.00,signalAbs:0.00,signalCumSum:0.83
>a0:438,silence:437.00,signal:1.00,signalAbs:1.00,signalCumSum:0.84
>a0:439,silence:437.00,signal:2.00,signalAbs:2.00,signalCumSum:0.96
>a0:438,silence:437.00,signal:1.00,signalAbs:1.00,signalCumSum:0.96
>a0:438,silence:437.00,signal:1.00,signalAbs:1.00,signalCumSum:0.97
>a0:437,silence:437.00,signal:-0.00,signalAbs:0.00,signalCumSum:0.87
>a0:436,silence:437.00,signal:-1.00,signalAbs:1.00,signalCumSum:0.88
>a0:439,silence:437.00,signal:2.00,signalAbs:2.00,signalCumSum:0.99
>a0:438,silence:437.00,signal:1.00,signalAbs:1.00,signalCumSum:1.00
>a0:437,silence:437.00,signal:-0.00,signalAbs:0.00,signalCumSum:0.90
>a0:439,silence:437.00,signal:2.00,signalAbs:2.00,signalCumSum:1.01
>a0:437,silence:437.00,signal:-0.00,signalAbs:0.00,signalCumSum:0.91
>a0:439,silence:437.00,signal:2.00,signalAbs:2.00,signalCumSum:1.01
>a0:439,silence:437.00,signal:2.00,signalAbs:2.00,signalCumSum:1.11
>a0:436,silence:437.00,signal:-1.00,signalAbs:1.00,signalCumSum:1.10
>a0:439,silence:437.00,signal:2.00,signalAbs:2.00,signalCumSum:1.19
>a0:437,silence:437.00,signal:-0.00,signalAbs:0.00,signalCumSum:1.07
>a0:438,silence:437.00,signal:1.00,signalAbs:1.00,signalCumSum:1.07
>a0:438,silence:437.00,signal:1.00,signalAbs:1.00,signalCumSum:1.06
>a0:436,silence:437.00,signal:-1.00,signalAbs:1.00,signalCumSum:1.05
>a0:439,silence:437.00,signal:2.00,signalAbs:2.00,signalCumSum:1.15
>a0:438,silence:437.00,signal:1.00,signalAbs:1.00,signalCumSum:1.13
>a0:437,silence:437.00,signal:-0.00,signalAbs:0.00,signalCumSum:1.02
>a0:439,silence:437.00,signal:2.00,signalAbs:2.00,signalCumSum:1.12
>a0:439,silence:437.00,signal:2.00,signalAbs:2.00,signalCumSum:1.21
>a0:439,silence:437.00,signal:2.00,signalAbs:2.00,signalCumSum:1.29
>a0:437,silence:437.00,signal:-0.00,signalAbs:0.00,signalCumSum:1.16
>a0:439,silence:437.00,signal:2.00,signalAbs:2.00,signalCumSum:1.24
>a0:438,silence:437.00,signal:1.00,signalAbs:1.00,signalCumSum:1.22
>a0:437,silence:437.00,signal:-0.00,signalAbs:0.00,signalCumSum:1.10
>a0:437,silence:437.00,signal:-0.00,signalAbs:0.00,signalCumSum:0.99
>a0:439,silence:437.00,signal:2.00,signalAbs:2.00,signalCumSum:1.09
>a0:438,silence:437.00,signal:1.00,signalAbs:1.00,signalCumSum:1.08
>a0:439,silence:437.00,signal:2.00,signalAbs:2.00,signalCumSum:1.17
>a0:438,silence:437.00,signal:1.00,signalAbs:1.00,signalCumSum:1.15
>a0:437,silence:437.00,signal:-0.00,signalAbs:0.00,signalCumSum:1.04
>a0:439,silence:437.00,signal:2.00,signalAbs:2.00,signalCumSum:1.13
>a0:438,silence:437.00,signal:1.00,signalAbs:1.00,signalCumSum:1.12
>a0:438,silence:437.00,signal:1.00,signalAbs:1.00,signalCumSum:1.11
>a0:439,silence:437.00,signal:2.00,signalAbs:2.00,signalCumSum:1.20
>a0:438,silence:437.00,signal:1.00,signalAbs:1.00,signalCumSum:1.18
>a0:438,silence:437.00,signal:1.00,signalAbs:1.00,signalCumSum:1.16
>a0:436,silence:437.00,signal:-1.00,signalAbs:1.00,signalCumSum:1.14
>a0:439,silence:437.00,signal:2.00,signalAbs:2.00,signalCumSum:1.23
>a0:438,silence:437.00,signal:1.00,signalAbs:1.00,signalCumSum:1.21
>a0:437,silence:437.00,signal:-0.00,signalAbs:0.00,signalCumSum:1.09
>a0:438,silence:437.00,signal:1.00,signalAbs:1.00,signalCumSum:1.08
>a0:437,silence:437.00,signal:-0.00,signalAbs:0.00,signalCumSum:0.97
>a0:438,silence:437.00,signal:1.00,signalAbs:1.00,signalCumSum:0.97
>a0:439,silence:437.00,signal:2.00,signalAbs:2.00,signalCumSum:1.08
>a0:437,silence:437.00,signal:-0.00,signalAbs:0.00,signalCumSum:0.97
>a0:438,silence:437.00,signal:1.00,signalAbs:1.00,signalCumSum:0.97
>a0:439,silence:437.00,signal:2.00,signalAbs:2.00,signalCumSum:1.07
>a0:437,silence:437.00,signal:-0.00,signalAbs:0.00,signalCumSum:0.97
>a0:438,silence:437.00,signal:1.00,signalAbs:1.00,signalCumSum:0.97
>a0:438,silence:437.00,signal:1.00,signalAbs:1.00,signalCumSum:0.97
>a0:437,silence:437.00,signal:-0.00,signalAbs:0.00,signalCumSum:0.88
>a0:438,silence:437.00,signal:1.00,signalAbs:1.00,signalCumSum:0.89
>a0:438,silence:437.00,signal:1.00,signalAbs:1.00,signalCumSum:0.90
>a0:437,silence:437.00,signal:-0.00,signalAbs:0.00,signalCumSum:0.81
>a0:437,silence:437.00,signal:-0.00,signalAbs:0.00,signalCum