=~=~=~=~=~=~=~=~=~=~=~= PuTTY log 2025.04.29 20:13:52 =~=~=~=~=~=~=~=~=~=~=~=
Initial silence level: 436.00 (2.13 V)
>a0:436,silence:436.00,signal:0.00,signalAbs:0.00,signalCumSum:0.00
>a0:426,silence:436.00,signal:-10.00,signalAbs:10.00,signalCumSum:1.00
>a0:434,silence:436.00,signal:-2.00,signalAbs:2.00,signalCumSum:1.10
>a0:436,silence:436.00,signal:0.00,signalAbs:0.00,signalCumSum:0.99
>a0:437,silence:436.00,signal:1.00,signalAbs:1.00,signalCumSum:0.99
>a0:437,silence:436.00,signal:1.00,signalAbs:1.00,signalCumSum:0.99
>a0:437,silence:436.00,signal:1.00,signalAbs:1.00,signalCumSum:0.99
>a0:437,silence:436.00,signal:1.00,signalAbs:1.00,signalCumSum:0.99
>a0:437,silence:436.00,signal:1.00,signalAbs:1.00,signalCumSum:0.99
>a0:437,silence:436.00,signal:1.00,signalAbs:1.00,signalCumSum:0.99
>a0:437,silence:436.00,signal:1.00,signalAbs:1.00,signalCumSum:1.00
>a0:437,silence:436.00,signal:1.00,signalAbs:1.00,signalCumSum:1.00
>a0:437,silence:436.00,signal:1.00,signalAbs:1.00,signalCumSum:1.00
>a0:437,silence:436.00,signal:1.00,signalAbs:1.00,signalCumSum:1.00
>a0:438,silence:436.00,signal:2.00,signalAbs:2.00,signalCumSum:1.10
>a0:438,silence:436.00,signal:2.00,signalAbs:2.00,signalCumSum:1.19
>a0:437,silence:436.00,signal:1.00,signalAbs:1.00,signalCumSum:1.17
>a0:438,silence:436.00,signal:2.00,signalAbs:2.00,signalCumSum:1.25
>a0:437,silence:436.00,signal:1.00,signalAbs:1.00,signalCumSum:1.23
>a0:437,silence:436.00,signal:1.00,signalAbs:1.00,signalCumSum:1.20
>a0:437,silence:436.00,signal:1.00,signalAbs:1.00,signalCumSum:1.18
>a0:438,silence:436.00,signal:2.00,signalAbs:2.00,signalCumSum:1.27
>a0:437,silence:436.00,signal:1.00,signalAbs:1.00,signalCumSum:1.24
>a0:438,silence:436.00,signal:2.00,signalAbs:2.00,signalCumSum:1.31
>a0:438,silence:436.00,signal:2.00,signalAbs:2.00,signalCumSum:1.38
>a0:438,silence:436.00,signal:2.00,signalAbs:2.00,signalCumSum:1.44
>a0:437,silence:436.00,signal:1.00,signalAbs:1.00,signalCumSum:1.40
>a0:438,silence:436.00,signal:2.00,signalAbs:2.00,signalCumSum:1.46
>a0:437,silence:436.00,signal:1.00,signalAbs:1.00,signalCumSum:1.41
>a0:438,silence:436.00,signal:2.00,signalAbs:2.00,signalCumSum:1.47
>a0:437,silence:436.00,signal:1.00,signalAbs:1.00,signalCumSum:1.43
>a0:437,silence:436.00,signal:1.00,signalAbs:1.00,signalCumSum:1.38
>a0:437,silence:436.00,signal:1.00,signalAbs:1.00,signalCumSum:1.34
>a0:439,silence:436.00,signal:3.00,signalAbs:3.00,signalCumSum:1.51
>a0:439,silence:436.00,signal:3.00,signalAbs:3.00,signalCumSum:1.66
>a0:437,silence:436.00,signal:1.00,signalAbs:1.00,signalCumSum:1.59
>a0:438,silence:436.00,signal:2.00,signalAbs:2.00,signalCumSum:1.63
>a0:438,silence:436.00,signal:2.00,signalAbs:2.00,signalCumSum:1.67
>a0:437,silence:436.00,signal:1.00,signalAbs:1.00,signalCumSum:1.60
>a0:437,silence:436.00,signal:1.00,signalAbs:1.00,signalCumSum:1.54
>a0:437,silence:436.00,signal:1.00,signalAbs:1.00,signalCumSum:1.49
>a0:437,silence:436.00,signal:1.00,signalAbs:1.00,signalCumSum:1.44
>a0:438,silence:436.00,signal:2.00,signalAbs:2.00,signalCumSum:1.50
>a0:437,silence:436.00,signal:1.00,signalAbs:1.00,signalCumSum:1.45
>a0:437,silence:436.00,signal:1.00,signalAbs:1.00,signalCumSum:1.40
>a0:437,silence:436.00,signal:1.00,signalAbs:1.00,signalCumSum:1.36
>a0:437,silence:436.00,signal:1.00,signalAbs:1.00,signalCumSum:1.33
>a0:437,silence:436.00,signal:1.00,signalAbs:1.00,signalCumSum:1.29
>a0:437,silence:436.00,signal:1.00,signalAbs:1.00,signalCumSum:1.26
>a0:439,silence:436.00,signal:3.00,signalAbs:3.00,signalCumSum:1.44
>a0:437,silence:436.00,signal:1.00,signalAbs:1.00,signalCumSum:1.39
>a0:437,silence:436.00,signal:1.00,signalAbs:1.00,signalCumSum:1.35
>a0:438,silence:436.00,signal:2.00,signalAbs:2.00,signalCumSum:1.42
>a0:437,silence:436.00,signal:1.00,signalAbs:1.00,signalCumSum:1.38
>a0:438,silence:436.00,signal:2.00,signalAbs:2.00,signalCumSum:1.44
>a0:437,silence:436.00,signal:1.00,signalAbs:1.00,signalCumSum:1.40
>a0:438,silence:436.00,signal:2.00,signalAbs:2.00,signalCumSum:1.46
>a0:438,silence:436.00,signal:2.00,signalAbs:2.00,signalCumSum:1.51
>a0:437,silence:436.00,signal:1.00,signalAbs:1.00,signalCumSum:1.46
>a0:438,silence:436.00,signal:2.00,signalAbs:2.00,signalCumSum:1.51
>a0:437,silence:436.00,signal:1.00,signalAbs:1.00,signalCumSum:1.46
>a0:437,silence:436.00,signal:1.00,signalAbs:1.00,signalCumSum:1.42
>a0:437,silence:436.00,signal:1.00,signalAbs:1.00,signalCumSum:1.37
>a0:438,silence:436.00,signal:2.00,signalAbs:2.00,signalCumSum:1.44
>a0:437,silence:436.00,signal:1.00,signalAbs:1.00,signalCumSum:1.39
>a0:437,silence:436.00,signal:1.00,signalAbs:1.00,signalCumSum:1.35
>a0:437,silence:436.00,signal:1.00,signalAbs:1.00,signalCumSum:1.32
>a0:437,silence:436.00,signal:1.00,signalAbs:1.00,signalCumSum:1.29
>a0:437,silence:436.00,signal:1.00,signalAbs:1.00,signalCumSum:1.26
>a0:438,silence:436.00,signal:2.00,signalAbs:2.00,signalCumSum:1.33
>a0:437,silence:436.00,signal:1.00,signalAbs:1.00,signalCumSum:1.30
>a0:437,silence:436.00,signal:1.00,signalAbs:1.00,signalCumSum:1.27
>a0:437,silence:436.00,signal:1.00,signalAbs:1.00,signalCumSum:1.24
>a0:437,silence:436.00,signal:1.00,signalAbs:1.00,signalCumSum:1.22
>a0:438,silence:436.00,signal:2.00,signalAbs:2.00,signalCumSum:1.30
>a0:437,silence:436.00,signal:1.00,signalAbs:1.00,signalCumSum:1.27
>a0:437,silence:436.00,signal:1.00,signalAbs:1.00,signalCumSum:1.24
>a0:437,silence:436.00,signal:1.00,signalAbs:1.00,signalCumSum:1.22
>a0:437,silence:436.00,signal:1.00,signalAbs:1.00,signalCumSum:1.19
>a0:437,silence:436.00,signal:1.00,signalAbs:1.00,signalCumSum:1.17
>a0:437,silence:436.00,signal:1.00,signalAbs:1.00,signalCumSum:1.16
>a0:438,silence:436.00,signal:2.00,signalAbs:2.00,signalCumSum:1.24
>a0:437,silence:436.00,signal:1.00,signalAbs:1.00,signalCumSum:1.22
>a0:437,silence:436.00,signal:1.00,signalAbs:1.00,signalCumSum:1.20
>a0:437,silence:436.00,signal:1.00,signalAbs:1.00,signalCumSum:1.18
>a0:437,silence:436.00,signal:1.00,signalAbs:1.00,signalCumSum:1.16
>a0:437,silence:436.00,signal:1.00,signalAbs:1.00,signalCumSum:1.14
>a0:437,silence:436.00,signal:1.00,signalAbs:1.00,signalCumSum:1.13
>a0:438,silence:436.00,signal:2.00,signalAbs:2.00,signalCumSum:1.22
>a0:437,silence:436.00,signal:1.00,signalAbs:1.00,signalCumSum:1.19
>a0:437,silence:436.00,signal:1.00,signalAbs:1.00,signalCumSum:1.17
>a0:438,silence:436.00,signal:2.00,signalAbs:2.00,signalCumSum:1.26
>a0:438,silence:436.00,signal:2.00,signalAbs:2.00,signalCumSum:1.33
>a0:437,silence:436.00,signal:1.00,signalAbs:1.00,signalCumSum:1.30
>a0:437,silence:436.00,signal:1.00,signalAbs:1.00,signalCumSum:1.27
>a0:437,silence:436.00,signal:1.00,signalAbs:1.00,signalCumSum:1.24
>a0:438,silence:436.00,signal:2.00,signalAbs:2.00,signalCumSum:1.32
>a0:437,silence:436.00,signal:1.00,signalAbs:1.00,signalCumSum:1.29
>a0:437,silence:436.00,signal:1.00,signalAbs:1.00,signalCumSum:1.26
>a0:438,silence:436.00,signal:2.00,signalAbs:2.00,signalCumSum:1.33
>a0:437,silence:436.00,signal:1.00,signalAbs:1.00,signalCumSum:1.30
>a0:437,silence:436.00,signal:1.00,signalAbs:1.00,signalCumSum:1.27
>a0:437,silence:436.05,signal:0.95,signalAbs:0.95,signalCumSum:1.24
>a0:438,silence:436.10,signal:1.90,signalAbs:1.90,signalCumSum:1.30
>a0:437,silence:436.14,signal:0.86,signalAbs:0.86,signalCumSum:1.26
>a0:437,silence:436.19,signal:0.81,signalAbs:0.81,signalCumSum:1.21
>a0:438,silence:436.23,signal:1.77,signalAbs:1.77,signalCumSum:1.27
>a0:437,silence:436.26,signal:0.74,signalAbs:0.74,signalCumSum:1.22
>a0:438,silence:436.30,signal:1.70,signalAbs:1.70,signalCumSum:1.26
>a0:437,silence:436.34,signal:0.66,signalAbs:0.66,signalCumSum:1.20
>a0:437,silence:436.37,signal:0.63,signalAbs:0.63,signalCumSum:1.15
>a0:437,silence:436.40,signal:0.60,signalAbs:0.60,signalCumSum:1.09
>a0:438,silence:436.43,signal:1.57,signalAbs:1.57,signalCumSum:1.14
>a0:438,silence:436.46,signal:1.54,signalAbs:1.54,signalCumSum:1.18
>a0:437,silence:436.49,signal:0.51,signalAbs:0.51,signalCumSum:1.11
>a0:437,silence:436.51,signal:0.49,signalAbs:0.49,signalCumSum:1.05
>a0:437,silence:436.54,signal:0.46,signalAbs:0.46,signalCumSum:0.99
>a0:437,silence:436.56,signal:0.44,signalAbs:0.44,signalCumSum:0.94
>a0:437,silence:436.58,signal:0.42,signalAbs:0.42,signalCumSum:0.88
>a0:437,silence:436.60,signal:0.40,signalAbs:0.40,signalCumSum:0.84
>a0:437,silence:436.62,signal:0.38,signalAbs:0.38,signalCumSum:0.79
>a0:437,silence:436.64,signal:0.36,signalAbs:0.36,signalCumSum:0.75
>a0:437,silence:436.66,signal:0.34,signalAbs:0.34,signalCumSum:0.71
>a0:437,silence:436.68,signal:0.32,signalAbs:0.32,signalCumSum:0.67
>a0:437,silence:436.69,signal:0.31,signalAbs:0.31,signalCumSum:0.63
>a0:437,silence:436.71,signal:0.29,signalAbs:0.29,signalCumSum:0.60
>a0:437,silence:436.72,signal:0.28,signalAbs:0.28,signalCumSum:0.57
>a0:437,silence:436.74,signal:0.26,signalAbs:0.26,signalCumSum:0.54
>a0:438,silence:436.75,signal:1.25,signalAbs:1.25,signalCumSum:0.61
>a0:437,silence:436.76,signal:0.24,signalAbs:0.24,signalCumSum:0.57
>a0:438,silence:436.77,signal:1.23,signalAbs:1.23,signalCumSum:0.64
>a0:438,silence:436.79,signal:1.21,signalAbs:1.21,signalCumSum:0.69
>a0:438,silence:436.80,signal:1.20,signalAbs:1.20,signalCumSum:0.74
>a0:437,silence:436.81,signal:0.19,signalAbs:0.19,signalCumSum:0.69
>a0:437,silence:436.82,signal:0.18,signalAbs:0.18,signalCumSum:0.64
>a0:436,silence:436.83,signal:-0.83,signalAbs:0.83,signalCumSum:0.66
>a0:438,silence:436.83,signal:1.17,signalAbs:1.17,signalCumSum:0.71
>a0:438,silence:436.84,signal:1.16,signalAbs:1.16,signalCumSum:0.75
>a0:437,silence:436.85,signal:0.15,signalAbs:0.15,signalCumSum:0.69
>a0:437,silence:436.86,signal:0.14,signalAbs:0.14,signalCumSum:0.64
>a0:437,silence:436.86,signal:0.14,signalAbs:0.14,signalCumSum:0.59
>a0:437,silence:436.87,signal:0.13,signalAbs:0.13,signalCumSum:0.54
>a0:438,silence:436.88,signal:1.12,signalAbs:1.12,signalCumSum:0.60
>a0:437,silence:436.88,signal:0.12,signalAbs:0.12,signalCumSum:0.55
>a0:437,silence:436.89,signal:0.11,signalAbs:0.11,signalCumSum:0.51
>a0:437,silence:436.90,signal:0.10,signalAbs:0.10,signalCumSum:0.47
>a0:437,silence:436.90,signal:0.10,signalAbs:0.10,signalCumSum:0.43
>a0:437,silence:436.91,signal:0.09,signalAbs:0.09,signalCumSum:0.40
>a0:437,silence:436.91,signal:0.09,signalAbs:0.09,signalCumSum:0.37
>a0:437,silence:436.91,signal:0.09,signalAbs:0.09,signalCumSum:0.34
>a0:438,silence:436.92,signal:1.08,signalAbs:1.08,signalCumSum:0.41
>a0:437,silence:436.92,signal:0.08,signalAbs:0.08,signalCumSum:0.38
>a0:437,silence:436.93,signal:0.07,signalAbs:0.07,signalCumSum:0.35
>a0:437,silence:436.93,signal:0.07,signalAbs:0.07,signalCumSum:0.32
>a0:437,silence:436.93,signal:0.07,signalAbs:0.07,signalCumSum:0.29
>a0:437,silence:436.94,signal:0.06,signalAbs:0.06,signalCumSum:0.27
>a0:438,silence:436.94,signal:1.06,signalAbs:1.06,signalCumSum:0.35
>a0:437,silence:436.94,signal:0.06,signalAbs:0.06,signalCumSum:0.32
>a0:437,silence:436.95,signal:0.05,signalAbs:0.05,signalCumSum:0.29
>a0:437,silence:436.95,signal:0.05,signalAbs:0.05,signalCumSum:0.27
>a0:437,silence:436.95,signal:0.05,signalAbs:0.05,signalCumSum:0.25
>a0:437,silence:436.95,signal:0.05,signalAbs:0.05,signalCumSum:0.23
>a0:437,silence:436.96,signal:0.04,signalAbs:0.04,signalCumSum:0.21
>a0:438,silence:436.96,signal:1.04,signalAbs:1.04,signalCumSum:0.29
>a0:438,silence:436.96,signal:1.04,signalAbs:1.04,signalCumSum:0.37
>a0:438,silence:436.96,signal:1.04,signalAbs:1.04,signalCumSum:0.43
>a0:437,silence:436.96,signal:0.04,signalAbs:0.04,signalCumSum:0.39
>a0:437,silence:436.97,signal:0.03,signalAbs:0.03,signalCumSum:0.36
>a0:437,silence:436.97,signal:0.03,signalAbs:0.03,signalCumSum:0.33
>a0:437,silence:436.97,signal:0.03,signalAbs:0.03,signalCumSum:0.30
>a0:437,silence:436.97,signal:0.03,signalAbs:0.03,signalCumSum:0.27
>a0:437,silence:436.97,signal:0.03,signalAbs:0.03,signalCumSum:0.25
>a0:437,silence:436.97,signal:0.03,signalAbs:0.03,signalCumSum:0.22
>a0:437,silence:436.98,signal:0.02,signalAbs:0.02,signalCumSum:0.20
>a0:437,silence:436.98,signal:0.02,signalAbs:0.02,signalCumSum:0.19
>a0:438,silence:436.98,signal:1.02,signalAbs:1.02,signalCumSum:0.27
>a0:437,silence:436.98,signal:0.02,signalAbs:0.02,signalCumSum:0.24
>a0:437,silence:436.98,signal:0.02,signalAbs:0.02,signalCumSum:0.22
>a0:437,silence:436.98,signal:0.02,signalAbs:0.02,signalCumSum:0.20
>a0:437,silence:436.98,signal:0.02,signalAbs:0.02,signalCumSum:0.18
>a0:437,silence:436.98,signal:0.02,signalAbs:0.02,signalCumSum:0.17
>a0:437,silence:436.98,signal:0.02,signalAbs:0.02,signalCumSum:0.15
>a0:438,silence:436.98,signal:1.02,signalAbs:1.02,signalCumSum:0.24
>a0:438,silence:436.99,signal:1.01,signalAbs:1.01,signalCumSum:0.32
>a0:437,silence:436.99,signal:0.01,signalAbs:0.01,signalCumSum:0.29
>a0:437,silence:436.99,signal:0.01,signalAbs:0.01,signalCumSum:0.26
>a0:437,silence:436.99,signal:0.01,signalAbs:0.01,signalCumSum:0.23
>a0:437,silence:436.99,signal:0.01,signalAbs:0.01,signalCumSum:0.21
>a0:437,silence:436.99,signal:0.01,signalAbs:0.01,signalCumSum:0.19
>a0:437,silence:436.99,signal:0.01,signalAbs:0.01,signalCumSum:0.17
>a0:437,silence:436.99,signal:0.01,signalAbs:0.01,signalCumSum:0.16
>a0:437,silence:436.99,signal:0.01,signalAbs:0.01,signalCumSum:0.14
>a0:437,silence:436.99,signal:0.01,signalAbs:0.01,signalCumSum:0.13
>a0:438,silence:436.99,signal:1.01,signalAbs:1.01,signalCumSum:0.22
>a0:437,silence:436.99,signal:0.01,signalAbs:0.01,signalCumSum:0.20
>a0:437,silence:436.99,signal:0.01,signalAbs:0.01,signalCumSum:0.18
>a0:437,silence:436.99,signal:0.01,signalAbs:0.01,signalCumSum:0.16
>a0:437,silence:436.99,signal:0.01,signalAbs:0.01,signalCumSum:0.15
>a0:437,silence:436.99,signal:0.01,signalAbs:0.01,signalCumSum:0.13
>a0:437,silence:436.99,signal:0.01,signalAbs:0.01,signalCumSum:0.12
>a0:437,silence:436.99,signal:0.01,signalAbs:0.01,signalCumSum:0.11
>a0:438,silence:436.99,signal:1.01,signalAbs:1.01,signalCumSum:0.20
>a0:437,silence:436.99,signal:0.01,signalAbs:0.01,signalCumSum:0.18
>a0:438,silence:436.99,signal:1.01,signalAbs:1.01,signalCumSum:0.26
>a0:438,silence:436.99,signal:1.01,signalAbs:1.01,signalCumSum:0.34
>a0:437,silence:437.00,signal:0.00,signalAbs:0.00,signalCumSum:0.30
>a0:437,silence:437.00,signal:0.00,signalAbs:0.00,signalCumSum:0.27
>a0:437,silence:437.00,signal:0.00,signalAbs:0.00,signalCumSum:0.25
>a0:437,silence:437.00,signal:0.00,signalAbs:0.00,signalCumSum:0.22
>a0:437,silence:437.00,signal:0.00,signalAbs:0.00,signalCumSum:0.20
>a0:438,silence:437.00,signal:1.00,signalAbs:1.00,signalCumSum:0.28
>a0:437,silence:437.00,signal:0.00,signalAbs:0.00,signalCumSum:0.25
>a0:437,silence:437.00,signal:0.00,signalAbs:0.00,signalCumSum:0.23
>a0:437,silence:437.00,signal:0.00,signalAbs:0.00,signalCumSum:0.21
>a0:437,silence:437.00,signal:0.00,signalAbs:0.00,signalCumSum:0.18
>a0:438,silence:437.00,signal:1.00,signalAbs:1.00,signalCumSum:0.27
>a0:437,silence:437.00,signal:0.00,signalAbs:0.00,signalCumSum:0.24
>a0:438,silence:437.00,signal:1.00,signalAbs:1.00,signalCumSum:0.32
>a0:437,silence:437.00,signal:0.00,signalAbs:0.00,signalCumSum:0.29
>a0:437,silence:437.00,signal:0.00,signalAbs:0.00,signalCumSum:0.26
>a0:437,silence:437.00,signal:0.00,signalAbs:0.00,signalCumSum:0.23
>a0:437,silence:437.00,signal:0.00,signalAbs:0.00,signalCumSum:0.21
>a0:437,silence:437.00,signal:0.00,signalAbs:0.00,signalCumSum:0.19
>a0:438,silence:437.00,signal:1.00,signalAbs:1.00,signalCumSum:0.27
>a0:437,silence:437.00,signal:0.00,signalAbs:0.00,signalCumSum:0.24
>a0:438,silence:437.00,signal:1.00,signalAbs:1.00,signalCumSum:0.32
>a0:437,silence:437.00,signal:0.00,signalAbs:0.00,signalCumSum:0.29
>a0:438,silence:437.00,signal:1.00,signalAbs:1.00,signalCumSum:0.36
>a0:439,silence:437.00,signal:2.00,signalAbs:2.00,signalCumSum:0.52
>a0:436,silence:437.00,signal:-1.00,signalAbs:1.00,signalCumSum:0.57
>a0:438,silence:437.00,signal:1.00,signalAbs:1.00,signalCumSum:0.61
>a0:438,silence:437.00,signal:1.00,signalAbs:1.00,signalCumSum:0.65
>a0:437,silence:437.00,signal:0.00,signalAbs:0.00,signalCumSum:0.59
>a0:437,silence:437.00,signal:0.00,signalAbs:0.00,signalCumSum:0.53
>a0:437,silence:437.00,signal:0.00,signalAbs:0.00,signalCumSum:0.48
>a0:437,silence:437.00,signal:0.00,signalAbs:0.00,signalCumSum:0.43
>a0:437,silence:437.00,signal:0.00,signalAbs:0.00,signalCumSum:0.39
>a0:438,silence:437.00,signal:1.00,signalAbs:1.00,signalCumSum:0.45
>a0:438,silence:437.00,signal:1.00,signalAbs:1.00,signalCumSum:0.50
>a0:437,silence:437.00,signal:0.00,signalAbs:0.00,signalCumSum:0.45
>a0:437,silence:437.00,signal:0.00,signalAbs:0.00,signalCumSum:0.41
>a0:438,silence:437.00,signal:1.00,signalAbs:1.00,signalCumSum:0.47
>a0:437,silence:437.00,signal:0.00,signalAbs:0.00,signalCumSum:0.42
>a0:437,silence:437.00,signal:0.00,signalAbs:0.00,signalCumSum:0.38
>a0:437,silence:437.00,signal:0.00,signalAbs:0.00,signalCumSum:0.34
>a0:438,silence:437.00,signal:1.00,signalAbs:1.00,signalCumSum:0.41
>a0:437,silence:437.00,signal:0.00,signalAbs:0.00,signalCumSum:0.37
>a0:437,silence:437.00,signal:0.00,signalAbs:0.00,signalCumSum:0.33
>a0:437,silence:437.00,signal:0.00,signalAbs:0.00,signalCumSum:0.30
>a0:437,silence:437.00,signal:0.00,signalAbs:0.00,signalCumSum:0.27
>a0:438,silence:437.00,signal:1.00,signalAbs:1.00,signalCumSum:0.34
>a0:437,silence:437.00,signal:0.00,signalAbs:0.00,signalCumSum:0.31
>a0:438,silence:437.00,signal:1.00,signalAbs:1.00,signalCumSum:0.38
>a0:438,silence:437.00,signal:1.00,signalAbs:1.00,signalCumSum:0.44
>a0:437,silence:437.00,signal:0.00,signalAbs:0.00,signalCumSum:0.39
>a0:437,silence:437.00,signal:0.00,signalAbs:0.00,signalCumSum:0.35
>a0:437,silence:437.00,signal:0.00,signalAbs:0.00,signalCumSum:0.32
>a0:439,silence:437.00,signal:2.00,signalAbs:2.00,signalCumSum:0.49
>a0:438,silence:437.00,signal:1.00,signalAbs:1.00,signalCumSum:0.54
>a0:437,silence:437.00,signal:0.00,signalAbs:0.00,signalCumSum:0.48
>a0:437,silence:437.00,signal:0.00,signalAbs:0.00,signalCumSum:0.44
>a0:437,silence:437.00,signal:0.00,signalAbs:0.00,signalCumSum:0.39
>a0:437,silence:437.00,signal:0.00,signalAbs:0.00,signalCumSum:0.35
>a0:438,silence:437.00,signal:1.00,signalAbs:1.00,signalCumSum:0.42
>a0:437,silence:437.00,signal:0.00,signalAbs:0.00,signalCumSum:0.38
>a0:438,silence:437.00,signal:1.00,signalAbs:1.00,signalCumSum:0.44
>a0:437,silence:437.00,signal:0.00,signalAbs:0.00,signalCumSum:0.39
>a0:437,silence:437.00,signal:0.00,signalAbs:0.00,signalCumSum:0.36
>a0:438,silence:437.00,signal:1.00,signalAbs:1.00,signalCumSum:0.42
>a0:437,silence:437.00,signal:0.00,signalAbs:0.00,signalCumSum:0.38
>a0:437,silence:437.00,signal:0.00,signalAbs:0.00,signalCumSum:0.34
>a0:437,silence:437.00,signal:0.00,signalAbs:0.00,signalCumSum:0.31
>a0:437,silence:437.00,signal:0.00,signalAbs:0.00,signalCumSum:0.28
>a0:437,silence:437.00,signal:0.00,signalAbs:0.00,signalCumSum:0.25
>a0:437,silence:437.00,signal:0.00,signalAbs:0.00,signalCumSum:0.22
>a0:437,silence:437.00,signal:0.00,signalAbs:0.00,signalCumSum:0.20
>a0:438,silence:437.00,signal:1.00,signalAbs:1.00,signalCumSum:0.28
>a0:438,silence:437.00,signal:1.00,signalAbs:1.00,signalCumSum:0.35
>a0:437,silence:437.00,signal:0.00,signalAbs:0.00,signalCumSum:0.32
>a0:437,silence:437.00,signal:0.00,signalAbs:0.00,signalCumSum:0.29
>a0:437,silence:437.00,signal:0.00,signalAbs:0.00,signalCumSum:0.26
>a0:437,silence:437.00,signal:0.00,signalAbs:0.00,signalCumSum:0.23
>a0:437,silence:437.00,signal:0.00,signalAbs:0.00,signalCumSum:0.21
>a0:437,silence:437.00,signal:0.00,signalAbs:0.00,signalCumSum:0.19
>a0:438,silence:437.00,signal:1.00,signalAbs:1.00,signalCumSum:0.27
>a0:437,silence:437.00,signal:0.00,signalAbs:0.00,signalCumSum:0.24
>a0:437,silence:437.00,signal:0.00,signalAbs:0.00,signalCumSum:0.22
>a0:437,silence:437.00,signal:0.00,signalAbs:0.00,signalCumSum:0.20
>a0:438,silence:437.00,signal:1.00,signalAbs:1.00,signalCumSum:0.28
>a0:437,silence:437.00,signal:0.00,signalAbs:0.00,signalCumSum:0.25
>a0:437,silence:437.00,signal:0.00,signalAbs:0.00,signalCumSum:0.22
>a0:437,silence:437.00,signal:0.00,signalAbs:0.00,signalCumSum:0.20
>a0:437,silence:437.00,signal:0.00,signalAbs:0.00,signalCumSum:0.18
>a0:437,silence:437.00,signal:0.00,signalAbs:0.00,signalCumSum:0.16
>a0:437,silence:437.00,signal:0.00,signalAbs:0.00,signalCumSum:0.15
>a0:438,silence:437.00,signal:1.00,signalAbs:1.00,signalCumSum:0.23
>a0:437,silence:437.00,signal:0.00,signalAbs:0.00,signalCumSum:0.21
>a0:437,silence:437.00,signal:0.00,signalAbs:0.00,signalCumSum:0.19
>a0:437,silence:437.00,signal:0.00,signalAbs:0.00,signalCumSum:0.17
>a0:437,silence:437.00,signal:0.00,signalAbs:0.00,signalCumSum:0.15
>a0:437,silence:437.00,signal:0.00,signalAbs:0.00,signalCumSum:0.14
>a0:437,silence:437.00,signal:0.00,signalAbs:0.00,signalCumSum:0.12
>a0:438,silence:437.00,signal:1.00,signalAbs:1.00,signalCumSum:0.21
>a0:437,silence:437.00,signal:0.00,signalAbs:0.00,signalCumSum:0.19
>a0:438,silence:437.00,signal:1.00,signalAbs:1.00,signalCumSum:0.27
>a0:438,silence:437.00,signal:1.00,signalAbs:1.00,signalCumSum:0.34
>a0:437,silence:437.00,signal:0.00,signalAbs:0.00,signalCumSum:0.31
>a0:437,silence:437.00,signal:0.00,signalAbs:0.00,signalCumSum:0.28
>a0:437,silence:437.00,signal:0.00,signalAbs:0.00,signalCumSum:0.25
>a0:437,silence:437.00,signal:0.00,signalAbs:0.00,signalCumSum:0.23
>a0:437,silence:437.00,signal:0.00,signalAbs:0.00,signalCumSum:0.20
>a0:439,silence:437.00,signal:2.00,signalAbs:2.00,signalCumSum:0.38
>a0:438,silence:437.00,signal:1.00,signalAbs:1.00,signalCumSum:0.44
>a0:437,silence:437.00,signal:0.00,signalAbs:0.00,signalCumSum:0.40
>a0:438,silence:437.00,signal:1.00,signalAbs:1.00,signalCumSum:0.46
>a0:437,silence:437.00,signal:0.00,signalAbs:0.00,signalCumSum:0.41
>a0:438,silence:437.00,signal:1.00,signalAbs:1.00,signalCumSum:0.47
>a0:438,silence:437.00,signal:1.00,signalAbs:1.00,signalCumSum:0.53
>a0:437,silence:437.00,signal:0.00,signalAbs:0.00,signalCumSum:0.47
>a0:437,silence:437.00,signal:0.00,signalAbs:0.00,signalCumSum:0.43
>a0:437,silence:437.00,signal:0.00,signalAbs:0.00,signalCumSum:0.38
>a0:437,silence:437.00,signal:0.00,signalAbs:0.00,signalCumSum:0.34
>a0:437,silence:437.00,signal:0.00,signalAbs:0.00,signalCumSum:0.31
>a0:437,silence:437.00,signal:0.00,signalAbs:0.00,signalCumSum:0.28
>a0:437,silence:437.00,signal:0.00,signalAbs:0.00,signalCumSum:0.25
>a0:436,silence:437.00,signal:-1.00,signalAbs:1.00,signalCumSum:0.33
>a0:437,silence:437.00,signal:0.00,signalAbs:0.00,signalCumSum:0.29
>a0:437,silence:437.00,signal:0.00,signalAbs:0.00,signalCumSum:0.26
>a0:437,silence:437.00,signal:0.00,signalAbs:0.00,signalCumSum:0.24
>a0:438,silence:437.00,signal:1.00,signalAbs:1.00,signalCumSum:0.31
>a0:438,silence:437.00,signal:1.00,signalAbs:1.00,signalCumSum:0.38
>a0:437,silence:437.00,signal:0.00,signalAbs:0.00,signalCumSum:0.34
>a0:437,silence:437.00,signal:0.00,signalAbs:0.00,signalCumSum:0.31
>a0:437,silence:437.00,signal:0.00,signalAbs:0.00,signalCumSum:0.28
>a0:437,silence:437.00,signal:0.00,signalAbs:0.00,signalCumSum:0.25
>a0:437,silence:437.00,signal:0.00,signalAbs:0.00,signalCumSum:0.23
>a0:437,silence:437.00,signal:0.00,signalAbs:0.00,signalCumSum:0.20
>a0:437,silence:437.00,signal:0.00,signalAbs:0.00,signalCumSum:0.18
>a0:437,silence:437.00,signal:0.00,signalAbs:0.00,signalCumSum:0.16
>a0:438,silence:437.00,signal:1.00,signalAbs:1.00,signalCumSum:0.25
>a0:437,silence:437.00,signal:0.00,signalAbs:0.00,signalCumSum:0.22
>a0:437,silence:437.00,signal:0.00,signalAbs:0.00,signalCumSum:0.20
>a0:437,silence:437.00,signal:0.00,signalAbs:0.00,signalCumSum:0.18
>a0:437,silence:437.00,signal:0.00,signalAbs:0.00,signalCumSum:0.16
>a0:438,silence:437.00,signal:1.00,signalAbs:1.00,signalCumSum:0.25
>a0:437,silence:437.00,signal:0.00,signalAbs:0.00,signalCumSum:0.22
>a0:437,silence:437.00,signal:0.00,signalAbs:0.00,signalCumSum:0.20
>a0:437,silence:437.00,signal:0.00,signalAbs:0.00,signalCumSum:0.18
>a0:437,silence:437.00,signal:0.00,signalAbs:0.00,signalCumSum:0.16
>a0:438,silence:437.00,signal:1.00,signalAbs:1.00,signalCumSum:0.25
>a0:437,silence:437.00,signal:0.00,signalAbs:0.00,signalCumSum:0.22
>a0:438,silence:437.00,signal:1.00,signalAbs:1.00,signalCumSum:0.30
>a0:437,silence:437.00,signal:0.00,signalAbs:0.00,signalCumSum:0.27
>a0:437,silence:437.00,signal:0.00,signalAbs:0.00,signalCumSum:0.24
>a0:437,silence:437.00,signal:0.00,signalAbs:0.00,signalCumSum:0.22
>a0:437,silence:437.00,signal:0.00,signalAbs:0.00,signalCumSum:0.20
>a0:438,silence:437.00,signal:1.00,signalAbs:1.00,signalCumSum:0.28
>a0:437,silence:437.00,signal:0.00,signalAbs:0.00,signalCumSum:0.25
>a0:437,silence:437.00,signal:0.00,signalAbs:0.00,signalCumSum:0.22
>a0:437,silence:437.00,signal:0.00,signalAbs:0.00,signalCumSum:0.20
>a0:437,silence:437.00,signal:0.00,signalAbs:0.00,signalCumSum:0.18
>a0:437,silence:437.00,signal:0.00,signalAbs:0.00,signalCumSum:0.16
>a0:437,silence:437.00,signal:0.00,signalAbs:0.00,signalCumSum:0.15
>a0:437,silence:437.00,signal:0.00,signalAbs:0.00,signalCumSum:0.13
>a0:438,silence:437.00,signal:1.00,signalAbs:1.00,signalCumSum:0.22
>a0:437,silence:437.00,signal:0.00,signalAbs:0.00,signalCumSum:0.20
>a0:437,silence:437.00,signal:0.00,signalAbs:0.00,signalCumSum:0.18
>a0:438,silence:437.00,signal:1.00,signalAbs:1.00,signalCumSum:0.26
>a0:437,silence:437.00,signal:0.00,signalAbs:0.00,signalCumSum:0.23
>a0:438,silence:437.00,signal:1.00,signalAbs:1.00,signalCumSum:0.31
>a0:437,silence:437.00,signal:0.00,signalAbs:0.00,signalCumSum:0.28
>a0:438,silence:437.00,signal:1.00,signalAbs:1.00,signalCumSum:0.35
>a0:437,silence:437.00,signal:0.00,signalAbs:0.00,signalCumSum:0.32
>a0:437,silence:437.00,signal:0.00,signalAbs:0.00,signalCumSum:0.28
>a0:437,silence:437.00,signal:0.00,signalAbs:0.00,signalCumSum:0.26
>a0:437,silence:437.00,signal:0.00,signalAbs:0.00,signalCumSum:0.23
>a0:437,silence:437.00,signal:0.00,signalAbs:0.00,signalCumSum:0.21
>a0:437,silence:437.00,signal:0.00,signalAbs:0.00,signalCumSum:0.19
>a0:437,silence:437.00,signal:0.00,signalAbs:0.00,signalCumSum:0.17
>a0:437,silence:437.00,signal:0.00,signalAbs:0.00,signalCumSum:0.15
>a0:437,silence:437.00,signal:0.00,signalAbs:0.00,signalCumSum:0.14
>a0:437,silence:437.00,signal:0.00,signalAbs:0.00,signalCumSum:0.12
>a0:438,silence:437.00,signal:1.00,signalAbs:1.00,signalCumSum:0.21
>a0:437,silence:437.00,signal:0.00,signalAbs:0.00,signalCumSum:0.19
>a0:438,silence:437.00,signal:1.00,signalAbs:1.00,signalCumSum:0.27
>a0:437,silence:437.00,signal:0.00,signalAbs:0.00,signalCumSum:0.24
>a0:437,silence:437.00,signal:0.00,signalAbs:0.00,signalCumSum:0.22
>a0:437,silence:437.00,signal:0.00,signalAbs:0.00,signalCumSum:0.20
>a0:438,silence:437.00,signal:1.00,signalAbs:1.00,signalCumSum:0.28
>a0:438,silence:437.00,signal:1.00,signalAbs:1.00,signalCumSum:0.35
>a0:437,silence:437.00,signal:0.00,signalAbs:0.00,signalCumSum:0.31
>a0:438,silence:437.00,signal:1.00,signalAbs:1.00,signalCumSum:0.38
>a0:437,silence:437.00,signal:0.00,signalAbs:0.00,signalCumSum:0.35
>a0:438,silence:437.00,signal:1.00,signalAbs:1.00,signalCumSum:0.41
>a0:437,silence:437.00,signal:0.00,signalAbs:0.00,signalCumSum:0.37
>a0:437,silence:437.00,signal:0.00,signalAbs:0.00,signalCumSum:0.33
>a0:437,silence:437.00,signal:0.00,signalAbs:0.00,signalCumSum:0.30
>a0:437,silence:437.00,signal:0.00,signalAbs:0.00,signalCumSum:0.27
>a0:437,silence:437.00,signal:0.00,signalAbs:0.00,signalCumSum:0.24
>a0:437,silence:437.00,signal:0.00,signalAbs:0.00,signalCumSum:0.22
>a0:437,silence:437.00,signal:0.00,signalAbs:0.00,signalCumSum:0.20
>a0:437,silence:437.00,signal:0.00,signalAbs:0.00,signalCumSum:0.18
>a0:437,silence:437.00,signal:0.00,signalAbs:0.00,signalCumSum:0.16
>a0:438,silence:437.00,signal:1.00,signalAbs:1.00,signalCumSum:0.24
>a0:438,silence:437.00,signal:1.00,signalAbs:1.00,signalCumSum:0.32
>a0:437,silence:437.00,signal:0.00,signalAbs:0.00,signalCumSum:0.29
>a0:437,silence:437.00,signal:0.00,signalAbs:0.00,signalCumSum:0.26
>a0:437,silence:437.00,signal:0.00,signalAbs:0.00,signalCumSum:0.23
>a0:438,silence:437.00,signal:1.00,signalAbs:1.00,signalCumSum:0.31
>a0:438,silence:437.00,signal:1.00,signalAbs:1.00,signalCumSum:0.38
>a0:437,silence:437.00,signal:0.00,signalAbs:0.00,signalCumSum:0.34
>a0:438,silence:437.00,signal:1.00,signalAbs:1.00,signalCumSum:0.41
>a0:437,silence:437.00,signal:0.00,signalAbs:0.00,signalCumSum:0.37
>a0:436,silence:437.00,signal:-1.00,signalAbs:1.00,signalCumSum:0.43
>a0:437,silence:437.00,signal:0.00,signalAbs:0.00,signalCumSum:0.39
>a0:438,silence:437.00,signal:1.00,signalAbs:1.00,signalCumSum:0.45
>a0:437,silence:437.00,signal:0.00,signalAbs:0.00,signalCumSum:0.40
>a0:437,silence:437.00,signal:0.00,signalAbs:0.00,signalCumSum:0.36
>a0:438,silence:437.00,signal:1.00,signalAbs:1.00,signalCumSum:0.43
Music stopped
>a0:437,silence:437.00,signal:0.00,signalAbs:0.00,signalCumSum:0.38
>a0:435,silence:437.00,signal:-2.00,signalAbs:2.00,signalCumSum:0.55
>a0:437,silence:437.00,signal:0.00,signalAbs:0.00,signalCumSum:0.49
>a0:437,silence:437.00,signal:0.00,signalAbs:0.00,signalCumSum:0.44
>a0:438,silence:437.00,signal:1.00,signalAbs:1.00,signalCumSum:0.50
>a0:437,silence:437.00,signal:0.00,signalAbs:0.00,signalCumSum:0.45
>a0:437,silence:437.00,signal:0.00,signalAbs:0.00,signalCumSum:0.40
>a0:438,silence:437.00,signal:1.00,signalAbs:1.00,signalCumSum:0.46
>a0:438,silence:437.00,signal:1.00,signalAbs:1.00,signalCumSum:0.52
>a0:439,silence:437.00,signal:2.00,signalAbs:2.00,signalCumSum:0.67
>a0:438,silence:437.00,signal:1.00,signalAbs:1.00,signalCumSum:0.70
>a0:438,silence:437.00,signal:1.00,signalAbs:1.00,signalCumSum:0.73
>a0:438,silence:437.00,signal:1.00,signalAbs:1.00,signalCumSum:0.76
>a0:438,silence:437.00,signal:1.00,signalAbs:1.00,signalCumSum:0.78
>a0:437,silence:437.00,signal:0.00,signalAbs:0.00,signalCumSum:0.70
>a0:437,silence:437.00,signal:0.00,signalAbs:0.00,signalCumSum:0.63
>a0:438,silence:437.00,signal:1.00,signalAbs:1.00,signalCumSum:0.67
>a0:438,silence:437.00,signal:1.00,signalAbs:1.00,signalCumSum:0.70
>a0:438,silence:437.00,signal:1.00,signalAbs:1.00,signalCumSum:0.73
>a0:438,silence:437.00,signal:1.00,signalAbs:1.00,signalCumSum:0.76
>a0:438,silence:437.00,signal:1.00,signalAbs:1.00,signalCumSum:0.78
>a0:438,silence:437.00,signal:1.00,signalAbs:1.00,signalCumSum:0.80
>a0:437,silence:437.00,signal:0.00,signalAbs:0.00,signalCumSum:0.72
>a0:437,silence:437.00,signal:0.00,signalAbs:0.00,signalCumSum:0.65
>a0:438,silence:437.00,signal:1.00,signalAbs:1.00,signalCumSum:0.69
>a0:437,silence:437.00,signal:0.00,signalAbs:0.00,signalCumSum:0.62
>a0:438,silence:437.00,signal:1.00,signalAbs:1.00,signalCumSum:0.66
>a0:438,silence:437.00,signal:1.00,signalAbs:1.00,signalCumSum:0.69
>a0:438,silence:437.00,signal:1.00,signalAbs:1.00,signalCumSum:0.72
>a0:439,silence:437.00,signal:2.00,signalAbs:2.00,signalCumSum:0.85
>a0:438,silence:437.00,signal:1.00,signalAbs:1.00,signalCumSum:0.86
>a0:437,silence:437.00,signal:0.00,signalAbs:0.00,signalCumSum:0.78
>a0:437,silence:437.00,signal:0.00,signalAbs:0.00,signalCumSum:0.70
>a0:438,silence:437.00,signal:1.00,signalAbs:1.00,signalCumSum:0.73
>a0:438,silence:437.00,signal:1.00,signalAbs:1.00,signalCumSum:0.76
>a0:438,silence:437.00,signal:1.00,signalAbs:1.00,signalCumSum:0.78
>a0:438,silence:437.00,signal:1.00,signalAbs:1.00,signalCumSum:0.80
>a0:437,silence:437.00,signal:0.00,signalAbs:0.00,signalCumSum:0.72
>a0:438,silence:437.00,signal:1.00,signalAbs:1.00,signalCumSum:0.75
>a0:438,silence:437.00,signal:1.00,signalAbs:1.00,signalCumSum:0.78
>a0:437,silence:437.00,signal:0.00,signalAbs:0.00,signalCumSum:0.70
>a0:438,silence:437.00,signal:1.00,signalAbs:1.00,signalCumSum:0.73
>a0:438,silence:437.00,signal:1.00,signalAbs:1.00,signalCumSum:0.76
>a0:438,silence:437.00,signal:1.00,signalAbs:1.00,signalCumSum:0.78
>a0:438,silence:437.00,signal:1.00,signalAbs:1.00,signalCumSum:0.80
>a0:438,silence:437.00,signal:1.00,signalAbs:1.00,signalCumSum:0.82
>a0:438,silence:437.00,signal:1.00,signalAbs:1.00,signalCumSum:0.84
>a0:438,silence:437.00,signal:1.00,signalAbs:1.00,signalCumSum:0.86
>a0:438,silence:437.00,signal:1.00,signalAbs:1.00,signalCumSum:0.87
>a0:438,silence:437.00,signal:1.00,signalAbs:1.00,signalCumSum:0.88
>a0:437,silence:437.00,signal:0.00,signalAbs:0.00,signalCumSum:0.79
>a0:438,silence:437.00,signal:1.00,signalAbs:1.00,signalCumSum:0.82
>a0:437,silence:437.00,signal:0.00,signalAbs:0.00,signalCumSum:0.73
>a0:437,silence:437.00,signal:0.00,signalAbs:0.00,signalCumSum:0.66
>a0:438,silence:437.00,signal:1.00,signalAbs:1.00,signalCumSum:0.69
>a0:437,silence:437.00,signal:0.00,signalAbs:0.00,signalCumSum:0.63
>a0:437,silence:437.00,signal:0.00,signalAbs:0.00,signalCumSum:0.56
>a0:437,silence:437.00,signal:0.00,signalAbs:0.00,signalCumSum:0.51
>a0:438,silence:437.00,signal:1.00,signalAbs:1.00,signalCumSum:0.56
>a0:438,silence:437.00,signal:1.00,signalAbs:1.00,signalCumSum:0.60
>a0:438,silence:437.00,signal:1.00,signalAbs:1.00,signalCumSum:0.64
>a0:438,silence:437.00,signal:1.00,signalAbs:1.00,signalCumSum:0.68
>a0:438,silence:437.00,signal:1.00,signalAbs:1.00,signalCumSum:0.71
>a0:438,silence:437.00,signal:1.00,signalAbs:1.00,signalCumSum:0.74
>a0:437,silence:437.00,signal:0.00,signalAbs:0.00,signalCumSum:0.66
>a0:438,silence:437.00,signal:1.00,signalAbs:1.00,signalCumSum:0.70
>a0:438,silence:437.00,signal:1.00,signalAbs:1.00,signalCumSum:0.73
>a0:438,silence:437.00,signal:1.00,signalAbs:1.00,signalCumSum:0.76
>a0:438,silence:437.00,signal:1.00,signalAbs:1.00,signalCumSum:0.78
>a0:437,silence:437.00,signal:0.00,signalAbs:0.00,signalCumSum:0.70
>a0:438,silence:437.00,signal:1.00,signalAbs:1.00,signalCumSum:0.73
>a0:437,silence:437.00,signal:0.00,signalAbs:0.00,signalCumSum:0.66
>a0:438,silence:437.00,signal:1.00,signalAbs:1.00,signalCumSum:0.69
>a0:438,silence:437.00,signal:1.00,signalAbs:1.00,signalCumSum:0.72
>a0:437,silence:437.00,signal:0.00,signalAbs:0.00,signalCumSum:0.65
>a0:438,silence:437.00,signal:1.00,signalAbs:1.00,signalCumSum:0.69
>a0:438,silence:437.00,signal:1.00,signalAbs:1.00,signalCumSum:0.72
>a0:437,silence:437.00,signal:0.00,signalAbs:0.00,signalCumSum:0.65
>a0:437,silence:437.00,signal:0.00,signalAbs:0.00,signalCumSum:0.58
>a0:438,silence:437.00,signal:1.00,signalAbs:1.00,signalCumSum:0.62
>a0:438,silence:437.00,signal:1.00,signalAbs:1.00,signalCumSum:0.66
>a0:438,silence:437.00,signal:1.00,signalAbs:1.00,signalCumSum:0.69
>a0:438,silence:437.00,signal:1.00,signalAbs:1.00,signalCumSum:0.73
>a0:438,silence:437.00,signal:1.00,signalAbs:1.00,signalCumSum:0.75
>a0:437,silence:437.00,signal:0.00,signalAbs:0.00,signalCumSum:0.68
>a0:438,silence:437.00,signal:1.00,signalAbs:1.00,signalCumSum:0.71
>a0:438,silence:437.00,signal:1.00,signalAbs:1.00,signalCumSum:0.74
>a0:438,silence:437.00,signal:1.00,signalAbs:1.00,signalCumSum:0.77
>a0:438,silence:437.00,signal:1.00,signalAbs:1.00,signalCumSum:0.79
>a0:437,silence:437.00,signal:0.00,signalAbs:0.00,signalCumSum:0.71
>a0:438,silence:437.00,signal:1.00,signalAbs:1.00,signalCumSum:0.74
>a0:437,silence:437.00,signal:0.00,signalAbs:0.00,signalCumSum:0.66
>a0:438,silence:437.00,signal:1.00,signalAbs:1.00,signalCumSum:0.70
>a0:437,silence:437.00,signal:0.00,signalAbs:0.00,signalCumSum:0.63
>a0:437,silence:437.00,signal:0.00,signalAbs:0.00,signalCumSum:0.57
>a0:438,silence:437.00,signal:1.00,signalAbs:1.00,signalCumSum:0.61
>a0:437,silence:437.00,signal:0.00,signalAbs:0.00,signalCumSum:0.55
>a0:438,silence:437.00,signal:1.00,signalAbs:1.00,signalCumSum:0.59
>a0:438,silence:437.00,signal:1.00,signalAbs:1.00,signalCumSum:0.63
>a0:438,silence:437.00,signal:1.00,signalAbs:1.00,signalCumSum:0.67
>a0:438,silence:437.00,signal:1.00,signalAbs:1.00,signalCumSum:0.70
>a0:438,silence:437.00,signal:1.00,signalAbs:1.00,signalCumSum:0.73
>a0:437,silence:437.00,signal:0.00,signalAbs:0.00,signalCumSum:0.66
>a0:438,silence:437.00,signal:1.00,signalAbs:1.00,signalCumSum:0.69
>a0:438,silence:437.00,signal:1.00,signalAbs:1.00,signalCumSum:0.72
>a0:439,silence:437.00,signal:2.00,signalAbs:2.00,signalCumSum:0.85
>a0:438,silence:437.00,signal:1.00,signalAbs:1.00,signalCumSum:0.87
>a0:437,silence:437.00,signal:0.00,signalAbs:0.00,signalCumSum:0.78
>a0:437,silence:437.00,signal:0.00,signalAbs:0.00,signalCumSum:0.70
>a0:437,silence:437.00,signal:0.00,signalAbs:0.00,signalCumSum:0.63
>a0:438,silence:437.00,signal:1.00,signalAbs:1.00,signalCumSum:0.67
>a0:439,silence:437.00,signal:2.00,signalAbs:2.00,signalCumSum:0.80
>a0:438,silence:437.00,signal:1.00,signalAbs:1.00,signalCumSum:0.82
>a0:438,silence:437.00,signal:1.00,signalAbs:1.00,signalCumSum:0.84
>a0:437,silence:437.00,signal:0.00,signalAbs:0.00,signalCumSum:0.76
>a0:437,silence:437.00,signal:0.00,signalAbs:0.00,signalCumSum:0.68
>a0:438,silence:437.00,signal:1.00,signalAbs:1.00,signalCumSum:0.71
>a0:438,silence:437.00,signal:1.00,signalAbs:1.00,signalCumSum:0.74
>a0:437,silence:437.00,signal:0.00,signalAbs:0.00,signalCumSum:0.67
>a0:437,silence:437.00,signal:0.00,signalAbs:0.00,signalCumSum:0.60
>a0:438,silence:437.00,signal:1.00,signalAbs:1.00,signalCumSum:0.64
>a0:437,silence:437.00,signal:0.00,signalAbs:0.00,signalCumSum:0.58
>a0:438,silence:437.00,signal:1.00,signalAbs:1.00,signalCumSum:0.62
>a0:438,silence:437.00,signal:1.00,signalAbs:1.00,signalCumSum:0.66
>a0:438,silence:437.00,signal:1.00,signalAbs:1.00,signalCumSum:0.69
>a0:438,silence:437.00,signal:1.00,signalAbs:1.00,signalCumSum:0.72
>a0:438,silence:437.00,signal:1.00,signalAbs:1.00,signalCumSum:0.75
>a0:438,silence:437.00,signal:1.00,signalAbs:1.00,signalCumSum:0.77
>a0:437,silence:437.00,signal:0.00,signalAbs:0.00,signalCumSum:0.70
>a0:437,silence:437.00,signal:0.00,signalAbs:0.00,signalCumSum:0.63
>a0:438,silence:437.00,signal:1.00,signalAbs:1.00,signalCumSum:0.67
>a0:438,silence:437.00,signal:1.00,signalAbs:1.00,signalCumSum:0.70
>a0:437,silence:437.00,signal:0.00,signalAbs:0.00,signalCumSum:0.63
>a0:438,silence:437.00,signal:1.00,signalAbs:1.00,signalCumSum:0.67
>a0:437,silence:437.00,signal:0.00,signalAbs:0.00,signalCumSum:0.60
>a0:438,silence:437.00,signal:1.00,signalAbs:1.00,signalCumSum:0.64
>a0:438,silence:437.00,signal:1.00,signalAbs:1.00,signalCumSum:0.68
>a0:437,silence:437.00,signal:0.00,signalAbs:0.00,signalCumSum:0.61
>a0:439,silence:437.00,signal:2.00,signalAbs:2.00,signalCumSum:0.75
>a0:438,silence:437.00,signal:1.00,signalAbs:1.00,signalCumSum:0.77
>a0:437,silence:437.00,signal:0.00,signalAbs:0.00,signalCumSum:0.70
>a0:437,silence:437.00,signal:0.00,signalAbs:0.00,signalCumSum:0.63
>a0:438,silence:437.00,signal:1.00,signalAbs:1.00,signalCumSum:0.66
>a0:438,silence:437.00,signal:1.00,signalAbs:1.00,signalCumSum:0.70
>a0:438,silence:437.00,signal:1.00,signalAbs:1.00,signalCumSum:0.73
>a0:438,silence:437.00,signal:1.00,signalAbs:1.00,signalCumSum:0.75
>a0:437,silence:437.00,signal:0.00,signalAbs:0.00,signalCumSum:0.68
>a0:438,silence:437.00,signal:1.00,signalAbs:1.00,signalCumSum:0.71
>a0:437,silence:437.00,signal:0.00,signalAbs:0.00,signalCumSum:0.64
>a0:438,silence:437.00,signal:1.00,signalAbs:1.00,signalCumSum:0.68
>a0:438,silence:437.00,signal:1.00,signalAbs:1.00,signalCumSum:0.71
>a0:438,silence:437.00,signal:1.00,signalAbs:1.00,signalCumSum:0.74
>a0:438,silence:437.00,signal:1.00,signalAbs:1.00,signalCumSum:0.76
>a0:437,silence:437.00,signal:0.00,signalAbs:0.00,signalCumSum:0.69
>a0:438,silence:437.00,signal:1.00,signalAbs:1.00,signalCumSum:0.72
>a0:438,silence:437.00,signal:1.00,signalAbs:1.00,signalCumSum:0.75
>a0:437,silence:437.00,signal:0.00,signalAbs:0.00,signalCumSum:0.67
>a0:438,silence:437.00,signal:1.00,signalAbs:1.00,signalCumSum:0.71
>a0:438,silence:437.00,signal:1.00,signalAbs:1.00,signalCumSum:0.73
>a0:438,silence:437.00,signal:1.00,signalAbs:1.00,signalCumSum:0.76
>a0:438,silence:437.00,signal:1.00,signalAbs:1.00,signalCumSum:0.79
>a0:438,silence:437.00,signal:1.00,signalAbs:1.00,signalCumSum:0.81
>a0:438,silence:437.00,signal:1.00,signalAbs:1.00,signalCumSum:0.83
>a0:438,silence:437.00,signal:1.00,signalAbs:1.00,signalCumSum:0.84
>a0:438,silence:437.00,signal:1.00,signalAbs:1.00,signalCumSum:0.86
>a0:437,silence:437.00,signal:0.00,signalAbs:0.00,signalCumSum:0.77
>a0:438,silence:437.00,signal:1.00,signalAbs:1.00,signalCumSum:0.80
>a0:438,silence:437.00,signal:1.00,signalAbs:1.00,signalCumSum:0.82
>a0:438,silence:437.00,signal:1.00,signalAbs:1.00,signalCumSum:0.83
>a0:438,silence:437.00,signal:1.00,signalAbs:1.00,signalCumSum:0.85
>a0:437,silence:437.00,signal:0.00,signalAbs:0.00,signalCumSum:0.77
>a0:438,silence:437.00,signal:1.00,signalAbs:1.00,signalCumSum:0.79
>a0:438,silence:437.00,signal:1.00,signalAbs:1.00,signalCumSum:0.81
>a0:438,silence:437.00,signal:1.00,signalAbs:1.00,signalCumSum:0.83
>a0:438,silence:437.00,signal:1.00,signalAbs:1.00,signalCumSum:0.85
>a0:438,silence:437.00,signal:1.00,signalAbs:1.00,signalCumSum:0.86
>a0:438,silence:437.00,signal:1.00,signalAbs:1.00,signalCumSum:0.88
>a0:438,silence:437.00,signal:1.00,signalAbs:1.00,signalCumSum:0.89
>a0:438,silence:437.00,signal:1.00,signalAbs:1.00,signalCumSum:0.90
>a0:437,silence:437.00,signal:0.00,signalAbs:0.00,signalCumSum:0.81
>a0:437,silence:437.00,signal:0.00,signalAbs:0.00,signalCumSum:0.73
>a0:438,silence:437.00,signal:1.00,signalAbs:1.00,signalCumSum:0.76
>a0:439,silence:437.00,signal:2.00,signalAbs:2.00,signalCumSum:0.88
>a0:438,silence:437.00,signal:1.00,signalAbs:1.00,signalCumSum:0.89
>a0:437,silence:437.00,signal:0.00,signalAbs:0.00,signalCumSum:0.80
>a0:438,silence:437.00,signal:1.00,signalAbs:1.00,signalCumSum:0.82
>a0:438,silence:437.00,signal:1.00,signalAbs:1.00,signalCumSum:0.84
>a0:438,silence:437.00,signal:1.00,signalAbs:1.00,signalCumSum:0.86
>a0:438,silence:437.00,signal:1.00,signalAbs:1.00,signalCumSum:0.87
>a0:437,silence:437.00,signal:0.00,signalAbs:0.00,signalCumSum:0.78
>a0:438,silence:437.00,signal:1.00,signalAbs:1.00,signalCumSum:0.81
>a0:438,silence:437.00,signal:1.00,signalAbs:1.00,signalCumSum:0.82
>a0:438,silence:437.00,signal:1.00,signalAbs:1.00,signalCumSum:0.84
>a0:437,silence:437.00,signal:0.00,signalAbs:0.00,signalCumSum:0.76
>a0:438,silence:437.00,signal:1.00,signalAbs:1.00,signalCumSum:0.78
>a0:438,silence:437.00,signal:1.00,signalAbs:1.00,signalCumSum:0.80
>a0:438,silence:437.00,signal:1.00,signalAbs:1.00,signalCumSum:0.82
>a0:438,silence:437.00,signal:1.00,signalAbs:1.00,signalCumSum:0.84
>a0:437,silence:437.00,signal:0.00,signalAbs:0.00,signalCumSum:0.76
>a0:438,silence:437.00,signal:1.00,signalAbs:1.00,signalCumSum:0.78
>a0:438,silence:437.00,signal:1.00,signalAbs:1.00,signalCumSum:0.80
>a0:438,silence:437.00,signal:1.00,signalAbs:1.00,signalCumSum:0.82
>a0:438,silence:437.00,signal:1.00,signalAbs:1.00,signalCumSum:0.84
>a0:438,silence:437.00,signal:1.00,signalAbs:1.00,signalCumSum:0.86
>a0:438,silence:437.00,signal:1.00,signalAbs:1.00,signalCumSum:0.87
>a0:437,silence:437.00,signal:0.00,signalAbs:0.00,signalCumSum:0.78
>a0:438,silence:437.00,signal:1.00,signalAbs:1.00,signalCumSum:0.81
>a0:438,silence:437.00,signal:1.00,signalAbs:1.00,signalCumSum:0.83
>a0:437,silence:437.00,signal:0.00,signalAbs:0.00,signalCumSum:0.74
>a0:437,silence:437.00,signal:0.00,signalAbs:0.00,signalCumSum:0.67
>a0:437,silence:437.00,signal:0.00,signalAbs:0.00,signalCumSum:0.60
>a0:438,silence:437.00,signal:1.00,signalAbs:1.00,signalCumSum:0.64
>a0:437,silence:437.00,signal:0.00,signalAbs:0.00,signalCumSum:0.58
>a0:437,silence:437.00,signal:0.00,signalAbs:0.00,signalCumSum:0.52
>a0:437,silence:437.00,signal:0.00,signalAbs:0.00,signalCumSum:0.47
>a0:438,silence:437.00,signal:1.00,signalAbs:1.00,signalCumSum:0.52
>a0:438,silence:437.00,signal:1.00,signalAbs:1.00,signalCumSum:0.57
>a0:438,silence:437.00,signal:1.00,signalAbs:1.00,signalCumSum:0.61
>a0:438,silence:437.00,signal:1.00,signalAbs:1.00,signalCumSum:0.65
>a0:438,silence:437.00,signal:1.00,signalAbs:1.00,signalCumSum:0.69
>a0:437,silence:437.00,signal:0.00,signalAbs:0.00,signalCumSum:0.62
>a0:437,silence:437.00,signal:0.00,signalAbs:0.00,signalCumSum:0.56
>a0:438,silence:437.00,signal:1.00,signalAbs:1.00,signalCumSum:0.60
>a0:439,silence:437.00,signal:2.00,signalAbs:2.00,signalCumSum:0.74
>a0:438,silence:437.00,signal:1.00,signalAbs:1.00,signalCumSum:0.77
>a0:438,silence:437.00,signal:1.00,signalAbs:1.00,signalCumSum:0.79
>a0:438,silence:437.00,signal:1.00,signalAbs:1.00,signalCumSum:0.81
>a0:438,silence:437.00,signal:1.00,signalAbs:1.00,signalCumSum:0.83
>a0:438,silence:437.00,signal:1.00,signalAbs:1.00,signalCumSum:0.85
>a0:438,silence:437.00,signal:1.00,signalAbs:1.00,signalCumSum:0.86
>a0:438,silence:437.00,signal:1.00,signalAbs:1.00,signalCumSum:0.88
>a0:438,silence:437.00,signal:1.00,signalAbs:1.00,signalCumSum:0.89
>a0:437,silence:437.00,signal:0.00,signalAbs:0.00,signalCumSum:0.80
>a0:437,silence:437.00,signal:0.00,signalAbs:0.00,signalCumSum:0.72
>a0:438,silence:437.00,signal:1.00,signalAbs:1.00,signalCumSum:0.75
>a0:437,silence:437.00,signal:0.00,signalAbs:0.00,signalCumSum:0.67
>a0:438,silence:437.00,signal:1.00,signalAbs:1.00,signalCumSum:0.71
>a0:438,silence:437.00,signal:1.00,signalAbs:1.00,signalCumSum:0.74
>a0:438,silence:437.00,signal:1.00,signalAbs:1.00,signalCumSum:0.76
>a0:438,silence:437.00,signal:1.00,signalAbs:1.00,signalCumSum:0.79
>a0:439,silence:437.00,signal:2.00,signalAbs:2.00,signalCumSum:0.91
>a0:438,silence:437.00,signal:1.00,signalAbs:1.00,signalCumSum:0.92
>a0:438,silence:437.00,signal:1.00,signalAbs:1.00,signalCumSum:0.92
>a0:438,silence:437.00,signal:1.00,signalAbs:1.00,signalCumSum:0.93
>a0:437,silence:437.00,signal:0.00,signalAbs:0.00,signalCumSum:0.84
>a0:437,silence:437.00,signal:0.00,signalAbs:0.00,signalCumSum:0.76
>a0:437,silence:437.00,signal:0.00,signalAbs:0.00,signalCumSum:0.68
>a0:437,silence:437.00,signal:0.00,signalAbs:0.00,signalCumSum:0.61
>a0:438,silence:437.00,signal:1.00,signalAbs:1.00,signalCumSum:0.65
>a0:438,silence:437.00,signal:1.00,signalAbs:1.00,signalCumSum:0.69
>a0:437,silence:437.00,signal:0.00,signalAbs:0.00,signalCumSum:0.62
>a0:438,silence:437.00,signal:1.00,signalAbs:1.00,signalCumSum:0.66
>a0:438,silence:437.00,signal:1.00,signalAbs:1.00,signalCumSum:0.69
>a0:438,silence:437.00,signal:1.00,signalAbs:1.00,signalCumSum:0.72
>a0:438,silence:437.00,signal:1.00,signalAbs:1.00,signalCumSum:0.75
>a0:437,silence:437.00,signal:0.00,signalAbs:0.00,signalCumSum:0.67
>a0:438,silence:437.00,signal:1.00,signalAbs:1.00,signalCumSum:0.71
>a0:437,silence:437.00,signal:0.00,signalAbs:0.00,signalCumSum:0.64
>a0:438,silence:437.00,signal:1.00,signalAbs:1.00,signalCumSum:0.67
>a0:438,silence:437.00,signal:1.00,signalAbs:1.00,signalCumSum:0.71
>a0:437,silence:437.00,signal:0.00,signalAbs:0.00,signalCumSum:0.63
>a0:437,silence:437.00,signal:0.00,signalAbs:0.00,signalCumSum:0.57
>a0:438,silence:437.00,signal:1.00,signalAbs:1.00,signalCumSum:0.61
>a0:438,silence:437.00,signal:1.00,signalAbs:1.00,signalCumSum:0.65
>a0:439,silence:437.00,signal:2.00,signalAbs:2.00,signalCumSum:0.79
>a0:437,silence:437.00,signal:0.00,signalAbs:0.00,signalCumSum:0.71
>a0:438,silence:437.00,signal:1.00,signalAbs:1.00,signalCumSum:0.74
>a0:437,silence:437.00,signal:0.00,signalAbs:0.00,signalCumSum:0.66
>a0:438,silence:437.00,signal:1.00,signalAbs:1.00,signalCumSum:0.70
>a0:438,silence:437.00,signal:1.00,signalAbs:1.00,signalCumSum:0.73
>a0:438,silence:437.00,signal:1.00,signalAbs:1.00,signalCumSum:0.76
>a0:438,silence:437.00,signal:1.00,signalAbs:1.00,signalCumSum:0.78
>a0:437,silence:437.00,signal:0.00,signalAbs:0.00,signalCumSum:0.70
>a0:438,silence:437.00,signal:1.00,signalAbs:1.00,signalCumSum:0.73
>a0:438,silence:437.00,signal:1.00,signalAbs:1.00,signalCumSum:0.76
>a0:437,silence:437.00,signal:0.00,signalAbs:0.00,signalCumSum:0.68
>a0:438,silence:437.00,signal:1.00,signalAbs:1.00,signalCumSum:0.71
>a0:438,silence:437.00,signal:1.00,signalAbs:1.00,signalCumSum:0.74
>a0:438,silence:437.00,signal:1.00,signalAbs:1.00,signalCumSum:0.77
>a0:437,silence:437.00,signal:0.00,signalAbs:0.00,signalCumSum:0.69
>a0:438,silence:437.00,signal:1.00,signalAbs:1.00,signalCumSum:0.72
>a0:438,silence:437.00,signal:1.00,signalAbs:1.00,signalCumSum:0.75
>a0:438,silence:437.00,signal:1.00,signalAbs:1.00,signalCumSum:0.78
>a0:438,silence:437.00,signal:1.00,signalAbs:1.00,signalCumSum:0.80
>a0:438,silence:437.00,signal:1.00,signalAbs:1.00,signalCumSum:0.82
>a0:438,silence:437.00,signal:1.00,signalAbs:1.00,signalCumSum:0.84
>a0:437,silence:437.00,signal:0.00,signalAbs:0.00,signalCumSum:0.75
>a0:438,silence:437.00,signal:1.00,signalAbs:1.00,signalCumSum:0.78
>a0:438,silence:437.00,signal:1.00,signalAbs:1.00,signalCumSum:0.80
>a0:438,silence:437.00,signal:1.00,signalAbs:1.00,signalCumSum:0.82
>a0:437,silence:437.00,signal:0.00,signalAbs:0.00,signalCumSum:0.74
>a0:437,silence:437.00,signal:0.00,signalAbs:0.00,signalCumSum:0.66
>a0:438,silence:437.00,signal:1.00,signalAbs:1.00,signalCumSum:0.70
>a0:438,silence:437.00,signal:1.00,signalAbs:1.00,signalCumSum:0.73
>a0:438,silence:437.00,signal:1.00,signalAbs:1.00,signalCumSum:0.76
>a0:437,silence:437.00,signal:0.00,signalAbs:0.00,signalCumSum:0.68
>a0:438,silence:437.00,signal:1.00,signalAbs:1.00,signalCumSum:0.71
>a0:437,silence:437.00,signal:0.00,signalAbs:0.00,signalCumSum:0.64
>a0:440,silence:437.00,signal:3.00,signalAbs:3.00,signalCumSum:0.88
>a0:437,silence:437.00,signal:0.00,signalAbs:0.00,signalCumSum:0.79
>a0:438,silence:437.00,signal:1.00,signalAbs:1.00,signalCumSum:0.81
>a0:438,silence:437.00,signal:1.00,signalAbs:1.00,signalCumSum:0.83
>a0:438,silence:437.00,signal:1.00,signalAbs:1.00,signalCumSum:0.85
>a0:439,silence:437.00,signal:2.00,signalAbs:2.00,signalCumSum:0.96
>a0:438,silence:437.00,signal:1.00,signalAbs:1.00,signalCumSum:0.97
>a0:437,silence:437.00,signal:0.00,signalAbs:0.00,signalCumSum:0.87
>a0:438,silence:437.00,signal:1.00,signalAbs:1.00,signalCumSum:0.88
>a0:438,silence:437.00,signal:1.00,signalAbs:1.00,signalCumSum:0.89
>a0:438,silence:437.00,signal:1.00,signalAbs:1.00,signalCumSum:0.90
>a0:438,silence:437.00,signal:1.00,signalAbs:1.00,signalCumSum:0.91
>a0:437,silence:437.00,signal:0.00,signalAbs:0.00,signalCumSum:0.82
>a0:438,silence:437.00,signal:1.00,signalAbs:1.00,signalCumSum:0.84
>a0:438,silence:437.00,signal:1.00,signalAbs:1.00,signalCumSum:0.86
>a0:438,silence:437.00,signal:1.00,signalAbs:1.00,signalCumSum:0.87
>a0:438,silence:437.00,signal:1.00,signalAbs:1.00,signalCumSum:0.88
>a0:438,silence:437.00,signal:1.00,signalAbs:1.00,signalCumSum:0.90
>a0:438,silence:437.00,signal:1.00,signalAbs:1.00,signalCumSum:0.91
>a0:438,silence:437.00,signal:1.00,signalAbs:1.00,signalCumSum:0.92
>a0:438,silence:437.00,signal:1.00,signalAbs:1.00,signalCumSum:0.92
>a0:438,silence:437.00,signal:1.00,signalAbs:1.00,signalCumSum:0.93
>a0:438,silence:437.00,signal:1.00,signalAbs:1.00,signalCumSum:0.94
>a0:438,silence:437.00,signal:1.00,signalAbs:1.00,signalCumSum:0.94
>a0:438,silence:437.00,signal:1.00,signalAbs:1.00,signalCumSum:0.95
>a0:438,silence:437.00,signal:1.00,signalAbs:1.00,signalCumSum:0.96
>a0:437,silence:437.00,signal:0.00,signalAbs:0.00,signalCumSum:0.86
>a0:438,silence:437.00,signal:1.00,signalAbs:1.00,signalCumSum:0.87
>a0:437,silence:437.00,signal:0.00,signalAbs:0.00,signalCumSum:0.79
>a0:438,silence:437.00,signal:1.00,signalAbs:1.00,signalCumSum:0.81
>a0:438,silence:437.00,signal:1.00,signalAbs:1.00,signalCumSum:0.83
>a0:437,silence:437.00,signal:0.00,signalAbs:0.00,signalCumSum:0.74
>a0:439,silence:437.00,signal:2.00,signalAbs:2.00,signalCumSum:0.87
>a0:438,silence:437.00,signal:1.00,signalAbs:1.00,signalCumSum:0.88
>a0:438,silence:437.00,signal:1.00,signalAbs:1.00,signalCumSum:0.89
>a0:438,silence:437.00,signal:1.00,signalAbs:1.00,signalCumSum:0.91
>a0:438,silence:437.00,signal:1.00,signalAbs:1.00,signalCumSum:0.91
>a0:437,silence:437.00,signal:0.00,signalAbs:0.00,signalCumSum:0.82
>a0:438,silence:437.00,signal:1.00,signalAbs:1.00,signalCumSum:0.84
>a0:438,silence:437.00,signal:1.00,signalAbs:1.00,signalCumSum:0.86
>a0:438,silence:437.00,signal:1.00,signalAbs:1.00,signalCumSum:0.87
>a0:438,silence:437.00,signal:1.00,signalAbs:1.00,signalCumSum:0.88
>a0:438,silence:437.00,signal:1.00,signalAbs:1.00,signalCumSum:0.90
>a0:438,silence:437.00,signal:1.00,signalAbs:1.00,signalCumSum:0.91
>a0:438,silence:437.00,signal:1.00,signalAbs:1.00,signalCumSum:0.92
>a0:438,silence:437.00,signal:1.00,signalAbs:1.00,signalCumSum:0.92
>a0:437,silence:437.00,signal:0.00,signalAbs:0.00,signalCumSum:0.83
>a0:438,silence:437.00,signal:1.00,signalAbs:1.00,signalCumSum:0.85
>a0:438,silence:437.00,signal:1.00,signalAbs:1.00,signalCumSum:0.86
>a0:438,silence:437.00,signal:1.00,signalAbs:1.00,signalCumSum:0.88
>a0:437,silence:437.00,signal:0.00,signalAbs:0.00,signalCumSum:0.79
>a0:438,silence:437.00,signal:1.00,signalAbs:1.00,signalCumSum:0.81
>a0:437,silence:437.00,signal:0.00,signalAbs:0.00,signalCumSum:0.73
>a0:437,silence:437.00,signal:0.00,signalAbs:0.00,signalCumSum:0.66
>a0:437,silence:437.00,signal:0.00,signalAbs:0.00,signalCumSum:0.59
>a0:438,silence:437.00,signal:1.00,signalAbs:1.00,signalCumSum:0.63
>a0:437,silence:437.00,signal:0.00,signalAbs:0.00,signalCumSum:0.57
>a0:438,silence:437.00,signal:1.00,signalAbs:1.00,signalCumSum:0.61
>a0:437,silence:437.00,signal:0.00,signalAbs:0.00,signalCumSum:0.55
>a0:438,silence:437.00,signal:1.00,signalAbs:1.00,signalCumSum:0.60
>a0:438,silence:437.00,signal:1.00,signalAbs:1.00,signalCumSum:0.64
>a0:437,silence:437.00,signal:0.00,signalAbs:0.00,signalCumSum:0.57
>a0:438,silence:437.00,signal:1.00,signalAbs:1.00,signalCumSum:0.62
>a0:438,silence:437.00,signal:1.00,signalAbs:1.00,signalCumSum:0.65
>a0:438,silence:437.00,signal:1.00,signalAbs:1.00,signalCumSum:0.69
>a0:439,silence:437.00,signal:2.00,signalAbs:2.00,signalCumSum:0.82
>a0:438,silence:437.00,signal:1.00,signalAbs:1.00,signalCumSum:0.84
>a0:438,silence:437.00,signal:1.00,signalAbs:1.00,signalCumSum:0.85
>a0:437,silence:437.00,signal:0.00,signalAbs:0.00,signalCumSum:0.77
>a0:438,silence:437.00,signal:1.00,signalAbs:1.00,signalCumSum:0.79
>a0:437,silence:437.00,signal:0.00,signalAbs:0.00,signalCumSum:0.71
>a0:438,silence:437.00,signal:1.00,signalAbs:1.00,signalCumSum:0.74
>a0:438,silence:437.00,signal:1.00,signalAbs:1.00,signalCumSum:0.77
>a0:437,silence:437.00,signal:0.00,signalAbs:0.00,signalCumSum:0.69
>a0:438,silence:437.00,signal:1.00,signalAbs:1.00,signalCumSum:0.72
>a0:437,silence:437.00,signal:0.00,signalAbs:0.00,signalCumSum:0.65
>a0:438,silence:437.00,signal:1.00,signalAbs:1.00,signalCumSum:0.68
>a0:437,silence:437.00,signal:0.00,signalAbs:0.00,signalCumSum:0.62
>a0:438,silence:437.00,signal:1.00,signalAbs:1.00,signalCumSum:0.65
>a0:438,silence:437.00,signal:1.00,signalAbs:1.00,signalCumSum:0.69
>a0:437,silence:437.00,signal:0.00,signalAbs:0.00,signalCumSum:0.62
>a0:438,silence:437.00,signal:1.00,signalAbs:1.00,signalCumSum:0.66
>a0:438,silence:437.00,signal:1.00,signalAbs:1.00,signalCumSum:0.69
>a0:438,silence:437.00,signal:1.00,signalAbs:1.00,signalCumSum:0.72
>a0:439,silence:437.00,signal:2.00,signalAbs:2.00,signalCumSum:0.85
>a0:439,silence:437.00,signal:2.00,signalAbs:2.00,signalCumSum:0.97
>a0:438,silence:437.00,signal:1.00,signalAbs:1.00,signalCumSum:0.97
>a0:438,silence:437.00,signal:1.00,signalAbs:1.00,signalCumSum:0.97
>a0:438,silence:437.00,signal:1.00,signalAbs:1.00,signalCumSum:0.98
>a0:438,silence:437.00,signal:1.00,signalAbs:1.00,signalCumSum:0.98
>a0:437,silence:437.00,signal:0.00,signalAbs:0.00,signalCumSum:0.88
>a0:438,silence:437.00,signal:1.00,signalAbs:1.00,signalCumSum:0.89
>a0:438,silence:437.00,signal:1.00,signalAbs:1.00,signalCumSum:0.90
>a0:438,silence:437.00,signal:1.00,signalAbs:1.00,signalCumSum:0.91
>a0:438,silence:437.00,signal:1.00,signalAbs:1.00,signalCumSum:0.92
>a0:438,silence:437.00,signal:1.00,signalAbs:1.00,signalCumSum:0.93
>a0:438,silence:437.00,signal:1.00,signalAbs:1.00,signalCumSum:0.94
>a0:438,silence:437.00,signal:1.00,signalAbs:1.00,signalCumSum:0.94
>a0:437,silence:437.00,signal:0.00,signalAbs:0.00,signalCumSum:0.85
>a0:438,silence:437.00,signal:1.00,signalAbs:1.00,signalCumSum:0.86
>a0:437,silence:437.00,signal:0.00,signalAbs:0.00,signalCumSum:0.78
>a0:438,silence:437.00,signal:1.00,signalAbs:1.00,signalCumSum:0.80
>a0:439,silence:437.00,signal:2.00,signalAbs:2.00,signalCumSum:0.92
>a0:437,silence:437.00,signal:0.00,signalAbs:0.00,signalCumSum:0.83
>a0:438,silence:437.00,signal:1.00,signalAbs:1.00,signalCumSum:0.84
>a0:439,silence:437.00,signal:2.00,signalAbs:2.00,signalCumSum:0.96
>a0:438,silence:437.00,signal:1.00,signalAbs:1.00,signalCumSum:0.96
>a0:438,silence:437.00,signal:1.00,signalAbs:1.00,signalCumSum:0.97
>a0:437,silence:437.00,signal:0.00,signalAbs:0.00,signalCumSum:0.87
>a0:437,silence:437.00,signal:0.00,signalAbs:0.00,signalCumSum:0.78
>a0:438,silence:437.00,signal:1.00,signalAbs:1.00,signalCumSum:0.81
>a0:437,silence:437.00,signal:0.00,signalAbs:0.00,signalCumSum:0.73
>a0:438,silence:437.00,signal:1.00,signalAbs:1.00,signalCumSum:0.75
>a0:437,silence:437.00,signal:0.00,signalAbs:0.00,signalCumSum:0.68
>a0:438,silence:437.00,signal:1.00,signalAbs:1.00,signalCumSum:0.71
>a0:437,silence:437.00,signal:0.00,signalAbs:0.00,signalCumSum:0.64
>a0:438,silence:437.00,signal:1.00,signalAbs:1.00,signalCumSum:0.67
>a0:438,silence:437.00,signal:1.00,signalAbs:1.00,signalCumSum:0.71
>a0:438,silence:437.00,signal:1.00,signalAbs:1.00,signalCumSum:0.74
>a0:438,silence:437.00,signal:1.00,signalAbs:1.00,signalCumSum:0.76
>a0:438,silence:437.00,signal:1.00,signalAbs:1.00,signalCumSum:0.79
>a0:438,silence:437.00,signal:1.00,signalAbs:1.00,signalCumSum:0.81
>a0:438,silence:437.00,signal:1.00,signalAbs:1.00,signalCumSum:0.83
>a0:438,silence:437.00,signal:1.00,signalAbs:1.00,signalCumSum:0.84
>a0:438,silence:437.00,signal:1.00,signalAbs:1.00,signalCumSum:0.86
>a0:438,silence:437.00,signal:1.00,signalAbs:1.00,signalCumSum:0.87
>a0:438,silence:437.00,signal:1.00,signalAbs:1.00,signalCumSum:0.89
>a0:438,silence:437.00,signal:1.00,signalAbs:1.00,signalCumSum:0.90
>a0:437,silence:437.00,signal:0.00,signalAbs:0.00,signalCumSum:0.81
>a0:438,silence:437.00,signal:1.00,signalAbs:1.00,signalCumSum:0.83
>a0:437,silence:437.00,signal:0.00,signalAbs:0.00,signalCumSum:0.74
>a0:437,silence:437.00,signal:0.00,signalAbs:0.00,signalCumSum:0.67
>a0:438,silence:437.00,signal:1.00,signalAbs:1.00,signalCumSum:0.70
>a0:438,silence:437.00,signal:1.00,signalAbs:1.00,signalCumSum:0.73
>a0:438,silence:437.00,signal:1.00,signalAbs:1.00,signalCumSum:0.76
>a0:437,silence:437.00,signal:0.00,signalAbs:0.00,signalCumSum:0.68
>a0:437,silence:437.00,signal:0.00,signalAbs:0.00,signalCumSum:0.62
>a0:438,silence:437.00,signal:1.00,signalAbs:1.00,signalCumSum:0.65
>a0:437,silence:437.00,signal:0.00,signalAbs:0.00,signalCumSum:0.59
>a0:438,silence:437.00,signal:1.00,signalAbs:1.00,signalCumSum:0.63
>a0:438,silence:437.00,signal:1.00,signalAbs:1.00,signalCumSum:0.67
>a0:438,silence:437.00,signal:1.00,signalAbs:1.00,signalCumSum:0.70
>a0:438,silence:437.00,signal:1.00,signalAbs:1.00,signalCumSum:0.73
>a0:438,silence:437.00,signal:1.00,signalAbs:1.00,signalCumSum:0.76
>a0:439,silence:437.00,signal:2.00,signalAbs:2.00,signalCumSum:0.88
>a0:438,silence:437.00,signal:1.00,signalAbs:1.00,signalCumSum:0.89
>a0:437,silence:437.00,signal:0.00,signalAbs:0.00,signalCumSum:0.80
>a0:438,silence:437.00,signal:1.00,signalAbs:1.00,signalCumSum:0.82
>a0:438,silence:437.00,signal:1.00,signalAbs:1.00,signalCumSum:0.84
>a0:438,silence:437.00,signal:1.00,signalAbs:1.00,signalCumSum:0.86
>a0:437,silence:437.00,signal:0.00,signalAbs:0.00,signalCumSum:0.77
>a0:437,silence:437.00,signal:0.00,signalAbs:0.00,signalCumSum:0.69
>a0:437,silence:437.00,signal:0.00,signalAbs:0.00,signalCumSum:0.62
>a0:438,silence:437.00,signal:1.00,signalAbs:1.00,signalCumSum:0.66
>a0:438,silence:437.00,signal:1.00,signalAbs:1.00,signalCumSum:0.70
>a0:438,silence:437.00,signal:1.00,signalAbs:1.00,signalCumSum:0.73
>a0:438,silence:437.00,signal:1.00,signalAbs:1.00,signalCumSum:0.75
>a0:438,silence:437.00,signal:1.00,signalAbs:1.00,signalCumSum:0.78
>a0:437,silence:437.00,signal:0.00,signalAbs:0.00,signalCumSum:0.70
>a0:438,silence:437.00,signal:1.00,signalAbs:1.00,signalCumSum:0.73
>a0:437,silence:437.00,signal:0.00,signalAbs:0.00,signalCumSum:0.66
>a0:438,silence:437.00,signal:1.00,signalAbs:1.00,signalCumSum:0.69
>a0:438,silence:437.00,signal:1.00,signalAbs:1.00,signalCumSum:0.72
>a0:439,silence:437.00,signal:2.00,signalAbs:2.00,signalCumSum:0.85
>a0:438,silence:437.00,signal:1.00,signalAbs:1.00,signalCumSum:0.87
>a0:438,silence:437.00,signal:1.00,signa